2024-11-27T00:01:54,517 [main] INFO  Utils - [TestNG] Running:
  C:\Users\John.Kushoro\AppData\Local\JetBrains\IdeaIC2024.3\temp-testng-customsuite.xml

2024-11-27T00:01:54,895 [main] INFO  TestRunner - Setting up TestRunner environment.
2024-11-27T00:01:54,913 [main] INFO  TestRunner - Running tests...
2024-11-27T00:01:55,103 [main] INFO  DefaultTestContextBootstrapper - Using TestExecutionListeners: [org.springframework.test.context.support.DirtiesContextBeforeModesTestExecutionListener@67207d8a, org.springframework.test.context.event.ApplicationEventsTestExecutionListener@bcb09a6, org.springframework.test.context.support.DependencyInjectionTestExecutionListener@7c2a69b4, org.springframework.test.context.support.DirtiesContextTestExecutionListener@a619c2, org.springframework.test.context.event.EventPublishingTestExecutionListener@648ee871]
2024-11-27T00:01:55,132 [main] INFO  DefaultTestContextBootstrapper - Using TestExecutionListeners: [org.springframework.test.context.support.DirtiesContextBeforeModesTestExecutionListener@11653e3b, org.springframework.test.context.event.ApplicationEventsTestExecutionListener@715fb77, org.springframework.test.context.support.DependencyInjectionTestExecutionListener@1b9c1b51, org.springframework.test.context.support.DirtiesContextTestExecutionListener@2e52fb3e, org.springframework.test.context.event.EventPublishingTestExecutionListener@16fe9c29]
2024-11-27T00:01:55,141 [main] INFO  DefaultTestContextBootstrapper - Using TestExecutionListeners: [org.springframework.test.context.support.DirtiesContextBeforeModesTestExecutionListener@71c905a3, org.springframework.test.context.event.ApplicationEventsTestExecutionListener@30af7377, org.springframework.test.context.support.DependencyInjectionTestExecutionListener@67a056f1, org.springframework.test.context.support.DirtiesContextTestExecutionListener@1dab9dd6, org.springframework.test.context.event.EventPublishingTestExecutionListener@247667dd]
2024-11-27T00:01:55,155 [main] INFO  Utils - [TestNG] Running:
  Command line suite

2024-11-27T00:01:56,005 [main] INFO  WebDriverManager - Using chromedriver 127.0.6533.119 (resolved driver for Chrome 127)
2024-11-27T00:01:56,038 [main] INFO  WebDriverManager - Exporting webdriver.chrome.driver as C:\Users\John.Kushoro\.cache\selenium\chromedriver\win64\127.0.6533.119\chromedriver.exe
2024-11-27T00:02:00,951 [main] INFO  LoginPageTests - Starting login test with companyName: totallygroupconfig, username: Test
2024-11-27T00:02:05,994 [main] INFO  LoginPageTests - Starting navigation to home page
2024-11-27T00:02:14,422 [main] INFO  LoginPageTests - Navigation to home page completed successfully.
2024-11-27T00:02:38,306 [main] INFO  TestRunner - Cleaning up TestRunner environment.
2024-11-27T00:16:18,885 [main] INFO  Utils - [TestNG] Running:
  C:\Users\John.Kushoro\AppData\Local\JetBrains\IdeaIC2024.3\temp-testng-customsuite.xml

2024-11-27T00:16:19,244 [main] INFO  TestRunner - Setting up TestRunner environment.
2024-11-27T00:16:19,264 [main] INFO  TestRunner - Running tests...
2024-11-27T00:16:19,497 [main] INFO  DefaultTestContextBootstrapper - Using TestExecutionListeners: [org.springframework.test.context.support.DirtiesContextBeforeModesTestExecutionListener@3b0ca5e1, org.springframework.test.context.event.ApplicationEventsTestExecutionListener@5bb3131b, org.springframework.test.context.support.DependencyInjectionTestExecutionListener@54dcbb9f, org.springframework.test.context.support.DirtiesContextTestExecutionListener@74fef3f7, org.springframework.test.context.event.EventPublishingTestExecutionListener@2a037324]
2024-11-27T00:16:19,526 [main] INFO  DefaultTestContextBootstrapper - Using TestExecutionListeners: [org.springframework.test.context.support.DirtiesContextBeforeModesTestExecutionListener@286b39c2, org.springframework.test.context.event.ApplicationEventsTestExecutionListener@5432050b, org.springframework.test.context.support.DependencyInjectionTestExecutionListener@75f2099, org.springframework.test.context.support.DirtiesContextTestExecutionListener@1c12f3ee, org.springframework.test.context.event.EventPublishingTestExecutionListener@6d467c87]
2024-11-27T00:16:19,539 [main] INFO  DefaultTestContextBootstrapper - Using TestExecutionListeners: [org.springframework.test.context.support.DirtiesContextBeforeModesTestExecutionListener@40021799, org.springframework.test.context.event.ApplicationEventsTestExecutionListener@4a1c0752, org.springframework.test.context.support.DependencyInjectionTestExecutionListener@332f25c8, org.springframework.test.context.support.DirtiesContextTestExecutionListener@1b32cd16, org.springframework.test.context.event.EventPublishingTestExecutionListener@4bdcaf36]
2024-11-27T00:16:19,558 [main] INFO  Utils - [TestNG] Running:
  Command line suite

2024-11-27T00:16:20,536 [main] INFO  WebDriverManager - Using chromedriver 127.0.6533.119 (resolved driver for Chrome 127)
2024-11-27T00:16:20,569 [main] INFO  WebDriverManager - Exporting webdriver.chrome.driver as C:\Users\John.Kushoro\.cache\selenium\chromedriver\win64\127.0.6533.119\chromedriver.exe
2024-11-27T00:16:25,801 [main] INFO  LoginPageTests - Starting login test with companyName: totallygroupconfig, username: Test
2024-11-27T00:16:32,754 [main] INFO  LoginPageTests - Starting navigation to home page
2024-11-27T00:16:43,201 [main] INFO  LoginPageTests - Navigation to home page completed successfully.
2024-11-27T00:17:15,867 [main] INFO  TestRunner - Cleaning up TestRunner environment.
2024-11-27T00:17:15,885 [SpringContextShutdownHook] WARN  DisposableBeanAdapter - Custom destroy method 'close' on bean with name 'webDriver' propagated an exception: org.openqa.selenium.NoSuchSessionException: Session ID is null. Using WebDriver after calling quit()?
Build info: version: '4.25.0', revision: '8a8aea2337'
System info: os.name: 'Windows 10', os.arch: 'amd64', os.version: '10.0', java.version: '23.0.1'
Driver info: org.openqa.selenium.chrome.ChromeDriver
Command: [null, close {}]
Capabilities {acceptInsecureCerts: false, browserName: chrome, browserVersion: 127.0.6533.89, chrome: {chromedriverVersion: 127.0.6533.119 (bdef6783a05..., userDataDir: C:\Users\JOHN~1.KUS\AppData...}, fedcm:accounts: true, goog:chromeOptions: {debuggerAddress: localhost:63844}, networkConnectionEnabled: false, pageLoadStrategy: normal, platformName: windows, proxy: Proxy(), se:cdp: ws://localhost:63844/devtoo..., se:cdpVersion: 127.0.6533.89, setWindowRect: true, strictFileInteractability: false, timeouts: {implicit: 0, pageLoad: 300000, script: 30000}, unhandledPromptBehavior: dismiss and notify, webauthn:extension:credBlob: true, webauthn:extension:largeBlob: true, webauthn:extension:minPinLength: true, webauthn:extension:prf: true, webauthn:virtualAuthenticators: true}
2024-11-27T00:18:35,216 [main] INFO  Utils - [TestNG] Running:
  C:\Users\John.Kushoro\AppData\Local\JetBrains\IdeaIC2024.3\temp-testng-customsuite.xml

2024-11-27T00:18:35,640 [main] INFO  TestRunner - Setting up TestRunner environment.
2024-11-27T00:18:35,671 [main] INFO  TestRunner - Running tests...
2024-11-27T00:18:35,933 [main] INFO  DefaultTestContextBootstrapper - Using TestExecutionListeners: [org.springframework.test.context.support.DirtiesContextBeforeModesTestExecutionListener@2a037324, org.springframework.test.context.event.ApplicationEventsTestExecutionListener@69eb86b4, org.springframework.test.context.support.DependencyInjectionTestExecutionListener@585ac855, org.springframework.test.context.support.DirtiesContextTestExecutionListener@5bb8f9e2, org.springframework.test.context.event.EventPublishingTestExecutionListener@6a933be2]
2024-11-27T00:18:35,977 [main] INFO  DefaultTestContextBootstrapper - Using TestExecutionListeners: [org.springframework.test.context.support.DirtiesContextBeforeModesTestExecutionListener@6d467c87, org.springframework.test.context.event.ApplicationEventsTestExecutionListener@29182679, org.springframework.test.context.support.DependencyInjectionTestExecutionListener@57bd802b, org.springframework.test.context.support.DirtiesContextTestExecutionListener@5cbb84b1, org.springframework.test.context.event.EventPublishingTestExecutionListener@2c779e5]
2024-11-27T00:18:35,993 [main] INFO  DefaultTestContextBootstrapper - Using TestExecutionListeners: [org.springframework.test.context.support.DirtiesContextBeforeModesTestExecutionListener@2b9b7f1f, org.springframework.test.context.event.ApplicationEventsTestExecutionListener@264c5d07, org.springframework.test.context.support.DependencyInjectionTestExecutionListener@847f3e7, org.springframework.test.context.support.DirtiesContextTestExecutionListener@69cac930, org.springframework.test.context.event.EventPublishingTestExecutionListener@19593091]
2024-11-27T00:18:36,011 [main] INFO  Utils - [TestNG] Running:
  Command line suite

2024-11-27T00:18:37,191 [main] INFO  WebDriverManager - Using chromedriver 127.0.6533.119 (resolved driver for Chrome 127)
2024-11-27T00:18:37,222 [main] INFO  WebDriverManager - Exporting webdriver.chrome.driver as C:\Users\John.Kushoro\.cache\selenium\chromedriver\win64\127.0.6533.119\chromedriver.exe
2024-11-27T00:18:42,169 [main] INFO  LoginPageTests - Starting login test with companyName: totallygroupconfig, username: Test
2024-11-27T00:18:46,752 [main] INFO  LoginPageTests - Starting navigation to home page
2024-11-27T00:18:53,405 [main] INFO  LoginPageTests - Navigation to home page completed successfully.
2024-11-27T00:19:28,858 [main] INFO  TestRunner - Cleaning up TestRunner environment.
2024-11-27T00:19:42,954 [main] INFO  Utils - [TestNG] Running:
  C:\Users\John.Kushoro\AppData\Local\JetBrains\IdeaIC2024.3\temp-testng-customsuite.xml

2024-11-27T00:20:14,668 [main] INFO  Utils - [TestNG] Running:
  C:\Users\John.Kushoro\AppData\Local\JetBrains\IdeaIC2024.3\temp-testng-customsuite.xml

2024-11-27T00:20:15,050 [main] INFO  TestRunner - Setting up TestRunner environment.
2024-11-27T00:20:15,067 [main] INFO  TestRunner - Running tests...
2024-11-27T00:20:15,255 [main] INFO  DefaultTestContextBootstrapper - Using TestExecutionListeners: [org.springframework.test.context.support.DirtiesContextBeforeModesTestExecutionListener@74fef3f7, org.springframework.test.context.event.ApplicationEventsTestExecutionListener@2a037324, org.springframework.test.context.support.DependencyInjectionTestExecutionListener@69eb86b4, org.springframework.test.context.support.DirtiesContextTestExecutionListener@585ac855, org.springframework.test.context.event.EventPublishingTestExecutionListener@5bb8f9e2]
2024-11-27T00:20:15,302 [main] INFO  DefaultTestContextBootstrapper - Using TestExecutionListeners: [org.springframework.test.context.support.DirtiesContextBeforeModesTestExecutionListener@6d467c87, org.springframework.test.context.event.ApplicationEventsTestExecutionListener@29182679, org.springframework.test.context.support.DependencyInjectionTestExecutionListener@57bd802b, org.springframework.test.context.support.DirtiesContextTestExecutionListener@5cbb84b1, org.springframework.test.context.event.EventPublishingTestExecutionListener@2c779e5]
2024-11-27T00:20:15,319 [main] INFO  DefaultTestContextBootstrapper - Using TestExecutionListeners: [org.springframework.test.context.support.DirtiesContextBeforeModesTestExecutionListener@61d01788, org.springframework.test.context.event.ApplicationEventsTestExecutionListener@2b9b7f1f, org.springframework.test.context.support.DependencyInjectionTestExecutionListener@264c5d07, org.springframework.test.context.support.DirtiesContextTestExecutionListener@847f3e7, org.springframework.test.context.event.EventPublishingTestExecutionListener@69cac930]
2024-11-27T00:20:15,345 [main] INFO  Utils - [TestNG] Running:
  Command line suite

2024-11-27T00:20:16,326 [main] INFO  WebDriverManager - Using chromedriver 127.0.6533.119 (resolved driver for Chrome 127)
2024-11-27T00:20:16,392 [main] INFO  WebDriverManager - Exporting webdriver.chrome.driver as C:\Users\John.Kushoro\.cache\selenium\chromedriver\win64\127.0.6533.119\chromedriver.exe
2024-11-27T00:20:20,855 [main] INFO  LoginPageTests - Starting login test with companyName: totallygroupconfig, username: Test
2024-11-27T00:20:24,954 [main] INFO  LoginPageTests - Starting navigation to home page
2024-11-27T00:20:32,988 [main] INFO  LoginPageTests - Navigation to home page completed successfully.
2024-11-27T00:21:11,327 [main] INFO  TestRunner - Cleaning up TestRunner environment.
2024-11-27T00:21:47,010 [main] INFO  Utils - [TestNG] Running:
  C:\Users\John.Kushoro\AppData\Local\JetBrains\IdeaIC2024.3\temp-testng-customsuite.xml

2024-11-27T00:21:47,502 [main] INFO  TestRunner - Setting up TestRunner environment.
2024-11-27T00:21:47,539 [main] INFO  TestRunner - Running tests...
2024-11-27T00:21:47,786 [main] INFO  DefaultTestContextBootstrapper - Using TestExecutionListeners: [org.springframework.test.context.support.DirtiesContextBeforeModesTestExecutionListener@2532b351, org.springframework.test.context.event.ApplicationEventsTestExecutionListener@4349754, org.springframework.test.context.support.DependencyInjectionTestExecutionListener@6a2eea2a, org.springframework.test.context.support.DirtiesContextTestExecutionListener@b967222, org.springframework.test.context.event.EventPublishingTestExecutionListener@3b0ee03a]
2024-11-27T00:21:47,825 [main] INFO  DefaultTestContextBootstrapper - Using TestExecutionListeners: [org.springframework.test.context.support.DirtiesContextBeforeModesTestExecutionListener@58112bc4, org.springframework.test.context.event.ApplicationEventsTestExecutionListener@2301b75, org.springframework.test.context.support.DependencyInjectionTestExecutionListener@3104f7bd, org.springframework.test.context.support.DirtiesContextTestExecutionListener@2f5c1332, org.springframework.test.context.event.EventPublishingTestExecutionListener@7ec25216]
2024-11-27T00:21:47,847 [main] INFO  DefaultTestContextBootstrapper - Using TestExecutionListeners: [org.springframework.test.context.support.DirtiesContextBeforeModesTestExecutionListener@3b36e000, org.springframework.test.context.event.ApplicationEventsTestExecutionListener@333cb916, org.springframework.test.context.support.DependencyInjectionTestExecutionListener@629ae7e, org.springframework.test.context.support.DirtiesContextTestExecutionListener@1d25c1c, org.springframework.test.context.event.EventPublishingTestExecutionListener@de88ac6]
2024-11-27T00:21:47,866 [main] INFO  Utils - [TestNG] Running:
  Command line suite

2024-11-27T00:21:48,863 [main] INFO  WebDriverManager - Using chromedriver 127.0.6533.119 (resolved driver for Chrome 127)
2024-11-27T00:21:48,890 [main] INFO  WebDriverManager - Exporting webdriver.chrome.driver as C:\Users\John.Kushoro\.cache\selenium\chromedriver\win64\127.0.6533.119\chromedriver.exe
2024-11-27T00:21:53,115 [main] INFO  LoginPageTests - Starting login test with companyName: totallygroupconfig, username: Test
2024-11-27T00:21:58,085 [main] INFO  LoginPageTests - Starting navigation to home page
2024-11-27T00:22:06,746 [main] INFO  LoginPageTests - Navigation to home page completed successfully.
2024-11-27T00:23:25,553 [main] INFO  Utils - [TestNG] Running:
  C:\Users\John.Kushoro\AppData\Local\JetBrains\IdeaIC2024.3\temp-testng-customsuite.xml

2024-11-27T00:23:26,111 [main] INFO  TestRunner - Setting up TestRunner environment.
2024-11-27T00:23:26,143 [main] INFO  TestRunner - Running tests...
2024-11-27T00:23:26,457 [main] INFO  DefaultTestContextBootstrapper - Using TestExecutionListeners: [org.springframework.test.context.support.DirtiesContextBeforeModesTestExecutionListener@2532b351, org.springframework.test.context.event.ApplicationEventsTestExecutionListener@4349754, org.springframework.test.context.support.DependencyInjectionTestExecutionListener@6a2eea2a, org.springframework.test.context.support.DirtiesContextTestExecutionListener@b967222, org.springframework.test.context.event.EventPublishingTestExecutionListener@3b0ee03a]
2024-11-27T00:23:26,502 [main] INFO  DefaultTestContextBootstrapper - Using TestExecutionListeners: [org.springframework.test.context.support.DirtiesContextBeforeModesTestExecutionListener@9a2ec9b, org.springframework.test.context.event.ApplicationEventsTestExecutionListener@58112bc4, org.springframework.test.context.support.DependencyInjectionTestExecutionListener@2301b75, org.springframework.test.context.support.DirtiesContextTestExecutionListener@3104f7bd, org.springframework.test.context.event.EventPublishingTestExecutionListener@2f5c1332]
2024-11-27T00:23:26,531 [main] INFO  DefaultTestContextBootstrapper - Using TestExecutionListeners: [org.springframework.test.context.support.DirtiesContextBeforeModesTestExecutionListener@6dcd5639, org.springframework.test.context.event.ApplicationEventsTestExecutionListener@3b36e000, org.springframework.test.context.support.DependencyInjectionTestExecutionListener@333cb916, org.springframework.test.context.support.DirtiesContextTestExecutionListener@629ae7e, org.springframework.test.context.event.EventPublishingTestExecutionListener@1d25c1c]
2024-11-27T00:23:26,575 [main] INFO  Utils - [TestNG] Running:
  Command line suite

2024-11-27T00:23:27,975 [main] INFO  WebDriverManager - Using chromedriver 127.0.6533.119 (resolved driver for Chrome 127)
2024-11-27T00:23:28,008 [main] INFO  WebDriverManager - Exporting webdriver.chrome.driver as C:\Users\John.Kushoro\.cache\selenium\chromedriver\win64\127.0.6533.119\chromedriver.exe
2024-11-27T00:23:32,542 [main] INFO  LoginPageTests - Starting login test with companyName: totallygroupconfig, username: Test
2024-11-27T00:23:36,539 [main] INFO  LoginPageTests - Starting navigation to home page
2024-11-27T00:23:43,998 [main] INFO  LoginPageTests - Navigation to home page completed successfully.
2024-11-27T00:24:39,492 [main] INFO  Utils - [TestNG] Running:
  C:\Users\John.Kushoro\AppData\Local\JetBrains\IdeaIC2024.3\temp-testng-customsuite.xml

2024-11-27T00:24:39,962 [main] INFO  TestRunner - Setting up TestRunner environment.
2024-11-27T00:24:39,986 [main] INFO  TestRunner - Running tests...
2024-11-27T00:24:40,228 [main] INFO  DefaultTestContextBootstrapper - Using TestExecutionListeners: [org.springframework.test.context.support.DirtiesContextBeforeModesTestExecutionListener@3b0ca5e1, org.springframework.test.context.event.ApplicationEventsTestExecutionListener@5bb3131b, org.springframework.test.context.support.DependencyInjectionTestExecutionListener@54dcbb9f, org.springframework.test.context.support.DirtiesContextTestExecutionListener@74fef3f7, org.springframework.test.context.event.EventPublishingTestExecutionListener@2a037324]
2024-11-27T00:24:40,274 [main] INFO  DefaultTestContextBootstrapper - Using TestExecutionListeners: [org.springframework.test.context.support.DirtiesContextBeforeModesTestExecutionListener@5432050b, org.springframework.test.context.event.ApplicationEventsTestExecutionListener@75f2099, org.springframework.test.context.support.DependencyInjectionTestExecutionListener@1c12f3ee, org.springframework.test.context.support.DirtiesContextTestExecutionListener@6d467c87, org.springframework.test.context.event.EventPublishingTestExecutionListener@29182679]
2024-11-27T00:24:40,287 [main] INFO  DefaultTestContextBootstrapper - Using TestExecutionListeners: [org.springframework.test.context.support.DirtiesContextBeforeModesTestExecutionListener@4a1c0752, org.springframework.test.context.event.ApplicationEventsTestExecutionListener@332f25c8, org.springframework.test.context.support.DependencyInjectionTestExecutionListener@1b32cd16, org.springframework.test.context.support.DirtiesContextTestExecutionListener@4bdcaf36, org.springframework.test.context.event.EventPublishingTestExecutionListener@61d01788]
2024-11-27T00:24:40,314 [main] INFO  Utils - [TestNG] Running:
  Command line suite

2024-11-27T00:24:41,352 [main] INFO  WebDriverManager - Using chromedriver 127.0.6533.119 (resolved driver for Chrome 127)
2024-11-27T00:24:41,381 [main] INFO  WebDriverManager - Exporting webdriver.chrome.driver as C:\Users\John.Kushoro\.cache\selenium\chromedriver\win64\127.0.6533.119\chromedriver.exe
2024-11-27T00:24:45,232 [main] INFO  LoginPageTests - Starting login test with companyName: totallygroupconfig, username: Test
2024-11-27T00:24:48,590 [main] INFO  LoginPageTests - Starting navigation to home page
2024-11-27T00:24:54,978 [main] INFO  LoginPageTests - Navigation to home page completed successfully.
2024-11-27T00:25:31,559 [main] INFO  TestRunner - Cleaning up TestRunner environment.
2024-11-27T00:28:02,934 [main] INFO  Utils - [TestNG] Running:
  C:\Users\John.Kushoro\AppData\Local\JetBrains\IdeaIC2024.3\temp-testng-customsuite.xml

2024-11-27T00:28:03,234 [main] INFO  TestRunner - Setting up TestRunner environment.
2024-11-27T00:28:03,254 [main] INFO  TestRunner - Running tests...
2024-11-27T00:28:03,419 [main] INFO  DefaultTestContextBootstrapper - Using TestExecutionListeners: [org.springframework.test.context.support.DirtiesContextBeforeModesTestExecutionListener@5bb8f9e2, org.springframework.test.context.event.ApplicationEventsTestExecutionListener@6a933be2, org.springframework.test.context.support.DependencyInjectionTestExecutionListener@5f78de22, org.springframework.test.context.support.DirtiesContextTestExecutionListener@516ebdf8, org.springframework.test.context.event.EventPublishingTestExecutionListener@4d8539de]
2024-11-27T00:28:03,446 [main] INFO  DefaultTestContextBootstrapper - Using TestExecutionListeners: [org.springframework.test.context.support.DirtiesContextBeforeModesTestExecutionListener@6a84bc2a, org.springframework.test.context.event.ApplicationEventsTestExecutionListener@5183d589, org.springframework.test.context.support.DependencyInjectionTestExecutionListener@511d5d04, org.springframework.test.context.support.DirtiesContextTestExecutionListener@682c1e93, org.springframework.test.context.event.EventPublishingTestExecutionListener@27068a50]
2024-11-27T00:28:03,454 [main] INFO  DefaultTestContextBootstrapper - Using TestExecutionListeners: [org.springframework.test.context.support.DirtiesContextBeforeModesTestExecutionListener@5d39f2d8, org.springframework.test.context.event.ApplicationEventsTestExecutionListener@6ad6fa53, org.springframework.test.context.support.DependencyInjectionTestExecutionListener@55ea2d70, org.springframework.test.context.support.DirtiesContextTestExecutionListener@5e742e4, org.springframework.test.context.event.EventPublishingTestExecutionListener@175acfb2]
2024-11-27T00:28:03,467 [main] INFO  Utils - [TestNG] Running:
  Command line suite

2024-11-27T00:28:04,271 [main] INFO  WebDriverManager - Using chromedriver 127.0.6533.119 (resolved driver for Chrome 127)
2024-11-27T00:28:04,300 [main] INFO  WebDriverManager - Exporting webdriver.chrome.driver as C:\Users\John.Kushoro\.cache\selenium\chromedriver\win64\127.0.6533.119\chromedriver.exe
2024-11-27T00:28:09,653 [main] INFO  LoginPageTests - Starting login test with companyName: totallygroupconfig, username: Test
2024-11-27T00:28:13,980 [main] INFO  LoginPageTests - Starting navigation to home page
2024-11-27T00:28:21,762 [main] INFO  LoginPageTests - Navigation to home page completed successfully.
2024-11-27T00:28:58,042 [main] INFO  TestRunner - Cleaning up TestRunner environment.
2024-11-27T09:25:57,024 [main] INFO  Utils - [TestNG] Running:
  C:\Users\John.Kushoro\AppData\Local\JetBrains\IdeaIC2024.3\temp-testng-customsuite.xml

2024-11-27T09:25:57,306 [main] INFO  TestRunner - Setting up TestRunner environment.
2024-11-27T09:25:57,336 [main] INFO  TestRunner - Running tests...
2024-11-27T09:25:57,573 [main] INFO  DefaultTestContextBootstrapper - Using TestExecutionListeners: [org.springframework.test.context.support.DirtiesContextBeforeModesTestExecutionListener@3b0ca5e1, org.springframework.test.context.event.ApplicationEventsTestExecutionListener@5bb3131b, org.springframework.test.context.support.DependencyInjectionTestExecutionListener@54dcbb9f, org.springframework.test.context.support.DirtiesContextTestExecutionListener@74fef3f7, org.springframework.test.context.event.EventPublishingTestExecutionListener@2a037324]
2024-11-27T09:25:57,607 [main] INFO  DefaultTestContextBootstrapper - Using TestExecutionListeners: [org.springframework.test.context.support.DirtiesContextBeforeModesTestExecutionListener@5432050b, org.springframework.test.context.event.ApplicationEventsTestExecutionListener@75f2099, org.springframework.test.context.support.DependencyInjectionTestExecutionListener@1c12f3ee, org.springframework.test.context.support.DirtiesContextTestExecutionListener@6d467c87, org.springframework.test.context.event.EventPublishingTestExecutionListener@29182679]
2024-11-27T09:25:57,635 [main] INFO  DefaultTestContextBootstrapper - Using TestExecutionListeners: [org.springframework.test.context.support.DirtiesContextBeforeModesTestExecutionListener@332f25c8, org.springframework.test.context.event.ApplicationEventsTestExecutionListener@1b32cd16, org.springframework.test.context.support.DependencyInjectionTestExecutionListener@4bdcaf36, org.springframework.test.context.support.DirtiesContextTestExecutionListener@61d01788, org.springframework.test.context.event.EventPublishingTestExecutionListener@2b9b7f1f]
2024-11-27T09:25:57,653 [main] INFO  Utils - [TestNG] Running:
  Command line suite

2024-11-27T09:25:59,618 [main] INFO  WebDriverManager - Using chromedriver 127.0.6533.119 (resolved driver for Chrome 127)
2024-11-27T09:25:59,650 [main] INFO  WebDriverManager - Exporting webdriver.chrome.driver as C:\Users\John.Kushoro\.cache\selenium\chromedriver\win64\127.0.6533.119\chromedriver.exe
2024-11-27T09:26:03,848 [main] INFO  LoginPageTests - Starting login test with companyName: totallygroupconfig, username: Test
2024-11-27T09:26:09,610 [main] INFO  LoginPageTests - Starting navigation to home page
2024-11-27T09:26:16,648 [main] INFO  LoginPageTests - Navigation to home page completed successfully.
2024-11-27T09:26:51,994 [main] INFO  TestRunner - Cleaning up TestRunner environment.
2024-11-27T15:45:04,149 [main] INFO  Utils - [TestNG] Running:
  C:\Users\John.Kushoro\AppData\Local\JetBrains\IdeaIC2024.3\temp-testng-customsuite.xml

2024-11-27T15:45:04,639 [main] INFO  TestRunner - Setting up TestRunner environment.
2024-11-27T15:45:04,685 [main] INFO  TestRunner - Running tests...
2024-11-27T15:45:04,948 [main] INFO  DefaultTestContextBootstrapper - Using TestExecutionListeners: [org.springframework.test.context.support.DirtiesContextBeforeModesTestExecutionListener@6a933be2, org.springframework.test.context.event.ApplicationEventsTestExecutionListener@5f78de22, org.springframework.test.context.support.DependencyInjectionTestExecutionListener@516ebdf8, org.springframework.test.context.support.DirtiesContextTestExecutionListener@4d8539de, org.springframework.test.context.event.EventPublishingTestExecutionListener@3eba57a7]
2024-11-27T15:45:04,999 [main] INFO  DefaultTestContextBootstrapper - Using TestExecutionListeners: [org.springframework.test.context.support.DirtiesContextBeforeModesTestExecutionListener@511d5d04, org.springframework.test.context.event.ApplicationEventsTestExecutionListener@682c1e93, org.springframework.test.context.support.DependencyInjectionTestExecutionListener@27068a50, org.springframework.test.context.support.DirtiesContextTestExecutionListener@68e62ca4, org.springframework.test.context.event.EventPublishingTestExecutionListener@5328a9c1]
2024-11-27T15:45:05,015 [main] INFO  DefaultTestContextBootstrapper - Using TestExecutionListeners: [org.springframework.test.context.support.DirtiesContextBeforeModesTestExecutionListener@55ea2d70, org.springframework.test.context.event.ApplicationEventsTestExecutionListener@5e742e4, org.springframework.test.context.support.DependencyInjectionTestExecutionListener@175acfb2, org.springframework.test.context.support.DirtiesContextTestExecutionListener@4a03bb68, org.springframework.test.context.event.EventPublishingTestExecutionListener@4e868ef5]
2024-11-27T15:45:05,036 [main] INFO  Utils - [TestNG] Running:
  Command line suite

2024-11-27T15:45:06,952 [main] INFO  WebDriverManager - Using chromedriver 127.0.6533.119 (resolved driver for Chrome 127)
2024-11-27T15:45:06,980 [main] INFO  WebDriverManager - Exporting webdriver.chrome.driver as C:\Users\John.Kushoro\.cache\selenium\chromedriver\win64\127.0.6533.119\chromedriver.exe
2024-11-27T15:45:12,745 [main] INFO  LoginPageTests - Starting login test with companyName: totallygroupconfig, username: Test
2024-11-27T15:45:19,803 [main] INFO  LoginPageTests - Starting navigation to home page
2024-11-27T15:45:27,408 [main] INFO  LoginPageTests - Navigation to home page completed successfully.
2024-11-27T15:46:04,496 [main] INFO  TestRunner - Cleaning up TestRunner environment.
2024-11-27T17:41:27,694 [main] INFO  Utils - [TestNG] Running:
  C:\Users\John.Kushoro\AppData\Local\JetBrains\IdeaIC2024.3\temp-testng-customsuite.xml

2024-11-27T17:41:28,136 [main] INFO  TestRunner - Setting up TestRunner environment.
2024-11-27T17:41:28,166 [main] INFO  TestRunner - Running tests...
2024-11-27T17:41:28,608 [main] INFO  DefaultTestContextBootstrapper - Using TestExecutionListeners: [org.springframework.test.context.support.DirtiesContextBeforeModesTestExecutionListener@2532b351, org.springframework.test.context.event.ApplicationEventsTestExecutionListener@4349754, org.springframework.test.context.support.DependencyInjectionTestExecutionListener@6a2eea2a, org.springframework.test.context.support.DirtiesContextTestExecutionListener@b967222, org.springframework.test.context.event.EventPublishingTestExecutionListener@3b0ee03a]
2024-11-27T17:41:28,649 [main] INFO  DefaultTestContextBootstrapper - Using TestExecutionListeners: [org.springframework.test.context.support.DirtiesContextBeforeModesTestExecutionListener@73044cdf, org.springframework.test.context.event.ApplicationEventsTestExecutionListener@3cbcd8f3, org.springframework.test.context.support.DependencyInjectionTestExecutionListener@719843e5, org.springframework.test.context.support.DirtiesContextTestExecutionListener@9a2ec9b, org.springframework.test.context.event.EventPublishingTestExecutionListener@58112bc4]
2024-11-27T17:41:28,682 [main] INFO  DefaultTestContextBootstrapper - Using TestExecutionListeners: [org.springframework.test.context.support.DirtiesContextBeforeModesTestExecutionListener@31e72cbc, org.springframework.test.context.event.ApplicationEventsTestExecutionListener@5fad41be, org.springframework.test.context.support.DependencyInjectionTestExecutionListener@6dcd5639, org.springframework.test.context.support.DirtiesContextTestExecutionListener@3b36e000, org.springframework.test.context.event.EventPublishingTestExecutionListener@333cb916]
2024-11-27T17:41:28,712 [main] INFO  Utils - [TestNG] Running:
  Command line suite

2024-11-27T17:41:30,561 [main] INFO  WebDriverManager - Using chromedriver 127.0.6533.119 (resolved driver for Chrome 127)
2024-11-27T17:41:30,590 [main] INFO  WebDriverManager - Exporting webdriver.chrome.driver as C:\Users\John.Kushoro\.cache\selenium\chromedriver\win64\127.0.6533.119\chromedriver.exe
2024-11-27T17:41:35,288 [main] INFO  LoginPageTests - Starting login test with companyName: totallygroupconfig, username: Test
2024-11-27T17:41:43,243 [main] INFO  LoginPageTests - Starting navigation to home page
2024-11-27T17:41:54,262 [main] INFO  LoginPageTests - Navigation to home page completed successfully.
2024-11-27T17:42:11,191 [main] INFO  TestRunner - Cleaning up TestRunner environment.
2024-11-27T17:43:08,146 [main] INFO  Utils - [TestNG] Running:
  C:\Users\John.Kushoro\AppData\Local\JetBrains\IdeaIC2024.3\temp-testng-customsuite.xml

2024-11-27T17:43:08,427 [main] INFO  TestRunner - Setting up TestRunner environment.
2024-11-27T17:43:08,453 [main] INFO  TestRunner - Running tests...
2024-11-27T17:43:08,729 [main] INFO  DefaultTestContextBootstrapper - Using TestExecutionListeners: [org.springframework.test.context.support.DirtiesContextBeforeModesTestExecutionListener@2532b351, org.springframework.test.context.event.ApplicationEventsTestExecutionListener@4349754, org.springframework.test.context.support.DependencyInjectionTestExecutionListener@6a2eea2a, org.springframework.test.context.support.DirtiesContextTestExecutionListener@b967222, org.springframework.test.context.event.EventPublishingTestExecutionListener@3b0ee03a]
2024-11-27T17:43:08,784 [main] INFO  DefaultTestContextBootstrapper - Using TestExecutionListeners: [org.springframework.test.context.support.DirtiesContextBeforeModesTestExecutionListener@3cbcd8f3, org.springframework.test.context.event.ApplicationEventsTestExecutionListener@719843e5, org.springframework.test.context.support.DependencyInjectionTestExecutionListener@9a2ec9b, org.springframework.test.context.support.DirtiesContextTestExecutionListener@58112bc4, org.springframework.test.context.event.EventPublishingTestExecutionListener@2301b75]
2024-11-27T17:43:08,799 [main] INFO  DefaultTestContextBootstrapper - Using TestExecutionListeners: [org.springframework.test.context.support.DirtiesContextBeforeModesTestExecutionListener@1f193686, org.springframework.test.context.event.ApplicationEventsTestExecutionListener@31e72cbc, org.springframework.test.context.support.DependencyInjectionTestExecutionListener@5fad41be, org.springframework.test.context.support.DirtiesContextTestExecutionListener@6dcd5639, org.springframework.test.context.event.EventPublishingTestExecutionListener@3b36e000]
2024-11-27T17:43:08,824 [main] INFO  Utils - [TestNG] Running:
  Command line suite

2024-11-27T17:43:09,788 [main] INFO  WebDriverManager - Using chromedriver 127.0.6533.119 (resolved driver for Chrome 127)
2024-11-27T17:43:09,822 [main] INFO  WebDriverManager - Exporting webdriver.chrome.driver as C:\Users\John.Kushoro\.cache\selenium\chromedriver\win64\127.0.6533.119\chromedriver.exe
2024-11-27T17:43:14,475 [main] INFO  LoginPageTests - Starting login test with companyName: totallygroupconfig, username: Test
2024-11-27T17:43:18,548 [main] INFO  LoginPageTests - Starting navigation to home page
2024-11-27T17:43:25,642 [main] INFO  LoginPageTests - Navigation to home page completed successfully.
2024-11-27T18:12:00,224 [main] INFO  Utils - [TestNG] Running:
  C:\Users\John.Kushoro\AppData\Local\JetBrains\IdeaIC2024.3\temp-testng-customsuite.xml

2024-11-27T18:12:00,612 [main] INFO  TestRunner - Setting up TestRunner environment.
2024-11-27T18:12:00,636 [main] INFO  TestRunner - Running tests...
2024-11-27T18:12:00,978 [main] INFO  DefaultTestContextBootstrapper - Using TestExecutionListeners: [org.springframework.test.context.support.DirtiesContextBeforeModesTestExecutionListener@5bb8f9e2, org.springframework.test.context.event.ApplicationEventsTestExecutionListener@6a933be2, org.springframework.test.context.support.DependencyInjectionTestExecutionListener@5f78de22, org.springframework.test.context.support.DirtiesContextTestExecutionListener@516ebdf8, org.springframework.test.context.event.EventPublishingTestExecutionListener@4d8539de]
2024-11-27T18:12:01,037 [main] INFO  DefaultTestContextBootstrapper - Using TestExecutionListeners: [org.springframework.test.context.support.DirtiesContextBeforeModesTestExecutionListener@5cbb84b1, org.springframework.test.context.event.ApplicationEventsTestExecutionListener@2c779e5, org.springframework.test.context.support.DependencyInjectionTestExecutionListener@6a84bc2a, org.springframework.test.context.support.DirtiesContextTestExecutionListener@5183d589, org.springframework.test.context.event.EventPublishingTestExecutionListener@511d5d04]
2024-11-27T18:12:01,088 [main] INFO  DefaultTestContextBootstrapper - Using TestExecutionListeners: [org.springframework.test.context.support.DirtiesContextBeforeModesTestExecutionListener@69cac930, org.springframework.test.context.event.ApplicationEventsTestExecutionListener@19593091, org.springframework.test.context.support.DependencyInjectionTestExecutionListener@5d39f2d8, org.springframework.test.context.support.DirtiesContextTestExecutionListener@6ad6fa53, org.springframework.test.context.event.EventPublishingTestExecutionListener@55ea2d70]
2024-11-27T18:12:01,127 [main] INFO  Utils - [TestNG] Running:
  Command line suite

2024-11-27T18:12:02,019 [main] INFO  WebDriverManager - Using chromedriver 127.0.6533.119 (resolved driver for Chrome 127)
2024-11-27T18:12:02,064 [main] INFO  WebDriverManager - Exporting webdriver.chrome.driver as C:\Users\John.Kushoro\.cache\selenium\chromedriver\win64\127.0.6533.119\chromedriver.exe
2024-11-27T18:12:06,714 [main] INFO  LoginPageTests - Starting login test with companyName: totallygroupconfig, username: Test
2024-11-27T18:12:14,981 [main] INFO  LoginPageTests - Starting navigation to home page
2024-11-27T18:12:24,974 [main] INFO  LoginPageTests - Navigation to home page completed successfully.
2024-11-27T18:12:40,156 [main] INFO  TestRunner - Cleaning up TestRunner environment.
2024-11-27T18:12:59,987 [main] INFO  Utils - [TestNG] Running:
  C:\Users\John.Kushoro\AppData\Local\JetBrains\IdeaIC2024.3\temp-testng-customsuite.xml

2024-11-27T18:13:00,349 [main] INFO  TestRunner - Setting up TestRunner environment.
2024-11-27T18:13:00,371 [main] INFO  TestRunner - Running tests...
2024-11-27T18:13:00,584 [main] INFO  DefaultTestContextBootstrapper - Using TestExecutionListeners: [org.springframework.test.context.support.DirtiesContextBeforeModesTestExecutionListener@54dcbb9f, org.springframework.test.context.event.ApplicationEventsTestExecutionListener@74fef3f7, org.springframework.test.context.support.DependencyInjectionTestExecutionListener@2a037324, org.springframework.test.context.support.DirtiesContextTestExecutionListener@69eb86b4, org.springframework.test.context.event.EventPublishingTestExecutionListener@585ac855]
2024-11-27T18:13:00,639 [main] INFO  DefaultTestContextBootstrapper - Using TestExecutionListeners: [org.springframework.test.context.support.DirtiesContextBeforeModesTestExecutionListener@6d467c87, org.springframework.test.context.event.ApplicationEventsTestExecutionListener@29182679, org.springframework.test.context.support.DependencyInjectionTestExecutionListener@57bd802b, org.springframework.test.context.support.DirtiesContextTestExecutionListener@5cbb84b1, org.springframework.test.context.event.EventPublishingTestExecutionListener@2c779e5]
2024-11-27T18:13:00,664 [main] INFO  DefaultTestContextBootstrapper - Using TestExecutionListeners: [org.springframework.test.context.support.DirtiesContextBeforeModesTestExecutionListener@2b9b7f1f, org.springframework.test.context.event.ApplicationEventsTestExecutionListener@264c5d07, org.springframework.test.context.support.DependencyInjectionTestExecutionListener@847f3e7, org.springframework.test.context.support.DirtiesContextTestExecutionListener@69cac930, org.springframework.test.context.event.EventPublishingTestExecutionListener@19593091]
2024-11-27T18:13:00,709 [main] INFO  Utils - [TestNG] Running:
  Command line suite

2024-11-27T18:13:01,669 [main] INFO  WebDriverManager - Using chromedriver 127.0.6533.119 (resolved driver for Chrome 127)
2024-11-27T18:13:01,695 [main] INFO  WebDriverManager - Exporting webdriver.chrome.driver as C:\Users\John.Kushoro\.cache\selenium\chromedriver\win64\127.0.6533.119\chromedriver.exe
2024-11-27T18:13:05,789 [main] INFO  LoginPageTests - Starting login test with companyName: totallygroupconfig, username: Test
2024-11-27T18:13:08,942 [main] INFO  LoginPageTests - Starting navigation to home page
2024-11-27T18:13:16,981 [main] INFO  LoginPageTests - Navigation to home page completed successfully.
2024-11-27T18:13:42,554 [main] INFO  TestRunner - Cleaning up TestRunner environment.
2024-11-27T18:16:26,759 [main] INFO  Utils - [TestNG] Running:
  C:\Users\John.Kushoro\AppData\Local\JetBrains\IdeaIC2024.3\temp-testng-customsuite.xml

2024-11-27T18:16:27,176 [main] INFO  TestRunner - Setting up TestRunner environment.
2024-11-27T18:16:27,198 [main] INFO  TestRunner - Running tests...
2024-11-27T18:16:27,391 [main] INFO  DefaultTestContextBootstrapper - Using TestExecutionListeners: [org.springframework.test.context.support.DirtiesContextBeforeModesTestExecutionListener@54dcbb9f, org.springframework.test.context.event.ApplicationEventsTestExecutionListener@74fef3f7, org.springframework.test.context.support.DependencyInjectionTestExecutionListener@2a037324, org.springframework.test.context.support.DirtiesContextTestExecutionListener@69eb86b4, org.springframework.test.context.event.EventPublishingTestExecutionListener@585ac855]
2024-11-27T18:16:27,435 [main] INFO  DefaultTestContextBootstrapper - Using TestExecutionListeners: [org.springframework.test.context.support.DirtiesContextBeforeModesTestExecutionListener@6d467c87, org.springframework.test.context.event.ApplicationEventsTestExecutionListener@29182679, org.springframework.test.context.support.DependencyInjectionTestExecutionListener@57bd802b, org.springframework.test.context.support.DirtiesContextTestExecutionListener@5cbb84b1, org.springframework.test.context.event.EventPublishingTestExecutionListener@2c779e5]
2024-11-27T18:16:27,448 [main] INFO  DefaultTestContextBootstrapper - Using TestExecutionListeners: [org.springframework.test.context.support.DirtiesContextBeforeModesTestExecutionListener@61d01788, org.springframework.test.context.event.ApplicationEventsTestExecutionListener@2b9b7f1f, org.springframework.test.context.support.DependencyInjectionTestExecutionListener@264c5d07, org.springframework.test.context.support.DirtiesContextTestExecutionListener@847f3e7, org.springframework.test.context.event.EventPublishingTestExecutionListener@69cac930]
2024-11-27T18:16:27,486 [main] INFO  Utils - [TestNG] Running:
  Command line suite

2024-11-27T18:16:28,707 [main] INFO  WebDriverManager - Using chromedriver 127.0.6533.119 (resolved driver for Chrome 127)
2024-11-27T18:16:28,746 [main] INFO  WebDriverManager - Exporting webdriver.chrome.driver as C:\Users\John.Kushoro\.cache\selenium\chromedriver\win64\127.0.6533.119\chromedriver.exe
2024-11-27T18:16:33,329 [main] INFO  LoginPageTests - Starting login test with companyName: totallygroupconfig, username: Test
2024-11-27T18:16:37,898 [main] INFO  LoginPageTests - Starting navigation to home page
2024-11-27T18:16:45,514 [main] INFO  LoginPageTests - Navigation to home page completed successfully.
2024-11-27T18:17:13,231 [main] INFO  TestRunner - Cleaning up TestRunner environment.
2024-11-27T18:37:56,445 [main] INFO  Utils - [TestNG] Running:
  C:\Users\John.Kushoro\AppData\Local\JetBrains\IdeaIC2024.3\temp-testng-customsuite.xml

2024-11-27T18:37:56,961 [main] INFO  TestRunner - Setting up TestRunner environment.
2024-11-27T18:37:56,996 [main] INFO  TestRunner - Running tests...
2024-11-27T18:37:57,224 [main] INFO  DefaultTestContextBootstrapper - Using TestExecutionListeners: [org.springframework.test.context.support.DirtiesContextBeforeModesTestExecutionListener@3b0ca5e1, org.springframework.test.context.event.ApplicationEventsTestExecutionListener@5bb3131b, org.springframework.test.context.support.DependencyInjectionTestExecutionListener@54dcbb9f, org.springframework.test.context.support.DirtiesContextTestExecutionListener@74fef3f7, org.springframework.test.context.event.EventPublishingTestExecutionListener@2a037324]
2024-11-27T18:37:57,279 [main] INFO  DefaultTestContextBootstrapper - Using TestExecutionListeners: [org.springframework.test.context.support.DirtiesContextBeforeModesTestExecutionListener@286b39c2, org.springframework.test.context.event.ApplicationEventsTestExecutionListener@5432050b, org.springframework.test.context.support.DependencyInjectionTestExecutionListener@75f2099, org.springframework.test.context.support.DirtiesContextTestExecutionListener@1c12f3ee, org.springframework.test.context.event.EventPublishingTestExecutionListener@6d467c87]
2024-11-27T18:37:57,294 [main] INFO  DefaultTestContextBootstrapper - Using TestExecutionListeners: [org.springframework.test.context.support.DirtiesContextBeforeModesTestExecutionListener@4a1c0752, org.springframework.test.context.event.ApplicationEventsTestExecutionListener@332f25c8, org.springframework.test.context.support.DependencyInjectionTestExecutionListener@1b32cd16, org.springframework.test.context.support.DirtiesContextTestExecutionListener@4bdcaf36, org.springframework.test.context.event.EventPublishingTestExecutionListener@61d01788]
2024-11-27T18:37:57,311 [main] INFO  Utils - [TestNG] Running:
  Command line suite

2024-11-27T18:37:58,440 [main] INFO  WebDriverManager - Using chromedriver 127.0.6533.119 (resolved driver for Chrome 127)
2024-11-27T18:37:58,471 [main] INFO  WebDriverManager - Exporting webdriver.chrome.driver as C:\Users\John.Kushoro\.cache\selenium\chromedriver\win64\127.0.6533.119\chromedriver.exe
2024-11-27T18:38:03,235 [main] INFO  LoginPageTests - Starting login test with companyName: totallygroupconfig, username: Test
2024-11-27T18:38:09,757 [main] INFO  LoginPageTests - Starting navigation to home page
2024-11-27T18:38:18,211 [main] INFO  LoginPageTests - Navigation to home page completed successfully.
2024-11-27T18:38:47,913 [main] INFO  TestRunner - Cleaning up TestRunner environment.
2024-11-27T18:38:47,925 [SpringContextShutdownHook] WARN  DisposableBeanAdapter - Custom destroy method 'close' on bean with name 'webDriver' propagated an exception: org.openqa.selenium.NoSuchSessionException: Session ID is null. Using WebDriver after calling quit()?
Build info: version: '4.25.0', revision: '8a8aea2337'
System info: os.name: 'Windows 10', os.arch: 'amd64', os.version: '10.0', java.version: '23.0.1'
Driver info: org.openqa.selenium.chrome.ChromeDriver
Command: [null, close {}]
Capabilities {acceptInsecureCerts: false, browserName: chrome, browserVersion: 127.0.6533.89, chrome: {chromedriverVersion: 127.0.6533.119 (bdef6783a05..., userDataDir: C:\Users\JOHN~1.KUS\AppData...}, fedcm:accounts: true, goog:chromeOptions: {debuggerAddress: localhost:53286}, networkConnectionEnabled: false, pageLoadStrategy: normal, platformName: windows, proxy: Proxy(), se:cdp: ws://localhost:53286/devtoo..., se:cdpVersion: 127.0.6533.89, setWindowRect: true, strictFileInteractability: false, timeouts: {implicit: 0, pageLoad: 300000, script: 30000}, unhandledPromptBehavior: dismiss and notify, webauthn:extension:credBlob: true, webauthn:extension:largeBlob: true, webauthn:extension:minPinLength: true, webauthn:extension:prf: true, webauthn:virtualAuthenticators: true}
2024-11-27T18:46:51,342 [main] INFO  Utils - [TestNG] Running:
  C:\Users\John.Kushoro\AppData\Local\JetBrains\IdeaIC2024.3\temp-testng-customsuite.xml

2024-11-27T18:46:51,890 [main] INFO  TestRunner - Setting up TestRunner environment.
2024-11-27T18:46:51,924 [main] INFO  TestRunner - Running tests...
2024-11-27T18:46:52,209 [main] INFO  DefaultTestContextBootstrapper - Using TestExecutionListeners: [org.springframework.test.context.support.DirtiesContextBeforeModesTestExecutionListener@2532b351, org.springframework.test.context.event.ApplicationEventsTestExecutionListener@4349754, org.springframework.test.context.support.DependencyInjectionTestExecutionListener@6a2eea2a, org.springframework.test.context.support.DirtiesContextTestExecutionListener@b967222, org.springframework.test.context.event.EventPublishingTestExecutionListener@3b0ee03a]
2024-11-27T18:46:52,264 [main] INFO  DefaultTestContextBootstrapper - Using TestExecutionListeners: [org.springframework.test.context.support.DirtiesContextBeforeModesTestExecutionListener@73044cdf, org.springframework.test.context.event.ApplicationEventsTestExecutionListener@3cbcd8f3, org.springframework.test.context.support.DependencyInjectionTestExecutionListener@719843e5, org.springframework.test.context.support.DirtiesContextTestExecutionListener@9a2ec9b, org.springframework.test.context.event.EventPublishingTestExecutionListener@58112bc4]
2024-11-27T18:46:52,281 [main] INFO  DefaultTestContextBootstrapper - Using TestExecutionListeners: [org.springframework.test.context.support.DirtiesContextBeforeModesTestExecutionListener@1f193686, org.springframework.test.context.event.ApplicationEventsTestExecutionListener@31e72cbc, org.springframework.test.context.support.DependencyInjectionTestExecutionListener@5fad41be, org.springframework.test.context.support.DirtiesContextTestExecutionListener@6dcd5639, org.springframework.test.context.event.EventPublishingTestExecutionListener@3b36e000]
2024-11-27T18:46:52,312 [main] INFO  Utils - [TestNG] Running:
  Command line suite

2024-11-27T18:46:54,400 [main] INFO  WebDriverManager - Using chromedriver 127.0.6533.119 (resolved driver for Chrome 127)
2024-11-27T18:46:54,442 [main] INFO  WebDriverManager - Exporting webdriver.chrome.driver as C:\Users\John.Kushoro\.cache\selenium\chromedriver\win64\127.0.6533.119\chromedriver.exe
2024-11-27T18:46:59,524 [main] INFO  LoginPageTests - Starting login test with companyName: totallygroupconfig, username: Test
2024-11-27T18:47:05,389 [main] INFO  LoginPageTests - Starting navigation to home page
2024-11-27T18:47:16,534 [main] INFO  LoginPageTests - Navigation to home page completed successfully.
2024-11-27T18:47:40,763 [main] INFO  TestRunner - Cleaning up TestRunner environment.
2024-11-27T18:48:24,034 [main] INFO  Utils - [TestNG] Running:
  C:\Users\John.Kushoro\AppData\Local\JetBrains\IdeaIC2024.3\temp-testng-customsuite.xml

2024-11-27T18:48:25,760 [main] INFO  TestRunner - Setting up TestRunner environment.
2024-11-27T18:48:25,793 [main] INFO  TestRunner - Running tests...
2024-11-27T18:48:26,689 [main] INFO  DefaultTestContextBootstrapper - Using TestExecutionListeners: [org.springframework.test.context.support.DirtiesContextBeforeModesTestExecutionListener@2532b351, org.springframework.test.context.event.ApplicationEventsTestExecutionListener@4349754, org.springframework.test.context.support.DependencyInjectionTestExecutionListener@6a2eea2a, org.springframework.test.context.support.DirtiesContextTestExecutionListener@b967222, org.springframework.test.context.event.EventPublishingTestExecutionListener@3b0ee03a]
2024-11-27T18:48:26,810 [main] INFO  DefaultTestContextBootstrapper - Using TestExecutionListeners: [org.springframework.test.context.support.DirtiesContextBeforeModesTestExecutionListener@73044cdf, org.springframework.test.context.event.ApplicationEventsTestExecutionListener@3cbcd8f3, org.springframework.test.context.support.DependencyInjectionTestExecutionListener@719843e5, org.springframework.test.context.support.DirtiesContextTestExecutionListener@9a2ec9b, org.springframework.test.context.event.EventPublishingTestExecutionListener@58112bc4]
2024-11-27T18:48:26,821 [main] INFO  DefaultTestContextBootstrapper - Using TestExecutionListeners: [org.springframework.test.context.support.DirtiesContextBeforeModesTestExecutionListener@2ba33e2c, org.springframework.test.context.event.ApplicationEventsTestExecutionListener@1f193686, org.springframework.test.context.support.DependencyInjectionTestExecutionListener@31e72cbc, org.springframework.test.context.support.DirtiesContextTestExecutionListener@5fad41be, org.springframework.test.context.event.EventPublishingTestExecutionListener@6dcd5639]
2024-11-27T18:48:26,865 [main] INFO  Utils - [TestNG] Running:
  Command line suite

2024-11-27T18:48:28,675 [main] INFO  WebDriverManager - Using chromedriver 127.0.6533.119 (resolved driver for Chrome 127)
2024-11-27T18:48:28,745 [main] INFO  WebDriverManager - Exporting webdriver.chrome.driver as C:\Users\John.Kushoro\.cache\selenium\chromedriver\win64\127.0.6533.119\chromedriver.exe
2024-11-27T18:48:36,392 [main] INFO  LoginPageTests - Starting login test with companyName: totallygroupconfig, username: Test
2024-11-27T18:48:42,061 [main] INFO  LoginPageTests - Starting navigation to home page
2024-11-27T18:48:53,147 [main] INFO  LoginPageTests - Navigation to home page completed successfully.
2024-11-27T19:22:59,328 [main] INFO  Utils - [TestNG] Running:
  C:\Users\John.Kushoro\AppData\Local\JetBrains\IdeaIC2024.3\temp-testng-customsuite.xml

2024-11-27T19:22:59,994 [main] INFO  TestRunner - Setting up TestRunner environment.
2024-11-27T19:23:00,028 [main] INFO  TestRunner - Running tests...
2024-11-27T19:23:00,383 [main] INFO  DefaultTestContextBootstrapper - Using TestExecutionListeners: [org.springframework.test.context.support.DirtiesContextBeforeModesTestExecutionListener@3b0ca5e1, org.springframework.test.context.event.ApplicationEventsTestExecutionListener@5bb3131b, org.springframework.test.context.support.DependencyInjectionTestExecutionListener@54dcbb9f, org.springframework.test.context.support.DirtiesContextTestExecutionListener@74fef3f7, org.springframework.test.context.event.EventPublishingTestExecutionListener@2a037324]
2024-11-27T19:23:00,497 [main] INFO  DefaultTestContextBootstrapper - Using TestExecutionListeners: [org.springframework.test.context.support.DirtiesContextBeforeModesTestExecutionListener@286b39c2, org.springframework.test.context.event.ApplicationEventsTestExecutionListener@5432050b, org.springframework.test.context.support.DependencyInjectionTestExecutionListener@75f2099, org.springframework.test.context.support.DirtiesContextTestExecutionListener@1c12f3ee, org.springframework.test.context.event.EventPublishingTestExecutionListener@6d467c87]
2024-11-27T19:23:00,511 [main] INFO  DefaultTestContextBootstrapper - Using TestExecutionListeners: [org.springframework.test.context.support.DirtiesContextBeforeModesTestExecutionListener@40021799, org.springframework.test.context.event.ApplicationEventsTestExecutionListener@4a1c0752, org.springframework.test.context.support.DependencyInjectionTestExecutionListener@332f25c8, org.springframework.test.context.support.DirtiesContextTestExecutionListener@1b32cd16, org.springframework.test.context.event.EventPublishingTestExecutionListener@4bdcaf36]
2024-11-27T19:23:00,534 [main] INFO  Utils - [TestNG] Running:
  Command line suite

2024-11-27T19:23:01,934 [main] INFO  WebDriverManager - Using chromedriver 127.0.6533.119 (resolved driver for Chrome 127)
2024-11-27T19:23:01,967 [main] INFO  WebDriverManager - Exporting webdriver.chrome.driver as C:\Users\John.Kushoro\.cache\selenium\chromedriver\win64\127.0.6533.119\chromedriver.exe
2024-11-27T19:23:10,597 [main] INFO  LoginPageTests - Starting login test with companyName: totallygroupconfig, username: Test
2024-11-27T19:23:30,944 [main] INFO  LoginPageTests - Starting navigation to home page
2024-11-27T19:23:48,566 [main] INFO  LoginPageTests - Navigation to home page completed successfully.
2024-11-27T19:24:13,951 [main] INFO  TestRunner - Cleaning up TestRunner environment.
2024-11-27T19:24:13,973 [SpringContextShutdownHook] WARN  DisposableBeanAdapter - Custom destroy method 'close' on bean with name 'webDriver' propagated an exception: org.openqa.selenium.NoSuchSessionException: Session ID is null. Using WebDriver after calling quit()?
Build info: version: '4.25.0', revision: '8a8aea2337'
System info: os.name: 'Windows 10', os.arch: 'amd64', os.version: '10.0', java.version: '23.0.1'
Driver info: org.openqa.selenium.chrome.ChromeDriver
Command: [null, close {}]
Capabilities {acceptInsecureCerts: false, browserName: chrome, browserVersion: 127.0.6533.89, chrome: {chromedriverVersion: 127.0.6533.119 (bdef6783a05..., userDataDir: C:\Users\JOHN~1.KUS\AppData...}, fedcm:accounts: true, goog:chromeOptions: {debuggerAddress: localhost:61283}, networkConnectionEnabled: false, pageLoadStrategy: normal, platformName: windows, proxy: Proxy(), se:cdp: ws://localhost:61283/devtoo..., se:cdpVersion: 127.0.6533.89, setWindowRect: true, strictFileInteractability: false, timeouts: {implicit: 0, pageLoad: 300000, script: 30000}, unhandledPromptBehavior: dismiss and notify, webauthn:extension:credBlob: true, webauthn:extension:largeBlob: true, webauthn:extension:minPinLength: true, webauthn:extension:prf: true, webauthn:virtualAuthenticators: true}
2024-11-27T19:42:14,737 [main] INFO  Utils - [TestNG] Running:
  C:\Users\John.Kushoro\AppData\Local\JetBrains\IdeaIC2024.3\temp-testng-customsuite.xml

2024-11-27T19:42:15,340 [main] INFO  TestRunner - Setting up TestRunner environment.
2024-11-27T19:42:15,373 [main] INFO  TestRunner - Running tests...
2024-11-27T19:42:15,963 [main] INFO  DefaultTestContextBootstrapper - Using TestExecutionListeners: [org.springframework.test.context.support.DirtiesContextBeforeModesTestExecutionListener@54dcbb9f, org.springframework.test.context.event.ApplicationEventsTestExecutionListener@74fef3f7, org.springframework.test.context.support.DependencyInjectionTestExecutionListener@2a037324, org.springframework.test.context.support.DirtiesContextTestExecutionListener@69eb86b4, org.springframework.test.context.event.EventPublishingTestExecutionListener@585ac855]
2024-11-27T19:42:16,016 [main] INFO  DefaultTestContextBootstrapper - Using TestExecutionListeners: [org.springframework.test.context.support.DirtiesContextBeforeModesTestExecutionListener@1c12f3ee, org.springframework.test.context.event.ApplicationEventsTestExecutionListener@6d467c87, org.springframework.test.context.support.DependencyInjectionTestExecutionListener@29182679, org.springframework.test.context.support.DirtiesContextTestExecutionListener@57bd802b, org.springframework.test.context.event.EventPublishingTestExecutionListener@5cbb84b1]
2024-11-27T19:42:16,037 [main] INFO  DefaultTestContextBootstrapper - Using TestExecutionListeners: [org.springframework.test.context.support.DirtiesContextBeforeModesTestExecutionListener@61d01788, org.springframework.test.context.event.ApplicationEventsTestExecutionListener@2b9b7f1f, org.springframework.test.context.support.DependencyInjectionTestExecutionListener@264c5d07, org.springframework.test.context.support.DirtiesContextTestExecutionListener@847f3e7, org.springframework.test.context.event.EventPublishingTestExecutionListener@69cac930]
2024-11-27T19:42:16,132 [main] INFO  Utils - [TestNG] Running:
  Command line suite

2024-11-27T19:42:17,664 [main] INFO  WebDriverManager - Using chromedriver 127.0.6533.119 (resolved driver for Chrome 127)
2024-11-27T19:42:17,708 [main] INFO  WebDriverManager - Exporting webdriver.chrome.driver as C:\Users\John.Kushoro\.cache\selenium\chromedriver\win64\127.0.6533.119\chromedriver.exe
2024-11-27T19:42:22,954 [main] INFO  LoginPageTests - Starting login test with companyName: totallygroupconfig, username: Test
2024-11-27T19:42:31,373 [main] INFO  LoginPageTests - Starting navigation to home page
2024-11-27T19:43:17,119 [main] INFO  Utils - [TestNG] Running:
  C:\Users\John.Kushoro\AppData\Local\JetBrains\IdeaIC2024.3\temp-testng-customsuite.xml

2024-11-27T19:43:17,987 [main] INFO  TestRunner - Setting up TestRunner environment.
2024-11-27T19:43:18,079 [main] INFO  TestRunner - Running tests...
2024-11-27T19:43:18,686 [main] INFO  DefaultTestContextBootstrapper - Using TestExecutionListeners: [org.springframework.test.context.support.DirtiesContextBeforeModesTestExecutionListener@3b0ca5e1, org.springframework.test.context.event.ApplicationEventsTestExecutionListener@5bb3131b, org.springframework.test.context.support.DependencyInjectionTestExecutionListener@54dcbb9f, org.springframework.test.context.support.DirtiesContextTestExecutionListener@74fef3f7, org.springframework.test.context.event.EventPublishingTestExecutionListener@2a037324]
2024-11-27T19:43:18,854 [main] INFO  DefaultTestContextBootstrapper - Using TestExecutionListeners: [org.springframework.test.context.support.DirtiesContextBeforeModesTestExecutionListener@5432050b, org.springframework.test.context.event.ApplicationEventsTestExecutionListener@75f2099, org.springframework.test.context.support.DependencyInjectionTestExecutionListener@1c12f3ee, org.springframework.test.context.support.DirtiesContextTestExecutionListener@6d467c87, org.springframework.test.context.event.EventPublishingTestExecutionListener@29182679]
2024-11-27T19:43:18,885 [main] INFO  DefaultTestContextBootstrapper - Using TestExecutionListeners: [org.springframework.test.context.support.DirtiesContextBeforeModesTestExecutionListener@4a1c0752, org.springframework.test.context.event.ApplicationEventsTestExecutionListener@332f25c8, org.springframework.test.context.support.DependencyInjectionTestExecutionListener@1b32cd16, org.springframework.test.context.support.DirtiesContextTestExecutionListener@4bdcaf36, org.springframework.test.context.event.EventPublishingTestExecutionListener@61d01788]
2024-11-27T19:43:18,972 [main] INFO  Utils - [TestNG] Running:
  Command line suite

2024-11-27T19:43:21,691 [main] INFO  WebDriverManager - Using chromedriver 127.0.6533.119 (resolved driver for Chrome 127)
2024-11-27T19:43:21,737 [main] INFO  WebDriverManager - Exporting webdriver.chrome.driver as C:\Users\John.Kushoro\.cache\selenium\chromedriver\win64\127.0.6533.119\chromedriver.exe
2024-11-27T19:43:32,001 [main] INFO  LoginPageTests - Starting login test with companyName: totallygroupconfig, username: Test
2024-11-27T19:43:41,327 [main] INFO  LoginPageTests - Starting navigation to home page
2024-11-27T19:43:56,806 [main] INFO  LoginPageTests - Navigation to home page completed successfully.
2024-11-27T19:44:43,268 [main] INFO  TestRunner - Cleaning up TestRunner environment.
2024-11-27T19:52:18,167 [main] INFO  Utils - [TestNG] Running:
  C:\Users\John.Kushoro\AppData\Local\JetBrains\IdeaIC2024.3\temp-testng-customsuite.xml

2024-11-27T19:52:19,600 [main] INFO  TestRunner - Setting up TestRunner environment.
2024-11-27T19:52:19,637 [main] INFO  TestRunner - Running tests...
2024-11-27T19:52:20,431 [main] INFO  DefaultTestContextBootstrapper - Using TestExecutionListeners: [org.springframework.test.context.support.DirtiesContextBeforeModesTestExecutionListener@54dcbb9f, org.springframework.test.context.event.ApplicationEventsTestExecutionListener@74fef3f7, org.springframework.test.context.support.DependencyInjectionTestExecutionListener@2a037324, org.springframework.test.context.support.DirtiesContextTestExecutionListener@69eb86b4, org.springframework.test.context.event.EventPublishingTestExecutionListener@585ac855]
2024-11-27T19:52:20,565 [main] INFO  DefaultTestContextBootstrapper - Using TestExecutionListeners: [org.springframework.test.context.support.DirtiesContextBeforeModesTestExecutionListener@75f2099, org.springframework.test.context.event.ApplicationEventsTestExecutionListener@1c12f3ee, org.springframework.test.context.support.DependencyInjectionTestExecutionListener@6d467c87, org.springframework.test.context.support.DirtiesContextTestExecutionListener@29182679, org.springframework.test.context.event.EventPublishingTestExecutionListener@57bd802b]
2024-11-27T19:52:20,616 [main] INFO  DefaultTestContextBootstrapper - Using TestExecutionListeners: [org.springframework.test.context.support.DirtiesContextBeforeModesTestExecutionListener@61d01788, org.springframework.test.context.event.ApplicationEventsTestExecutionListener@2b9b7f1f, org.springframework.test.context.support.DependencyInjectionTestExecutionListener@264c5d07, org.springframework.test.context.support.DirtiesContextTestExecutionListener@847f3e7, org.springframework.test.context.event.EventPublishingTestExecutionListener@69cac930]
2024-11-27T19:52:20,656 [main] INFO  Utils - [TestNG] Running:
  Command line suite

2024-11-27T19:52:26,416 [main] INFO  WebDriverManager - Using chromedriver 127.0.6533.119 (resolved driver for Chrome 127)
2024-11-27T19:52:26,483 [main] INFO  WebDriverManager - Exporting webdriver.chrome.driver as C:\Users\John.Kushoro\.cache\selenium\chromedriver\win64\127.0.6533.119\chromedriver.exe
2024-11-27T19:52:35,359 [main] INFO  LoginPageTests - Starting login test with companyName: totallygroupconfig, username: Test
2024-11-27T19:52:42,119 [main] INFO  LoginPageTests - Starting navigation to home page
2024-11-27T19:52:53,441 [main] INFO  LoginPageTests - Navigation to home page completed successfully.
2024-11-27T19:53:34,145 [main] INFO  TestRunner - Cleaning up TestRunner environment.
2024-11-27T20:03:59,472 [main] INFO  Utils - [TestNG] Running:
  C:\Users\John.Kushoro\AppData\Local\JetBrains\IdeaIC2024.3\temp-testng-customsuite.xml

2024-11-27T20:04:00,166 [main] INFO  TestRunner - Setting up TestRunner environment.
2024-11-27T20:04:00,197 [main] INFO  TestRunner - Running tests...
2024-11-27T20:04:00,495 [main] INFO  DefaultTestContextBootstrapper - Using TestExecutionListeners: [org.springframework.test.context.support.DirtiesContextBeforeModesTestExecutionListener@2a037324, org.springframework.test.context.event.ApplicationEventsTestExecutionListener@69eb86b4, org.springframework.test.context.support.DependencyInjectionTestExecutionListener@585ac855, org.springframework.test.context.support.DirtiesContextTestExecutionListener@5bb8f9e2, org.springframework.test.context.event.EventPublishingTestExecutionListener@6a933be2]
2024-11-27T20:04:00,543 [main] INFO  DefaultTestContextBootstrapper - Using TestExecutionListeners: [org.springframework.test.context.support.DirtiesContextBeforeModesTestExecutionListener@6d467c87, org.springframework.test.context.event.ApplicationEventsTestExecutionListener@29182679, org.springframework.test.context.support.DependencyInjectionTestExecutionListener@57bd802b, org.springframework.test.context.support.DirtiesContextTestExecutionListener@5cbb84b1, org.springframework.test.context.event.EventPublishingTestExecutionListener@2c779e5]
2024-11-27T20:04:00,564 [main] INFO  DefaultTestContextBootstrapper - Using TestExecutionListeners: [org.springframework.test.context.support.DirtiesContextBeforeModesTestExecutionListener@2b9b7f1f, org.springframework.test.context.event.ApplicationEventsTestExecutionListener@264c5d07, org.springframework.test.context.support.DependencyInjectionTestExecutionListener@847f3e7, org.springframework.test.context.support.DirtiesContextTestExecutionListener@69cac930, org.springframework.test.context.event.EventPublishingTestExecutionListener@19593091]
2024-11-27T20:04:00,591 [main] INFO  Utils - [TestNG] Running:
  Command line suite

2024-11-27T20:04:01,717 [main] INFO  WebDriverManager - Using chromedriver 127.0.6533.119 (resolved driver for Chrome 127)
2024-11-27T20:04:01,781 [main] INFO  WebDriverManager - Exporting webdriver.chrome.driver as C:\Users\John.Kushoro\.cache\selenium\chromedriver\win64\127.0.6533.119\chromedriver.exe
2024-11-27T20:04:09,581 [main] INFO  LoginPageTests - Starting login test with companyName: totallygroupconfig, username: Test
2024-11-27T20:04:17,573 [main] INFO  LoginPageTests - Starting navigation to home page
2024-11-27T20:05:21,461 [main] INFO  TestRunner - Cleaning up TestRunner environment.
2024-11-27T20:05:21,484 [SpringContextShutdownHook] WARN  DisposableBeanAdapter - Custom destroy method 'close' on bean with name 'webDriver' propagated an exception: org.openqa.selenium.NoSuchSessionException: Session ID is null. Using WebDriver after calling quit()?
Build info: version: '4.25.0', revision: '8a8aea2337'
System info: os.name: 'Windows 10', os.arch: 'amd64', os.version: '10.0', java.version: '23.0.1'
Driver info: org.openqa.selenium.chrome.ChromeDriver
Command: [null, close {}]
Capabilities {acceptInsecureCerts: false, browserName: chrome, browserVersion: 127.0.6533.89, chrome: {chromedriverVersion: 127.0.6533.119 (bdef6783a05..., userDataDir: C:\Users\JOHN~1.KUS\AppData...}, fedcm:accounts: true, goog:chromeOptions: {debuggerAddress: localhost:51896}, networkConnectionEnabled: false, pageLoadStrategy: normal, platformName: windows, proxy: Proxy(), se:cdp: ws://localhost:51896/devtoo..., se:cdpVersion: 127.0.6533.89, setWindowRect: true, strictFileInteractability: false, timeouts: {implicit: 0, pageLoad: 300000, script: 30000}, unhandledPromptBehavior: dismiss and notify, webauthn:extension:credBlob: true, webauthn:extension:largeBlob: true, webauthn:extension:minPinLength: true, webauthn:extension:prf: true, webauthn:virtualAuthenticators: true}
2024-11-27T20:23:48,880 [main] INFO  Utils - [TestNG] Running:
  C:\Users\John.Kushoro\AppData\Local\JetBrains\IdeaIC2024.3\temp-testng-customsuite.xml

2024-11-27T20:23:49,240 [main] INFO  TestRunner - Setting up TestRunner environment.
2024-11-27T20:23:49,261 [main] INFO  TestRunner - Running tests...
2024-11-27T20:23:49,620 [main] INFO  DefaultTestContextBootstrapper - Using TestExecutionListeners: [org.springframework.test.context.support.DirtiesContextBeforeModesTestExecutionListener@54dcbb9f, org.springframework.test.context.event.ApplicationEventsTestExecutionListener@74fef3f7, org.springframework.test.context.support.DependencyInjectionTestExecutionListener@2a037324, org.springframework.test.context.support.DirtiesContextTestExecutionListener@69eb86b4, org.springframework.test.context.event.EventPublishingTestExecutionListener@585ac855]
2024-11-27T20:23:49,673 [main] INFO  DefaultTestContextBootstrapper - Using TestExecutionListeners: [org.springframework.test.context.support.DirtiesContextBeforeModesTestExecutionListener@75f2099, org.springframework.test.context.event.ApplicationEventsTestExecutionListener@1c12f3ee, org.springframework.test.context.support.DependencyInjectionTestExecutionListener@6d467c87, org.springframework.test.context.support.DirtiesContextTestExecutionListener@29182679, org.springframework.test.context.event.EventPublishingTestExecutionListener@57bd802b]
2024-11-27T20:23:49,690 [main] INFO  DefaultTestContextBootstrapper - Using TestExecutionListeners: [org.springframework.test.context.support.DirtiesContextBeforeModesTestExecutionListener@1b32cd16, org.springframework.test.context.event.ApplicationEventsTestExecutionListener@4bdcaf36, org.springframework.test.context.support.DependencyInjectionTestExecutionListener@61d01788, org.springframework.test.context.support.DirtiesContextTestExecutionListener@2b9b7f1f, org.springframework.test.context.event.EventPublishingTestExecutionListener@264c5d07]
2024-11-27T20:23:49,708 [main] INFO  Utils - [TestNG] Running:
  Command line suite

2024-11-27T20:23:50,795 [main] INFO  WebDriverManager - Using chromedriver 127.0.6533.119 (resolved driver for Chrome 127)
2024-11-27T20:23:50,837 [main] INFO  WebDriverManager - Exporting webdriver.chrome.driver as C:\Users\John.Kushoro\.cache\selenium\chromedriver\win64\127.0.6533.119\chromedriver.exe
2024-11-27T20:23:56,210 [main] INFO  LoginPageTests - Starting login test with companyName: totallygroupconfig, username: Test
2024-11-27T20:24:03,634 [main] INFO  LoginPageTests - Starting navigation to home page
2024-11-27T20:24:12,639 [main] INFO  LoginPageTests - Navigation to home page completed successfully.
2024-11-27T20:24:47,652 [main] INFO  TestRunner - Cleaning up TestRunner environment.
2024-11-27T20:25:13,189 [main] INFO  Utils - [TestNG] Running:
  C:\Users\John.Kushoro\AppData\Local\JetBrains\IdeaIC2024.3\temp-testng-customsuite.xml

2024-11-27T20:25:13,598 [main] INFO  TestRunner - Setting up TestRunner environment.
2024-11-27T20:25:13,622 [main] INFO  TestRunner - Running tests...
2024-11-27T20:25:13,877 [main] INFO  DefaultTestContextBootstrapper - Using TestExecutionListeners: [org.springframework.test.context.support.DirtiesContextBeforeModesTestExecutionListener@6a933be2, org.springframework.test.context.event.ApplicationEventsTestExecutionListener@5f78de22, org.springframework.test.context.support.DependencyInjectionTestExecutionListener@516ebdf8, org.springframework.test.context.support.DirtiesContextTestExecutionListener@4d8539de, org.springframework.test.context.event.EventPublishingTestExecutionListener@3eba57a7]
2024-11-27T20:25:13,928 [main] INFO  DefaultTestContextBootstrapper - Using TestExecutionListeners: [org.springframework.test.context.support.DirtiesContextBeforeModesTestExecutionListener@511d5d04, org.springframework.test.context.event.ApplicationEventsTestExecutionListener@682c1e93, org.springframework.test.context.support.DependencyInjectionTestExecutionListener@27068a50, org.springframework.test.context.support.DirtiesContextTestExecutionListener@68e62ca4, org.springframework.test.context.event.EventPublishingTestExecutionListener@5328a9c1]
2024-11-27T20:25:13,943 [main] INFO  DefaultTestContextBootstrapper - Using TestExecutionListeners: [org.springframework.test.context.support.DirtiesContextBeforeModesTestExecutionListener@5d39f2d8, org.springframework.test.context.event.ApplicationEventsTestExecutionListener@6ad6fa53, org.springframework.test.context.support.DependencyInjectionTestExecutionListener@55ea2d70, org.springframework.test.context.support.DirtiesContextTestExecutionListener@5e742e4, org.springframework.test.context.event.EventPublishingTestExecutionListener@175acfb2]
2024-11-27T20:25:13,961 [main] INFO  Utils - [TestNG] Running:
  Command line suite

2024-11-27T20:25:14,934 [main] INFO  WebDriverManager - Using chromedriver 127.0.6533.119 (resolved driver for Chrome 127)
2024-11-27T20:25:14,981 [main] INFO  WebDriverManager - Exporting webdriver.chrome.driver as C:\Users\John.Kushoro\.cache\selenium\chromedriver\win64\127.0.6533.119\chromedriver.exe
2024-11-27T20:25:19,028 [main] INFO  LoginPageTests - Starting login test with companyName: totallygroupconfig, username: Test
2024-11-27T20:25:23,046 [main] INFO  LoginPageTests - Starting navigation to home page
2024-11-27T20:25:29,608 [main] INFO  LoginPageTests - Navigation to home page completed successfully.
2024-11-27T20:26:34,377 [main] INFO  Utils - [TestNG] Running:
  C:\Users\John.Kushoro\AppData\Local\JetBrains\IdeaIC2024.3\temp-testng-customsuite.xml

2024-11-27T20:26:34,737 [main] INFO  TestRunner - Setting up TestRunner environment.
2024-11-27T20:26:34,757 [main] INFO  TestRunner - Running tests...
2024-11-27T20:26:34,926 [main] INFO  DefaultTestContextBootstrapper - Using TestExecutionListeners: [org.springframework.test.context.support.DirtiesContextBeforeModesTestExecutionListener@54dcbb9f, org.springframework.test.context.event.ApplicationEventsTestExecutionListener@74fef3f7, org.springframework.test.context.support.DependencyInjectionTestExecutionListener@2a037324, org.springframework.test.context.support.DirtiesContextTestExecutionListener@69eb86b4, org.springframework.test.context.event.EventPublishingTestExecutionListener@585ac855]
2024-11-27T20:26:34,958 [main] INFO  DefaultTestContextBootstrapper - Using TestExecutionListeners: [org.springframework.test.context.support.DirtiesContextBeforeModesTestExecutionListener@75f2099, org.springframework.test.context.event.ApplicationEventsTestExecutionListener@1c12f3ee, org.springframework.test.context.support.DependencyInjectionTestExecutionListener@6d467c87, org.springframework.test.context.support.DirtiesContextTestExecutionListener@29182679, org.springframework.test.context.event.EventPublishingTestExecutionListener@57bd802b]
2024-11-27T20:26:34,969 [main] INFO  DefaultTestContextBootstrapper - Using TestExecutionListeners: [org.springframework.test.context.support.DirtiesContextBeforeModesTestExecutionListener@4bdcaf36, org.springframework.test.context.event.ApplicationEventsTestExecutionListener@61d01788, org.springframework.test.context.support.DependencyInjectionTestExecutionListener@2b9b7f1f, org.springframework.test.context.support.DirtiesContextTestExecutionListener@264c5d07, org.springframework.test.context.event.EventPublishingTestExecutionListener@847f3e7]
2024-11-27T20:26:34,986 [main] INFO  Utils - [TestNG] Running:
  Command line suite

2024-11-27T20:26:35,786 [main] INFO  WebDriverManager - Using chromedriver 127.0.6533.119 (resolved driver for Chrome 127)
2024-11-27T20:26:35,818 [main] INFO  WebDriverManager - Exporting webdriver.chrome.driver as C:\Users\John.Kushoro\.cache\selenium\chromedriver\win64\127.0.6533.119\chromedriver.exe
2024-11-27T20:26:40,861 [main] INFO  LoginPageTests - Starting login test with companyName: totallygroupconfig, username: Test
2024-11-27T20:26:45,489 [main] INFO  LoginPageTests - Starting navigation to home page
2024-11-27T20:26:53,205 [main] INFO  LoginPageTests - Navigation to home page completed successfully.
2024-11-27T20:27:26,318 [main] INFO  TestRunner - Cleaning up TestRunner environment.
2024-11-27T20:27:51,399 [main] INFO  Utils - [TestNG] Running:
  C:\Users\John.Kushoro\AppData\Local\JetBrains\IdeaIC2024.3\temp-testng-customsuite.xml

2024-11-27T20:27:51,747 [main] INFO  TestRunner - Setting up TestRunner environment.
2024-11-27T20:27:51,765 [main] INFO  TestRunner - Running tests...
2024-11-27T20:27:51,955 [main] INFO  DefaultTestContextBootstrapper - Using TestExecutionListeners: [org.springframework.test.context.support.DirtiesContextBeforeModesTestExecutionListener@74fef3f7, org.springframework.test.context.event.ApplicationEventsTestExecutionListener@2a037324, org.springframework.test.context.support.DependencyInjectionTestExecutionListener@69eb86b4, org.springframework.test.context.support.DirtiesContextTestExecutionListener@585ac855, org.springframework.test.context.event.EventPublishingTestExecutionListener@5bb8f9e2]
2024-11-27T20:27:51,991 [main] INFO  DefaultTestContextBootstrapper - Using TestExecutionListeners: [org.springframework.test.context.support.DirtiesContextBeforeModesTestExecutionListener@1c12f3ee, org.springframework.test.context.event.ApplicationEventsTestExecutionListener@6d467c87, org.springframework.test.context.support.DependencyInjectionTestExecutionListener@29182679, org.springframework.test.context.support.DirtiesContextTestExecutionListener@57bd802b, org.springframework.test.context.event.EventPublishingTestExecutionListener@5cbb84b1]
2024-11-27T20:27:52,008 [main] INFO  DefaultTestContextBootstrapper - Using TestExecutionListeners: [org.springframework.test.context.support.DirtiesContextBeforeModesTestExecutionListener@4bdcaf36, org.springframework.test.context.event.ApplicationEventsTestExecutionListener@61d01788, org.springframework.test.context.support.DependencyInjectionTestExecutionListener@2b9b7f1f, org.springframework.test.context.support.DirtiesContextTestExecutionListener@264c5d07, org.springframework.test.context.event.EventPublishingTestExecutionListener@847f3e7]
2024-11-27T20:27:52,030 [main] INFO  Utils - [TestNG] Running:
  Command line suite

2024-11-27T20:27:52,808 [main] INFO  WebDriverManager - Using chromedriver 127.0.6533.119 (resolved driver for Chrome 127)
2024-11-27T20:27:52,827 [main] INFO  WebDriverManager - Exporting webdriver.chrome.driver as C:\Users\John.Kushoro\.cache\selenium\chromedriver\win64\127.0.6533.119\chromedriver.exe
2024-11-27T20:27:56,516 [main] INFO  LoginPageTests - Starting login test with companyName: totallygroupconfig, username: Test
2024-11-27T20:28:00,229 [main] INFO  LoginPageTests - Starting navigation to home page
2024-11-27T20:28:08,400 [main] INFO  LoginPageTests - Navigation to home page completed successfully.
2024-11-27T20:28:30,954 [main] INFO  TestRunner - Cleaning up TestRunner environment.
2024-11-27T20:28:53,944 [main] INFO  Utils - [TestNG] Running:
  C:\Users\John.Kushoro\AppData\Local\JetBrains\IdeaIC2024.3\temp-testng-customsuite.xml

2024-11-27T20:28:54,366 [main] INFO  TestRunner - Setting up TestRunner environment.
2024-11-27T20:28:54,394 [main] INFO  TestRunner - Running tests...
2024-11-27T20:28:54,572 [main] INFO  DefaultTestContextBootstrapper - Using TestExecutionListeners: [org.springframework.test.context.support.DirtiesContextBeforeModesTestExecutionListener@54dcbb9f, org.springframework.test.context.event.ApplicationEventsTestExecutionListener@74fef3f7, org.springframework.test.context.support.DependencyInjectionTestExecutionListener@2a037324, org.springframework.test.context.support.DirtiesContextTestExecutionListener@69eb86b4, org.springframework.test.context.event.EventPublishingTestExecutionListener@585ac855]
2024-11-27T20:28:54,603 [main] INFO  DefaultTestContextBootstrapper - Using TestExecutionListeners: [org.springframework.test.context.support.DirtiesContextBeforeModesTestExecutionListener@29182679, org.springframework.test.context.event.ApplicationEventsTestExecutionListener@57bd802b, org.springframework.test.context.support.DependencyInjectionTestExecutionListener@5cbb84b1, org.springframework.test.context.support.DirtiesContextTestExecutionListener@2c779e5, org.springframework.test.context.event.EventPublishingTestExecutionListener@6a84bc2a]
2024-11-27T20:28:54,613 [main] INFO  DefaultTestContextBootstrapper - Using TestExecutionListeners: [org.springframework.test.context.support.DirtiesContextBeforeModesTestExecutionListener@264c5d07, org.springframework.test.context.event.ApplicationEventsTestExecutionListener@847f3e7, org.springframework.test.context.support.DependencyInjectionTestExecutionListener@69cac930, org.springframework.test.context.support.DirtiesContextTestExecutionListener@19593091, org.springframework.test.context.event.EventPublishingTestExecutionListener@5d39f2d8]
2024-11-27T20:28:54,630 [main] INFO  Utils - [TestNG] Running:
  Command line suite

2024-11-27T20:28:55,378 [main] INFO  WebDriverManager - Using chromedriver 127.0.6533.119 (resolved driver for Chrome 127)
2024-11-27T20:28:55,406 [main] INFO  WebDriverManager - Exporting webdriver.chrome.driver as C:\Users\John.Kushoro\.cache\selenium\chromedriver\win64\127.0.6533.119\chromedriver.exe
2024-11-27T20:28:59,482 [main] INFO  LoginPageTests - Starting login test with companyName: totallygroupconfig, username: Test
2024-11-27T20:29:05,908 [main] INFO  LoginPageTests - Starting navigation to home page
2024-11-27T20:29:13,748 [main] INFO  LoginPageTests - Navigation to home page completed successfully.
2024-11-27T20:29:32,216 [main] INFO  TestRunner - Cleaning up TestRunner environment.
2024-11-27T20:29:32,229 [SpringContextShutdownHook] WARN  DisposableBeanAdapter - Custom destroy method 'close' on bean with name 'webDriver' propagated an exception: org.openqa.selenium.NoSuchSessionException: Session ID is null. Using WebDriver after calling quit()?
Build info: version: '4.25.0', revision: '8a8aea2337'
System info: os.name: 'Windows 10', os.arch: 'amd64', os.version: '10.0', java.version: '23.0.1'
Driver info: org.openqa.selenium.chrome.ChromeDriver
Command: [null, close {}]
Capabilities {acceptInsecureCerts: false, browserName: chrome, browserVersion: 127.0.6533.89, chrome: {chromedriverVersion: 127.0.6533.119 (bdef6783a05..., userDataDir: C:\Users\JOHN~1.KUS\AppData...}, fedcm:accounts: true, goog:chromeOptions: {debuggerAddress: localhost:56333}, networkConnectionEnabled: false, pageLoadStrategy: normal, platformName: windows, proxy: Proxy(), se:cdp: ws://localhost:56333/devtoo..., se:cdpVersion: 127.0.6533.89, setWindowRect: true, strictFileInteractability: false, timeouts: {implicit: 0, pageLoad: 300000, script: 30000}, unhandledPromptBehavior: dismiss and notify, webauthn:extension:credBlob: true, webauthn:extension:largeBlob: true, webauthn:extension:minPinLength: true, webauthn:extension:prf: true, webauthn:virtualAuthenticators: true}
2024-11-27T20:29:50,530 [main] INFO  Utils - [TestNG] Running:
  C:\Users\John.Kushoro\AppData\Local\JetBrains\IdeaIC2024.3\temp-testng-customsuite.xml

2024-11-27T20:29:51,039 [main] INFO  TestRunner - Setting up TestRunner environment.
2024-11-27T20:29:51,069 [main] INFO  TestRunner - Running tests...
2024-11-27T20:29:51,404 [main] INFO  DefaultTestContextBootstrapper - Using TestExecutionListeners: [org.springframework.test.context.support.DirtiesContextBeforeModesTestExecutionListener@3b0ca5e1, org.springframework.test.context.event.ApplicationEventsTestExecutionListener@5bb3131b, org.springframework.test.context.support.DependencyInjectionTestExecutionListener@54dcbb9f, org.springframework.test.context.support.DirtiesContextTestExecutionListener@74fef3f7, org.springframework.test.context.event.EventPublishingTestExecutionListener@2a037324]
2024-11-27T20:29:51,449 [main] INFO  DefaultTestContextBootstrapper - Using TestExecutionListeners: [org.springframework.test.context.support.DirtiesContextBeforeModesTestExecutionListener@286b39c2, org.springframework.test.context.event.ApplicationEventsTestExecutionListener@5432050b, org.springframework.test.context.support.DependencyInjectionTestExecutionListener@75f2099, org.springframework.test.context.support.DirtiesContextTestExecutionListener@1c12f3ee, org.springframework.test.context.event.EventPublishingTestExecutionListener@6d467c87]
2024-11-27T20:29:51,473 [main] INFO  DefaultTestContextBootstrapper - Using TestExecutionListeners: [org.springframework.test.context.support.DirtiesContextBeforeModesTestExecutionListener@40021799, org.springframework.test.context.event.ApplicationEventsTestExecutionListener@4a1c0752, org.springframework.test.context.support.DependencyInjectionTestExecutionListener@332f25c8, org.springframework.test.context.support.DirtiesContextTestExecutionListener@1b32cd16, org.springframework.test.context.event.EventPublishingTestExecutionListener@4bdcaf36]
2024-11-27T20:29:51,498 [main] INFO  Utils - [TestNG] Running:
  Command line suite

2024-11-27T20:29:52,535 [main] INFO  WebDriverManager - Using chromedriver 127.0.6533.119 (resolved driver for Chrome 127)
2024-11-27T20:29:52,576 [main] INFO  WebDriverManager - Exporting webdriver.chrome.driver as C:\Users\John.Kushoro\.cache\selenium\chromedriver\win64\127.0.6533.119\chromedriver.exe
2024-11-27T20:29:57,086 [main] INFO  LoginPageTests - Starting login test with companyName: totallygroupconfig, username: Test
2024-11-27T20:30:01,507 [main] INFO  LoginPageTests - Starting navigation to home page
2024-11-27T20:30:09,107 [main] INFO  LoginPageTests - Navigation to home page completed successfully.
2024-11-27T20:30:43,717 [main] INFO  TestRunner - Cleaning up TestRunner environment.
2024-11-27T20:30:54,028 [main] INFO  Utils - [TestNG] Running:
  C:\Users\John.Kushoro\AppData\Local\JetBrains\IdeaIC2024.3\temp-testng-customsuite.xml

2024-11-27T20:30:54,346 [main] INFO  TestRunner - Setting up TestRunner environment.
2024-11-27T20:30:54,362 [main] INFO  TestRunner - Running tests...
2024-11-27T20:30:54,529 [main] INFO  DefaultTestContextBootstrapper - Using TestExecutionListeners: [org.springframework.test.context.support.DirtiesContextBeforeModesTestExecutionListener@74fef3f7, org.springframework.test.context.event.ApplicationEventsTestExecutionListener@2a037324, org.springframework.test.context.support.DependencyInjectionTestExecutionListener@69eb86b4, org.springframework.test.context.support.DirtiesContextTestExecutionListener@585ac855, org.springframework.test.context.event.EventPublishingTestExecutionListener@5bb8f9e2]
2024-11-27T20:30:54,577 [main] INFO  DefaultTestContextBootstrapper - Using TestExecutionListeners: [org.springframework.test.context.support.DirtiesContextBeforeModesTestExecutionListener@6d467c87, org.springframework.test.context.event.ApplicationEventsTestExecutionListener@29182679, org.springframework.test.context.support.DependencyInjectionTestExecutionListener@57bd802b, org.springframework.test.context.support.DirtiesContextTestExecutionListener@5cbb84b1, org.springframework.test.context.event.EventPublishingTestExecutionListener@2c779e5]
2024-11-27T20:30:54,594 [main] INFO  DefaultTestContextBootstrapper - Using TestExecutionListeners: [org.springframework.test.context.support.DirtiesContextBeforeModesTestExecutionListener@4bdcaf36, org.springframework.test.context.event.ApplicationEventsTestExecutionListener@61d01788, org.springframework.test.context.support.DependencyInjectionTestExecutionListener@2b9b7f1f, org.springframework.test.context.support.DirtiesContextTestExecutionListener@264c5d07, org.springframework.test.context.event.EventPublishingTestExecutionListener@847f3e7]
2024-11-27T20:30:54,612 [main] INFO  Utils - [TestNG] Running:
  Command line suite

2024-11-27T20:30:55,552 [main] INFO  WebDriverManager - Using chromedriver 127.0.6533.119 (resolved driver for Chrome 127)
2024-11-27T20:30:55,578 [main] INFO  WebDriverManager - Exporting webdriver.chrome.driver as C:\Users\John.Kushoro\.cache\selenium\chromedriver\win64\127.0.6533.119\chromedriver.exe
2024-11-27T20:30:59,490 [main] INFO  LoginPageTests - Starting login test with companyName: totallygroupconfig, username: Test
2024-11-27T20:31:06,166 [main] INFO  LoginPageTests - Starting navigation to home page
2024-11-27T20:31:14,405 [main] INFO  LoginPageTests - Navigation to home page completed successfully.
2024-11-27T20:32:09,019 [main] INFO  Utils - [TestNG] Running:
  C:\Users\John.Kushoro\AppData\Local\JetBrains\IdeaIC2024.3\temp-testng-customsuite.xml

2024-11-27T20:32:09,462 [main] INFO  TestRunner - Setting up TestRunner environment.
2024-11-27T20:32:09,483 [main] INFO  TestRunner - Running tests...
2024-11-27T20:32:09,772 [main] INFO  DefaultTestContextBootstrapper - Using TestExecutionListeners: [org.springframework.test.context.support.DirtiesContextBeforeModesTestExecutionListener@74fef3f7, org.springframework.test.context.event.ApplicationEventsTestExecutionListener@2a037324, org.springframework.test.context.support.DependencyInjectionTestExecutionListener@69eb86b4, org.springframework.test.context.support.DirtiesContextTestExecutionListener@585ac855, org.springframework.test.context.event.EventPublishingTestExecutionListener@5bb8f9e2]
2024-11-27T20:32:09,816 [main] INFO  DefaultTestContextBootstrapper - Using TestExecutionListeners: [org.springframework.test.context.support.DirtiesContextBeforeModesTestExecutionListener@1c12f3ee, org.springframework.test.context.event.ApplicationEventsTestExecutionListener@6d467c87, org.springframework.test.context.support.DependencyInjectionTestExecutionListener@29182679, org.springframework.test.context.support.DirtiesContextTestExecutionListener@57bd802b, org.springframework.test.context.event.EventPublishingTestExecutionListener@5cbb84b1]
2024-11-27T20:32:09,830 [main] INFO  DefaultTestContextBootstrapper - Using TestExecutionListeners: [org.springframework.test.context.support.DirtiesContextBeforeModesTestExecutionListener@1b32cd16, org.springframework.test.context.event.ApplicationEventsTestExecutionListener@4bdcaf36, org.springframework.test.context.support.DependencyInjectionTestExecutionListener@61d01788, org.springframework.test.context.support.DirtiesContextTestExecutionListener@2b9b7f1f, org.springframework.test.context.event.EventPublishingTestExecutionListener@264c5d07]
2024-11-27T20:32:09,849 [main] INFO  Utils - [TestNG] Running:
  Command line suite

2024-11-27T20:32:10,834 [main] INFO  WebDriverManager - Using chromedriver 127.0.6533.119 (resolved driver for Chrome 127)
2024-11-27T20:32:10,872 [main] INFO  WebDriverManager - Exporting webdriver.chrome.driver as C:\Users\John.Kushoro\.cache\selenium\chromedriver\win64\127.0.6533.119\chromedriver.exe
2024-11-27T20:32:14,691 [main] INFO  LoginPageTests - Starting login test with companyName: totallygroupconfig, username: Test
2024-11-27T20:32:19,310 [main] INFO  LoginPageTests - Starting navigation to home page
2024-11-27T20:32:26,169 [main] INFO  LoginPageTests - Navigation to home page completed successfully.
2024-11-27T20:33:12,199 [main] INFO  Utils - [TestNG] Running:
  C:\Users\John.Kushoro\AppData\Local\JetBrains\IdeaIC2024.3\temp-testng-customsuite.xml

2024-11-27T20:33:12,563 [main] INFO  TestRunner - Setting up TestRunner environment.
2024-11-27T20:33:12,581 [main] INFO  TestRunner - Running tests...
2024-11-27T20:33:12,729 [main] INFO  DefaultTestContextBootstrapper - Using TestExecutionListeners: [org.springframework.test.context.support.DirtiesContextBeforeModesTestExecutionListener@69eb86b4, org.springframework.test.context.event.ApplicationEventsTestExecutionListener@585ac855, org.springframework.test.context.support.DependencyInjectionTestExecutionListener@5bb8f9e2, org.springframework.test.context.support.DirtiesContextTestExecutionListener@6a933be2, org.springframework.test.context.event.EventPublishingTestExecutionListener@5f78de22]
2024-11-27T20:33:12,759 [main] INFO  DefaultTestContextBootstrapper - Using TestExecutionListeners: [org.springframework.test.context.support.DirtiesContextBeforeModesTestExecutionListener@6a84bc2a, org.springframework.test.context.event.ApplicationEventsTestExecutionListener@5183d589, org.springframework.test.context.support.DependencyInjectionTestExecutionListener@511d5d04, org.springframework.test.context.support.DirtiesContextTestExecutionListener@682c1e93, org.springframework.test.context.event.EventPublishingTestExecutionListener@27068a50]
2024-11-27T20:33:12,768 [main] INFO  DefaultTestContextBootstrapper - Using TestExecutionListeners: [org.springframework.test.context.support.DirtiesContextBeforeModesTestExecutionListener@5d39f2d8, org.springframework.test.context.event.ApplicationEventsTestExecutionListener@6ad6fa53, org.springframework.test.context.support.DependencyInjectionTestExecutionListener@55ea2d70, org.springframework.test.context.support.DirtiesContextTestExecutionListener@5e742e4, org.springframework.test.context.event.EventPublishingTestExecutionListener@175acfb2]
2024-11-27T20:33:12,782 [main] INFO  Utils - [TestNG] Running:
  Command line suite

2024-11-27T20:33:13,486 [main] INFO  WebDriverManager - Using chromedriver 127.0.6533.119 (resolved driver for Chrome 127)
2024-11-27T20:33:13,513 [main] INFO  WebDriverManager - Exporting webdriver.chrome.driver as C:\Users\John.Kushoro\.cache\selenium\chromedriver\win64\127.0.6533.119\chromedriver.exe
2024-11-27T20:33:17,119 [main] INFO  LoginPageTests - Starting login test with companyName: totallygroupconfig, username: Test
2024-11-27T20:33:21,532 [main] INFO  LoginPageTests - Starting navigation to home page
2024-11-27T20:33:30,259 [main] INFO  LoginPageTests - Navigation to home page completed successfully.
2024-11-27T20:34:26,882 [main] INFO  TestRunner - Cleaning up TestRunner environment.
2024-11-27T20:35:13,881 [main] INFO  Utils - [TestNG] Running:
  C:\Users\John.Kushoro\AppData\Local\JetBrains\IdeaIC2024.3\temp-testng-customsuite.xml

2024-11-27T20:35:14,408 [main] INFO  TestRunner - Setting up TestRunner environment.
2024-11-27T20:35:14,449 [main] INFO  TestRunner - Running tests...
2024-11-27T20:35:14,766 [main] INFO  DefaultTestContextBootstrapper - Using TestExecutionListeners: [org.springframework.test.context.support.DirtiesContextBeforeModesTestExecutionListener@74fef3f7, org.springframework.test.context.event.ApplicationEventsTestExecutionListener@2a037324, org.springframework.test.context.support.DependencyInjectionTestExecutionListener@69eb86b4, org.springframework.test.context.support.DirtiesContextTestExecutionListener@585ac855, org.springframework.test.context.event.EventPublishingTestExecutionListener@5bb8f9e2]
2024-11-27T20:35:14,804 [main] INFO  DefaultTestContextBootstrapper - Using TestExecutionListeners: [org.springframework.test.context.support.DirtiesContextBeforeModesTestExecutionListener@57bd802b, org.springframework.test.context.event.ApplicationEventsTestExecutionListener@5cbb84b1, org.springframework.test.context.support.DependencyInjectionTestExecutionListener@2c779e5, org.springframework.test.context.support.DirtiesContextTestExecutionListener@6a84bc2a, org.springframework.test.context.event.EventPublishingTestExecutionListener@5183d589]
2024-11-27T20:35:14,827 [main] INFO  DefaultTestContextBootstrapper - Using TestExecutionListeners: [org.springframework.test.context.support.DirtiesContextBeforeModesTestExecutionListener@847f3e7, org.springframework.test.context.event.ApplicationEventsTestExecutionListener@69cac930, org.springframework.test.context.support.DependencyInjectionTestExecutionListener@19593091, org.springframework.test.context.support.DirtiesContextTestExecutionListener@5d39f2d8, org.springframework.test.context.event.EventPublishingTestExecutionListener@6ad6fa53]
2024-11-27T20:35:14,848 [main] INFO  Utils - [TestNG] Running:
  Command line suite

2024-11-27T20:35:15,867 [main] INFO  WebDriverManager - Using chromedriver 127.0.6533.119 (resolved driver for Chrome 127)
2024-11-27T20:35:15,895 [main] INFO  WebDriverManager - Exporting webdriver.chrome.driver as C:\Users\John.Kushoro\.cache\selenium\chromedriver\win64\127.0.6533.119\chromedriver.exe
2024-11-27T20:35:21,650 [main] INFO  LoginPageTests - Starting login test with companyName: totallygroupconfig, username: Test
2024-11-27T20:35:27,196 [main] INFO  LoginPageTests - Starting navigation to home page
2024-11-27T20:35:35,086 [main] INFO  LoginPageTests - Navigation to home page completed successfully.
2024-11-27T20:35:53,256 [main] INFO  TestRunner - Cleaning up TestRunner environment.
2024-11-27T20:36:07,562 [main] INFO  Utils - [TestNG] Running:
  C:\Users\John.Kushoro\AppData\Local\JetBrains\IdeaIC2024.3\temp-testng-customsuite.xml

2024-11-27T20:36:07,944 [main] INFO  TestRunner - Setting up TestRunner environment.
2024-11-27T20:36:07,962 [main] INFO  TestRunner - Running tests...
2024-11-27T20:36:08,124 [main] INFO  DefaultTestContextBootstrapper - Using TestExecutionListeners: [org.springframework.test.context.support.DirtiesContextBeforeModesTestExecutionListener@74fef3f7, org.springframework.test.context.event.ApplicationEventsTestExecutionListener@2a037324, org.springframework.test.context.support.DependencyInjectionTestExecutionListener@69eb86b4, org.springframework.test.context.support.DirtiesContextTestExecutionListener@585ac855, org.springframework.test.context.event.EventPublishingTestExecutionListener@5bb8f9e2]
2024-11-27T20:36:08,160 [main] INFO  DefaultTestContextBootstrapper - Using TestExecutionListeners: [org.springframework.test.context.support.DirtiesContextBeforeModesTestExecutionListener@6d467c87, org.springframework.test.context.event.ApplicationEventsTestExecutionListener@29182679, org.springframework.test.context.support.DependencyInjectionTestExecutionListener@57bd802b, org.springframework.test.context.support.DirtiesContextTestExecutionListener@5cbb84b1, org.springframework.test.context.event.EventPublishingTestExecutionListener@2c779e5]
2024-11-27T20:36:08,173 [main] INFO  DefaultTestContextBootstrapper - Using TestExecutionListeners: [org.springframework.test.context.support.DirtiesContextBeforeModesTestExecutionListener@61d01788, org.springframework.test.context.event.ApplicationEventsTestExecutionListener@2b9b7f1f, org.springframework.test.context.support.DependencyInjectionTestExecutionListener@264c5d07, org.springframework.test.context.support.DirtiesContextTestExecutionListener@847f3e7, org.springframework.test.context.event.EventPublishingTestExecutionListener@69cac930]
2024-11-27T20:36:08,189 [main] INFO  Utils - [TestNG] Running:
  Command line suite

2024-11-27T20:36:08,963 [main] INFO  WebDriverManager - Using chromedriver 127.0.6533.119 (resolved driver for Chrome 127)
2024-11-27T20:36:08,992 [main] INFO  WebDriverManager - Exporting webdriver.chrome.driver as C:\Users\John.Kushoro\.cache\selenium\chromedriver\win64\127.0.6533.119\chromedriver.exe
2024-11-27T20:36:12,630 [main] INFO  LoginPageTests - Starting login test with companyName: totallygroupconfig, username: Test
2024-11-27T20:36:16,372 [main] INFO  LoginPageTests - Starting navigation to home page
2024-11-27T20:36:24,023 [main] INFO  LoginPageTests - Navigation to home page completed successfully.
2024-11-27T20:36:40,693 [main] INFO  TestRunner - Cleaning up TestRunner environment.
2024-11-27T20:37:00,403 [main] INFO  Utils - [TestNG] Running:
  C:\Users\John.Kushoro\AppData\Local\JetBrains\IdeaIC2024.3\temp-testng-customsuite.xml

2024-11-27T20:37:00,801 [main] INFO  TestRunner - Setting up TestRunner environment.
2024-11-27T20:37:00,821 [main] INFO  TestRunner - Running tests...
2024-11-27T20:37:01,033 [main] INFO  DefaultTestContextBootstrapper - Using TestExecutionListeners: [org.springframework.test.context.support.DirtiesContextBeforeModesTestExecutionListener@74fef3f7, org.springframework.test.context.event.ApplicationEventsTestExecutionListener@2a037324, org.springframework.test.context.support.DependencyInjectionTestExecutionListener@69eb86b4, org.springframework.test.context.support.DirtiesContextTestExecutionListener@585ac855, org.springframework.test.context.event.EventPublishingTestExecutionListener@5bb8f9e2]
2024-11-27T20:37:01,069 [main] INFO  DefaultTestContextBootstrapper - Using TestExecutionListeners: [org.springframework.test.context.support.DirtiesContextBeforeModesTestExecutionListener@57bd802b, org.springframework.test.context.event.ApplicationEventsTestExecutionListener@5cbb84b1, org.springframework.test.context.support.DependencyInjectionTestExecutionListener@2c779e5, org.springframework.test.context.support.DirtiesContextTestExecutionListener@6a84bc2a, org.springframework.test.context.event.EventPublishingTestExecutionListener@5183d589]
2024-11-27T20:37:01,087 [main] INFO  DefaultTestContextBootstrapper - Using TestExecutionListeners: [org.springframework.test.context.support.DirtiesContextBeforeModesTestExecutionListener@2b9b7f1f, org.springframework.test.context.event.ApplicationEventsTestExecutionListener@264c5d07, org.springframework.test.context.support.DependencyInjectionTestExecutionListener@847f3e7, org.springframework.test.context.support.DirtiesContextTestExecutionListener@69cac930, org.springframework.test.context.event.EventPublishingTestExecutionListener@19593091]
2024-11-27T20:37:01,110 [main] INFO  Utils - [TestNG] Running:
  Command line suite

2024-11-27T20:37:02,204 [main] INFO  WebDriverManager - Using chromedriver 127.0.6533.119 (resolved driver for Chrome 127)
2024-11-27T20:37:02,240 [main] INFO  WebDriverManager - Exporting webdriver.chrome.driver as C:\Users\John.Kushoro\.cache\selenium\chromedriver\win64\127.0.6533.119\chromedriver.exe
2024-11-27T20:37:06,103 [main] INFO  LoginPageTests - Starting login test with companyName: totallygroupconfig, username: Test
2024-11-27T20:37:10,026 [main] INFO  LoginPageTests - Starting navigation to home page
2024-11-27T20:37:18,170 [main] INFO  LoginPageTests - Navigation to home page completed successfully.
2024-11-27T20:37:37,461 [main] INFO  TestRunner - Cleaning up TestRunner environment.
2024-11-27T20:38:21,477 [main] INFO  Utils - [TestNG] Running:
  C:\Users\John.Kushoro\AppData\Local\JetBrains\IdeaIC2024.3\temp-testng-customsuite.xml

2024-11-27T20:38:21,828 [main] INFO  TestRunner - Setting up TestRunner environment.
2024-11-27T20:38:21,848 [main] INFO  TestRunner - Running tests...
2024-11-27T20:38:22,055 [main] INFO  DefaultTestContextBootstrapper - Using TestExecutionListeners: [org.springframework.test.context.support.DirtiesContextBeforeModesTestExecutionListener@6a933be2, org.springframework.test.context.event.ApplicationEventsTestExecutionListener@5f78de22, org.springframework.test.context.support.DependencyInjectionTestExecutionListener@516ebdf8, org.springframework.test.context.support.DirtiesContextTestExecutionListener@4d8539de, org.springframework.test.context.event.EventPublishingTestExecutionListener@3eba57a7]
2024-11-27T20:38:22,095 [main] INFO  DefaultTestContextBootstrapper - Using TestExecutionListeners: [org.springframework.test.context.support.DirtiesContextBeforeModesTestExecutionListener@511d5d04, org.springframework.test.context.event.ApplicationEventsTestExecutionListener@682c1e93, org.springframework.test.context.support.DependencyInjectionTestExecutionListener@27068a50, org.springframework.test.context.support.DirtiesContextTestExecutionListener@68e62ca4, org.springframework.test.context.event.EventPublishingTestExecutionListener@5328a9c1]
2024-11-27T20:38:22,114 [main] INFO  DefaultTestContextBootstrapper - Using TestExecutionListeners: [org.springframework.test.context.support.DirtiesContextBeforeModesTestExecutionListener@5e742e4, org.springframework.test.context.event.ApplicationEventsTestExecutionListener@175acfb2, org.springframework.test.context.support.DependencyInjectionTestExecutionListener@4a03bb68, org.springframework.test.context.support.DirtiesContextTestExecutionListener@4e868ef5, org.springframework.test.context.event.EventPublishingTestExecutionListener@71c905a3]
2024-11-27T20:38:22,143 [main] INFO  Utils - [TestNG] Running:
  Command line suite

2024-11-27T20:38:23,034 [main] INFO  WebDriverManager - Using chromedriver 127.0.6533.119 (resolved driver for Chrome 127)
2024-11-27T20:38:23,059 [main] INFO  WebDriverManager - Exporting webdriver.chrome.driver as C:\Users\John.Kushoro\.cache\selenium\chromedriver\win64\127.0.6533.119\chromedriver.exe
2024-11-27T20:38:27,095 [main] INFO  LoginPageTests - Starting login test with companyName: totallygroupconfig, username: Test
2024-11-27T20:38:31,696 [main] INFO  LoginPageTests - Starting navigation to home page
2024-11-27T20:38:40,473 [main] INFO  LoginPageTests - Navigation to home page completed successfully.
2024-11-27T20:38:55,629 [main] INFO  TestRunner - Cleaning up TestRunner environment.
2024-11-27T20:39:56,931 [main] INFO  Utils - [TestNG] Running:
  C:\Users\John.Kushoro\AppData\Local\JetBrains\IdeaIC2024.3\temp-testng-customsuite.xml

2024-11-27T20:39:57,456 [main] INFO  TestRunner - Setting up TestRunner environment.
2024-11-27T20:39:57,481 [main] INFO  TestRunner - Running tests...
2024-11-27T20:39:57,759 [main] INFO  DefaultTestContextBootstrapper - Using TestExecutionListeners: [org.springframework.test.context.support.DirtiesContextBeforeModesTestExecutionListener@3b0ca5e1, org.springframework.test.context.event.ApplicationEventsTestExecutionListener@5bb3131b, org.springframework.test.context.support.DependencyInjectionTestExecutionListener@54dcbb9f, org.springframework.test.context.support.DirtiesContextTestExecutionListener@74fef3f7, org.springframework.test.context.event.EventPublishingTestExecutionListener@2a037324]
2024-11-27T20:39:57,797 [main] INFO  DefaultTestContextBootstrapper - Using TestExecutionListeners: [org.springframework.test.context.support.DirtiesContextBeforeModesTestExecutionListener@286b39c2, org.springframework.test.context.event.ApplicationEventsTestExecutionListener@5432050b, org.springframework.test.context.support.DependencyInjectionTestExecutionListener@75f2099, org.springframework.test.context.support.DirtiesContextTestExecutionListener@1c12f3ee, org.springframework.test.context.event.EventPublishingTestExecutionListener@6d467c87]
2024-11-27T20:39:57,826 [main] INFO  DefaultTestContextBootstrapper - Using TestExecutionListeners: [org.springframework.test.context.support.DirtiesContextBeforeModesTestExecutionListener@332f25c8, org.springframework.test.context.event.ApplicationEventsTestExecutionListener@1b32cd16, org.springframework.test.context.support.DependencyInjectionTestExecutionListener@4bdcaf36, org.springframework.test.context.support.DirtiesContextTestExecutionListener@61d01788, org.springframework.test.context.event.EventPublishingTestExecutionListener@2b9b7f1f]
2024-11-27T20:39:57,849 [main] INFO  Utils - [TestNG] Running:
  Command line suite

2024-11-27T20:39:58,828 [main] INFO  WebDriverManager - Using chromedriver 127.0.6533.119 (resolved driver for Chrome 127)
2024-11-27T20:39:58,857 [main] INFO  WebDriverManager - Exporting webdriver.chrome.driver as C:\Users\John.Kushoro\.cache\selenium\chromedriver\win64\127.0.6533.119\chromedriver.exe
2024-11-27T20:40:03,619 [main] INFO  LoginPageTests - Starting login test with companyName: totallygroupconfig, username: Test
2024-11-27T20:40:12,029 [main] INFO  LoginPageTests - Starting navigation to home page
2024-11-27T20:40:22,320 [main] INFO  LoginPageTests - Navigation to home page completed successfully.
2024-11-27T20:40:38,660 [main] INFO  TestRunner - Cleaning up TestRunner environment.
2024-11-27T20:42:49,116 [main] INFO  Utils - [TestNG] Running:
  C:\Users\John.Kushoro\AppData\Local\JetBrains\IdeaIC2024.3\temp-testng-customsuite.xml

2024-11-27T20:42:49,422 [main] INFO  TestRunner - Setting up TestRunner environment.
2024-11-27T20:42:49,445 [main] INFO  TestRunner - Running tests...
2024-11-27T20:42:49,616 [main] INFO  DefaultTestContextBootstrapper - Using TestExecutionListeners: [org.springframework.test.context.support.DirtiesContextBeforeModesTestExecutionListener@3b0ca5e1, org.springframework.test.context.event.ApplicationEventsTestExecutionListener@5bb3131b, org.springframework.test.context.support.DependencyInjectionTestExecutionListener@54dcbb9f, org.springframework.test.context.support.DirtiesContextTestExecutionListener@74fef3f7, org.springframework.test.context.event.EventPublishingTestExecutionListener@2a037324]
2024-11-27T20:42:49,644 [main] INFO  DefaultTestContextBootstrapper - Using TestExecutionListeners: [org.springframework.test.context.support.DirtiesContextBeforeModesTestExecutionListener@75f2099, org.springframework.test.context.event.ApplicationEventsTestExecutionListener@1c12f3ee, org.springframework.test.context.support.DependencyInjectionTestExecutionListener@6d467c87, org.springframework.test.context.support.DirtiesContextTestExecutionListener@29182679, org.springframework.test.context.event.EventPublishingTestExecutionListener@57bd802b]
2024-11-27T20:42:49,657 [main] INFO  DefaultTestContextBootstrapper - Using TestExecutionListeners: [org.springframework.test.context.support.DirtiesContextBeforeModesTestExecutionListener@4bdcaf36, org.springframework.test.context.event.ApplicationEventsTestExecutionListener@61d01788, org.springframework.test.context.support.DependencyInjectionTestExecutionListener@2b9b7f1f, org.springframework.test.context.support.DirtiesContextTestExecutionListener@264c5d07, org.springframework.test.context.event.EventPublishingTestExecutionListener@847f3e7]
2024-11-27T20:42:49,681 [main] INFO  Utils - [TestNG] Running:
  Command line suite

2024-11-27T20:42:50,520 [main] INFO  WebDriverManager - Using chromedriver 127.0.6533.119 (resolved driver for Chrome 127)
2024-11-27T20:42:50,546 [main] INFO  WebDriverManager - Exporting webdriver.chrome.driver as C:\Users\John.Kushoro\.cache\selenium\chromedriver\win64\127.0.6533.119\chromedriver.exe
2024-11-27T20:42:54,889 [main] INFO  LoginPageTests - Starting login test with companyName: totallygroupconfig, username: Test
2024-11-27T20:42:59,554 [main] INFO  LoginPageTests - Starting navigation to home page
2024-11-27T20:43:07,235 [main] INFO  LoginPageTests - Navigation to home page completed successfully.
2024-11-27T20:43:59,374 [main] INFO  TestRunner - Cleaning up TestRunner environment.
2024-11-27T20:43:59,401 [SpringContextShutdownHook] WARN  DisposableBeanAdapter - Custom destroy method 'close' on bean with name 'webDriver' propagated an exception: org.openqa.selenium.NoSuchSessionException: Session ID is null. Using WebDriver after calling quit()?
Build info: version: '4.25.0', revision: '8a8aea2337'
System info: os.name: 'Windows 10', os.arch: 'amd64', os.version: '10.0', java.version: '23.0.1'
Driver info: org.openqa.selenium.chrome.ChromeDriver
Command: [null, close {}]
Capabilities {acceptInsecureCerts: false, browserName: chrome, browserVersion: 127.0.6533.89, chrome: {chromedriverVersion: 127.0.6533.119 (bdef6783a05..., userDataDir: C:\Users\JOHN~1.KUS\AppData...}, fedcm:accounts: true, goog:chromeOptions: {debuggerAddress: localhost:59029}, networkConnectionEnabled: false, pageLoadStrategy: normal, platformName: windows, proxy: Proxy(), se:cdp: ws://localhost:59029/devtoo..., se:cdpVersion: 127.0.6533.89, setWindowRect: true, strictFileInteractability: false, timeouts: {implicit: 0, pageLoad: 300000, script: 30000}, unhandledPromptBehavior: dismiss and notify, webauthn:extension:credBlob: true, webauthn:extension:largeBlob: true, webauthn:extension:minPinLength: true, webauthn:extension:prf: true, webauthn:virtualAuthenticators: true}
2024-11-27T20:56:25,504 [main] INFO  Utils - [TestNG] Running:
  C:\Users\John.Kushoro\AppData\Local\JetBrains\IdeaIC2024.3\temp-testng-customsuite.xml

2024-11-27T20:56:25,892 [main] INFO  TestRunner - Setting up TestRunner environment.
2024-11-27T20:56:25,913 [main] INFO  TestRunner - Running tests...
2024-11-27T20:56:26,153 [main] INFO  DefaultTestContextBootstrapper - Using TestExecutionListeners: [org.springframework.test.context.support.DirtiesContextBeforeModesTestExecutionListener@69eb86b4, org.springframework.test.context.event.ApplicationEventsTestExecutionListener@585ac855, org.springframework.test.context.support.DependencyInjectionTestExecutionListener@5bb8f9e2, org.springframework.test.context.support.DirtiesContextTestExecutionListener@6a933be2, org.springframework.test.context.event.EventPublishingTestExecutionListener@5f78de22]
2024-11-27T20:56:26,190 [main] INFO  DefaultTestContextBootstrapper - Using TestExecutionListeners: [org.springframework.test.context.support.DirtiesContextBeforeModesTestExecutionListener@29182679, org.springframework.test.context.event.ApplicationEventsTestExecutionListener@57bd802b, org.springframework.test.context.support.DependencyInjectionTestExecutionListener@5cbb84b1, org.springframework.test.context.support.DirtiesContextTestExecutionListener@2c779e5, org.springframework.test.context.event.EventPublishingTestExecutionListener@6a84bc2a]
2024-11-27T20:56:26,202 [main] INFO  DefaultTestContextBootstrapper - Using TestExecutionListeners: [org.springframework.test.context.support.DirtiesContextBeforeModesTestExecutionListener@847f3e7, org.springframework.test.context.event.ApplicationEventsTestExecutionListener@69cac930, org.springframework.test.context.support.DependencyInjectionTestExecutionListener@19593091, org.springframework.test.context.support.DirtiesContextTestExecutionListener@5d39f2d8, org.springframework.test.context.event.EventPublishingTestExecutionListener@6ad6fa53]
2024-11-27T20:56:26,219 [main] INFO  Utils - [TestNG] Running:
  Command line suite

2024-11-27T20:56:28,196 [main] INFO  WebDriverManager - Using chromedriver 127.0.6533.119 (resolved driver for Chrome 127)
2024-11-27T20:56:28,226 [main] INFO  WebDriverManager - Exporting webdriver.chrome.driver as C:\Users\John.Kushoro\.cache\selenium\chromedriver\win64\127.0.6533.119\chromedriver.exe
2024-11-27T20:56:33,099 [main] INFO  LoginPageTests - Starting login test with companyName: totallygroupconfig, username: Test
2024-11-27T20:56:39,790 [main] INFO  LoginPageTests - Starting navigation to home page
2024-11-27T20:56:47,151 [main] INFO  LoginPageTests - Navigation to home page completed successfully.
2024-11-27T20:57:03,713 [main] INFO  TestRunner - Cleaning up TestRunner environment.
2024-11-27T20:58:04,918 [main] INFO  Utils - [TestNG] Running:
  C:\Users\John.Kushoro\AppData\Local\JetBrains\IdeaIC2024.3\temp-testng-customsuite.xml

2024-11-27T20:58:05,284 [main] INFO  TestRunner - Setting up TestRunner environment.
2024-11-27T20:58:05,303 [main] INFO  TestRunner - Running tests...
2024-11-27T20:58:05,548 [main] INFO  DefaultTestContextBootstrapper - Using TestExecutionListeners: [org.springframework.test.context.support.DirtiesContextBeforeModesTestExecutionListener@6ecd665, org.springframework.test.context.event.ApplicationEventsTestExecutionListener@45394b31, org.springframework.test.context.support.DependencyInjectionTestExecutionListener@1ec7d8b3, org.springframework.test.context.support.DirtiesContextTestExecutionListener@3b0ca5e1, org.springframework.test.context.event.EventPublishingTestExecutionListener@5bb3131b]
2024-11-27T20:58:05,586 [main] INFO  DefaultTestContextBootstrapper - Using TestExecutionListeners: [org.springframework.test.context.support.DirtiesContextBeforeModesTestExecutionListener@66434cc8, org.springframework.test.context.event.ApplicationEventsTestExecutionListener@42f22995, org.springframework.test.context.support.DependencyInjectionTestExecutionListener@693e4d19, org.springframework.test.context.support.DirtiesContextTestExecutionListener@286b39c2, org.springframework.test.context.event.EventPublishingTestExecutionListener@5432050b]
2024-11-27T20:58:05,603 [main] INFO  DefaultTestContextBootstrapper - Using TestExecutionListeners: [org.springframework.test.context.support.DirtiesContextBeforeModesTestExecutionListener@6443b128, org.springframework.test.context.event.ApplicationEventsTestExecutionListener@5eeedb60, org.springframework.test.context.support.DependencyInjectionTestExecutionListener@40021799, org.springframework.test.context.support.DirtiesContextTestExecutionListener@4a1c0752, org.springframework.test.context.event.EventPublishingTestExecutionListener@332f25c8]
2024-11-27T20:58:05,622 [main] INFO  Utils - [TestNG] Running:
  Command line suite

2024-11-27T20:58:06,475 [main] INFO  WebDriverManager - Using chromedriver 127.0.6533.119 (resolved driver for Chrome 127)
2024-11-27T20:58:06,501 [main] INFO  WebDriverManager - Exporting webdriver.chrome.driver as C:\Users\John.Kushoro\.cache\selenium\chromedriver\win64\127.0.6533.119\chromedriver.exe
2024-11-27T20:58:10,514 [main] INFO  LoginPageTests - Starting login test with companyName: totallygroupconfig, username: Test
2024-11-27T20:58:13,764 [main] INFO  LoginPageTests - Starting navigation to home page
2024-11-27T20:58:19,469 [main] INFO  LoginPageTests - Navigation to home page completed successfully.
2024-11-27T20:58:41,133 [main] INFO  Utils - [TestNG] Running:
  C:\Users\John.Kushoro\AppData\Local\JetBrains\IdeaIC2024.3\temp-testng-customsuite.xml

2024-11-27T20:58:41,454 [main] INFO  TestRunner - Setting up TestRunner environment.
2024-11-27T20:58:41,471 [main] INFO  TestRunner - Running tests...
2024-11-27T20:58:41,648 [main] INFO  DefaultTestContextBootstrapper - Using TestExecutionListeners: [org.springframework.test.context.support.DirtiesContextBeforeModesTestExecutionListener@74fef3f7, org.springframework.test.context.event.ApplicationEventsTestExecutionListener@2a037324, org.springframework.test.context.support.DependencyInjectionTestExecutionListener@69eb86b4, org.springframework.test.context.support.DirtiesContextTestExecutionListener@585ac855, org.springframework.test.context.event.EventPublishingTestExecutionListener@5bb8f9e2]
2024-11-27T20:58:41,679 [main] INFO  DefaultTestContextBootstrapper - Using TestExecutionListeners: [org.springframework.test.context.support.DirtiesContextBeforeModesTestExecutionListener@1c12f3ee, org.springframework.test.context.event.ApplicationEventsTestExecutionListener@6d467c87, org.springframework.test.context.support.DependencyInjectionTestExecutionListener@29182679, org.springframework.test.context.support.DirtiesContextTestExecutionListener@57bd802b, org.springframework.test.context.event.EventPublishingTestExecutionListener@5cbb84b1]
2024-11-27T20:58:41,692 [main] INFO  DefaultTestContextBootstrapper - Using TestExecutionListeners: [org.springframework.test.context.support.DirtiesContextBeforeModesTestExecutionListener@1b32cd16, org.springframework.test.context.event.ApplicationEventsTestExecutionListener@4bdcaf36, org.springframework.test.context.support.DependencyInjectionTestExecutionListener@61d01788, org.springframework.test.context.support.DirtiesContextTestExecutionListener@2b9b7f1f, org.springframework.test.context.event.EventPublishingTestExecutionListener@264c5d07]
2024-11-27T20:58:41,710 [main] INFO  Utils - [TestNG] Running:
  Command line suite

2024-11-27T20:58:42,521 [main] INFO  WebDriverManager - Using chromedriver 127.0.6533.119 (resolved driver for Chrome 127)
2024-11-27T20:58:42,555 [main] INFO  WebDriverManager - Exporting webdriver.chrome.driver as C:\Users\John.Kushoro\.cache\selenium\chromedriver\win64\127.0.6533.119\chromedriver.exe
2024-11-27T20:58:45,824 [main] INFO  LoginPageTests - Starting login test with companyName: totallygroupconfig, username: Test
2024-11-27T20:58:52,633 [main] INFO  LoginPageTests - Starting navigation to home page
2024-11-27T20:59:02,960 [main] INFO  LoginPageTests - Navigation to home page completed successfully.
2024-11-27T20:59:56,873 [main] INFO  Utils - [TestNG] Running:
  C:\Users\John.Kushoro\AppData\Local\JetBrains\IdeaIC2024.3\temp-testng-customsuite.xml

2024-11-27T20:59:57,280 [main] INFO  TestRunner - Setting up TestRunner environment.
2024-11-27T20:59:57,301 [main] INFO  TestRunner - Running tests...
2024-11-27T20:59:57,525 [main] INFO  DefaultTestContextBootstrapper - Using TestExecutionListeners: [org.springframework.test.context.support.DirtiesContextBeforeModesTestExecutionListener@74fef3f7, org.springframework.test.context.event.ApplicationEventsTestExecutionListener@2a037324, org.springframework.test.context.support.DependencyInjectionTestExecutionListener@69eb86b4, org.springframework.test.context.support.DirtiesContextTestExecutionListener@585ac855, org.springframework.test.context.event.EventPublishingTestExecutionListener@5bb8f9e2]
2024-11-27T20:59:57,572 [main] INFO  DefaultTestContextBootstrapper - Using TestExecutionListeners: [org.springframework.test.context.support.DirtiesContextBeforeModesTestExecutionListener@1c12f3ee, org.springframework.test.context.event.ApplicationEventsTestExecutionListener@6d467c87, org.springframework.test.context.support.DependencyInjectionTestExecutionListener@29182679, org.springframework.test.context.support.DirtiesContextTestExecutionListener@57bd802b, org.springframework.test.context.event.EventPublishingTestExecutionListener@5cbb84b1]
2024-11-27T20:59:57,593 [main] INFO  DefaultTestContextBootstrapper - Using TestExecutionListeners: [org.springframework.test.context.support.DirtiesContextBeforeModesTestExecutionListener@61d01788, org.springframework.test.context.event.ApplicationEventsTestExecutionListener@2b9b7f1f, org.springframework.test.context.support.DependencyInjectionTestExecutionListener@264c5d07, org.springframework.test.context.support.DirtiesContextTestExecutionListener@847f3e7, org.springframework.test.context.event.EventPublishingTestExecutionListener@69cac930]
2024-11-27T20:59:57,615 [main] INFO  Utils - [TestNG] Running:
  Command line suite

2024-11-27T20:59:58,532 [main] INFO  WebDriverManager - Using chromedriver 127.0.6533.119 (resolved driver for Chrome 127)
2024-11-27T20:59:58,568 [main] INFO  WebDriverManager - Exporting webdriver.chrome.driver as C:\Users\John.Kushoro\.cache\selenium\chromedriver\win64\127.0.6533.119\chromedriver.exe
2024-11-27T21:00:03,613 [main] INFO  LoginPageTests - Starting login test with companyName: totallygroupconfig, username: Test
2024-11-27T21:00:08,695 [main] INFO  LoginPageTests - Starting navigation to home page
2024-11-27T21:00:17,628 [main] INFO  LoginPageTests - Navigation to home page completed successfully.
2024-11-27T21:00:58,630 [main] INFO  Utils - [TestNG] Running:
  C:\Users\John.Kushoro\AppData\Local\JetBrains\IdeaIC2024.3\temp-testng-customsuite.xml

2024-11-27T21:00:58,975 [main] INFO  TestRunner - Setting up TestRunner environment.
2024-11-27T21:00:58,999 [main] INFO  TestRunner - Running tests...
2024-11-27T21:00:59,187 [main] INFO  DefaultTestContextBootstrapper - Using TestExecutionListeners: [org.springframework.test.context.support.DirtiesContextBeforeModesTestExecutionListener@69eb86b4, org.springframework.test.context.event.ApplicationEventsTestExecutionListener@585ac855, org.springframework.test.context.support.DependencyInjectionTestExecutionListener@5bb8f9e2, org.springframework.test.context.support.DirtiesContextTestExecutionListener@6a933be2, org.springframework.test.context.event.EventPublishingTestExecutionListener@5f78de22]
2024-11-27T21:00:59,219 [main] INFO  DefaultTestContextBootstrapper - Using TestExecutionListeners: [org.springframework.test.context.support.DirtiesContextBeforeModesTestExecutionListener@57bd802b, org.springframework.test.context.event.ApplicationEventsTestExecutionListener@5cbb84b1, org.springframework.test.context.support.DependencyInjectionTestExecutionListener@2c779e5, org.springframework.test.context.support.DirtiesContextTestExecutionListener@6a84bc2a, org.springframework.test.context.event.EventPublishingTestExecutionListener@5183d589]
2024-11-27T21:00:59,233 [main] INFO  DefaultTestContextBootstrapper - Using TestExecutionListeners: [org.springframework.test.context.support.DirtiesContextBeforeModesTestExecutionListener@2b9b7f1f, org.springframework.test.context.event.ApplicationEventsTestExecutionListener@264c5d07, org.springframework.test.context.support.DependencyInjectionTestExecutionListener@847f3e7, org.springframework.test.context.support.DirtiesContextTestExecutionListener@69cac930, org.springframework.test.context.event.EventPublishingTestExecutionListener@19593091]
2024-11-27T21:00:59,253 [main] INFO  Utils - [TestNG] Running:
  Command line suite

2024-11-27T21:01:00,050 [main] INFO  WebDriverManager - Using chromedriver 127.0.6533.119 (resolved driver for Chrome 127)
2024-11-27T21:01:00,073 [main] INFO  WebDriverManager - Exporting webdriver.chrome.driver as C:\Users\John.Kushoro\.cache\selenium\chromedriver\win64\127.0.6533.119\chromedriver.exe
2024-11-27T21:01:04,982 [main] INFO  LoginPageTests - Starting login test with companyName: totallygroupconfig, username: Test
2024-11-27T21:01:09,348 [main] INFO  LoginPageTests - Starting navigation to home page
2024-11-27T21:01:15,928 [main] INFO  LoginPageTests - Navigation to home page completed successfully.
2024-11-27T21:02:37,512 [main] INFO  Utils - [TestNG] Running:
  C:\Users\John.Kushoro\AppData\Local\JetBrains\IdeaIC2024.3\temp-testng-customsuite.xml

2024-11-27T21:02:37,847 [main] INFO  TestRunner - Setting up TestRunner environment.
2024-11-27T21:02:37,868 [main] INFO  TestRunner - Running tests...
2024-11-27T21:02:38,042 [main] INFO  DefaultTestContextBootstrapper - Using TestExecutionListeners: [org.springframework.test.context.support.DirtiesContextBeforeModesTestExecutionListener@69eb86b4, org.springframework.test.context.event.ApplicationEventsTestExecutionListener@585ac855, org.springframework.test.context.support.DependencyInjectionTestExecutionListener@5bb8f9e2, org.springframework.test.context.support.DirtiesContextTestExecutionListener@6a933be2, org.springframework.test.context.event.EventPublishingTestExecutionListener@5f78de22]
2024-11-27T21:02:38,080 [main] INFO  DefaultTestContextBootstrapper - Using TestExecutionListeners: [org.springframework.test.context.support.DirtiesContextBeforeModesTestExecutionListener@57bd802b, org.springframework.test.context.event.ApplicationEventsTestExecutionListener@5cbb84b1, org.springframework.test.context.support.DependencyInjectionTestExecutionListener@2c779e5, org.springframework.test.context.support.DirtiesContextTestExecutionListener@6a84bc2a, org.springframework.test.context.event.EventPublishingTestExecutionListener@5183d589]
2024-11-27T21:02:38,102 [main] INFO  DefaultTestContextBootstrapper - Using TestExecutionListeners: [org.springframework.test.context.support.DirtiesContextBeforeModesTestExecutionListener@847f3e7, org.springframework.test.context.event.ApplicationEventsTestExecutionListener@69cac930, org.springframework.test.context.support.DependencyInjectionTestExecutionListener@19593091, org.springframework.test.context.support.DirtiesContextTestExecutionListener@5d39f2d8, org.springframework.test.context.event.EventPublishingTestExecutionListener@6ad6fa53]
2024-11-27T21:02:38,140 [main] INFO  Utils - [TestNG] Running:
  Command line suite

2024-11-27T21:02:39,427 [main] INFO  WebDriverManager - Using chromedriver 127.0.6533.119 (resolved driver for Chrome 127)
2024-11-27T21:02:39,463 [main] INFO  WebDriverManager - Exporting webdriver.chrome.driver as C:\Users\John.Kushoro\.cache\selenium\chromedriver\win64\127.0.6533.119\chromedriver.exe
2024-11-27T21:02:43,563 [main] INFO  LoginPageTests - Starting login test with companyName: totallygroupconfig, username: Test
2024-11-27T21:02:48,297 [main] INFO  LoginPageTests - Starting navigation to home page
2024-11-27T21:02:55,867 [main] INFO  LoginPageTests - Navigation to home page completed successfully.
2024-11-27T21:03:20,900 [main] INFO  TestRunner - Cleaning up TestRunner environment.
2024-11-27T21:07:48,584 [main] INFO  Utils - [TestNG] Running:
  C:\Users\John.Kushoro\AppData\Local\JetBrains\IdeaIC2024.3\temp-testng-customsuite.xml

2024-11-27T21:07:48,928 [main] INFO  TestRunner - Setting up TestRunner environment.
2024-11-27T21:07:48,951 [main] INFO  TestRunner - Running tests...
2024-11-27T21:07:49,128 [main] INFO  DefaultTestContextBootstrapper - Using TestExecutionListeners: [org.springframework.test.context.support.DirtiesContextBeforeModesTestExecutionListener@54dcbb9f, org.springframework.test.context.event.ApplicationEventsTestExecutionListener@74fef3f7, org.springframework.test.context.support.DependencyInjectionTestExecutionListener@2a037324, org.springframework.test.context.support.DirtiesContextTestExecutionListener@69eb86b4, org.springframework.test.context.event.EventPublishingTestExecutionListener@585ac855]
2024-11-27T21:07:49,156 [main] INFO  DefaultTestContextBootstrapper - Using TestExecutionListeners: [org.springframework.test.context.support.DirtiesContextBeforeModesTestExecutionListener@75f2099, org.springframework.test.context.event.ApplicationEventsTestExecutionListener@1c12f3ee, org.springframework.test.context.support.DependencyInjectionTestExecutionListener@6d467c87, org.springframework.test.context.support.DirtiesContextTestExecutionListener@29182679, org.springframework.test.context.event.EventPublishingTestExecutionListener@57bd802b]
2024-11-27T21:07:49,167 [main] INFO  DefaultTestContextBootstrapper - Using TestExecutionListeners: [org.springframework.test.context.support.DirtiesContextBeforeModesTestExecutionListener@1b32cd16, org.springframework.test.context.event.ApplicationEventsTestExecutionListener@4bdcaf36, org.springframework.test.context.support.DependencyInjectionTestExecutionListener@61d01788, org.springframework.test.context.support.DirtiesContextTestExecutionListener@2b9b7f1f, org.springframework.test.context.event.EventPublishingTestExecutionListener@264c5d07]
2024-11-27T21:07:49,186 [main] INFO  Utils - [TestNG] Running:
  Command line suite

2024-11-27T21:07:50,034 [main] INFO  WebDriverManager - Using chromedriver 127.0.6533.119 (resolved driver for Chrome 127)
2024-11-27T21:07:50,061 [main] INFO  WebDriverManager - Exporting webdriver.chrome.driver as C:\Users\John.Kushoro\.cache\selenium\chromedriver\win64\127.0.6533.119\chromedriver.exe
2024-11-27T21:07:55,203 [main] INFO  LoginPageTests - Starting login test with companyName: totallygroupconfig, username: Test
2024-11-27T21:08:05,470 [main] INFO  LoginPageTests - Starting navigation to home page
2024-11-27T21:08:18,232 [main] INFO  LoginPageTests - Navigation to home page completed successfully.
2024-11-27T21:08:38,664 [main] INFO  TestRunner - Cleaning up TestRunner environment.
2024-11-27T21:09:18,808 [main] INFO  Utils - [TestNG] Running:
  C:\Users\John.Kushoro\AppData\Local\JetBrains\IdeaIC2024.3\temp-testng-customsuite.xml

2024-11-27T21:09:19,233 [main] INFO  TestRunner - Setting up TestRunner environment.
2024-11-27T21:09:19,253 [main] INFO  TestRunner - Running tests...
2024-11-27T21:09:19,512 [main] INFO  DefaultTestContextBootstrapper - Using TestExecutionListeners: [org.springframework.test.context.support.DirtiesContextBeforeModesTestExecutionListener@54dcbb9f, org.springframework.test.context.event.ApplicationEventsTestExecutionListener@74fef3f7, org.springframework.test.context.support.DependencyInjectionTestExecutionListener@2a037324, org.springframework.test.context.support.DirtiesContextTestExecutionListener@69eb86b4, org.springframework.test.context.event.EventPublishingTestExecutionListener@585ac855]
2024-11-27T21:09:19,564 [main] INFO  DefaultTestContextBootstrapper - Using TestExecutionListeners: [org.springframework.test.context.support.DirtiesContextBeforeModesTestExecutionListener@75f2099, org.springframework.test.context.event.ApplicationEventsTestExecutionListener@1c12f3ee, org.springframework.test.context.support.DependencyInjectionTestExecutionListener@6d467c87, org.springframework.test.context.support.DirtiesContextTestExecutionListener@29182679, org.springframework.test.context.event.EventPublishingTestExecutionListener@57bd802b]
2024-11-27T21:09:19,582 [main] INFO  DefaultTestContextBootstrapper - Using TestExecutionListeners: [org.springframework.test.context.support.DirtiesContextBeforeModesTestExecutionListener@1b32cd16, org.springframework.test.context.event.ApplicationEventsTestExecutionListener@4bdcaf36, org.springframework.test.context.support.DependencyInjectionTestExecutionListener@61d01788, org.springframework.test.context.support.DirtiesContextTestExecutionListener@2b9b7f1f, org.springframework.test.context.event.EventPublishingTestExecutionListener@264c5d07]
2024-11-27T21:09:19,601 [main] INFO  Utils - [TestNG] Running:
  Command line suite

2024-11-27T21:09:20,643 [main] INFO  WebDriverManager - Using chromedriver 127.0.6533.119 (resolved driver for Chrome 127)
2024-11-27T21:09:20,671 [main] INFO  WebDriverManager - Exporting webdriver.chrome.driver as C:\Users\John.Kushoro\.cache\selenium\chromedriver\win64\127.0.6533.119\chromedriver.exe
2024-11-27T21:09:25,042 [main] INFO  LoginPageTests - Starting login test with companyName: totallygroupconfig, username: Test
2024-11-27T21:09:29,329 [main] INFO  LoginPageTests - Starting navigation to home page
2024-11-27T21:09:36,769 [main] INFO  LoginPageTests - Navigation to home page completed successfully.
2024-11-27T21:10:19,313 [main] INFO  Utils - [TestNG] Running:
  C:\Users\John.Kushoro\AppData\Local\JetBrains\IdeaIC2024.3\temp-testng-customsuite.xml

2024-11-27T21:10:19,702 [main] INFO  TestRunner - Setting up TestRunner environment.
2024-11-27T21:10:19,724 [main] INFO  TestRunner - Running tests...
2024-11-27T21:10:19,950 [main] INFO  DefaultTestContextBootstrapper - Using TestExecutionListeners: [org.springframework.test.context.support.DirtiesContextBeforeModesTestExecutionListener@74fef3f7, org.springframework.test.context.event.ApplicationEventsTestExecutionListener@2a037324, org.springframework.test.context.support.DependencyInjectionTestExecutionListener@69eb86b4, org.springframework.test.context.support.DirtiesContextTestExecutionListener@585ac855, org.springframework.test.context.event.EventPublishingTestExecutionListener@5bb8f9e2]
2024-11-27T21:10:19,995 [main] INFO  DefaultTestContextBootstrapper - Using TestExecutionListeners: [org.springframework.test.context.support.DirtiesContextBeforeModesTestExecutionListener@6d467c87, org.springframework.test.context.event.ApplicationEventsTestExecutionListener@29182679, org.springframework.test.context.support.DependencyInjectionTestExecutionListener@57bd802b, org.springframework.test.context.support.DirtiesContextTestExecutionListener@5cbb84b1, org.springframework.test.context.event.EventPublishingTestExecutionListener@2c779e5]
2024-11-27T21:10:20,011 [main] INFO  DefaultTestContextBootstrapper - Using TestExecutionListeners: [org.springframework.test.context.support.DirtiesContextBeforeModesTestExecutionListener@2b9b7f1f, org.springframework.test.context.event.ApplicationEventsTestExecutionListener@264c5d07, org.springframework.test.context.support.DependencyInjectionTestExecutionListener@847f3e7, org.springframework.test.context.support.DirtiesContextTestExecutionListener@69cac930, org.springframework.test.context.event.EventPublishingTestExecutionListener@19593091]
2024-11-27T21:10:20,033 [main] INFO  Utils - [TestNG] Running:
  Command line suite

2024-11-27T21:10:20,985 [main] INFO  WebDriverManager - Using chromedriver 127.0.6533.119 (resolved driver for Chrome 127)
2024-11-27T21:10:21,012 [main] INFO  WebDriverManager - Exporting webdriver.chrome.driver as C:\Users\John.Kushoro\.cache\selenium\chromedriver\win64\127.0.6533.119\chromedriver.exe
2024-11-27T21:10:24,379 [main] INFO  LoginPageTests - Starting login test with companyName: totallygroupconfig, username: Test
2024-11-27T21:10:29,803 [main] INFO  LoginPageTests - Starting navigation to home page
2024-11-27T21:10:37,934 [main] INFO  LoginPageTests - Navigation to home page completed successfully.
2024-11-27T21:10:55,282 [main] INFO  TestRunner - Cleaning up TestRunner environment.
2024-11-27T21:49:50,029 [main] INFO  Utils - [TestNG] Running:
  C:\Users\John.Kushoro\AppData\Local\JetBrains\IdeaIC2024.3\temp-testng-customsuite.xml

2024-11-27T21:49:50,304 [main] INFO  TestRunner - Setting up TestRunner environment.
2024-11-27T21:49:50,328 [main] INFO  TestRunner - Running tests...
2024-11-27T21:49:50,546 [main] INFO  DefaultTestContextBootstrapper - Using TestExecutionListeners: [org.springframework.test.context.support.DirtiesContextBeforeModesTestExecutionListener@54dcbb9f, org.springframework.test.context.event.ApplicationEventsTestExecutionListener@74fef3f7, org.springframework.test.context.support.DependencyInjectionTestExecutionListener@2a037324, org.springframework.test.context.support.DirtiesContextTestExecutionListener@69eb86b4, org.springframework.test.context.event.EventPublishingTestExecutionListener@585ac855]
2024-11-27T21:49:50,571 [main] INFO  DefaultTestContextBootstrapper - Using TestExecutionListeners: [org.springframework.test.context.support.DirtiesContextBeforeModesTestExecutionListener@57bd802b, org.springframework.test.context.event.ApplicationEventsTestExecutionListener@5cbb84b1, org.springframework.test.context.support.DependencyInjectionTestExecutionListener@2c779e5, org.springframework.test.context.support.DirtiesContextTestExecutionListener@6a84bc2a, org.springframework.test.context.event.EventPublishingTestExecutionListener@5183d589]
2024-11-27T21:49:50,587 [main] INFO  DefaultTestContextBootstrapper - Using TestExecutionListeners: [org.springframework.test.context.support.DirtiesContextBeforeModesTestExecutionListener@2b9b7f1f, org.springframework.test.context.event.ApplicationEventsTestExecutionListener@264c5d07, org.springframework.test.context.support.DependencyInjectionTestExecutionListener@847f3e7, org.springframework.test.context.support.DirtiesContextTestExecutionListener@69cac930, org.springframework.test.context.event.EventPublishingTestExecutionListener@19593091]
2024-11-27T21:49:50,611 [main] INFO  Utils - [TestNG] Running:
  Command line suite

2024-11-27T21:49:51,441 [main] INFO  WebDriverManager - Using chromedriver 127.0.6533.119 (resolved driver for Chrome 127)
2024-11-27T21:49:51,477 [main] INFO  WebDriverManager - Exporting webdriver.chrome.driver as C:\Users\John.Kushoro\.cache\selenium\chromedriver\win64\127.0.6533.119\chromedriver.exe
2024-11-27T21:49:56,912 [main] INFO  LoginPageTests - Starting login test with companyName: totallygroupconfig, username: Test
2024-11-27T21:50:09,099 [main] INFO  LoginPageTests - Starting navigation to home page
2024-11-27T21:50:31,087 [main] INFO  LoginPageTests - Navigation to home page completed successfully.
2024-11-27T21:51:37,409 [main] INFO  TestRunner - Cleaning up TestRunner environment.
2024-11-27T22:05:52,506 [main] INFO  Utils - [TestNG] Running:
  C:\Users\John.Kushoro\AppData\Local\JetBrains\IdeaIC2024.3\temp-testng-customsuite.xml

2024-11-27T22:05:52,933 [main] INFO  TestRunner - Setting up TestRunner environment.
2024-11-27T22:05:52,958 [main] INFO  TestRunner - Running tests...
2024-11-27T22:05:53,173 [main] INFO  DefaultTestContextBootstrapper - Using TestExecutionListeners: [org.springframework.test.context.support.DirtiesContextBeforeModesTestExecutionListener@1ec7d8b3, org.springframework.test.context.event.ApplicationEventsTestExecutionListener@3b0ca5e1, org.springframework.test.context.support.DependencyInjectionTestExecutionListener@5bb3131b, org.springframework.test.context.support.DirtiesContextTestExecutionListener@54dcbb9f, org.springframework.test.context.event.EventPublishingTestExecutionListener@74fef3f7]
2024-11-27T22:05:53,223 [main] INFO  DefaultTestContextBootstrapper - Using TestExecutionListeners: [org.springframework.test.context.support.DirtiesContextBeforeModesTestExecutionListener@286b39c2, org.springframework.test.context.event.ApplicationEventsTestExecutionListener@5432050b, org.springframework.test.context.support.DependencyInjectionTestExecutionListener@75f2099, org.springframework.test.context.support.DirtiesContextTestExecutionListener@1c12f3ee, org.springframework.test.context.event.EventPublishingTestExecutionListener@6d467c87]
2024-11-27T22:05:53,235 [main] INFO  DefaultTestContextBootstrapper - Using TestExecutionListeners: [org.springframework.test.context.support.DirtiesContextBeforeModesTestExecutionListener@40021799, org.springframework.test.context.event.ApplicationEventsTestExecutionListener@4a1c0752, org.springframework.test.context.support.DependencyInjectionTestExecutionListener@332f25c8, org.springframework.test.context.support.DirtiesContextTestExecutionListener@1b32cd16, org.springframework.test.context.event.EventPublishingTestExecutionListener@4bdcaf36]
2024-11-27T22:05:53,250 [main] INFO  Utils - [TestNG] Running:
  Command line suite

2024-11-27T22:05:54,989 [main] INFO  WebDriverManager - Using chromedriver 127.0.6533.119 (resolved driver for Chrome 127)
2024-11-27T22:05:55,024 [main] INFO  WebDriverManager - Exporting webdriver.chrome.driver as C:\Users\John.Kushoro\.cache\selenium\chromedriver\win64\127.0.6533.119\chromedriver.exe
2024-11-27T22:06:00,350 [main] INFO  LoginPageTests - Starting login test with companyName: totallygroupconfig, username: Test
2024-11-27T22:06:08,014 [main] INFO  LoginPageTests - Starting navigation to home page
2024-11-27T22:06:18,539 [main] INFO  LoginPageTests - Navigation to home page completed successfully.
2024-11-27T22:07:14,981 [main] INFO  TestRunner - Cleaning up TestRunner environment.
2024-11-27T22:09:20,976 [main] INFO  Utils - [TestNG] Running:
  C:\Users\John.Kushoro\AppData\Local\JetBrains\IdeaIC2024.3\temp-testng-customsuite.xml

2024-11-27T22:09:21,320 [main] INFO  TestRunner - Setting up TestRunner environment.
2024-11-27T22:09:21,342 [main] INFO  TestRunner - Running tests...
2024-11-27T22:09:21,530 [main] INFO  DefaultTestContextBootstrapper - Using TestExecutionListeners: [org.springframework.test.context.support.DirtiesContextBeforeModesTestExecutionListener@54dcbb9f, org.springframework.test.context.event.ApplicationEventsTestExecutionListener@74fef3f7, org.springframework.test.context.support.DependencyInjectionTestExecutionListener@2a037324, org.springframework.test.context.support.DirtiesContextTestExecutionListener@69eb86b4, org.springframework.test.context.event.EventPublishingTestExecutionListener@585ac855]
2024-11-27T22:09:21,561 [main] INFO  DefaultTestContextBootstrapper - Using TestExecutionListeners: [org.springframework.test.context.support.DirtiesContextBeforeModesTestExecutionListener@1c12f3ee, org.springframework.test.context.event.ApplicationEventsTestExecutionListener@6d467c87, org.springframework.test.context.support.DependencyInjectionTestExecutionListener@29182679, org.springframework.test.context.support.DirtiesContextTestExecutionListener@57bd802b, org.springframework.test.context.event.EventPublishingTestExecutionListener@5cbb84b1]
2024-11-27T22:09:21,574 [main] INFO  DefaultTestContextBootstrapper - Using TestExecutionListeners: [org.springframework.test.context.support.DirtiesContextBeforeModesTestExecutionListener@4bdcaf36, org.springframework.test.context.event.ApplicationEventsTestExecutionListener@61d01788, org.springframework.test.context.support.DependencyInjectionTestExecutionListener@2b9b7f1f, org.springframework.test.context.support.DirtiesContextTestExecutionListener@264c5d07, org.springframework.test.context.event.EventPublishingTestExecutionListener@847f3e7]
2024-11-27T22:09:21,594 [main] INFO  Utils - [TestNG] Running:
  Command line suite

2024-11-27T22:09:22,461 [main] INFO  WebDriverManager - Using chromedriver 127.0.6533.119 (resolved driver for Chrome 127)
2024-11-27T22:09:22,489 [main] INFO  WebDriverManager - Exporting webdriver.chrome.driver as C:\Users\John.Kushoro\.cache\selenium\chromedriver\win64\127.0.6533.119\chromedriver.exe
2024-11-27T22:09:26,817 [main] INFO  LoginPageTests - Starting login test with companyName: totallygroupconfig, username: Test
2024-11-27T22:09:31,996 [main] INFO  LoginPageTests - Starting navigation to home page
2024-11-27T22:09:39,606 [main] INFO  LoginPageTests - Navigation to home page completed successfully.
2024-11-27T22:09:54,050 [main] INFO  TestRunner - Cleaning up TestRunner environment.
2024-11-27T22:10:06,898 [main] INFO  Utils - [TestNG] Running:
  C:\Users\John.Kushoro\AppData\Local\JetBrains\IdeaIC2024.3\temp-testng-customsuite.xml

2024-11-27T22:10:07,242 [main] INFO  TestRunner - Setting up TestRunner environment.
2024-11-27T22:10:07,264 [main] INFO  TestRunner - Running tests...
2024-11-27T22:10:07,454 [main] INFO  DefaultTestContextBootstrapper - Using TestExecutionListeners: [org.springframework.test.context.support.DirtiesContextBeforeModesTestExecutionListener@54dcbb9f, org.springframework.test.context.event.ApplicationEventsTestExecutionListener@74fef3f7, org.springframework.test.context.support.DependencyInjectionTestExecutionListener@2a037324, org.springframework.test.context.support.DirtiesContextTestExecutionListener@69eb86b4, org.springframework.test.context.event.EventPublishingTestExecutionListener@585ac855]
2024-11-27T22:10:07,487 [main] INFO  DefaultTestContextBootstrapper - Using TestExecutionListeners: [org.springframework.test.context.support.DirtiesContextBeforeModesTestExecutionListener@6d467c87, org.springframework.test.context.event.ApplicationEventsTestExecutionListener@29182679, org.springframework.test.context.support.DependencyInjectionTestExecutionListener@57bd802b, org.springframework.test.context.support.DirtiesContextTestExecutionListener@5cbb84b1, org.springframework.test.context.event.EventPublishingTestExecutionListener@2c779e5]
2024-11-27T22:10:07,500 [main] INFO  DefaultTestContextBootstrapper - Using TestExecutionListeners: [org.springframework.test.context.support.DirtiesContextBeforeModesTestExecutionListener@4bdcaf36, org.springframework.test.context.event.ApplicationEventsTestExecutionListener@61d01788, org.springframework.test.context.support.DependencyInjectionTestExecutionListener@2b9b7f1f, org.springframework.test.context.support.DirtiesContextTestExecutionListener@264c5d07, org.springframework.test.context.event.EventPublishingTestExecutionListener@847f3e7]
2024-11-27T22:10:07,515 [main] INFO  Utils - [TestNG] Running:
  Command line suite

2024-11-27T22:10:08,192 [main] INFO  WebDriverManager - Using chromedriver 127.0.6533.119 (resolved driver for Chrome 127)
2024-11-27T22:10:08,217 [main] INFO  WebDriverManager - Exporting webdriver.chrome.driver as C:\Users\John.Kushoro\.cache\selenium\chromedriver\win64\127.0.6533.119\chromedriver.exe
2024-11-27T22:10:11,902 [main] INFO  LoginPageTests - Starting login test with companyName: totallygroupconfig, username: Test
2024-11-27T22:10:15,078 [main] INFO  LoginPageTests - Starting navigation to home page
2024-11-27T22:10:21,737 [main] INFO  LoginPageTests - Navigation to home page completed successfully.
2024-11-27T22:11:14,792 [main] INFO  TestRunner - Cleaning up TestRunner environment.
2024-11-27T22:11:14,806 [SpringContextShutdownHook] WARN  DisposableBeanAdapter - Custom destroy method 'close' on bean with name 'webDriver' propagated an exception: org.openqa.selenium.NoSuchSessionException: Session ID is null. Using WebDriver after calling quit()?
Build info: version: '4.25.0', revision: '8a8aea2337'
System info: os.name: 'Windows 10', os.arch: 'amd64', os.version: '10.0', java.version: '23.0.1'
Driver info: org.openqa.selenium.chrome.ChromeDriver
Command: [null, close {}]
Capabilities {acceptInsecureCerts: false, browserName: chrome, browserVersion: 127.0.6533.89, chrome: {chromedriverVersion: 127.0.6533.119 (bdef6783a05..., userDataDir: C:\Users\JOHN~1.KUS\AppData...}, fedcm:accounts: true, goog:chromeOptions: {debuggerAddress: localhost:57180}, networkConnectionEnabled: false, pageLoadStrategy: normal, platformName: windows, proxy: Proxy(), se:cdp: ws://localhost:57180/devtoo..., se:cdpVersion: 127.0.6533.89, setWindowRect: true, strictFileInteractability: false, timeouts: {implicit: 0, pageLoad: 300000, script: 30000}, unhandledPromptBehavior: dismiss and notify, webauthn:extension:credBlob: true, webauthn:extension:largeBlob: true, webauthn:extension:minPinLength: true, webauthn:extension:prf: true, webauthn:virtualAuthenticators: true}
2024-11-27T22:14:44,590 [main] INFO  Utils - [TestNG] Running:
  C:\Users\John.Kushoro\AppData\Local\JetBrains\IdeaIC2024.3\temp-testng-customsuite.xml

2024-11-27T22:14:45,054 [main] INFO  TestRunner - Setting up TestRunner environment.
2024-11-27T22:14:45,088 [main] INFO  TestRunner - Running tests...
2024-11-27T22:14:45,352 [main] INFO  DefaultTestContextBootstrapper - Using TestExecutionListeners: [org.springframework.test.context.support.DirtiesContextBeforeModesTestExecutionListener@54dcbb9f, org.springframework.test.context.event.ApplicationEventsTestExecutionListener@74fef3f7, org.springframework.test.context.support.DependencyInjectionTestExecutionListener@2a037324, org.springframework.test.context.support.DirtiesContextTestExecutionListener@69eb86b4, org.springframework.test.context.event.EventPublishingTestExecutionListener@585ac855]
2024-11-27T22:14:45,395 [main] INFO  DefaultTestContextBootstrapper - Using TestExecutionListeners: [org.springframework.test.context.support.DirtiesContextBeforeModesTestExecutionListener@6d467c87, org.springframework.test.context.event.ApplicationEventsTestExecutionListener@29182679, org.springframework.test.context.support.DependencyInjectionTestExecutionListener@57bd802b, org.springframework.test.context.support.DirtiesContextTestExecutionListener@5cbb84b1, org.springframework.test.context.event.EventPublishingTestExecutionListener@2c779e5]
2024-11-27T22:14:45,412 [main] INFO  DefaultTestContextBootstrapper - Using TestExecutionListeners: [org.springframework.test.context.support.DirtiesContextBeforeModesTestExecutionListener@2b9b7f1f, org.springframework.test.context.event.ApplicationEventsTestExecutionListener@264c5d07, org.springframework.test.context.support.DependencyInjectionTestExecutionListener@847f3e7, org.springframework.test.context.support.DirtiesContextTestExecutionListener@69cac930, org.springframework.test.context.event.EventPublishingTestExecutionListener@19593091]
2024-11-27T22:14:45,432 [main] INFO  Utils - [TestNG] Running:
  Command line suite

2024-11-27T22:14:46,401 [main] INFO  WebDriverManager - Using chromedriver 127.0.6533.119 (resolved driver for Chrome 127)
2024-11-27T22:14:46,430 [main] INFO  WebDriverManager - Exporting webdriver.chrome.driver as C:\Users\John.Kushoro\.cache\selenium\chromedriver\win64\127.0.6533.119\chromedriver.exe
2024-11-27T22:14:51,226 [main] INFO  LoginPageTests - Starting login test with companyName: totallygroupconfig, username: Test
2024-11-27T22:14:55,571 [main] INFO  LoginPageTests - Starting navigation to home page
2024-11-27T22:15:03,346 [main] INFO  LoginPageTests - Navigation to home page completed successfully.
2024-11-27T22:15:55,072 [main] INFO  TestRunner - Cleaning up TestRunner environment.
2024-11-27T22:17:48,514 [main] INFO  Utils - [TestNG] Running:
  C:\Users\John.Kushoro\AppData\Local\JetBrains\IdeaIC2024.3\temp-testng-customsuite.xml

2024-11-27T22:17:49,035 [main] INFO  TestRunner - Setting up TestRunner environment.
2024-11-27T22:17:49,065 [main] INFO  TestRunner - Running tests...
2024-11-27T22:17:49,354 [main] INFO  DefaultTestContextBootstrapper - Using TestExecutionListeners: [org.springframework.test.context.support.DirtiesContextBeforeModesTestExecutionListener@74fef3f7, org.springframework.test.context.event.ApplicationEventsTestExecutionListener@2a037324, org.springframework.test.context.support.DependencyInjectionTestExecutionListener@69eb86b4, org.springframework.test.context.support.DirtiesContextTestExecutionListener@585ac855, org.springframework.test.context.event.EventPublishingTestExecutionListener@5bb8f9e2]
2024-11-27T22:17:49,396 [main] INFO  DefaultTestContextBootstrapper - Using TestExecutionListeners: [org.springframework.test.context.support.DirtiesContextBeforeModesTestExecutionListener@1c12f3ee, org.springframework.test.context.event.ApplicationEventsTestExecutionListener@6d467c87, org.springframework.test.context.support.DependencyInjectionTestExecutionListener@29182679, org.springframework.test.context.support.DirtiesContextTestExecutionListener@57bd802b, org.springframework.test.context.event.EventPublishingTestExecutionListener@5cbb84b1]
2024-11-27T22:17:49,414 [main] INFO  DefaultTestContextBootstrapper - Using TestExecutionListeners: [org.springframework.test.context.support.DirtiesContextBeforeModesTestExecutionListener@4bdcaf36, org.springframework.test.context.event.ApplicationEventsTestExecutionListener@61d01788, org.springframework.test.context.support.DependencyInjectionTestExecutionListener@2b9b7f1f, org.springframework.test.context.support.DirtiesContextTestExecutionListener@264c5d07, org.springframework.test.context.event.EventPublishingTestExecutionListener@847f3e7]
2024-11-27T22:17:49,435 [main] INFO  Utils - [TestNG] Running:
  Command line suite

2024-11-27T22:17:50,489 [main] INFO  WebDriverManager - Using chromedriver 127.0.6533.119 (resolved driver for Chrome 127)
2024-11-27T22:17:50,525 [main] INFO  WebDriverManager - Exporting webdriver.chrome.driver as C:\Users\John.Kushoro\.cache\selenium\chromedriver\win64\127.0.6533.119\chromedriver.exe
2024-11-27T22:17:54,811 [main] INFO  LoginPageTests - Starting login test with companyName: totallygroupconfig, username: Test
2024-11-27T22:17:59,585 [main] INFO  LoginPageTests - Starting navigation to home page
2024-11-27T22:18:09,434 [main] INFO  LoginPageTests - Navigation to home page completed successfully.
2024-11-27T22:19:06,988 [main] INFO  TestRunner - Cleaning up TestRunner environment.
2024-11-27T22:19:30,357 [main] INFO  Utils - [TestNG] Running:
  C:\Users\John.Kushoro\AppData\Local\JetBrains\IdeaIC2024.3\temp-testng-customsuite.xml

2024-11-27T22:19:30,738 [main] INFO  TestRunner - Setting up TestRunner environment.
2024-11-27T22:19:30,765 [main] INFO  TestRunner - Running tests...
2024-11-27T22:19:31,012 [main] INFO  DefaultTestContextBootstrapper - Using TestExecutionListeners: [org.springframework.test.context.support.DirtiesContextBeforeModesTestExecutionListener@3b0ca5e1, org.springframework.test.context.event.ApplicationEventsTestExecutionListener@5bb3131b, org.springframework.test.context.support.DependencyInjectionTestExecutionListener@54dcbb9f, org.springframework.test.context.support.DirtiesContextTestExecutionListener@74fef3f7, org.springframework.test.context.event.EventPublishingTestExecutionListener@2a037324]
2024-11-27T22:19:31,076 [main] INFO  DefaultTestContextBootstrapper - Using TestExecutionListeners: [org.springframework.test.context.support.DirtiesContextBeforeModesTestExecutionListener@286b39c2, org.springframework.test.context.event.ApplicationEventsTestExecutionListener@5432050b, org.springframework.test.context.support.DependencyInjectionTestExecutionListener@75f2099, org.springframework.test.context.support.DirtiesContextTestExecutionListener@1c12f3ee, org.springframework.test.context.event.EventPublishingTestExecutionListener@6d467c87]
2024-11-27T22:19:31,104 [main] INFO  DefaultTestContextBootstrapper - Using TestExecutionListeners: [org.springframework.test.context.support.DirtiesContextBeforeModesTestExecutionListener@40021799, org.springframework.test.context.event.ApplicationEventsTestExecutionListener@4a1c0752, org.springframework.test.context.support.DependencyInjectionTestExecutionListener@332f25c8, org.springframework.test.context.support.DirtiesContextTestExecutionListener@1b32cd16, org.springframework.test.context.event.EventPublishingTestExecutionListener@4bdcaf36]
2024-11-27T22:19:31,145 [main] INFO  Utils - [TestNG] Running:
  Command line suite

2024-11-27T22:19:32,142 [main] INFO  WebDriverManager - Using chromedriver 127.0.6533.119 (resolved driver for Chrome 127)
2024-11-27T22:19:32,165 [main] INFO  WebDriverManager - Exporting webdriver.chrome.driver as C:\Users\John.Kushoro\.cache\selenium\chromedriver\win64\127.0.6533.119\chromedriver.exe
2024-11-27T22:19:36,774 [main] INFO  LoginPageTests - Starting login test with companyName: totallygroupconfig, username: Test
2024-11-27T22:19:41,106 [main] INFO  LoginPageTests - Starting navigation to home page
2024-11-27T22:19:48,198 [main] INFO  LoginPageTests - Navigation to home page completed successfully.
2024-11-27T22:20:03,414 [main] INFO  TestRunner - Cleaning up TestRunner environment.
2024-11-27T22:31:55,653 [main] INFO  Utils - [TestNG] Running:
  C:\Users\John.Kushoro\AppData\Local\JetBrains\IdeaIC2024.3\temp-testng-customsuite.xml

2024-11-27T22:31:55,959 [main] INFO  TestRunner - Setting up TestRunner environment.
2024-11-27T22:31:55,982 [main] INFO  TestRunner - Running tests...
2024-11-27T22:31:56,153 [main] INFO  DefaultTestContextBootstrapper - Using TestExecutionListeners: [org.springframework.test.context.support.DirtiesContextBeforeModesTestExecutionListener@3b0ca5e1, org.springframework.test.context.event.ApplicationEventsTestExecutionListener@5bb3131b, org.springframework.test.context.support.DependencyInjectionTestExecutionListener@54dcbb9f, org.springframework.test.context.support.DirtiesContextTestExecutionListener@74fef3f7, org.springframework.test.context.event.EventPublishingTestExecutionListener@2a037324]
2024-11-27T22:31:56,180 [main] INFO  DefaultTestContextBootstrapper - Using TestExecutionListeners: [org.springframework.test.context.support.DirtiesContextBeforeModesTestExecutionListener@29182679, org.springframework.test.context.event.ApplicationEventsTestExecutionListener@57bd802b, org.springframework.test.context.support.DependencyInjectionTestExecutionListener@5cbb84b1, org.springframework.test.context.support.DirtiesContextTestExecutionListener@2c779e5, org.springframework.test.context.event.EventPublishingTestExecutionListener@6a84bc2a]
2024-11-27T22:31:56,188 [main] INFO  DefaultTestContextBootstrapper - Using TestExecutionListeners: [org.springframework.test.context.support.DirtiesContextBeforeModesTestExecutionListener@264c5d07, org.springframework.test.context.event.ApplicationEventsTestExecutionListener@847f3e7, org.springframework.test.context.support.DependencyInjectionTestExecutionListener@69cac930, org.springframework.test.context.support.DirtiesContextTestExecutionListener@19593091, org.springframework.test.context.event.EventPublishingTestExecutionListener@5d39f2d8]
2024-11-27T22:31:56,201 [main] INFO  Utils - [TestNG] Running:
  Command line suite

2024-11-27T22:31:56,972 [main] INFO  WebDriverManager - Using chromedriver 127.0.6533.119 (resolved driver for Chrome 127)
2024-11-27T22:31:57,006 [main] INFO  WebDriverManager - Exporting webdriver.chrome.driver as C:\Users\John.Kushoro\.cache\selenium\chromedriver\win64\127.0.6533.119\chromedriver.exe
2024-11-27T22:32:02,494 [main] INFO  LoginPageTests - Starting login test with companyName: totallygroupconfig, username: Test
2024-11-27T22:32:09,069 [main] INFO  LoginPageTests - Starting navigation to home page
2024-11-27T22:32:18,116 [main] INFO  LoginPageTests - Navigation to home page completed successfully.
2024-11-27T22:32:32,741 [main] INFO  TestRunner - Cleaning up TestRunner environment.
2024-11-27T22:35:10,029 [main] INFO  Utils - [TestNG] Running:
  C:\Users\John.Kushoro\AppData\Local\JetBrains\IdeaIC2024.3\temp-testng-customsuite.xml

2024-11-27T22:35:10,385 [main] INFO  TestRunner - Setting up TestRunner environment.
2024-11-27T22:35:10,409 [main] INFO  TestRunner - Running tests...
2024-11-27T22:35:10,621 [main] INFO  DefaultTestContextBootstrapper - Using TestExecutionListeners: [org.springframework.test.context.support.DirtiesContextBeforeModesTestExecutionListener@74fef3f7, org.springframework.test.context.event.ApplicationEventsTestExecutionListener@2a037324, org.springframework.test.context.support.DependencyInjectionTestExecutionListener@69eb86b4, org.springframework.test.context.support.DirtiesContextTestExecutionListener@585ac855, org.springframework.test.context.event.EventPublishingTestExecutionListener@5bb8f9e2]
2024-11-27T22:35:10,656 [main] INFO  DefaultTestContextBootstrapper - Using TestExecutionListeners: [org.springframework.test.context.support.DirtiesContextBeforeModesTestExecutionListener@29182679, org.springframework.test.context.event.ApplicationEventsTestExecutionListener@57bd802b, org.springframework.test.context.support.DependencyInjectionTestExecutionListener@5cbb84b1, org.springframework.test.context.support.DirtiesContextTestExecutionListener@2c779e5, org.springframework.test.context.event.EventPublishingTestExecutionListener@6a84bc2a]
2024-11-27T22:35:10,675 [main] INFO  DefaultTestContextBootstrapper - Using TestExecutionListeners: [org.springframework.test.context.support.DirtiesContextBeforeModesTestExecutionListener@2b9b7f1f, org.springframework.test.context.event.ApplicationEventsTestExecutionListener@264c5d07, org.springframework.test.context.support.DependencyInjectionTestExecutionListener@847f3e7, org.springframework.test.context.support.DirtiesContextTestExecutionListener@69cac930, org.springframework.test.context.event.EventPublishingTestExecutionListener@19593091]
2024-11-27T22:35:10,689 [main] INFO  Utils - [TestNG] Running:
  Command line suite

2024-11-27T22:35:11,544 [main] INFO  WebDriverManager - Using chromedriver 127.0.6533.119 (resolved driver for Chrome 127)
2024-11-27T22:35:11,574 [main] INFO  WebDriverManager - Exporting webdriver.chrome.driver as C:\Users\John.Kushoro\.cache\selenium\chromedriver\win64\127.0.6533.119\chromedriver.exe
2024-11-27T22:35:15,661 [main] INFO  LoginPageTests - Starting login test with companyName: totallygroupconfig, username: Test
2024-11-27T22:35:20,636 [main] INFO  LoginPageTests - Starting navigation to home page
2024-11-27T22:35:26,835 [main] INFO  LoginPageTests - Navigation to home page completed successfully.
2024-11-27T22:36:20,524 [main] INFO  TestRunner - Cleaning up TestRunner environment.
2024-11-27T22:39:57,461 [main] INFO  Utils - [TestNG] Running:
  C:\Users\John.Kushoro\AppData\Local\JetBrains\IdeaIC2024.3\temp-testng-customsuite.xml

2024-11-27T22:39:57,810 [main] INFO  TestRunner - Setting up TestRunner environment.
2024-11-27T22:39:57,830 [main] INFO  TestRunner - Running tests...
2024-11-27T22:39:58,014 [main] INFO  DefaultTestContextBootstrapper - Using TestExecutionListeners: [org.springframework.test.context.support.DirtiesContextBeforeModesTestExecutionListener@54dcbb9f, org.springframework.test.context.event.ApplicationEventsTestExecutionListener@74fef3f7, org.springframework.test.context.support.DependencyInjectionTestExecutionListener@2a037324, org.springframework.test.context.support.DirtiesContextTestExecutionListener@69eb86b4, org.springframework.test.context.event.EventPublishingTestExecutionListener@585ac855]
2024-11-27T22:39:58,050 [main] INFO  DefaultTestContextBootstrapper - Using TestExecutionListeners: [org.springframework.test.context.support.DirtiesContextBeforeModesTestExecutionListener@29182679, org.springframework.test.context.event.ApplicationEventsTestExecutionListener@57bd802b, org.springframework.test.context.support.DependencyInjectionTestExecutionListener@5cbb84b1, org.springframework.test.context.support.DirtiesContextTestExecutionListener@2c779e5, org.springframework.test.context.event.EventPublishingTestExecutionListener@6a84bc2a]
2024-11-27T22:39:58,060 [main] INFO  DefaultTestContextBootstrapper - Using TestExecutionListeners: [org.springframework.test.context.support.DirtiesContextBeforeModesTestExecutionListener@264c5d07, org.springframework.test.context.event.ApplicationEventsTestExecutionListener@847f3e7, org.springframework.test.context.support.DependencyInjectionTestExecutionListener@69cac930, org.springframework.test.context.support.DirtiesContextTestExecutionListener@19593091, org.springframework.test.context.event.EventPublishingTestExecutionListener@5d39f2d8]
2024-11-27T22:39:58,076 [main] INFO  Utils - [TestNG] Running:
  Command line suite

2024-11-27T22:39:58,857 [main] INFO  WebDriverManager - Using chromedriver 127.0.6533.119 (resolved driver for Chrome 127)
2024-11-27T22:39:58,882 [main] INFO  WebDriverManager - Exporting webdriver.chrome.driver as C:\Users\John.Kushoro\.cache\selenium\chromedriver\win64\127.0.6533.119\chromedriver.exe
2024-11-27T22:40:03,790 [main] INFO  LoginPageTests - Starting login test with companyName: totallygroupconfig, username: Test
2024-11-27T22:40:08,077 [main] INFO  LoginPageTests - Starting navigation to home page
2024-11-27T22:40:17,063 [main] INFO  LoginPageTests - Navigation to home page completed successfully.
2024-11-27T22:40:39,071 [main] INFO  TestRunner - Cleaning up TestRunner environment.
2024-11-27T22:44:05,204 [main] INFO  Utils - [TestNG] Running:
  C:\Users\John.Kushoro\AppData\Local\JetBrains\IdeaIC2024.3\temp-testng-customsuite.xml

2024-11-27T22:44:05,653 [main] INFO  TestRunner - Setting up TestRunner environment.
2024-11-27T22:44:05,681 [main] INFO  TestRunner - Running tests...
2024-11-27T22:44:05,999 [main] INFO  DefaultTestContextBootstrapper - Using TestExecutionListeners: [org.springframework.test.context.support.DirtiesContextBeforeModesTestExecutionListener@1ec7d8b3, org.springframework.test.context.event.ApplicationEventsTestExecutionListener@3b0ca5e1, org.springframework.test.context.support.DependencyInjectionTestExecutionListener@5bb3131b, org.springframework.test.context.support.DirtiesContextTestExecutionListener@54dcbb9f, org.springframework.test.context.event.EventPublishingTestExecutionListener@74fef3f7]
2024-11-27T22:44:06,060 [main] INFO  DefaultTestContextBootstrapper - Using TestExecutionListeners: [org.springframework.test.context.support.DirtiesContextBeforeModesTestExecutionListener@75f2099, org.springframework.test.context.event.ApplicationEventsTestExecutionListener@1c12f3ee, org.springframework.test.context.support.DependencyInjectionTestExecutionListener@6d467c87, org.springframework.test.context.support.DirtiesContextTestExecutionListener@29182679, org.springframework.test.context.event.EventPublishingTestExecutionListener@57bd802b]
2024-11-27T22:44:06,087 [main] INFO  DefaultTestContextBootstrapper - Using TestExecutionListeners: [org.springframework.test.context.support.DirtiesContextBeforeModesTestExecutionListener@332f25c8, org.springframework.test.context.event.ApplicationEventsTestExecutionListener@1b32cd16, org.springframework.test.context.support.DependencyInjectionTestExecutionListener@4bdcaf36, org.springframework.test.context.support.DirtiesContextTestExecutionListener@61d01788, org.springframework.test.context.event.EventPublishingTestExecutionListener@2b9b7f1f]
2024-11-27T22:44:06,114 [main] INFO  Utils - [TestNG] Running:
  Command line suite

2024-11-27T22:44:07,021 [main] INFO  WebDriverManager - Using chromedriver 127.0.6533.119 (resolved driver for Chrome 127)
2024-11-27T22:44:07,053 [main] INFO  WebDriverManager - Exporting webdriver.chrome.driver as C:\Users\John.Kushoro\.cache\selenium\chromedriver\win64\127.0.6533.119\chromedriver.exe
2024-11-27T22:44:11,114 [main] INFO  LoginPageTests - Starting login test with companyName: totallygroupconfig, username: Test
2024-11-27T22:44:15,866 [main] INFO  LoginPageTests - Starting navigation to home page
2024-11-27T22:44:24,022 [main] INFO  LoginPageTests - Navigation to home page completed successfully.
2024-11-27T22:44:40,404 [main] INFO  TestRunner - Cleaning up TestRunner environment.
2024-11-27T22:48:14,207 [main] INFO  Utils - [TestNG] Running:
  C:\Users\John.Kushoro\AppData\Local\JetBrains\IdeaIC2024.3\temp-testng-customsuite.xml

2024-11-27T22:48:14,481 [main] INFO  TestRunner - Setting up TestRunner environment.
2024-11-27T22:48:14,508 [main] INFO  TestRunner - Running tests...
2024-11-27T22:48:14,711 [main] INFO  DefaultTestContextBootstrapper - Using TestExecutionListeners: [org.springframework.test.context.support.DirtiesContextBeforeModesTestExecutionListener@54dcbb9f, org.springframework.test.context.event.ApplicationEventsTestExecutionListener@74fef3f7, org.springframework.test.context.support.DependencyInjectionTestExecutionListener@2a037324, org.springframework.test.context.support.DirtiesContextTestExecutionListener@69eb86b4, org.springframework.test.context.event.EventPublishingTestExecutionListener@585ac855]
2024-11-27T22:48:14,732 [main] INFO  DefaultTestContextBootstrapper - Using TestExecutionListeners: [org.springframework.test.context.support.DirtiesContextBeforeModesTestExecutionListener@1c12f3ee, org.springframework.test.context.event.ApplicationEventsTestExecutionListener@6d467c87, org.springframework.test.context.support.DependencyInjectionTestExecutionListener@29182679, org.springframework.test.context.support.DirtiesContextTestExecutionListener@57bd802b, org.springframework.test.context.event.EventPublishingTestExecutionListener@5cbb84b1]
2024-11-27T22:48:14,751 [main] INFO  DefaultTestContextBootstrapper - Using TestExecutionListeners: [org.springframework.test.context.support.DirtiesContextBeforeModesTestExecutionListener@4bdcaf36, org.springframework.test.context.event.ApplicationEventsTestExecutionListener@61d01788, org.springframework.test.context.support.DependencyInjectionTestExecutionListener@2b9b7f1f, org.springframework.test.context.support.DirtiesContextTestExecutionListener@264c5d07, org.springframework.test.context.event.EventPublishingTestExecutionListener@847f3e7]
2024-11-27T22:48:14,769 [main] INFO  Utils - [TestNG] Running:
  Command line suite

2024-11-27T22:48:15,601 [main] INFO  WebDriverManager - Using chromedriver 127.0.6533.119 (resolved driver for Chrome 127)
2024-11-27T22:48:15,638 [main] INFO  WebDriverManager - Exporting webdriver.chrome.driver as C:\Users\John.Kushoro\.cache\selenium\chromedriver\win64\127.0.6533.119\chromedriver.exe
2024-11-27T22:48:19,846 [main] INFO  LoginPageTests - Starting login test with companyName: totallygroupconfig, username: Test
2024-11-27T22:48:26,479 [main] INFO  LoginPageTests - Starting navigation to home page
2024-11-27T22:48:35,034 [main] INFO  LoginPageTests - Navigation to home page completed successfully.
2024-11-27T22:49:35,023 [main] INFO  TestRunner - Cleaning up TestRunner environment.
2024-11-27T22:51:13,375 [main] INFO  Utils - [TestNG] Running:
  C:\Users\John.Kushoro\AppData\Local\JetBrains\IdeaIC2024.3\temp-testng-customsuite.xml

2024-11-27T22:51:13,774 [main] INFO  TestRunner - Setting up TestRunner environment.
2024-11-27T22:51:13,810 [main] INFO  TestRunner - Running tests...
2024-11-27T22:51:14,085 [main] INFO  DefaultTestContextBootstrapper - Using TestExecutionListeners: [org.springframework.test.context.support.DirtiesContextBeforeModesTestExecutionListener@5bb8f9e2, org.springframework.test.context.event.ApplicationEventsTestExecutionListener@6a933be2, org.springframework.test.context.support.DependencyInjectionTestExecutionListener@5f78de22, org.springframework.test.context.support.DirtiesContextTestExecutionListener@516ebdf8, org.springframework.test.context.event.EventPublishingTestExecutionListener@4d8539de]
2024-11-27T22:51:14,139 [main] INFO  DefaultTestContextBootstrapper - Using TestExecutionListeners: [org.springframework.test.context.support.DirtiesContextBeforeModesTestExecutionListener@2c779e5, org.springframework.test.context.event.ApplicationEventsTestExecutionListener@6a84bc2a, org.springframework.test.context.support.DependencyInjectionTestExecutionListener@5183d589, org.springframework.test.context.support.DirtiesContextTestExecutionListener@511d5d04, org.springframework.test.context.event.EventPublishingTestExecutionListener@682c1e93]
2024-11-27T22:51:14,154 [main] INFO  DefaultTestContextBootstrapper - Using TestExecutionListeners: [org.springframework.test.context.support.DirtiesContextBeforeModesTestExecutionListener@847f3e7, org.springframework.test.context.event.ApplicationEventsTestExecutionListener@69cac930, org.springframework.test.context.support.DependencyInjectionTestExecutionListener@19593091, org.springframework.test.context.support.DirtiesContextTestExecutionListener@5d39f2d8, org.springframework.test.context.event.EventPublishingTestExecutionListener@6ad6fa53]
2024-11-27T22:51:14,177 [main] INFO  Utils - [TestNG] Running:
  Command line suite

2024-11-27T22:51:15,099 [main] INFO  WebDriverManager - Using chromedriver 127.0.6533.119 (resolved driver for Chrome 127)
2024-11-27T22:51:15,131 [main] INFO  WebDriverManager - Exporting webdriver.chrome.driver as C:\Users\John.Kushoro\.cache\selenium\chromedriver\win64\127.0.6533.119\chromedriver.exe
2024-11-27T22:51:18,983 [main] INFO  LoginPageTests - Starting login test with companyName: totallygroupconfig, username: Test
2024-11-27T22:51:23,543 [main] INFO  LoginPageTests - Starting navigation to home page
2024-11-27T22:51:31,934 [main] INFO  LoginPageTests - Navigation to home page completed successfully.
2024-11-27T22:52:30,471 [main] INFO  TestRunner - Cleaning up TestRunner environment.
2024-11-27T22:54:01,734 [main] INFO  Utils - [TestNG] Running:
  C:\Users\John.Kushoro\AppData\Local\JetBrains\IdeaIC2024.3\temp-testng-customsuite.xml

2024-11-27T22:54:02,085 [main] INFO  TestRunner - Setting up TestRunner environment.
2024-11-27T22:54:02,105 [main] INFO  TestRunner - Running tests...
2024-11-27T22:54:02,280 [main] INFO  DefaultTestContextBootstrapper - Using TestExecutionListeners: [org.springframework.test.context.support.DirtiesContextBeforeModesTestExecutionListener@54dcbb9f, org.springframework.test.context.event.ApplicationEventsTestExecutionListener@74fef3f7, org.springframework.test.context.support.DependencyInjectionTestExecutionListener@2a037324, org.springframework.test.context.support.DirtiesContextTestExecutionListener@69eb86b4, org.springframework.test.context.event.EventPublishingTestExecutionListener@585ac855]
2024-11-27T22:54:02,311 [main] INFO  DefaultTestContextBootstrapper - Using TestExecutionListeners: [org.springframework.test.context.support.DirtiesContextBeforeModesTestExecutionListener@57bd802b, org.springframework.test.context.event.ApplicationEventsTestExecutionListener@5cbb84b1, org.springframework.test.context.support.DependencyInjectionTestExecutionListener@2c779e5, org.springframework.test.context.support.DirtiesContextTestExecutionListener@6a84bc2a, org.springframework.test.context.event.EventPublishingTestExecutionListener@5183d589]
2024-11-27T22:54:02,335 [main] INFO  DefaultTestContextBootstrapper - Using TestExecutionListeners: [org.springframework.test.context.support.DirtiesContextBeforeModesTestExecutionListener@264c5d07, org.springframework.test.context.event.ApplicationEventsTestExecutionListener@847f3e7, org.springframework.test.context.support.DependencyInjectionTestExecutionListener@69cac930, org.springframework.test.context.support.DirtiesContextTestExecutionListener@19593091, org.springframework.test.context.event.EventPublishingTestExecutionListener@5d39f2d8]
2024-11-27T22:54:02,353 [main] INFO  Utils - [TestNG] Running:
  Command line suite

2024-11-27T22:54:03,198 [main] INFO  WebDriverManager - Using chromedriver 127.0.6533.119 (resolved driver for Chrome 127)
2024-11-27T22:54:03,222 [main] INFO  WebDriverManager - Exporting webdriver.chrome.driver as C:\Users\John.Kushoro\.cache\selenium\chromedriver\win64\127.0.6533.119\chromedriver.exe
2024-11-27T22:54:07,912 [main] INFO  LoginPageTests - Starting login test with companyName: totallygroupconfig, username: Test
2024-11-27T22:54:12,205 [main] INFO  LoginPageTests - Starting navigation to home page
2024-11-27T22:54:21,283 [main] INFO  LoginPageTests - Navigation to home page completed successfully.
2024-11-27T22:54:39,222 [main] INFO  TestRunner - Cleaning up TestRunner environment.
2024-11-27T23:01:47,194 [main] INFO  Utils - [TestNG] Running:
  C:\Users\John.Kushoro\AppData\Local\JetBrains\IdeaIC2024.3\temp-testng-customsuite.xml

2024-11-27T23:01:47,621 [main] INFO  TestRunner - Setting up TestRunner environment.
2024-11-27T23:01:47,652 [main] INFO  TestRunner - Running tests...
2024-11-27T23:01:47,938 [main] INFO  DefaultTestContextBootstrapper - Using TestExecutionListeners: [org.springframework.test.context.support.DirtiesContextBeforeModesTestExecutionListener@74fef3f7, org.springframework.test.context.event.ApplicationEventsTestExecutionListener@2a037324, org.springframework.test.context.support.DependencyInjectionTestExecutionListener@69eb86b4, org.springframework.test.context.support.DirtiesContextTestExecutionListener@585ac855, org.springframework.test.context.event.EventPublishingTestExecutionListener@5bb8f9e2]
2024-11-27T23:01:47,984 [main] INFO  DefaultTestContextBootstrapper - Using TestExecutionListeners: [org.springframework.test.context.support.DirtiesContextBeforeModesTestExecutionListener@6d467c87, org.springframework.test.context.event.ApplicationEventsTestExecutionListener@29182679, org.springframework.test.context.support.DependencyInjectionTestExecutionListener@57bd802b, org.springframework.test.context.support.DirtiesContextTestExecutionListener@5cbb84b1, org.springframework.test.context.event.EventPublishingTestExecutionListener@2c779e5]
2024-11-27T23:01:47,998 [main] INFO  DefaultTestContextBootstrapper - Using TestExecutionListeners: [org.springframework.test.context.support.DirtiesContextBeforeModesTestExecutionListener@4bdcaf36, org.springframework.test.context.event.ApplicationEventsTestExecutionListener@61d01788, org.springframework.test.context.support.DependencyInjectionTestExecutionListener@2b9b7f1f, org.springframework.test.context.support.DirtiesContextTestExecutionListener@264c5d07, org.springframework.test.context.event.EventPublishingTestExecutionListener@847f3e7]
2024-11-27T23:01:48,018 [main] INFO  Utils - [TestNG] Running:
  Command line suite

2024-11-27T23:01:49,722 [main] INFO  WebDriverManager - Using chromedriver 127.0.6533.119 (resolved driver for Chrome 127)
2024-11-27T23:01:49,772 [main] INFO  WebDriverManager - Exporting webdriver.chrome.driver as C:\Users\John.Kushoro\.cache\selenium\chromedriver\win64\127.0.6533.119\chromedriver.exe
2024-11-27T23:01:55,611 [main] INFO  LoginPageTests - Starting login test with companyName: totallygroupconfig, username: Test
2024-11-27T23:02:02,058 [main] INFO  LoginPageTests - Starting navigation to home page
2024-11-27T23:02:13,163 [main] INFO  LoginPageTests - Navigation to home page completed successfully.
2024-11-27T23:02:56,341 [main] INFO  TestRunner - Cleaning up TestRunner environment.
2024-11-27T23:02:56,364 [SpringContextShutdownHook] WARN  DisposableBeanAdapter - Custom destroy method 'close' on bean with name 'webDriver' propagated an exception: org.openqa.selenium.NoSuchSessionException: Session ID is null. Using WebDriver after calling quit()?
Build info: version: '4.25.0', revision: '8a8aea2337'
System info: os.name: 'Windows 10', os.arch: 'amd64', os.version: '10.0', java.version: '23.0.1'
Driver info: org.openqa.selenium.chrome.ChromeDriver
Command: [null, close {}]
Capabilities {acceptInsecureCerts: false, browserName: chrome, browserVersion: 127.0.6533.89, chrome: {chromedriverVersion: 127.0.6533.119 (bdef6783a05..., userDataDir: C:\Users\JOHN~1.KUS\AppData...}, fedcm:accounts: true, goog:chromeOptions: {debuggerAddress: localhost:49870}, networkConnectionEnabled: false, pageLoadStrategy: normal, platformName: windows, proxy: Proxy(), se:cdp: ws://localhost:49870/devtoo..., se:cdpVersion: 127.0.6533.89, setWindowRect: true, strictFileInteractability: false, timeouts: {implicit: 0, pageLoad: 300000, script: 30000}, unhandledPromptBehavior: dismiss and notify, webauthn:extension:credBlob: true, webauthn:extension:largeBlob: true, webauthn:extension:minPinLength: true, webauthn:extension:prf: true, webauthn:virtualAuthenticators: true}
2024-11-27T23:03:36,043 [main] INFO  Utils - [TestNG] Running:
  C:\Users\John.Kushoro\AppData\Local\JetBrains\IdeaIC2024.3\temp-testng-customsuite.xml

2024-11-27T23:03:36,379 [main] INFO  TestRunner - Setting up TestRunner environment.
2024-11-27T23:03:36,408 [main] INFO  TestRunner - Running tests...
2024-11-27T23:03:36,629 [main] INFO  DefaultTestContextBootstrapper - Using TestExecutionListeners: [org.springframework.test.context.support.DirtiesContextBeforeModesTestExecutionListener@6ecd665, org.springframework.test.context.event.ApplicationEventsTestExecutionListener@45394b31, org.springframework.test.context.support.DependencyInjectionTestExecutionListener@1ec7d8b3, org.springframework.test.context.support.DirtiesContextTestExecutionListener@3b0ca5e1, org.springframework.test.context.event.EventPublishingTestExecutionListener@5bb3131b]
2024-11-27T23:03:36,673 [main] INFO  DefaultTestContextBootstrapper - Using TestExecutionListeners: [org.springframework.test.context.support.DirtiesContextBeforeModesTestExecutionListener@42f22995, org.springframework.test.context.event.ApplicationEventsTestExecutionListener@693e4d19, org.springframework.test.context.support.DependencyInjectionTestExecutionListener@286b39c2, org.springframework.test.context.support.DirtiesContextTestExecutionListener@5432050b, org.springframework.test.context.event.EventPublishingTestExecutionListener@75f2099]
2024-11-27T23:03:36,693 [main] INFO  DefaultTestContextBootstrapper - Using TestExecutionListeners: [org.springframework.test.context.support.DirtiesContextBeforeModesTestExecutionListener@6443b128, org.springframework.test.context.event.ApplicationEventsTestExecutionListener@5eeedb60, org.springframework.test.context.support.DependencyInjectionTestExecutionListener@40021799, org.springframework.test.context.support.DirtiesContextTestExecutionListener@4a1c0752, org.springframework.test.context.event.EventPublishingTestExecutionListener@332f25c8]
2024-11-27T23:03:36,714 [main] INFO  Utils - [TestNG] Running:
  Command line suite

2024-11-27T23:03:37,674 [main] INFO  WebDriverManager - Using chromedriver 127.0.6533.119 (resolved driver for Chrome 127)
2024-11-27T23:03:37,695 [main] INFO  WebDriverManager - Exporting webdriver.chrome.driver as C:\Users\John.Kushoro\.cache\selenium\chromedriver\win64\127.0.6533.119\chromedriver.exe
2024-11-27T23:03:41,857 [main] INFO  LoginPageTests - Starting login test with companyName: totallygroupconfig, username: Test
2024-11-27T23:03:47,540 [main] INFO  LoginPageTests - Starting navigation to home page
2024-11-27T23:03:54,393 [main] INFO  LoginPageTests - Navigation to home page completed successfully.
2024-11-27T23:07:51,772 [main] INFO  Utils - [TestNG] Running:
  C:\Users\John.Kushoro\AppData\Local\JetBrains\IdeaIC2024.3\temp-testng-customsuite.xml

2024-11-27T23:07:52,119 [main] INFO  TestRunner - Setting up TestRunner environment.
2024-11-27T23:07:52,142 [main] INFO  TestRunner - Running tests...
2024-11-27T23:07:52,339 [main] INFO  DefaultTestContextBootstrapper - Using TestExecutionListeners: [org.springframework.test.context.support.DirtiesContextBeforeModesTestExecutionListener@74fef3f7, org.springframework.test.context.event.ApplicationEventsTestExecutionListener@2a037324, org.springframework.test.context.support.DependencyInjectionTestExecutionListener@69eb86b4, org.springframework.test.context.support.DirtiesContextTestExecutionListener@585ac855, org.springframework.test.context.event.EventPublishingTestExecutionListener@5bb8f9e2]
2024-11-27T23:07:52,368 [main] INFO  DefaultTestContextBootstrapper - Using TestExecutionListeners: [org.springframework.test.context.support.DirtiesContextBeforeModesTestExecutionListener@57bd802b, org.springframework.test.context.event.ApplicationEventsTestExecutionListener@5cbb84b1, org.springframework.test.context.support.DependencyInjectionTestExecutionListener@2c779e5, org.springframework.test.context.support.DirtiesContextTestExecutionListener@6a84bc2a, org.springframework.test.context.event.EventPublishingTestExecutionListener@5183d589]
2024-11-27T23:07:52,378 [main] INFO  DefaultTestContextBootstrapper - Using TestExecutionListeners: [org.springframework.test.context.support.DirtiesContextBeforeModesTestExecutionListener@2b9b7f1f, org.springframework.test.context.event.ApplicationEventsTestExecutionListener@264c5d07, org.springframework.test.context.support.DependencyInjectionTestExecutionListener@847f3e7, org.springframework.test.context.support.DirtiesContextTestExecutionListener@69cac930, org.springframework.test.context.event.EventPublishingTestExecutionListener@19593091]
2024-11-27T23:07:52,392 [main] INFO  Utils - [TestNG] Running:
  Command line suite

2024-11-27T23:07:54,043 [main] INFO  WebDriverManager - Using chromedriver 127.0.6533.119 (resolved driver for Chrome 127)
2024-11-27T23:07:54,081 [main] INFO  WebDriverManager - Exporting webdriver.chrome.driver as C:\Users\John.Kushoro\.cache\selenium\chromedriver\win64\127.0.6533.119\chromedriver.exe
2024-11-27T23:07:58,861 [main] INFO  LoginPageTests - Starting login test with companyName: totallygroupconfig, username: Test
2024-11-27T23:08:04,892 [main] INFO  LoginPageTests - Starting navigation to home page
2024-11-27T23:08:14,235 [main] INFO  LoginPageTests - Navigation to home page completed successfully.
2024-11-27T23:08:32,176 [main] INFO  TestRunner - Cleaning up TestRunner environment.
2024-11-27T23:11:05,617 [main] INFO  Utils - [TestNG] Running:
  C:\Users\John.Kushoro\AppData\Local\JetBrains\IdeaIC2024.3\temp-testng-customsuite.xml

2024-11-27T23:11:06,013 [main] INFO  TestRunner - Setting up TestRunner environment.
2024-11-27T23:11:06,040 [main] INFO  TestRunner - Running tests...
2024-11-27T23:11:06,209 [main] INFO  DefaultTestContextBootstrapper - Using TestExecutionListeners: [org.springframework.test.context.support.DirtiesContextBeforeModesTestExecutionListener@74fef3f7, org.springframework.test.context.event.ApplicationEventsTestExecutionListener@2a037324, org.springframework.test.context.support.DependencyInjectionTestExecutionListener@69eb86b4, org.springframework.test.context.support.DirtiesContextTestExecutionListener@585ac855, org.springframework.test.context.event.EventPublishingTestExecutionListener@5bb8f9e2]
2024-11-27T23:11:06,241 [main] INFO  DefaultTestContextBootstrapper - Using TestExecutionListeners: [org.springframework.test.context.support.DirtiesContextBeforeModesTestExecutionListener@57bd802b, org.springframework.test.context.event.ApplicationEventsTestExecutionListener@5cbb84b1, org.springframework.test.context.support.DependencyInjectionTestExecutionListener@2c779e5, org.springframework.test.context.support.DirtiesContextTestExecutionListener@6a84bc2a, org.springframework.test.context.event.EventPublishingTestExecutionListener@5183d589]
2024-11-27T23:11:06,255 [main] INFO  DefaultTestContextBootstrapper - Using TestExecutionListeners: [org.springframework.test.context.support.DirtiesContextBeforeModesTestExecutionListener@847f3e7, org.springframework.test.context.event.ApplicationEventsTestExecutionListener@69cac930, org.springframework.test.context.support.DependencyInjectionTestExecutionListener@19593091, org.springframework.test.context.support.DirtiesContextTestExecutionListener@5d39f2d8, org.springframework.test.context.event.EventPublishingTestExecutionListener@6ad6fa53]
2024-11-27T23:11:06,270 [main] INFO  Utils - [TestNG] Running:
  Command line suite

2024-11-27T23:11:07,026 [main] INFO  WebDriverManager - Using chromedriver 127.0.6533.119 (resolved driver for Chrome 127)
2024-11-27T23:11:07,046 [main] INFO  WebDriverManager - Exporting webdriver.chrome.driver as C:\Users\John.Kushoro\.cache\selenium\chromedriver\win64\127.0.6533.119\chromedriver.exe
2024-11-27T23:11:11,659 [main] INFO  LoginPageTests - Starting login test with companyName: totallygroupconfig, username: Test
2024-11-27T23:11:15,835 [main] INFO  LoginPageTests - Starting navigation to home page
2024-11-27T23:11:23,164 [main] INFO  LoginPageTests - Navigation to home page completed successfully.
2024-11-27T23:11:38,891 [main] INFO  TestRunner - Cleaning up TestRunner environment.
2024-11-27T23:12:58,111 [main] INFO  Utils - [TestNG] Running:
  C:\Users\John.Kushoro\AppData\Local\JetBrains\IdeaIC2024.3\temp-testng-customsuite.xml

2024-11-27T23:12:58,464 [main] INFO  TestRunner - Setting up TestRunner environment.
2024-11-27T23:12:58,481 [main] INFO  TestRunner - Running tests...
2024-11-27T23:12:58,656 [main] INFO  DefaultTestContextBootstrapper - Using TestExecutionListeners: [org.springframework.test.context.support.DirtiesContextBeforeModesTestExecutionListener@74fef3f7, org.springframework.test.context.event.ApplicationEventsTestExecutionListener@2a037324, org.springframework.test.context.support.DependencyInjectionTestExecutionListener@69eb86b4, org.springframework.test.context.support.DirtiesContextTestExecutionListener@585ac855, org.springframework.test.context.event.EventPublishingTestExecutionListener@5bb8f9e2]
2024-11-27T23:12:58,706 [main] INFO  DefaultTestContextBootstrapper - Using TestExecutionListeners: [org.springframework.test.context.support.DirtiesContextBeforeModesTestExecutionListener@29182679, org.springframework.test.context.event.ApplicationEventsTestExecutionListener@57bd802b, org.springframework.test.context.support.DependencyInjectionTestExecutionListener@5cbb84b1, org.springframework.test.context.support.DirtiesContextTestExecutionListener@2c779e5, org.springframework.test.context.event.EventPublishingTestExecutionListener@6a84bc2a]
2024-11-27T23:12:58,723 [main] INFO  DefaultTestContextBootstrapper - Using TestExecutionListeners: [org.springframework.test.context.support.DirtiesContextBeforeModesTestExecutionListener@61d01788, org.springframework.test.context.event.ApplicationEventsTestExecutionListener@2b9b7f1f, org.springframework.test.context.support.DependencyInjectionTestExecutionListener@264c5d07, org.springframework.test.context.support.DirtiesContextTestExecutionListener@847f3e7, org.springframework.test.context.event.EventPublishingTestExecutionListener@69cac930]
2024-11-27T23:12:58,758 [main] INFO  Utils - [TestNG] Running:
  Command line suite

2024-11-27T23:12:59,659 [main] INFO  WebDriverManager - Using chromedriver 127.0.6533.119 (resolved driver for Chrome 127)
2024-11-27T23:12:59,700 [main] INFO  WebDriverManager - Exporting webdriver.chrome.driver as C:\Users\John.Kushoro\.cache\selenium\chromedriver\win64\127.0.6533.119\chromedriver.exe
2024-11-27T23:13:03,954 [main] INFO  LoginPageTests - Starting login test with companyName: totallygroupconfig, username: Test
2024-11-27T23:13:07,435 [main] INFO  LoginPageTests - Starting navigation to home page
2024-11-27T23:13:14,602 [main] INFO  LoginPageTests - Navigation to home page completed successfully.
2024-11-27T23:14:09,634 [main] INFO  TestRunner - Cleaning up TestRunner environment.
2024-11-27T23:16:26,346 [main] INFO  Utils - [TestNG] Running:
  C:\Users\John.Kushoro\AppData\Local\JetBrains\IdeaIC2024.3\temp-testng-customsuite.xml

2024-11-27T23:16:26,851 [main] INFO  TestRunner - Setting up TestRunner environment.
2024-11-27T23:16:26,877 [main] INFO  TestRunner - Running tests...
2024-11-27T23:16:27,201 [main] INFO  DefaultTestContextBootstrapper - Using TestExecutionListeners: [org.springframework.test.context.support.DirtiesContextBeforeModesTestExecutionListener@74fef3f7, org.springframework.test.context.event.ApplicationEventsTestExecutionListener@2a037324, org.springframework.test.context.support.DependencyInjectionTestExecutionListener@69eb86b4, org.springframework.test.context.support.DirtiesContextTestExecutionListener@585ac855, org.springframework.test.context.event.EventPublishingTestExecutionListener@5bb8f9e2]
2024-11-27T23:16:27,258 [main] INFO  DefaultTestContextBootstrapper - Using TestExecutionListeners: [org.springframework.test.context.support.DirtiesContextBeforeModesTestExecutionListener@1c12f3ee, org.springframework.test.context.event.ApplicationEventsTestExecutionListener@6d467c87, org.springframework.test.context.support.DependencyInjectionTestExecutionListener@29182679, org.springframework.test.context.support.DirtiesContextTestExecutionListener@57bd802b, org.springframework.test.context.event.EventPublishingTestExecutionListener@5cbb84b1]
2024-11-27T23:16:27,281 [main] INFO  DefaultTestContextBootstrapper - Using TestExecutionListeners: [org.springframework.test.context.support.DirtiesContextBeforeModesTestExecutionListener@61d01788, org.springframework.test.context.event.ApplicationEventsTestExecutionListener@2b9b7f1f, org.springframework.test.context.support.DependencyInjectionTestExecutionListener@264c5d07, org.springframework.test.context.support.DirtiesContextTestExecutionListener@847f3e7, org.springframework.test.context.event.EventPublishingTestExecutionListener@69cac930]
2024-11-27T23:16:27,318 [main] INFO  Utils - [TestNG] Running:
  Command line suite

2024-11-27T23:16:28,447 [main] INFO  WebDriverManager - Using chromedriver 127.0.6533.119 (resolved driver for Chrome 127)
2024-11-27T23:16:28,484 [main] INFO  WebDriverManager - Exporting webdriver.chrome.driver as C:\Users\John.Kushoro\.cache\selenium\chromedriver\win64\127.0.6533.119\chromedriver.exe
2024-11-27T23:16:32,674 [main] INFO  LoginPageTests - Starting login test with companyName: totallygroupconfig, username: Test
2024-11-27T23:16:36,912 [main] INFO  LoginPageTests - Starting navigation to home page
2024-11-27T23:16:45,216 [main] INFO  LoginPageTests - Navigation to home page completed successfully.
2024-11-27T23:17:01,371 [main] INFO  TestRunner - Cleaning up TestRunner environment.
2024-11-27T23:21:49,048 [main] INFO  Utils - [TestNG] Running:
  C:\Users\John.Kushoro\AppData\Local\JetBrains\IdeaIC2024.3\temp-testng-customsuite.xml

2024-11-27T23:21:49,513 [main] INFO  TestRunner - Setting up TestRunner environment.
2024-11-27T23:21:49,542 [main] INFO  TestRunner - Running tests...
2024-11-27T23:21:49,777 [main] INFO  DefaultTestContextBootstrapper - Using TestExecutionListeners: [org.springframework.test.context.support.DirtiesContextBeforeModesTestExecutionListener@272a179c, org.springframework.test.context.event.ApplicationEventsTestExecutionListener@30feffc, org.springframework.test.context.support.DependencyInjectionTestExecutionListener@67207d8a, org.springframework.test.context.support.DirtiesContextTestExecutionListener@bcb09a6, org.springframework.test.context.event.EventPublishingTestExecutionListener@7c2a69b4]
2024-11-27T23:21:49,821 [main] INFO  DefaultTestContextBootstrapper - Using TestExecutionListeners: [org.springframework.test.context.support.DirtiesContextBeforeModesTestExecutionListener@68e62ca4, org.springframework.test.context.event.ApplicationEventsTestExecutionListener@5328a9c1, org.springframework.test.context.support.DependencyInjectionTestExecutionListener@5b78fdb1, org.springframework.test.context.support.DirtiesContextTestExecutionListener@48bfb884, org.springframework.test.context.event.EventPublishingTestExecutionListener@11653e3b]
2024-11-27T23:21:49,837 [main] INFO  DefaultTestContextBootstrapper - Using TestExecutionListeners: [org.springframework.test.context.support.DirtiesContextBeforeModesTestExecutionListener@5e742e4, org.springframework.test.context.event.ApplicationEventsTestExecutionListener@175acfb2, org.springframework.test.context.support.DependencyInjectionTestExecutionListener@4a03bb68, org.springframework.test.context.support.DirtiesContextTestExecutionListener@4e868ef5, org.springframework.test.context.event.EventPublishingTestExecutionListener@71c905a3]
2024-11-27T23:21:49,857 [main] INFO  Utils - [TestNG] Running:
  Command line suite

2024-11-27T23:21:50,864 [main] INFO  WebDriverManager - Using chromedriver 127.0.6533.119 (resolved driver for Chrome 127)
2024-11-27T23:21:50,894 [main] INFO  WebDriverManager - Exporting webdriver.chrome.driver as C:\Users\John.Kushoro\.cache\selenium\chromedriver\win64\127.0.6533.119\chromedriver.exe
2024-11-27T23:21:55,896 [main] INFO  LoginPageTests - Starting login test with companyName: totallygroupconfig, username: Test
2024-11-27T23:22:02,762 [main] INFO  LoginPageTests - Starting navigation to home page
2024-11-27T23:22:10,570 [main] INFO  LoginPageTests - Navigation to home page completed successfully.
2024-11-27T23:22:25,960 [main] INFO  TestRunner - Cleaning up TestRunner environment.
2024-11-27T23:23:20,072 [main] INFO  Utils - [TestNG] Running:
  C:\Users\John.Kushoro\AppData\Local\JetBrains\IdeaIC2024.3\temp-testng-customsuite.xml

2024-11-27T23:23:20,532 [main] INFO  TestRunner - Setting up TestRunner environment.
2024-11-27T23:23:20,558 [main] INFO  TestRunner - Running tests...
2024-11-27T23:23:20,838 [main] INFO  DefaultTestContextBootstrapper - Using TestExecutionListeners: [org.springframework.test.context.support.DirtiesContextBeforeModesTestExecutionListener@74fef3f7, org.springframework.test.context.event.ApplicationEventsTestExecutionListener@2a037324, org.springframework.test.context.support.DependencyInjectionTestExecutionListener@69eb86b4, org.springframework.test.context.support.DirtiesContextTestExecutionListener@585ac855, org.springframework.test.context.event.EventPublishingTestExecutionListener@5bb8f9e2]
2024-11-27T23:23:20,871 [main] INFO  DefaultTestContextBootstrapper - Using TestExecutionListeners: [org.springframework.test.context.support.DirtiesContextBeforeModesTestExecutionListener@6d467c87, org.springframework.test.context.event.ApplicationEventsTestExecutionListener@29182679, org.springframework.test.context.support.DependencyInjectionTestExecutionListener@57bd802b, org.springframework.test.context.support.DirtiesContextTestExecutionListener@5cbb84b1, org.springframework.test.context.event.EventPublishingTestExecutionListener@2c779e5]
2024-11-27T23:23:20,899 [main] INFO  DefaultTestContextBootstrapper - Using TestExecutionListeners: [org.springframework.test.context.support.DirtiesContextBeforeModesTestExecutionListener@4bdcaf36, org.springframework.test.context.event.ApplicationEventsTestExecutionListener@61d01788, org.springframework.test.context.support.DependencyInjectionTestExecutionListener@2b9b7f1f, org.springframework.test.context.support.DirtiesContextTestExecutionListener@264c5d07, org.springframework.test.context.event.EventPublishingTestExecutionListener@847f3e7]
2024-11-27T23:23:20,918 [main] INFO  Utils - [TestNG] Running:
  Command line suite

2024-11-27T23:23:21,941 [main] INFO  WebDriverManager - Using chromedriver 127.0.6533.119 (resolved driver for Chrome 127)
2024-11-27T23:23:21,971 [main] INFO  WebDriverManager - Exporting webdriver.chrome.driver as C:\Users\John.Kushoro\.cache\selenium\chromedriver\win64\127.0.6533.119\chromedriver.exe
2024-11-27T23:23:25,927 [main] INFO  LoginPageTests - Starting login test with companyName: totallygroupconfig, username: Test
2024-11-27T23:23:30,493 [main] INFO  LoginPageTests - Starting navigation to home page
2024-11-27T23:23:37,132 [main] INFO  LoginPageTests - Navigation to home page completed successfully.
2024-11-27T23:23:52,420 [main] INFO  TestRunner - Cleaning up TestRunner environment.
2024-11-27T23:32:17,714 [main] INFO  Utils - [TestNG] Running:
  C:\Users\John.Kushoro\AppData\Local\JetBrains\IdeaIC2024.3\temp-testng-customsuite.xml

2024-11-27T23:32:18,003 [main] INFO  TestRunner - Setting up TestRunner environment.
2024-11-27T23:32:18,029 [main] INFO  TestRunner - Running tests...
2024-11-27T23:32:18,231 [main] INFO  DefaultTestContextBootstrapper - Using TestExecutionListeners: [org.springframework.test.context.support.DirtiesContextBeforeModesTestExecutionListener@74fef3f7, org.springframework.test.context.event.ApplicationEventsTestExecutionListener@2a037324, org.springframework.test.context.support.DependencyInjectionTestExecutionListener@69eb86b4, org.springframework.test.context.support.DirtiesContextTestExecutionListener@585ac855, org.springframework.test.context.event.EventPublishingTestExecutionListener@5bb8f9e2]
2024-11-27T23:32:18,285 [main] INFO  DefaultTestContextBootstrapper - Using TestExecutionListeners: [org.springframework.test.context.support.DirtiesContextBeforeModesTestExecutionListener@1c12f3ee, org.springframework.test.context.event.ApplicationEventsTestExecutionListener@6d467c87, org.springframework.test.context.support.DependencyInjectionTestExecutionListener@29182679, org.springframework.test.context.support.DirtiesContextTestExecutionListener@57bd802b, org.springframework.test.context.event.EventPublishingTestExecutionListener@5cbb84b1]
2024-11-27T23:32:18,296 [main] INFO  DefaultTestContextBootstrapper - Using TestExecutionListeners: [org.springframework.test.context.support.DirtiesContextBeforeModesTestExecutionListener@4bdcaf36, org.springframework.test.context.event.ApplicationEventsTestExecutionListener@61d01788, org.springframework.test.context.support.DependencyInjectionTestExecutionListener@2b9b7f1f, org.springframework.test.context.support.DirtiesContextTestExecutionListener@264c5d07, org.springframework.test.context.event.EventPublishingTestExecutionListener@847f3e7]
2024-11-27T23:32:18,315 [main] INFO  Utils - [TestNG] Running:
  Command line suite

2024-11-27T23:32:19,151 [main] INFO  WebDriverManager - Using chromedriver 127.0.6533.119 (resolved driver for Chrome 127)
2024-11-27T23:32:19,184 [main] INFO  WebDriverManager - Exporting webdriver.chrome.driver as C:\Users\John.Kushoro\.cache\selenium\chromedriver\win64\127.0.6533.119\chromedriver.exe
2024-11-27T23:32:23,636 [main] INFO  LoginPageTests - Starting login test with companyName: totallygroupconfig, username: Test
2024-11-27T23:32:29,148 [main] INFO  LoginPageTests - Starting navigation to home page
2024-11-27T23:32:36,950 [main] INFO  LoginPageTests - Navigation to home page completed successfully.
2024-11-27T23:32:51,617 [main] INFO  TestRunner - Cleaning up TestRunner environment.
2024-11-27T23:35:20,386 [main] INFO  Utils - [TestNG] Running:
  C:\Users\John.Kushoro\AppData\Local\JetBrains\IdeaIC2024.3\temp-testng-customsuite.xml

2024-11-27T23:35:20,678 [main] INFO  TestRunner - Setting up TestRunner environment.
2024-11-27T23:35:20,706 [main] INFO  TestRunner - Running tests...
2024-11-27T23:35:20,915 [main] INFO  DefaultTestContextBootstrapper - Using TestExecutionListeners: [org.springframework.test.context.support.DirtiesContextBeforeModesTestExecutionListener@74fef3f7, org.springframework.test.context.event.ApplicationEventsTestExecutionListener@2a037324, org.springframework.test.context.support.DependencyInjectionTestExecutionListener@69eb86b4, org.springframework.test.context.support.DirtiesContextTestExecutionListener@585ac855, org.springframework.test.context.event.EventPublishingTestExecutionListener@5bb8f9e2]
2024-11-27T23:35:20,952 [main] INFO  DefaultTestContextBootstrapper - Using TestExecutionListeners: [org.springframework.test.context.support.DirtiesContextBeforeModesTestExecutionListener@57bd802b, org.springframework.test.context.event.ApplicationEventsTestExecutionListener@5cbb84b1, org.springframework.test.context.support.DependencyInjectionTestExecutionListener@2c779e5, org.springframework.test.context.support.DirtiesContextTestExecutionListener@6a84bc2a, org.springframework.test.context.event.EventPublishingTestExecutionListener@5183d589]
2024-11-27T23:35:20,971 [main] INFO  DefaultTestContextBootstrapper - Using TestExecutionListeners: [org.springframework.test.context.support.DirtiesContextBeforeModesTestExecutionListener@264c5d07, org.springframework.test.context.event.ApplicationEventsTestExecutionListener@847f3e7, org.springframework.test.context.support.DependencyInjectionTestExecutionListener@69cac930, org.springframework.test.context.support.DirtiesContextTestExecutionListener@19593091, org.springframework.test.context.event.EventPublishingTestExecutionListener@5d39f2d8]
2024-11-27T23:35:20,987 [main] INFO  Utils - [TestNG] Running:
  Command line suite

2024-11-27T23:35:21,753 [main] INFO  WebDriverManager - Using chromedriver 127.0.6533.119 (resolved driver for Chrome 127)
2024-11-27T23:35:21,778 [main] INFO  WebDriverManager - Exporting webdriver.chrome.driver as C:\Users\John.Kushoro\.cache\selenium\chromedriver\win64\127.0.6533.119\chromedriver.exe
2024-11-27T23:35:26,462 [main] INFO  LoginPageTests - Starting login test with companyName: totallygroupconfig, username: Test
2024-11-27T23:35:31,420 [main] INFO  LoginPageTests - Starting navigation to home page
2024-11-27T23:35:39,072 [main] INFO  LoginPageTests - Navigation to home page completed successfully.
2024-11-27T23:35:58,024 [main] INFO  TestRunner - Cleaning up TestRunner environment.
2024-11-27T23:36:46,846 [main] INFO  Utils - [TestNG] Running:
  C:\Users\John.Kushoro\AppData\Local\JetBrains\IdeaIC2024.3\temp-testng-customsuite.xml

2024-11-27T23:36:47,396 [main] INFO  TestRunner - Setting up TestRunner environment.
2024-11-27T23:36:47,431 [main] INFO  TestRunner - Running tests...
2024-11-27T23:36:47,760 [main] INFO  DefaultTestContextBootstrapper - Using TestExecutionListeners: [org.springframework.test.context.support.DirtiesContextBeforeModesTestExecutionListener@1ec7d8b3, org.springframework.test.context.event.ApplicationEventsTestExecutionListener@3b0ca5e1, org.springframework.test.context.support.DependencyInjectionTestExecutionListener@5bb3131b, org.springframework.test.context.support.DirtiesContextTestExecutionListener@54dcbb9f, org.springframework.test.context.event.EventPublishingTestExecutionListener@74fef3f7]
2024-11-27T23:36:47,813 [main] INFO  DefaultTestContextBootstrapper - Using TestExecutionListeners: [org.springframework.test.context.support.DirtiesContextBeforeModesTestExecutionListener@693e4d19, org.springframework.test.context.event.ApplicationEventsTestExecutionListener@286b39c2, org.springframework.test.context.support.DependencyInjectionTestExecutionListener@5432050b, org.springframework.test.context.support.DirtiesContextTestExecutionListener@75f2099, org.springframework.test.context.event.EventPublishingTestExecutionListener@1c12f3ee]
2024-11-27T23:36:47,835 [main] INFO  DefaultTestContextBootstrapper - Using TestExecutionListeners: [org.springframework.test.context.support.DirtiesContextBeforeModesTestExecutionListener@5eeedb60, org.springframework.test.context.event.ApplicationEventsTestExecutionListener@40021799, org.springframework.test.context.support.DependencyInjectionTestExecutionListener@4a1c0752, org.springframework.test.context.support.DirtiesContextTestExecutionListener@332f25c8, org.springframework.test.context.event.EventPublishingTestExecutionListener@1b32cd16]
2024-11-27T23:36:47,861 [main] INFO  Utils - [TestNG] Running:
  Command line suite

2024-11-27T23:36:48,970 [main] INFO  WebDriverManager - Using chromedriver 127.0.6533.119 (resolved driver for Chrome 127)
2024-11-27T23:36:49,018 [main] INFO  WebDriverManager - Exporting webdriver.chrome.driver as C:\Users\John.Kushoro\.cache\selenium\chromedriver\win64\127.0.6533.119\chromedriver.exe
2024-11-27T23:36:53,698 [main] INFO  LoginPageTests - Starting login test with companyName: totallygroupconfig, username: Test
2024-11-27T23:36:58,017 [main] INFO  LoginPageTests - Starting navigation to home page
2024-11-27T23:37:06,330 [main] INFO  LoginPageTests - Navigation to home page completed successfully.
2024-11-27T23:37:25,231 [main] INFO  TestRunner - Cleaning up TestRunner environment.
