2024-12-19T00:19:01,876 [main] INFO  Utils - [TestNG] Running:
  C:\Users\John.Kushoro\AppData\Local\JetBrains\IdeaIC2024.3\temp-testng-customsuite.xml

2024-12-19T00:19:02,337 [main] INFO  TestRunner - Setting up TestRunner environment.
2024-12-19T00:19:02,400 [main] INFO  TestRunner - Running tests...
2024-12-19T00:19:02,664 [main] INFO  DefaultTestContextBootstrapper - Using TestExecutionListeners: [org.springframework.test.context.support.DirtiesContextBeforeModesTestExecutionListener@69b2f8e5, org.springframework.test.context.event.ApplicationEventsTestExecutionListener@6331250e, org.springframework.test.context.support.DependencyInjectionTestExecutionListener@a10c1b5, org.springframework.test.context.support.DirtiesContextTestExecutionListener@644abb8f, org.springframework.test.context.event.EventPublishingTestExecutionListener@1a411233]
2024-12-19T00:19:02,708 [main] INFO  DefaultTestContextBootstrapper - Using TestExecutionListeners: [org.springframework.test.context.support.DirtiesContextBeforeModesTestExecutionListener@7808fb9, org.springframework.test.context.event.ApplicationEventsTestExecutionListener@773bd77b, org.springframework.test.context.support.DependencyInjectionTestExecutionListener@6b580b88, org.springframework.test.context.support.DirtiesContextTestExecutionListener@6d91790b, org.springframework.test.context.event.EventPublishingTestExecutionListener@6e6fce47]
2024-12-19T00:19:02,721 [main] INFO  DefaultTestContextBootstrapper - Using TestExecutionListeners: [org.springframework.test.context.support.DirtiesContextBeforeModesTestExecutionListener@46c00568, org.springframework.test.context.event.ApplicationEventsTestExecutionListener@56ccd751, org.springframework.test.context.support.DependencyInjectionTestExecutionListener@458544e0, org.springframework.test.context.support.DirtiesContextTestExecutionListener@6bcbf05b, org.springframework.test.context.event.EventPublishingTestExecutionListener@2d66530f]
2024-12-19T00:19:02,743 [main] INFO  Utils - [TestNG] Running:
  Command line suite

2024-12-19T00:19:05,227 [main] INFO  WebDriverManager - Using chromedriver 127.0.6533.119 (resolved driver for Chrome 127)
2024-12-19T00:19:05,267 [main] INFO  WebDriverManager - Exporting webdriver.chrome.driver as C:\Users\John.Kushoro\.cache\selenium\chromedriver\win64\127.0.6533.119\chromedriver.exe
2024-12-19T00:19:12,384 [main] INFO  LoginPageTests - Starting login test with companyName: totallygroupconfig, username: Test
2024-12-19T00:19:21,486 [main] INFO  LoginPageTests - Starting navigation to home page
2024-12-19T00:19:32,653 [main] INFO  LoginPageTests - Navigation to home page completed successfully.
2024-12-19T00:20:25,736 [main] INFO  TestRunner - Cleaning up TestRunner environment.
2024-12-19T00:29:24,743 [main] INFO  Utils - [TestNG] Running:
  C:\Users\John.Kushoro\AppData\Local\JetBrains\IdeaIC2024.3\temp-testng-customsuite.xml

2024-12-19T00:29:25,071 [main] INFO  TestRunner - Setting up TestRunner environment.
2024-12-19T00:29:25,098 [main] INFO  TestRunner - Running tests...
2024-12-19T00:29:25,350 [main] INFO  DefaultTestContextBootstrapper - Using TestExecutionListeners: [org.springframework.test.context.support.DirtiesContextBeforeModesTestExecutionListener@67207d8a, org.springframework.test.context.event.ApplicationEventsTestExecutionListener@bcb09a6, org.springframework.test.context.support.DependencyInjectionTestExecutionListener@7c2a69b4, org.springframework.test.context.support.DirtiesContextTestExecutionListener@a619c2, org.springframework.test.context.event.EventPublishingTestExecutionListener@648ee871]
2024-12-19T00:29:25,389 [main] INFO  DefaultTestContextBootstrapper - Using TestExecutionListeners: [org.springframework.test.context.support.DirtiesContextBeforeModesTestExecutionListener@5b78fdb1, org.springframework.test.context.event.ApplicationEventsTestExecutionListener@48bfb884, org.springframework.test.context.support.DependencyInjectionTestExecutionListener@11653e3b, org.springframework.test.context.support.DirtiesContextTestExecutionListener@715fb77, org.springframework.test.context.event.EventPublishingTestExecutionListener@1b9c1b51]
2024-12-19T00:29:25,403 [main] INFO  DefaultTestContextBootstrapper - Using TestExecutionListeners: [org.springframework.test.context.support.DirtiesContextBeforeModesTestExecutionListener@4e868ef5, org.springframework.test.context.event.ApplicationEventsTestExecutionListener@71c905a3, org.springframework.test.context.support.DependencyInjectionTestExecutionListener@30af7377, org.springframework.test.context.support.DirtiesContextTestExecutionListener@67a056f1, org.springframework.test.context.event.EventPublishingTestExecutionListener@1dab9dd6]
2024-12-19T00:29:25,426 [main] INFO  Utils - [TestNG] Running:
  Command line suite

2024-12-19T00:29:26,270 [main] INFO  WebDriverManager - Using chromedriver 127.0.6533.119 (resolved driver for Chrome 127)
2024-12-19T00:29:26,296 [main] INFO  WebDriverManager - Exporting webdriver.chrome.driver as C:\Users\John.Kushoro\.cache\selenium\chromedriver\win64\127.0.6533.119\chromedriver.exe
2024-12-19T00:29:31,821 [main] INFO  LoginPageTests - Starting login test with companyName: totallygroupconfig, username: Test
2024-12-19T00:29:36,707 [main] INFO  LoginPageTests - Starting navigation to home page
2024-12-19T00:29:46,098 [main] INFO  LoginPageTests - Navigation to home page completed successfully.
2024-12-19T00:30:35,083 [main] INFO  TestRunner - Cleaning up TestRunner environment.
2024-12-19T00:32:22,052 [main] INFO  Utils - [TestNG] Running:
  C:\Users\John.Kushoro\AppData\Local\JetBrains\IdeaIC2024.3\temp-testng-customsuite.xml

2024-12-19T00:32:22,420 [main] INFO  TestRunner - Setting up TestRunner environment.
2024-12-19T00:32:22,440 [main] INFO  TestRunner - Running tests...
2024-12-19T00:32:22,643 [main] INFO  DefaultTestContextBootstrapper - Using TestExecutionListeners: [org.springframework.test.context.support.DirtiesContextBeforeModesTestExecutionListener@272a179c, org.springframework.test.context.event.ApplicationEventsTestExecutionListener@30feffc, org.springframework.test.context.support.DependencyInjectionTestExecutionListener@67207d8a, org.springframework.test.context.support.DirtiesContextTestExecutionListener@bcb09a6, org.springframework.test.context.event.EventPublishingTestExecutionListener@7c2a69b4]
2024-12-19T00:32:22,687 [main] INFO  DefaultTestContextBootstrapper - Using TestExecutionListeners: [org.springframework.test.context.support.DirtiesContextBeforeModesTestExecutionListener@5328a9c1, org.springframework.test.context.event.ApplicationEventsTestExecutionListener@5b78fdb1, org.springframework.test.context.support.DependencyInjectionTestExecutionListener@48bfb884, org.springframework.test.context.support.DirtiesContextTestExecutionListener@11653e3b, org.springframework.test.context.event.EventPublishingTestExecutionListener@715fb77]
2024-12-19T00:32:22,716 [main] INFO  DefaultTestContextBootstrapper - Using TestExecutionListeners: [org.springframework.test.context.support.DirtiesContextBeforeModesTestExecutionListener@4a03bb68, org.springframework.test.context.event.ApplicationEventsTestExecutionListener@4e868ef5, org.springframework.test.context.support.DependencyInjectionTestExecutionListener@71c905a3, org.springframework.test.context.support.DirtiesContextTestExecutionListener@30af7377, org.springframework.test.context.event.EventPublishingTestExecutionListener@67a056f1]
2024-12-19T00:32:22,740 [main] INFO  Utils - [TestNG] Running:
  Command line suite

2024-12-19T00:32:23,928 [main] INFO  WebDriverManager - Using chromedriver 127.0.6533.119 (resolved driver for Chrome 127)
2024-12-19T00:32:23,963 [main] INFO  WebDriverManager - Exporting webdriver.chrome.driver as C:\Users\John.Kushoro\.cache\selenium\chromedriver\win64\127.0.6533.119\chromedriver.exe
2024-12-19T00:32:29,324 [main] INFO  LoginPageTests - Starting login test with companyName: totallygroupconfig, username: Test
2024-12-19T00:32:34,177 [main] INFO  LoginPageTests - Starting navigation to home page
2024-12-19T00:32:42,874 [main] INFO  LoginPageTests - Navigation to home page completed successfully.
2024-12-19T00:33:32,134 [main] INFO  TestRunner - Cleaning up TestRunner environment.
2024-12-19T00:34:35,233 [main] INFO  Utils - [TestNG] Running:
  C:\Users\John.Kushoro\AppData\Local\JetBrains\IdeaIC2024.3\temp-testng-customsuite.xml

2024-12-19T00:34:35,848 [main] INFO  TestRunner - Setting up TestRunner environment.
2024-12-19T00:34:35,871 [main] INFO  TestRunner - Running tests...
2024-12-19T00:34:36,083 [main] INFO  DefaultTestContextBootstrapper - Using TestExecutionListeners: [org.springframework.test.context.support.DirtiesContextBeforeModesTestExecutionListener@6a933be2, org.springframework.test.context.event.ApplicationEventsTestExecutionListener@5f78de22, org.springframework.test.context.support.DependencyInjectionTestExecutionListener@516ebdf8, org.springframework.test.context.support.DirtiesContextTestExecutionListener@4d8539de, org.springframework.test.context.event.EventPublishingTestExecutionListener@3eba57a7]
2024-12-19T00:34:36,139 [main] INFO  DefaultTestContextBootstrapper - Using TestExecutionListeners: [org.springframework.test.context.support.DirtiesContextBeforeModesTestExecutionListener@6a84bc2a, org.springframework.test.context.event.ApplicationEventsTestExecutionListener@5183d589, org.springframework.test.context.support.DependencyInjectionTestExecutionListener@511d5d04, org.springframework.test.context.support.DirtiesContextTestExecutionListener@682c1e93, org.springframework.test.context.event.EventPublishingTestExecutionListener@27068a50]
2024-12-19T00:34:36,163 [main] INFO  DefaultTestContextBootstrapper - Using TestExecutionListeners: [org.springframework.test.context.support.DirtiesContextBeforeModesTestExecutionListener@69cac930, org.springframework.test.context.event.ApplicationEventsTestExecutionListener@19593091, org.springframework.test.context.support.DependencyInjectionTestExecutionListener@5d39f2d8, org.springframework.test.context.support.DirtiesContextTestExecutionListener@6ad6fa53, org.springframework.test.context.event.EventPublishingTestExecutionListener@55ea2d70]
2024-12-19T00:34:36,193 [main] INFO  Utils - [TestNG] Running:
  Command line suite

2024-12-19T00:34:37,289 [main] INFO  WebDriverManager - Using chromedriver 127.0.6533.119 (resolved driver for Chrome 127)
2024-12-19T00:34:37,317 [main] INFO  WebDriverManager - Exporting webdriver.chrome.driver as C:\Users\John.Kushoro\.cache\selenium\chromedriver\win64\127.0.6533.119\chromedriver.exe
2024-12-19T00:34:42,594 [main] INFO  LoginPageTests - Starting login test with companyName: totallygroupconfig, username: Test
2024-12-19T00:34:49,392 [main] INFO  LoginPageTests - Starting navigation to home page
2024-12-19T00:35:04,913 [main] INFO  LoginPageTests - Navigation to home page completed successfully.
2024-12-19T00:36:00,506 [main] INFO  TestRunner - Cleaning up TestRunner environment.
2024-12-19T00:37:21,666 [main] INFO  Utils - [TestNG] Running:
  C:\Users\John.Kushoro\AppData\Local\JetBrains\IdeaIC2024.3\temp-testng-customsuite.xml

2024-12-19T00:37:22,171 [main] INFO  TestRunner - Setting up TestRunner environment.
2024-12-19T00:37:22,191 [main] INFO  TestRunner - Running tests...
2024-12-19T00:37:22,432 [main] INFO  DefaultTestContextBootstrapper - Using TestExecutionListeners: [org.springframework.test.context.support.DirtiesContextBeforeModesTestExecutionListener@3eba57a7, org.springframework.test.context.event.ApplicationEventsTestExecutionListener@272a179c, org.springframework.test.context.support.DependencyInjectionTestExecutionListener@30feffc, org.springframework.test.context.support.DirtiesContextTestExecutionListener@67207d8a, org.springframework.test.context.event.EventPublishingTestExecutionListener@bcb09a6]
2024-12-19T00:37:22,478 [main] INFO  DefaultTestContextBootstrapper - Using TestExecutionListeners: [org.springframework.test.context.support.DirtiesContextBeforeModesTestExecutionListener@68e62ca4, org.springframework.test.context.event.ApplicationEventsTestExecutionListener@5328a9c1, org.springframework.test.context.support.DependencyInjectionTestExecutionListener@5b78fdb1, org.springframework.test.context.support.DirtiesContextTestExecutionListener@48bfb884, org.springframework.test.context.event.EventPublishingTestExecutionListener@11653e3b]
2024-12-19T00:37:22,491 [main] INFO  DefaultTestContextBootstrapper - Using TestExecutionListeners: [org.springframework.test.context.support.DirtiesContextBeforeModesTestExecutionListener@5e742e4, org.springframework.test.context.event.ApplicationEventsTestExecutionListener@175acfb2, org.springframework.test.context.support.DependencyInjectionTestExecutionListener@4a03bb68, org.springframework.test.context.support.DirtiesContextTestExecutionListener@4e868ef5, org.springframework.test.context.event.EventPublishingTestExecutionListener@71c905a3]
2024-12-19T00:37:22,511 [main] INFO  Utils - [TestNG] Running:
  Command line suite

2024-12-19T00:37:24,092 [main] INFO  WebDriverManager - Using chromedriver 127.0.6533.119 (resolved driver for Chrome 127)
2024-12-19T00:37:24,156 [main] INFO  WebDriverManager - Exporting webdriver.chrome.driver as C:\Users\John.Kushoro\.cache\selenium\chromedriver\win64\127.0.6533.119\chromedriver.exe
2024-12-19T00:37:29,666 [main] INFO  LoginPageTests - Starting login test with companyName: totallygroupconfig, username: Test
2024-12-19T00:37:33,733 [main] INFO  LoginPageTests - Starting navigation to home page
2024-12-19T00:37:41,103 [main] INFO  LoginPageTests - Navigation to home page completed successfully.
2024-12-19T00:38:03,882 [main] INFO  TestRunner - Cleaning up TestRunner environment.
2024-12-19T00:40:21,834 [main] INFO  Utils - [TestNG] Running:
  C:\Users\John.Kushoro\AppData\Local\JetBrains\IdeaIC2024.3\temp-testng-customsuite.xml

2024-12-19T00:40:22,187 [main] INFO  TestRunner - Setting up TestRunner environment.
2024-12-19T00:40:22,221 [main] INFO  TestRunner - Running tests...
2024-12-19T00:40:22,464 [main] INFO  DefaultTestContextBootstrapper - Using TestExecutionListeners: [org.springframework.test.context.support.DirtiesContextBeforeModesTestExecutionListener@3eba57a7, org.springframework.test.context.event.ApplicationEventsTestExecutionListener@272a179c, org.springframework.test.context.support.DependencyInjectionTestExecutionListener@30feffc, org.springframework.test.context.support.DirtiesContextTestExecutionListener@67207d8a, org.springframework.test.context.event.EventPublishingTestExecutionListener@bcb09a6]
2024-12-19T00:40:22,498 [main] INFO  DefaultTestContextBootstrapper - Using TestExecutionListeners: [org.springframework.test.context.support.DirtiesContextBeforeModesTestExecutionListener@5328a9c1, org.springframework.test.context.event.ApplicationEventsTestExecutionListener@5b78fdb1, org.springframework.test.context.support.DependencyInjectionTestExecutionListener@48bfb884, org.springframework.test.context.support.DirtiesContextTestExecutionListener@11653e3b, org.springframework.test.context.event.EventPublishingTestExecutionListener@715fb77]
2024-12-19T00:40:22,518 [main] INFO  DefaultTestContextBootstrapper - Using TestExecutionListeners: [org.springframework.test.context.support.DirtiesContextBeforeModesTestExecutionListener@4e868ef5, org.springframework.test.context.event.ApplicationEventsTestExecutionListener@71c905a3, org.springframework.test.context.support.DependencyInjectionTestExecutionListener@30af7377, org.springframework.test.context.support.DirtiesContextTestExecutionListener@67a056f1, org.springframework.test.context.event.EventPublishingTestExecutionListener@1dab9dd6]
2024-12-19T00:40:22,543 [main] INFO  Utils - [TestNG] Running:
  Command line suite

2024-12-19T00:40:23,436 [main] INFO  WebDriverManager - Using chromedriver 127.0.6533.119 (resolved driver for Chrome 127)
2024-12-19T00:40:23,471 [main] INFO  WebDriverManager - Exporting webdriver.chrome.driver as C:\Users\John.Kushoro\.cache\selenium\chromedriver\win64\127.0.6533.119\chromedriver.exe
2024-12-19T00:40:28,524 [main] INFO  LoginPageTests - Starting login test with companyName: totallygroupconfig, username: Test
2024-12-19T00:40:32,522 [main] INFO  LoginPageTests - Starting navigation to home page
2024-12-19T00:40:38,900 [main] INFO  LoginPageTests - Navigation to home page completed successfully.
2024-12-19T00:41:24,889 [main] INFO  TestRunner - Cleaning up TestRunner environment.
2024-12-19T14:50:48,066 [main] INFO  Utils - [TestNG] Running:
  C:\Users\John.Kushoro\AppData\Local\JetBrains\IdeaIC2024.3\temp-testng-customsuite.xml

2024-12-19T14:50:48,373 [main] INFO  TestRunner - Setting up TestRunner environment.
2024-12-19T14:50:48,416 [main] INFO  TestRunner - Running tests...
2024-12-19T14:50:48,638 [main] INFO  DefaultTestContextBootstrapper - Using TestExecutionListeners: [org.springframework.test.context.support.DirtiesContextBeforeModesTestExecutionListener@1813f3e9, org.springframework.test.context.event.ApplicationEventsTestExecutionListener@28cb9120, org.springframework.test.context.support.DependencyInjectionTestExecutionListener@3b152928, org.springframework.test.context.support.DirtiesContextTestExecutionListener@56781d96, org.springframework.test.context.event.EventPublishingTestExecutionListener@5173200b]
2024-12-19T14:50:48,665 [main] INFO  DefaultTestContextBootstrapper - Using TestExecutionListeners: [org.springframework.test.context.support.DirtiesContextBeforeModesTestExecutionListener@7c974942, org.springframework.test.context.event.ApplicationEventsTestExecutionListener@1eea9d2d, org.springframework.test.context.support.DependencyInjectionTestExecutionListener@60921b21, org.springframework.test.context.support.DirtiesContextTestExecutionListener@bd2f5a9, org.springframework.test.context.event.EventPublishingTestExecutionListener@4d4960c8]
2024-12-19T14:50:48,690 [main] INFO  DefaultTestContextBootstrapper - Using TestExecutionListeners: [org.springframework.test.context.support.DirtiesContextBeforeModesTestExecutionListener@7fedfe27, org.springframework.test.context.event.ApplicationEventsTestExecutionListener@2f879bab, org.springframework.test.context.support.DependencyInjectionTestExecutionListener@1d4664d7, org.springframework.test.context.support.DirtiesContextTestExecutionListener@46c00568, org.springframework.test.context.event.EventPublishingTestExecutionListener@56ccd751]
2024-12-19T14:50:48,708 [main] INFO  Utils - [TestNG] Running:
  Command line suite

2024-12-19T14:50:50,446 [main] INFO  WebDriverManager - Using chromedriver 127.0.6533.119 (resolved driver for Chrome 127)
2024-12-19T14:50:50,478 [main] INFO  WebDriverManager - Exporting webdriver.chrome.driver as C:\Users\John.Kushoro\.cache\selenium\chromedriver\win64\127.0.6533.119\chromedriver.exe
2024-12-19T14:50:56,526 [main] INFO  LoginPageTests - Starting login test with companyName: totallygroupconfig, username: Test
2024-12-19T14:51:02,921 [main] INFO  LoginPageTests - Starting navigation to home page
2024-12-19T14:51:12,342 [main] INFO  LoginPageTests - Navigation to home page completed successfully.
2024-12-19T14:51:42,938 [main] INFO  TestRunner - Cleaning up TestRunner environment.
2024-12-19T14:51:42,965 [SpringContextShutdownHook] WARN  DisposableBeanAdapter - Custom destroy method 'close' on bean with name 'webDriver' propagated an exception: org.openqa.selenium.NoSuchSessionException: Session ID is null. Using WebDriver after calling quit()?
Build info: version: '4.25.0', revision: '8a8aea2337'
System info: os.name: 'Windows 10', os.arch: 'amd64', os.version: '10.0', java.version: '23.0.1'
Driver info: org.openqa.selenium.chrome.ChromeDriver
Command: [null, close {}]
Capabilities {acceptInsecureCerts: false, browserName: chrome, browserVersion: 127.0.6533.89, chrome: {chromedriverVersion: 127.0.6533.119 (bdef6783a05..., userDataDir: C:\Users\JOHN~1.KUS\AppData...}, fedcm:accounts: true, goog:chromeOptions: {debuggerAddress: localhost:52467}, networkConnectionEnabled: false, pageLoadStrategy: normal, platformName: windows, proxy: Proxy(), se:cdp: ws://localhost:52467/devtoo..., se:cdpVersion: 127.0.6533.89, setWindowRect: true, strictFileInteractability: false, timeouts: {implicit: 0, pageLoad: 300000, script: 30000}, unhandledPromptBehavior: dismiss and notify, webauthn:extension:credBlob: true, webauthn:extension:largeBlob: true, webauthn:extension:minPinLength: true, webauthn:extension:prf: true, webauthn:virtualAuthenticators: true}
2024-12-19T14:57:05,460 [main] INFO  Utils - [TestNG] Running:
  C:\Users\John.Kushoro\AppData\Local\JetBrains\IdeaIC2024.3\temp-testng-customsuite.xml

2024-12-19T14:57:05,830 [main] INFO  TestRunner - Setting up TestRunner environment.
2024-12-19T14:57:05,848 [main] INFO  TestRunner - Running tests...
2024-12-19T14:57:06,010 [main] INFO  DefaultTestContextBootstrapper - Using TestExecutionListeners: [org.springframework.test.context.support.DirtiesContextBeforeModesTestExecutionListener@bcb09a6, org.springframework.test.context.event.ApplicationEventsTestExecutionListener@7c2a69b4, org.springframework.test.context.support.DependencyInjectionTestExecutionListener@a619c2, org.springframework.test.context.support.DirtiesContextTestExecutionListener@648ee871, org.springframework.test.context.event.EventPublishingTestExecutionListener@375b5b7f]
2024-12-19T14:57:06,042 [main] INFO  DefaultTestContextBootstrapper - Using TestExecutionListeners: [org.springframework.test.context.support.DirtiesContextBeforeModesTestExecutionListener@2e52fb3e, org.springframework.test.context.event.ApplicationEventsTestExecutionListener@16fe9c29, org.springframework.test.context.support.DependencyInjectionTestExecutionListener@3e9803c2, org.springframework.test.context.support.DirtiesContextTestExecutionListener@4525d1d3, org.springframework.test.context.event.EventPublishingTestExecutionListener@7c974942]
2024-12-19T14:57:06,050 [main] INFO  DefaultTestContextBootstrapper - Using TestExecutionListeners: [org.springframework.test.context.support.DirtiesContextBeforeModesTestExecutionListener@afb5821, org.springframework.test.context.event.ApplicationEventsTestExecutionListener@4bff2185, org.springframework.test.context.support.DependencyInjectionTestExecutionListener@5c20ffa8, org.springframework.test.context.support.DirtiesContextTestExecutionListener@7fedfe27, org.springframework.test.context.event.EventPublishingTestExecutionListener@2f879bab]
2024-12-19T14:57:06,067 [main] INFO  Utils - [TestNG] Running:
  Command line suite

2024-12-19T14:57:06,937 [main] INFO  WebDriverManager - Using chromedriver 127.0.6533.119 (resolved driver for Chrome 127)
2024-12-19T14:57:06,965 [main] INFO  WebDriverManager - Exporting webdriver.chrome.driver as C:\Users\John.Kushoro\.cache\selenium\chromedriver\win64\127.0.6533.119\chromedriver.exe
2024-12-19T14:57:11,900 [main] INFO  LoginPageTests - Starting login test with companyName: totallygroupconfig, username: Test
2024-12-19T14:57:16,594 [main] INFO  LoginPageTests - Starting navigation to home page
2024-12-19T14:57:23,588 [main] INFO  LoginPageTests - Navigation to home page completed successfully.
2024-12-19T14:57:37,777 [main] INFO  TestRunner - Cleaning up TestRunner environment.
2024-12-19T14:57:37,822 [SpringContextShutdownHook] WARN  DisposableBeanAdapter - Custom destroy method 'close' on bean with name 'webDriver' propagated an exception: org.openqa.selenium.NoSuchSessionException: Session ID is null. Using WebDriver after calling quit()?
Build info: version: '4.25.0', revision: '8a8aea2337'
System info: os.name: 'Windows 10', os.arch: 'amd64', os.version: '10.0', java.version: '23.0.1'
Driver info: org.openqa.selenium.chrome.ChromeDriver
Command: [null, close {}]
Capabilities {acceptInsecureCerts: false, browserName: chrome, browserVersion: 127.0.6533.89, chrome: {chromedriverVersion: 127.0.6533.119 (bdef6783a05..., userDataDir: C:\Users\JOHN~1.KUS\AppData...}, fedcm:accounts: true, goog:chromeOptions: {debuggerAddress: localhost:53297}, networkConnectionEnabled: false, pageLoadStrategy: normal, platformName: windows, proxy: Proxy(), se:cdp: ws://localhost:53297/devtoo..., se:cdpVersion: 127.0.6533.89, setWindowRect: true, strictFileInteractability: false, timeouts: {implicit: 0, pageLoad: 300000, script: 30000}, unhandledPromptBehavior: dismiss and notify, webauthn:extension:credBlob: true, webauthn:extension:largeBlob: true, webauthn:extension:minPinLength: true, webauthn:extension:prf: true, webauthn:virtualAuthenticators: true}
2024-12-19T22:47:19,083 [main] INFO  Utils - [TestNG] Running:
  C:\Users\John.Kushoro\AppData\Local\JetBrains\IdeaIC2024.3\temp-testng-customsuite.xml

2024-12-19T22:47:19,436 [main] INFO  TestRunner - Setting up TestRunner environment.
2024-12-19T22:47:19,470 [main] INFO  TestRunner - Running tests...
2024-12-19T22:47:19,622 [main] INFO  DefaultTestContextBootstrapper - Using TestExecutionListeners: [org.springframework.test.context.support.DirtiesContextBeforeModesTestExecutionListener@5bb8f9e2, org.springframework.test.context.event.ApplicationEventsTestExecutionListener@6a933be2, org.springframework.test.context.support.DependencyInjectionTestExecutionListener@5f78de22, org.springframework.test.context.support.DirtiesContextTestExecutionListener@516ebdf8, org.springframework.test.context.event.EventPublishingTestExecutionListener@4d8539de]
2024-12-19T22:47:19,659 [main] INFO  DefaultTestContextBootstrapper - Using TestExecutionListeners: [org.springframework.test.context.support.DirtiesContextBeforeModesTestExecutionListener@6a84bc2a, org.springframework.test.context.event.ApplicationEventsTestExecutionListener@5183d589, org.springframework.test.context.support.DependencyInjectionTestExecutionListener@511d5d04, org.springframework.test.context.support.DirtiesContextTestExecutionListener@682c1e93, org.springframework.test.context.event.EventPublishingTestExecutionListener@27068a50]
2024-12-19T22:47:19,670 [main] INFO  DefaultTestContextBootstrapper - Using TestExecutionListeners: [org.springframework.test.context.support.DirtiesContextBeforeModesTestExecutionListener@19593091, org.springframework.test.context.event.ApplicationEventsTestExecutionListener@5d39f2d8, org.springframework.test.context.support.DependencyInjectionTestExecutionListener@6ad6fa53, org.springframework.test.context.support.DirtiesContextTestExecutionListener@55ea2d70, org.springframework.test.context.event.EventPublishingTestExecutionListener@5e742e4]
2024-12-19T22:47:19,688 [main] INFO  Utils - [TestNG] Running:
  Command line suite

2024-12-19T22:47:21,574 [main] INFO  WebDriverManager - Using chromedriver 127.0.6533.119 (resolved driver for Chrome 127)
2024-12-19T22:47:21,609 [main] INFO  WebDriverManager - Exporting webdriver.chrome.driver as C:\Users\John.Kushoro\.cache\selenium\chromedriver\win64\127.0.6533.119\chromedriver.exe
2024-12-19T22:47:27,422 [main] INFO  LoginPageTests - Starting login test with companyName: totallygroupconfig, username: Test
2024-12-19T22:47:36,507 [main] INFO  LoginPageTests - Starting navigation to home page
2024-12-19T22:47:45,989 [main] INFO  LoginPageTests - Navigation to home page completed successfully.
2024-12-19T22:48:08,926 [main] INFO  TestRunner - Cleaning up TestRunner environment.
2024-12-19T22:53:43,769 [main] INFO  Utils - [TestNG] Running:
  C:\Users\John.Kushoro\AppData\Local\JetBrains\IdeaIC2024.3\temp-testng-customsuite.xml

2024-12-19T22:53:44,173 [main] INFO  TestRunner - Setting up TestRunner environment.
2024-12-19T22:53:44,198 [main] INFO  TestRunner - Running tests...
2024-12-19T22:53:44,403 [main] INFO  DefaultTestContextBootstrapper - Using TestExecutionListeners: [org.springframework.test.context.support.DirtiesContextBeforeModesTestExecutionListener@272a179c, org.springframework.test.context.event.ApplicationEventsTestExecutionListener@30feffc, org.springframework.test.context.support.DependencyInjectionTestExecutionListener@67207d8a, org.springframework.test.context.support.DirtiesContextTestExecutionListener@bcb09a6, org.springframework.test.context.event.EventPublishingTestExecutionListener@7c2a69b4]
2024-12-19T22:53:44,433 [main] INFO  DefaultTestContextBootstrapper - Using TestExecutionListeners: [org.springframework.test.context.support.DirtiesContextBeforeModesTestExecutionListener@68e62ca4, org.springframework.test.context.event.ApplicationEventsTestExecutionListener@5328a9c1, org.springframework.test.context.support.DependencyInjectionTestExecutionListener@5b78fdb1, org.springframework.test.context.support.DirtiesContextTestExecutionListener@48bfb884, org.springframework.test.context.event.EventPublishingTestExecutionListener@11653e3b]
2024-12-19T22:53:44,452 [main] INFO  DefaultTestContextBootstrapper - Using TestExecutionListeners: [org.springframework.test.context.support.DirtiesContextBeforeModesTestExecutionListener@175acfb2, org.springframework.test.context.event.ApplicationEventsTestExecutionListener@4a03bb68, org.springframework.test.context.support.DependencyInjectionTestExecutionListener@4e868ef5, org.springframework.test.context.support.DirtiesContextTestExecutionListener@71c905a3, org.springframework.test.context.event.EventPublishingTestExecutionListener@30af7377]
2024-12-19T22:53:44,496 [main] INFO  Utils - [TestNG] Running:
  Command line suite

2024-12-19T22:53:45,339 [main] INFO  WebDriverManager - Using chromedriver 127.0.6533.119 (resolved driver for Chrome 127)
2024-12-19T22:53:45,378 [main] INFO  WebDriverManager - Exporting webdriver.chrome.driver as C:\Users\John.Kushoro\.cache\selenium\chromedriver\win64\127.0.6533.119\chromedriver.exe
2024-12-19T22:53:50,258 [main] INFO  LoginPageTests - Starting login test with companyName: totallygroupconfig, username: Test
2024-12-19T22:53:55,358 [main] INFO  LoginPageTests - Starting navigation to home page
2024-12-19T22:54:02,508 [main] INFO  LoginPageTests - Navigation to home page completed successfully.
2024-12-19T22:54:20,926 [main] INFO  TestRunner - Cleaning up TestRunner environment.
2024-12-19T23:05:56,993 [main] INFO  Utils - [TestNG] Running:
  C:\Users\John.Kushoro\AppData\Local\JetBrains\IdeaIC2024.3\temp-testng-customsuite.xml

2024-12-19T23:05:57,415 [main] INFO  TestRunner - Setting up TestRunner environment.
2024-12-19T23:05:57,443 [main] INFO  TestRunner - Running tests...
2024-12-19T23:05:57,662 [main] INFO  DefaultTestContextBootstrapper - Using TestExecutionListeners: [org.springframework.test.context.support.DirtiesContextBeforeModesTestExecutionListener@3eba57a7, org.springframework.test.context.event.ApplicationEventsTestExecutionListener@272a179c, org.springframework.test.context.support.DependencyInjectionTestExecutionListener@30feffc, org.springframework.test.context.support.DirtiesContextTestExecutionListener@67207d8a, org.springframework.test.context.event.EventPublishingTestExecutionListener@bcb09a6]
2024-12-19T23:05:57,725 [main] INFO  DefaultTestContextBootstrapper - Using TestExecutionListeners: [org.springframework.test.context.support.DirtiesContextBeforeModesTestExecutionListener@27068a50, org.springframework.test.context.event.ApplicationEventsTestExecutionListener@68e62ca4, org.springframework.test.context.support.DependencyInjectionTestExecutionListener@5328a9c1, org.springframework.test.context.support.DirtiesContextTestExecutionListener@5b78fdb1, org.springframework.test.context.event.EventPublishingTestExecutionListener@48bfb884]
2024-12-19T23:05:57,761 [main] INFO  DefaultTestContextBootstrapper - Using TestExecutionListeners: [org.springframework.test.context.support.DirtiesContextBeforeModesTestExecutionListener@175acfb2, org.springframework.test.context.event.ApplicationEventsTestExecutionListener@4a03bb68, org.springframework.test.context.support.DependencyInjectionTestExecutionListener@4e868ef5, org.springframework.test.context.support.DirtiesContextTestExecutionListener@71c905a3, org.springframework.test.context.event.EventPublishingTestExecutionListener@30af7377]
2024-12-19T23:05:57,823 [main] INFO  Utils - [TestNG] Running:
  Command line suite

2024-12-19T23:05:58,844 [main] INFO  WebDriverManager - Using chromedriver 127.0.6533.119 (resolved driver for Chrome 127)
2024-12-19T23:05:58,877 [main] INFO  WebDriverManager - Exporting webdriver.chrome.driver as C:\Users\John.Kushoro\.cache\selenium\chromedriver\win64\127.0.6533.119\chromedriver.exe
2024-12-19T23:06:04,395 [main] INFO  LoginPageTests - Starting login test with companyName: totallygroupconfig, username: Test
2024-12-19T23:06:10,368 [main] INFO  LoginPageTests - Starting navigation to home page
2024-12-19T23:06:19,217 [main] INFO  LoginPageTests - Navigation to home page completed successfully.
2024-12-19T23:06:43,000 [main] INFO  TestRunner - Cleaning up TestRunner environment.
2024-12-19T23:09:00,812 [main] INFO  Utils - [TestNG] Running:
  C:\Users\John.Kushoro\AppData\Local\JetBrains\IdeaIC2024.3\temp-testng-customsuite.xml

2024-12-19T23:09:01,157 [main] INFO  TestRunner - Setting up TestRunner environment.
2024-12-19T23:09:01,180 [main] INFO  TestRunner - Running tests...
2024-12-19T23:09:01,351 [main] INFO  DefaultTestContextBootstrapper - Using TestExecutionListeners: [org.springframework.test.context.support.DirtiesContextBeforeModesTestExecutionListener@272a179c, org.springframework.test.context.event.ApplicationEventsTestExecutionListener@30feffc, org.springframework.test.context.support.DependencyInjectionTestExecutionListener@67207d8a, org.springframework.test.context.support.DirtiesContextTestExecutionListener@bcb09a6, org.springframework.test.context.event.EventPublishingTestExecutionListener@7c2a69b4]
2024-12-19T23:09:01,371 [main] INFO  DefaultTestContextBootstrapper - Using TestExecutionListeners: [org.springframework.test.context.support.DirtiesContextBeforeModesTestExecutionListener@27068a50, org.springframework.test.context.event.ApplicationEventsTestExecutionListener@68e62ca4, org.springframework.test.context.support.DependencyInjectionTestExecutionListener@5328a9c1, org.springframework.test.context.support.DirtiesContextTestExecutionListener@5b78fdb1, org.springframework.test.context.event.EventPublishingTestExecutionListener@48bfb884]
2024-12-19T23:09:01,388 [main] INFO  DefaultTestContextBootstrapper - Using TestExecutionListeners: [org.springframework.test.context.support.DirtiesContextBeforeModesTestExecutionListener@175acfb2, org.springframework.test.context.event.ApplicationEventsTestExecutionListener@4a03bb68, org.springframework.test.context.support.DependencyInjectionTestExecutionListener@4e868ef5, org.springframework.test.context.support.DirtiesContextTestExecutionListener@71c905a3, org.springframework.test.context.event.EventPublishingTestExecutionListener@30af7377]
2024-12-19T23:09:01,401 [main] INFO  Utils - [TestNG] Running:
  Command line suite

2024-12-19T23:09:02,374 [main] INFO  WebDriverManager - Using chromedriver 127.0.6533.119 (resolved driver for Chrome 127)
2024-12-19T23:09:02,401 [main] INFO  WebDriverManager - Exporting webdriver.chrome.driver as C:\Users\John.Kushoro\.cache\selenium\chromedriver\win64\127.0.6533.119\chromedriver.exe
2024-12-19T23:09:06,931 [main] INFO  LoginPageTests - Starting login test with companyName: totallygroupconfig, username: Test
2024-12-19T23:09:12,626 [main] INFO  LoginPageTests - Starting navigation to home page
2024-12-19T23:09:20,159 [main] INFO  LoginPageTests - Navigation to home page completed successfully.
2024-12-19T23:09:36,156 [main] INFO  TestRunner - Cleaning up TestRunner environment.
2024-12-19T23:14:16,366 [main] INFO  Utils - [TestNG] Running:
  C:\Users\John.Kushoro\AppData\Local\JetBrains\IdeaIC2024.3\temp-testng-customsuite.xml

2024-12-19T23:14:16,756 [main] INFO  TestRunner - Setting up TestRunner environment.
2024-12-19T23:14:16,774 [main] INFO  TestRunner - Running tests...
2024-12-19T23:14:16,940 [main] INFO  DefaultTestContextBootstrapper - Using TestExecutionListeners: [org.springframework.test.context.support.DirtiesContextBeforeModesTestExecutionListener@3eba57a7, org.springframework.test.context.event.ApplicationEventsTestExecutionListener@272a179c, org.springframework.test.context.support.DependencyInjectionTestExecutionListener@30feffc, org.springframework.test.context.support.DirtiesContextTestExecutionListener@67207d8a, org.springframework.test.context.event.EventPublishingTestExecutionListener@bcb09a6]
2024-12-19T23:14:16,966 [main] INFO  DefaultTestContextBootstrapper - Using TestExecutionListeners: [org.springframework.test.context.support.DirtiesContextBeforeModesTestExecutionListener@5328a9c1, org.springframework.test.context.event.ApplicationEventsTestExecutionListener@5b78fdb1, org.springframework.test.context.support.DependencyInjectionTestExecutionListener@48bfb884, org.springframework.test.context.support.DirtiesContextTestExecutionListener@11653e3b, org.springframework.test.context.event.EventPublishingTestExecutionListener@715fb77]
2024-12-19T23:14:16,976 [main] INFO  DefaultTestContextBootstrapper - Using TestExecutionListeners: [org.springframework.test.context.support.DirtiesContextBeforeModesTestExecutionListener@4e868ef5, org.springframework.test.context.event.ApplicationEventsTestExecutionListener@71c905a3, org.springframework.test.context.support.DependencyInjectionTestExecutionListener@30af7377, org.springframework.test.context.support.DirtiesContextTestExecutionListener@67a056f1, org.springframework.test.context.event.EventPublishingTestExecutionListener@1dab9dd6]
2024-12-19T23:14:16,990 [main] INFO  Utils - [TestNG] Running:
  Command line suite

2024-12-19T23:14:17,770 [main] INFO  WebDriverManager - Using chromedriver 127.0.6533.119 (resolved driver for Chrome 127)
2024-12-19T23:14:17,798 [main] INFO  WebDriverManager - Exporting webdriver.chrome.driver as C:\Users\John.Kushoro\.cache\selenium\chromedriver\win64\127.0.6533.119\chromedriver.exe
2024-12-19T23:14:22,987 [main] INFO  LoginPageTests - Starting login test with companyName: totallygroupconfig, username: Test
2024-12-19T23:14:26,882 [main] INFO  LoginPageTests - Starting navigation to home page
2024-12-19T23:14:34,198 [main] INFO  LoginPageTests - Navigation to home page completed successfully.
2024-12-19T23:15:16,326 [main] INFO  TestRunner - Cleaning up TestRunner environment.
2024-12-19T23:19:18,891 [main] INFO  Utils - [TestNG] Running:
  C:\Users\John.Kushoro\AppData\Local\JetBrains\IdeaIC2024.3\temp-testng-customsuite.xml

2024-12-19T23:19:19,350 [main] INFO  TestRunner - Setting up TestRunner environment.
2024-12-19T23:19:19,384 [main] INFO  TestRunner - Running tests...
2024-12-19T23:19:19,652 [main] INFO  DefaultTestContextBootstrapper - Using TestExecutionListeners: [org.springframework.test.context.support.DirtiesContextBeforeModesTestExecutionListener@723ed581, org.springframework.test.context.event.ApplicationEventsTestExecutionListener@6b760460, org.springframework.test.context.support.DependencyInjectionTestExecutionListener@796065aa, org.springframework.test.context.support.DirtiesContextTestExecutionListener@28a6301f, org.springframework.test.context.event.EventPublishingTestExecutionListener@2c306a57]
2024-12-19T23:19:19,678 [main] INFO  DefaultTestContextBootstrapper - Using TestExecutionListeners: [org.springframework.test.context.support.DirtiesContextBeforeModesTestExecutionListener@7cab1508, org.springframework.test.context.event.ApplicationEventsTestExecutionListener@6a84bc3f, org.springframework.test.context.support.DependencyInjectionTestExecutionListener@258ee7de, org.springframework.test.context.support.DirtiesContextTestExecutionListener@4930539b, org.springframework.test.context.event.EventPublishingTestExecutionListener@6d171ce0]
2024-12-19T23:19:19,690 [main] INFO  DefaultTestContextBootstrapper - Using TestExecutionListeners: [org.springframework.test.context.support.DirtiesContextBeforeModesTestExecutionListener@5bca7664, org.springframework.test.context.event.ApplicationEventsTestExecutionListener@105b693d, org.springframework.test.context.support.DependencyInjectionTestExecutionListener@3fae596, org.springframework.test.context.support.DirtiesContextTestExecutionListener@4a0df195, org.springframework.test.context.event.EventPublishingTestExecutionListener@42fcc7e6]
2024-12-19T23:19:19,712 [main] INFO  Utils - [TestNG] Running:
  Command line suite

2024-12-19T23:19:20,757 [main] INFO  WebDriverManager - Using chromedriver 127.0.6533.119 (resolved driver for Chrome 127)
2024-12-19T23:19:20,788 [main] INFO  WebDriverManager - Exporting webdriver.chrome.driver as C:\Users\John.Kushoro\.cache\selenium\chromedriver\win64\127.0.6533.119\chromedriver.exe
2024-12-19T23:19:26,144 [main] INFO  LoginPageTests - Starting login test with companyName: totallygroupconfig, username: Test
2024-12-19T23:19:31,303 [main] INFO  LoginPageTests - Starting navigation to home page
2024-12-19T23:19:39,108 [main] INFO  LoginPageTests - Navigation to home page completed successfully.
2024-12-19T23:20:26,917 [main] INFO  TestRunner - Cleaning up TestRunner environment.
2024-12-19T23:20:26,992 [SpringContextShutdownHook] WARN  DisposableBeanAdapter - Custom destroy method 'close' on bean with name 'webDriver' propagated an exception: org.openqa.selenium.NoSuchSessionException: Session ID is null. Using WebDriver after calling quit()?
Build info: version: '4.25.0', revision: '8a8aea2337'
System info: os.name: 'Windows 10', os.arch: 'amd64', os.version: '10.0', java.version: '23.0.1'
Driver info: org.openqa.selenium.chrome.ChromeDriver
Command: [null, close {}]
Capabilities {acceptInsecureCerts: false, browserName: chrome, browserVersion: 127.0.6533.89, chrome: {chromedriverVersion: 127.0.6533.119 (bdef6783a05..., userDataDir: C:\Users\JOHN~1.KUS\AppData...}, fedcm:accounts: true, goog:chromeOptions: {debuggerAddress: localhost:60425}, networkConnectionEnabled: false, pageLoadStrategy: normal, platformName: windows, proxy: Proxy(), se:cdp: ws://localhost:60425/devtoo..., se:cdpVersion: 127.0.6533.89, setWindowRect: true, strictFileInteractability: false, timeouts: {implicit: 0, pageLoad: 300000, script: 30000}, unhandledPromptBehavior: dismiss and notify, webauthn:extension:credBlob: true, webauthn:extension:largeBlob: true, webauthn:extension:minPinLength: true, webauthn:extension:prf: true, webauthn:virtualAuthenticators: true}
2024-12-19T23:21:09,832 [main] INFO  Utils - [TestNG] Running:
  C:\Users\John.Kushoro\AppData\Local\JetBrains\IdeaIC2024.3\temp-testng-customsuite.xml

2024-12-19T23:21:10,152 [main] INFO  TestRunner - Setting up TestRunner environment.
2024-12-19T23:21:10,172 [main] INFO  TestRunner - Running tests...
2024-12-19T23:21:10,361 [main] INFO  DefaultTestContextBootstrapper - Using TestExecutionListeners: [org.springframework.test.context.support.DirtiesContextBeforeModesTestExecutionListener@3eba57a7, org.springframework.test.context.event.ApplicationEventsTestExecutionListener@272a179c, org.springframework.test.context.support.DependencyInjectionTestExecutionListener@30feffc, org.springframework.test.context.support.DirtiesContextTestExecutionListener@67207d8a, org.springframework.test.context.event.EventPublishingTestExecutionListener@bcb09a6]
2024-12-19T23:21:10,390 [main] INFO  DefaultTestContextBootstrapper - Using TestExecutionListeners: [org.springframework.test.context.support.DirtiesContextBeforeModesTestExecutionListener@68e62ca4, org.springframework.test.context.event.ApplicationEventsTestExecutionListener@5328a9c1, org.springframework.test.context.support.DependencyInjectionTestExecutionListener@5b78fdb1, org.springframework.test.context.support.DirtiesContextTestExecutionListener@48bfb884, org.springframework.test.context.event.EventPublishingTestExecutionListener@11653e3b]
2024-12-19T23:21:10,399 [main] INFO  DefaultTestContextBootstrapper - Using TestExecutionListeners: [org.springframework.test.context.support.DirtiesContextBeforeModesTestExecutionListener@4e868ef5, org.springframework.test.context.event.ApplicationEventsTestExecutionListener@71c905a3, org.springframework.test.context.support.DependencyInjectionTestExecutionListener@30af7377, org.springframework.test.context.support.DirtiesContextTestExecutionListener@67a056f1, org.springframework.test.context.event.EventPublishingTestExecutionListener@1dab9dd6]
2024-12-19T23:21:10,415 [main] INFO  Utils - [TestNG] Running:
  Command line suite

2024-12-19T23:21:11,208 [main] INFO  WebDriverManager - Using chromedriver 127.0.6533.119 (resolved driver for Chrome 127)
2024-12-19T23:21:11,233 [main] INFO  WebDriverManager - Exporting webdriver.chrome.driver as C:\Users\John.Kushoro\.cache\selenium\chromedriver\win64\127.0.6533.119\chromedriver.exe
2024-12-19T23:21:15,546 [main] INFO  LoginPageTests - Starting login test with companyName: totallygroupconfig, username: Test
2024-12-19T23:21:20,325 [main] INFO  LoginPageTests - Starting navigation to home page
2024-12-19T23:21:26,103 [main] INFO  LoginPageTests - Navigation to home page completed successfully.
2024-12-19T23:21:41,907 [main] INFO  TestRunner - Cleaning up TestRunner environment.
2024-12-19T23:22:47,970 [main] INFO  Utils - [TestNG] Running:
  C:\Users\John.Kushoro\AppData\Local\JetBrains\IdeaIC2024.3\temp-testng-customsuite.xml

2024-12-19T23:22:48,342 [main] INFO  TestRunner - Setting up TestRunner environment.
2024-12-19T23:22:48,364 [main] INFO  TestRunner - Running tests...
2024-12-19T23:22:48,626 [main] INFO  DefaultTestContextBootstrapper - Using TestExecutionListeners: [org.springframework.test.context.support.DirtiesContextBeforeModesTestExecutionListener@bcb09a6, org.springframework.test.context.event.ApplicationEventsTestExecutionListener@7c2a69b4, org.springframework.test.context.support.DependencyInjectionTestExecutionListener@a619c2, org.springframework.test.context.support.DirtiesContextTestExecutionListener@648ee871, org.springframework.test.context.event.EventPublishingTestExecutionListener@375b5b7f]
2024-12-19T23:22:48,665 [main] INFO  DefaultTestContextBootstrapper - Using TestExecutionListeners: [org.springframework.test.context.support.DirtiesContextBeforeModesTestExecutionListener@48bfb884, org.springframework.test.context.event.ApplicationEventsTestExecutionListener@11653e3b, org.springframework.test.context.support.DependencyInjectionTestExecutionListener@715fb77, org.springframework.test.context.support.DirtiesContextTestExecutionListener@1b9c1b51, org.springframework.test.context.event.EventPublishingTestExecutionListener@2e52fb3e]
2024-12-19T23:22:48,677 [main] INFO  DefaultTestContextBootstrapper - Using TestExecutionListeners: [org.springframework.test.context.support.DirtiesContextBeforeModesTestExecutionListener@1dab9dd6, org.springframework.test.context.event.ApplicationEventsTestExecutionListener@247667dd, org.springframework.test.context.support.DependencyInjectionTestExecutionListener@6f099cef, org.springframework.test.context.support.DirtiesContextTestExecutionListener@afb5821, org.springframework.test.context.event.EventPublishingTestExecutionListener@4bff2185]
2024-12-19T23:22:48,699 [main] INFO  Utils - [TestNG] Running:
  Command line suite

2024-12-19T23:22:49,593 [main] INFO  WebDriverManager - Using chromedriver 127.0.6533.119 (resolved driver for Chrome 127)
2024-12-19T23:22:49,621 [main] INFO  WebDriverManager - Exporting webdriver.chrome.driver as C:\Users\John.Kushoro\.cache\selenium\chromedriver\win64\127.0.6533.119\chromedriver.exe
2024-12-19T23:22:53,278 [main] INFO  LoginPageTests - Starting login test with companyName: totallygroupconfig, username: Test
2024-12-19T23:22:56,856 [main] INFO  LoginPageTests - Starting navigation to home page
2024-12-19T23:23:04,384 [main] INFO  LoginPageTests - Navigation to home page completed successfully.
2024-12-19T23:23:24,000 [main] INFO  TestRunner - Cleaning up TestRunner environment.
2024-12-19T23:24:22,432 [main] INFO  Utils - [TestNG] Running:
  C:\Users\John.Kushoro\AppData\Local\JetBrains\IdeaIC2024.3\temp-testng-customsuite.xml

2024-12-19T23:24:22,902 [main] INFO  TestRunner - Setting up TestRunner environment.
2024-12-19T23:24:22,923 [main] INFO  TestRunner - Running tests...
2024-12-19T23:24:23,196 [main] INFO  DefaultTestContextBootstrapper - Using TestExecutionListeners: [org.springframework.test.context.support.DirtiesContextBeforeModesTestExecutionListener@5f78de22, org.springframework.test.context.event.ApplicationEventsTestExecutionListener@516ebdf8, org.springframework.test.context.support.DependencyInjectionTestExecutionListener@4d8539de, org.springframework.test.context.support.DirtiesContextTestExecutionListener@3eba57a7, org.springframework.test.context.event.EventPublishingTestExecutionListener@272a179c]
2024-12-19T23:24:23,245 [main] INFO  DefaultTestContextBootstrapper - Using TestExecutionListeners: [org.springframework.test.context.support.DirtiesContextBeforeModesTestExecutionListener@6a84bc2a, org.springframework.test.context.event.ApplicationEventsTestExecutionListener@5183d589, org.springframework.test.context.support.DependencyInjectionTestExecutionListener@511d5d04, org.springframework.test.context.support.DirtiesContextTestExecutionListener@682c1e93, org.springframework.test.context.event.EventPublishingTestExecutionListener@27068a50]
2024-12-19T23:24:23,265 [main] INFO  DefaultTestContextBootstrapper - Using TestExecutionListeners: [org.springframework.test.context.support.DirtiesContextBeforeModesTestExecutionListener@19593091, org.springframework.test.context.event.ApplicationEventsTestExecutionListener@5d39f2d8, org.springframework.test.context.support.DependencyInjectionTestExecutionListener@6ad6fa53, org.springframework.test.context.support.DirtiesContextTestExecutionListener@55ea2d70, org.springframework.test.context.event.EventPublishingTestExecutionListener@5e742e4]
2024-12-19T23:24:23,286 [main] INFO  Utils - [TestNG] Running:
  Command line suite

2024-12-19T23:24:24,462 [main] INFO  WebDriverManager - Using chromedriver 127.0.6533.119 (resolved driver for Chrome 127)
2024-12-19T23:24:24,500 [main] INFO  WebDriverManager - Exporting webdriver.chrome.driver as C:\Users\John.Kushoro\.cache\selenium\chromedriver\win64\127.0.6533.119\chromedriver.exe
2024-12-19T23:24:29,140 [main] INFO  LoginPageTests - Starting login test with companyName: totallygroupconfig, username: Test
2024-12-19T23:24:32,789 [main] INFO  LoginPageTests - Starting navigation to home page
2024-12-19T23:24:38,654 [main] INFO  LoginPageTests - Navigation to home page completed successfully.
2024-12-19T23:25:00,749 [main] INFO  TestRunner - Cleaning up TestRunner environment.
2024-12-19T23:25:00,762 [SpringContextShutdownHook] WARN  DisposableBeanAdapter - Custom destroy method 'close' on bean with name 'webDriver' propagated an exception: org.openqa.selenium.NoSuchSessionException: Session ID is null. Using WebDriver after calling quit()?
Build info: version: '4.25.0', revision: '8a8aea2337'
System info: os.name: 'Windows 10', os.arch: 'amd64', os.version: '10.0', java.version: '23.0.1'
Driver info: org.openqa.selenium.chrome.ChromeDriver
Command: [null, close {}]
Capabilities {acceptInsecureCerts: false, browserName: chrome, browserVersion: 127.0.6533.89, chrome: {chromedriverVersion: 127.0.6533.119 (bdef6783a05..., userDataDir: C:\Users\JOHN~1.KUS\AppData...}, fedcm:accounts: true, goog:chromeOptions: {debuggerAddress: localhost:61376}, networkConnectionEnabled: false, pageLoadStrategy: normal, platformName: windows, proxy: Proxy(), se:cdp: ws://localhost:61376/devtoo..., se:cdpVersion: 127.0.6533.89, setWindowRect: true, strictFileInteractability: false, timeouts: {implicit: 0, pageLoad: 300000, script: 30000}, unhandledPromptBehavior: dismiss and notify, webauthn:extension:credBlob: true, webauthn:extension:largeBlob: true, webauthn:extension:minPinLength: true, webauthn:extension:prf: true, webauthn:virtualAuthenticators: true}
2024-12-19T23:25:40,704 [main] INFO  Utils - [TestNG] Running:
  C:\Users\John.Kushoro\AppData\Local\JetBrains\IdeaIC2024.3\temp-testng-customsuite.xml

2024-12-19T23:25:41,091 [main] INFO  TestRunner - Setting up TestRunner environment.
2024-12-19T23:25:41,111 [main] INFO  TestRunner - Running tests...
2024-12-19T23:25:41,288 [main] INFO  DefaultTestContextBootstrapper - Using TestExecutionListeners: [org.springframework.test.context.support.DirtiesContextBeforeModesTestExecutionListener@3eba57a7, org.springframework.test.context.event.ApplicationEventsTestExecutionListener@272a179c, org.springframework.test.context.support.DependencyInjectionTestExecutionListener@30feffc, org.springframework.test.context.support.DirtiesContextTestExecutionListener@67207d8a, org.springframework.test.context.event.EventPublishingTestExecutionListener@bcb09a6]
2024-12-19T23:25:41,320 [main] INFO  DefaultTestContextBootstrapper - Using TestExecutionListeners: [org.springframework.test.context.support.DirtiesContextBeforeModesTestExecutionListener@682c1e93, org.springframework.test.context.event.ApplicationEventsTestExecutionListener@27068a50, org.springframework.test.context.support.DependencyInjectionTestExecutionListener@68e62ca4, org.springframework.test.context.support.DirtiesContextTestExecutionListener@5328a9c1, org.springframework.test.context.event.EventPublishingTestExecutionListener@5b78fdb1]
2024-12-19T23:25:41,336 [main] INFO  DefaultTestContextBootstrapper - Using TestExecutionListeners: [org.springframework.test.context.support.DirtiesContextBeforeModesTestExecutionListener@6ad6fa53, org.springframework.test.context.event.ApplicationEventsTestExecutionListener@55ea2d70, org.springframework.test.context.support.DependencyInjectionTestExecutionListener@5e742e4, org.springframework.test.context.support.DirtiesContextTestExecutionListener@175acfb2, org.springframework.test.context.event.EventPublishingTestExecutionListener@4a03bb68]
2024-12-19T23:25:41,371 [main] INFO  Utils - [TestNG] Running:
  Command line suite

2024-12-19T23:25:42,245 [main] INFO  WebDriverManager - Using chromedriver 127.0.6533.119 (resolved driver for Chrome 127)
2024-12-19T23:25:42,269 [main] INFO  WebDriverManager - Exporting webdriver.chrome.driver as C:\Users\John.Kushoro\.cache\selenium\chromedriver\win64\127.0.6533.119\chromedriver.exe
2024-12-19T23:25:46,584 [main] INFO  LoginPageTests - Starting login test with companyName: totallygroupconfig, username: Test
2024-12-19T23:25:51,185 [main] INFO  LoginPageTests - Starting navigation to home page
2024-12-19T23:25:58,745 [main] INFO  LoginPageTests - Navigation to home page completed successfully.
2024-12-19T23:26:31,444 [main] INFO  TestRunner - Cleaning up TestRunner environment.
2024-12-19T23:28:08,761 [main] INFO  DefaultTestContextBootstrapper - Using TestExecutionListeners: [org.springframework.test.context.support.DirtiesContextBeforeModesTestExecutionListener@7c56e013, org.springframework.test.context.event.ApplicationEventsTestExecutionListener@3fc9dfc5, org.springframework.test.context.support.DependencyInjectionTestExecutionListener@40258c2f, org.springframework.test.context.support.DirtiesContextTestExecutionListener@2cac4385, org.springframework.test.context.event.EventPublishingTestExecutionListener@6731787b]
2024-12-19T23:28:08,817 [main] INFO  DefaultTestContextBootstrapper - Using TestExecutionListeners: [org.springframework.test.context.support.DirtiesContextBeforeModesTestExecutionListener@89ff02e, org.springframework.test.context.event.ApplicationEventsTestExecutionListener@6865c751, org.springframework.test.context.support.DependencyInjectionTestExecutionListener@62679465, org.springframework.test.context.support.DirtiesContextTestExecutionListener@6a988392, org.springframework.test.context.event.EventPublishingTestExecutionListener@1d71006f]
2024-12-19T23:28:08,827 [main] INFO  DefaultTestContextBootstrapper - Using TestExecutionListeners: [org.springframework.test.context.support.DirtiesContextBeforeModesTestExecutionListener@5f2606b, org.springframework.test.context.event.ApplicationEventsTestExecutionListener@2b58f754, org.springframework.test.context.support.DependencyInjectionTestExecutionListener@3ebff828, org.springframework.test.context.support.DirtiesContextTestExecutionListener@2552f2cb, org.springframework.test.context.event.EventPublishingTestExecutionListener@33352f32]
2024-12-19T23:28:09,526 [main] INFO  WebDriverManager - Using chromedriver 127.0.6533.119 (resolved driver for Chrome 127)
2024-12-19T23:28:09,552 [main] INFO  WebDriverManager - Exporting webdriver.chrome.driver as C:\Users\John.Kushoro\.cache\selenium\chromedriver\win64\127.0.6533.119\chromedriver.exe
2024-12-19T23:28:14,187 [main] INFO  LoginPageTests - Starting login test with companyName: totallygroupconfig, username: Test
2024-12-19T23:28:18,577 [main] INFO  LoginPageTests - Starting navigation to home page
2024-12-19T23:28:27,503 [main] INFO  LoginPageTests - Navigation to home page completed successfully.
2024-12-19T23:29:12,774 [SpringContextShutdownHook] WARN  DisposableBeanAdapter - Custom destroy method 'close' on bean with name 'webDriver' propagated an exception: org.openqa.selenium.NoSuchSessionException: Session ID is null. Using WebDriver after calling quit()?
Build info: version: '4.25.0', revision: '8a8aea2337'
System info: os.name: 'Windows 10', os.arch: 'amd64', os.version: '10.0', java.version: '23.0.1'
Driver info: org.openqa.selenium.chrome.ChromeDriver
Command: [null, close {}]
Capabilities {acceptInsecureCerts: false, browserName: chrome, browserVersion: 127.0.6533.89, chrome: {chromedriverVersion: 127.0.6533.119 (bdef6783a05..., userDataDir: C:\Users\JOHN~1.KUS\AppData...}, fedcm:accounts: true, goog:chromeOptions: {debuggerAddress: localhost:62064}, networkConnectionEnabled: false, pageLoadStrategy: normal, platformName: windows, proxy: Proxy(), se:cdp: ws://localhost:62064/devtoo..., se:cdpVersion: 127.0.6533.89, setWindowRect: true, strictFileInteractability: false, timeouts: {implicit: 0, pageLoad: 300000, script: 30000}, unhandledPromptBehavior: dismiss and notify, webauthn:extension:credBlob: true, webauthn:extension:largeBlob: true, webauthn:extension:minPinLength: true, webauthn:extension:prf: true, webauthn:virtualAuthenticators: true}
2024-12-19T23:29:46,603 [main] INFO  Utils - [TestNG] Running:
  C:\Users\John.Kushoro\AppData\Local\JetBrains\IdeaIC2024.3\temp-testng-customsuite.xml

2024-12-19T23:29:47,127 [main] INFO  TestRunner - Setting up TestRunner environment.
2024-12-19T23:29:47,156 [main] INFO  TestRunner - Running tests...
2024-12-19T23:29:47,430 [main] INFO  DefaultTestContextBootstrapper - Using TestExecutionListeners: [org.springframework.test.context.support.DirtiesContextBeforeModesTestExecutionListener@6a933be2, org.springframework.test.context.event.ApplicationEventsTestExecutionListener@5f78de22, org.springframework.test.context.support.DependencyInjectionTestExecutionListener@516ebdf8, org.springframework.test.context.support.DirtiesContextTestExecutionListener@4d8539de, org.springframework.test.context.event.EventPublishingTestExecutionListener@3eba57a7]
2024-12-19T23:29:47,477 [main] INFO  DefaultTestContextBootstrapper - Using TestExecutionListeners: [org.springframework.test.context.support.DirtiesContextBeforeModesTestExecutionListener@2c779e5, org.springframework.test.context.event.ApplicationEventsTestExecutionListener@6a84bc2a, org.springframework.test.context.support.DependencyInjectionTestExecutionListener@5183d589, org.springframework.test.context.support.DirtiesContextTestExecutionListener@511d5d04, org.springframework.test.context.event.EventPublishingTestExecutionListener@682c1e93]
2024-12-19T23:29:47,492 [main] INFO  DefaultTestContextBootstrapper - Using TestExecutionListeners: [org.springframework.test.context.support.DirtiesContextBeforeModesTestExecutionListener@19593091, org.springframework.test.context.event.ApplicationEventsTestExecutionListener@5d39f2d8, org.springframework.test.context.support.DependencyInjectionTestExecutionListener@6ad6fa53, org.springframework.test.context.support.DirtiesContextTestExecutionListener@55ea2d70, org.springframework.test.context.event.EventPublishingTestExecutionListener@5e742e4]
2024-12-19T23:29:47,514 [main] INFO  Utils - [TestNG] Running:
  Command line suite

2024-12-19T23:29:48,602 [main] INFO  WebDriverManager - Using chromedriver 127.0.6533.119 (resolved driver for Chrome 127)
2024-12-19T23:29:48,651 [main] INFO  WebDriverManager - Exporting webdriver.chrome.driver as C:\Users\John.Kushoro\.cache\selenium\chromedriver\win64\127.0.6533.119\chromedriver.exe
2024-12-19T23:29:53,836 [main] INFO  LoginPageTests - Starting login test with companyName: totallygroupconfig, username: Test
2024-12-19T23:29:58,274 [main] INFO  LoginPageTests - Starting navigation to home page
2024-12-19T23:30:05,859 [main] INFO  LoginPageTests - Navigation to home page completed successfully.
2024-12-19T23:30:52,699 [main] INFO  TestRunner - Cleaning up TestRunner environment.
2024-12-19T23:55:25,400 [main] INFO  DefaultTestContextBootstrapper - Using TestExecutionListeners: [org.springframework.test.context.support.DirtiesContextBeforeModesTestExecutionListener@7c56e013, org.springframework.test.context.event.ApplicationEventsTestExecutionListener@3fc9dfc5, org.springframework.test.context.support.DependencyInjectionTestExecutionListener@40258c2f, org.springframework.test.context.support.DirtiesContextTestExecutionListener@2cac4385, org.springframework.test.context.event.EventPublishingTestExecutionListener@6731787b]
2024-12-19T23:55:25,464 [main] INFO  DefaultTestContextBootstrapper - Using TestExecutionListeners: [org.springframework.test.context.support.DirtiesContextBeforeModesTestExecutionListener@89ff02e, org.springframework.test.context.event.ApplicationEventsTestExecutionListener@6865c751, org.springframework.test.context.support.DependencyInjectionTestExecutionListener@62679465, org.springframework.test.context.support.DirtiesContextTestExecutionListener@6a988392, org.springframework.test.context.event.EventPublishingTestExecutionListener@1d71006f]
2024-12-19T23:55:25,474 [main] INFO  DefaultTestContextBootstrapper - Using TestExecutionListeners: [org.springframework.test.context.support.DirtiesContextBeforeModesTestExecutionListener@5f2606b, org.springframework.test.context.event.ApplicationEventsTestExecutionListener@2b58f754, org.springframework.test.context.support.DependencyInjectionTestExecutionListener@3ebff828, org.springframework.test.context.support.DirtiesContextTestExecutionListener@2552f2cb, org.springframework.test.context.event.EventPublishingTestExecutionListener@33352f32]
2024-12-19T23:55:27,041 [main] INFO  WebDriverManager - Using chromedriver 127.0.6533.119 (resolved driver for Chrome 127)
2024-12-19T23:55:27,080 [main] INFO  WebDriverManager - Exporting webdriver.chrome.driver as C:\Users\John.Kushoro\.cache\selenium\chromedriver\win64\127.0.6533.119\chromedriver.exe
2024-12-19T23:55:32,986 [main] INFO  LoginPageTests - Starting login test with companyName: totallygroupconfig, username: Test
2024-12-19T23:55:39,645 [main] INFO  LoginPageTests - Starting navigation to home page
2024-12-19T23:55:49,184 [main] INFO  LoginPageTests - Navigation to home page completed successfully.
2024-12-19T23:56:33,445 [SpringContextShutdownHook] WARN  DisposableBeanAdapter - Custom destroy method 'close' on bean with name 'webDriver' propagated an exception: org.openqa.selenium.NoSuchSessionException: Session ID is null. Using WebDriver after calling quit()?
Build info: version: '4.25.0', revision: '8a8aea2337'
System info: os.name: 'Windows 10', os.arch: 'amd64', os.version: '10.0', java.version: '23.0.1'
Driver info: org.openqa.selenium.chrome.ChromeDriver
Command: [null, close {}]
Capabilities {acceptInsecureCerts: false, browserName: chrome, browserVersion: 127.0.6533.89, chrome: {chromedriverVersion: 127.0.6533.119 (bdef6783a05..., userDataDir: C:\Users\JOHN~1.KUS\AppData...}, fedcm:accounts: true, goog:chromeOptions: {debuggerAddress: localhost:50389}, networkConnectionEnabled: false, pageLoadStrategy: normal, platformName: windows, proxy: Proxy(), se:cdp: ws://localhost:50389/devtoo..., se:cdpVersion: 127.0.6533.89, setWindowRect: true, strictFileInteractability: false, timeouts: {implicit: 0, pageLoad: 300000, script: 30000}, unhandledPromptBehavior: dismiss and notify, webauthn:extension:credBlob: true, webauthn:extension:largeBlob: true, webauthn:extension:minPinLength: true, webauthn:extension:prf: true, webauthn:virtualAuthenticators: true}
