2024-12-14T00:05:55,279 [main] INFO  Utils - [TestNG] Running:
  C:\Users\John.Kushoro\AppData\Local\JetBrains\IdeaIC2024.3\temp-testng-customsuite.xml

2024-12-14T00:05:55,659 [main] INFO  TestRunner - Setting up TestRunner environment.
2024-12-14T00:05:55,687 [main] INFO  TestRunner - Running tests...
2024-12-14T00:05:55,908 [main] INFO  DefaultTestContextBootstrapper - Using TestExecutionListeners: [org.springframework.test.context.support.DirtiesContextBeforeModesTestExecutionListener@25c5e994, org.springframework.test.context.event.ApplicationEventsTestExecutionListener@378bd86d, org.springframework.test.context.support.DependencyInjectionTestExecutionListener@2189e7a7, org.springframework.test.context.support.DirtiesContextTestExecutionListener@69b2f8e5, org.springframework.test.context.event.EventPublishingTestExecutionListener@6331250e]
2024-12-14T00:05:55,957 [main] INFO  DefaultTestContextBootstrapper - Using TestExecutionListeners: [org.springframework.test.context.support.DirtiesContextBeforeModesTestExecutionListener@1eea9d2d, org.springframework.test.context.event.ApplicationEventsTestExecutionListener@60921b21, org.springframework.test.context.support.DependencyInjectionTestExecutionListener@bd2f5a9, org.springframework.test.context.support.DirtiesContextTestExecutionListener@4d4960c8, org.springframework.test.context.event.EventPublishingTestExecutionListener@7808fb9]
2024-12-14T00:05:55,972 [main] INFO  DefaultTestContextBootstrapper - Using TestExecutionListeners: [org.springframework.test.context.support.DirtiesContextBeforeModesTestExecutionListener@2f879bab, org.springframework.test.context.event.ApplicationEventsTestExecutionListener@1d4664d7, org.springframework.test.context.support.DependencyInjectionTestExecutionListener@46c00568, org.springframework.test.context.support.DirtiesContextTestExecutionListener@56ccd751, org.springframework.test.context.event.EventPublishingTestExecutionListener@458544e0]
2024-12-14T00:05:55,991 [main] INFO  Utils - [TestNG] Running:
  Command line suite

2024-12-14T00:05:56,970 [main] INFO  WebDriverManager - Using chromedriver 127.0.6533.119 (resolved driver for Chrome 127)
2024-12-14T00:05:57,000 [main] INFO  WebDriverManager - Exporting webdriver.chrome.driver as C:\Users\John.Kushoro\.cache\selenium\chromedriver\win64\127.0.6533.119\chromedriver.exe
2024-12-14T00:06:01,415 [main] INFO  LoginPageTests - Starting login test with companyName: totallygroupconfig, username: Test
2024-12-14T00:06:07,492 [main] INFO  LoginPageTests - Starting navigation to home page
2024-12-14T00:06:17,670 [main] INFO  LoginPageTests - Navigation to home page completed successfully.
2024-12-14T00:06:35,524 [main] INFO  Utils - [TestNG] Running:
  C:\Users\John.Kushoro\AppData\Local\JetBrains\IdeaIC2024.3\temp-testng-customsuite.xml

2024-12-14T00:06:35,884 [main] INFO  TestRunner - Setting up TestRunner environment.
2024-12-14T00:06:35,911 [main] INFO  TestRunner - Running tests...
2024-12-14T00:06:36,186 [main] INFO  DefaultTestContextBootstrapper - Using TestExecutionListeners: [org.springframework.test.context.support.DirtiesContextBeforeModesTestExecutionListener@3eba57a7, org.springframework.test.context.event.ApplicationEventsTestExecutionListener@272a179c, org.springframework.test.context.support.DependencyInjectionTestExecutionListener@30feffc, org.springframework.test.context.support.DirtiesContextTestExecutionListener@67207d8a, org.springframework.test.context.event.EventPublishingTestExecutionListener@bcb09a6]
2024-12-14T00:06:36,279 [main] INFO  DefaultTestContextBootstrapper - Using TestExecutionListeners: [org.springframework.test.context.support.DirtiesContextBeforeModesTestExecutionListener@682c1e93, org.springframework.test.context.event.ApplicationEventsTestExecutionListener@27068a50, org.springframework.test.context.support.DependencyInjectionTestExecutionListener@68e62ca4, org.springframework.test.context.support.DirtiesContextTestExecutionListener@5328a9c1, org.springframework.test.context.event.EventPublishingTestExecutionListener@5b78fdb1]
2024-12-14T00:06:36,302 [main] INFO  DefaultTestContextBootstrapper - Using TestExecutionListeners: [org.springframework.test.context.support.DirtiesContextBeforeModesTestExecutionListener@55ea2d70, org.springframework.test.context.event.ApplicationEventsTestExecutionListener@5e742e4, org.springframework.test.context.support.DependencyInjectionTestExecutionListener@175acfb2, org.springframework.test.context.support.DirtiesContextTestExecutionListener@4a03bb68, org.springframework.test.context.event.EventPublishingTestExecutionListener@4e868ef5]
2024-12-14T00:06:36,333 [main] INFO  Utils - [TestNG] Running:
  Command line suite

2024-12-14T00:06:37,193 [main] INFO  WebDriverManager - Using chromedriver 127.0.6533.119 (resolved driver for Chrome 127)
2024-12-14T00:06:37,216 [main] INFO  WebDriverManager - Exporting webdriver.chrome.driver as C:\Users\John.Kushoro\.cache\selenium\chromedriver\win64\127.0.6533.119\chromedriver.exe
2024-12-14T00:06:41,397 [main] INFO  LoginPageTests - Starting login test with companyName: totallygroupconfig, username: Test
2024-12-14T00:06:45,254 [main] INFO  LoginPageTests - Starting navigation to home page
2024-12-14T00:06:50,955 [main] INFO  LoginPageTests - Navigation to home page completed successfully.
2024-12-14T00:07:06,087 [main] INFO  TestRunner - Cleaning up TestRunner environment.
2024-12-14T00:09:10,712 [main] INFO  Utils - [TestNG] Running:
  C:\Users\John.Kushoro\AppData\Local\JetBrains\IdeaIC2024.3\temp-testng-customsuite.xml

2024-12-14T00:09:11,000 [main] INFO  TestRunner - Setting up TestRunner environment.
2024-12-14T00:09:11,025 [main] INFO  TestRunner - Running tests...
2024-12-14T00:09:11,226 [main] INFO  DefaultTestContextBootstrapper - Using TestExecutionListeners: [org.springframework.test.context.support.DirtiesContextBeforeModesTestExecutionListener@3eba57a7, org.springframework.test.context.event.ApplicationEventsTestExecutionListener@272a179c, org.springframework.test.context.support.DependencyInjectionTestExecutionListener@30feffc, org.springframework.test.context.support.DirtiesContextTestExecutionListener@67207d8a, org.springframework.test.context.event.EventPublishingTestExecutionListener@bcb09a6]
2024-12-14T00:09:11,259 [main] INFO  DefaultTestContextBootstrapper - Using TestExecutionListeners: [org.springframework.test.context.support.DirtiesContextBeforeModesTestExecutionListener@682c1e93, org.springframework.test.context.event.ApplicationEventsTestExecutionListener@27068a50, org.springframework.test.context.support.DependencyInjectionTestExecutionListener@68e62ca4, org.springframework.test.context.support.DirtiesContextTestExecutionListener@5328a9c1, org.springframework.test.context.event.EventPublishingTestExecutionListener@5b78fdb1]
2024-12-14T00:09:11,269 [main] INFO  DefaultTestContextBootstrapper - Using TestExecutionListeners: [org.springframework.test.context.support.DirtiesContextBeforeModesTestExecutionListener@55ea2d70, org.springframework.test.context.event.ApplicationEventsTestExecutionListener@5e742e4, org.springframework.test.context.support.DependencyInjectionTestExecutionListener@175acfb2, org.springframework.test.context.support.DirtiesContextTestExecutionListener@4a03bb68, org.springframework.test.context.event.EventPublishingTestExecutionListener@4e868ef5]
2024-12-14T00:09:11,293 [main] INFO  Utils - [TestNG] Running:
  Command line suite

2024-12-14T00:09:11,939 [main] INFO  WebDriverManager - Using chromedriver 127.0.6533.119 (resolved driver for Chrome 127)
2024-12-14T00:09:11,957 [main] INFO  WebDriverManager - Exporting webdriver.chrome.driver as C:\Users\John.Kushoro\.cache\selenium\chromedriver\win64\127.0.6533.119\chromedriver.exe
2024-12-14T00:09:15,727 [main] INFO  LoginPageTests - Starting login test with companyName: totallygroupconfig, username: Test
2024-12-14T00:09:21,532 [main] INFO  LoginPageTests - Starting navigation to home page
2024-12-14T00:09:28,980 [main] INFO  LoginPageTests - Navigation to home page completed successfully.
2024-12-14T00:09:53,436 [main] INFO  TestRunner - Cleaning up TestRunner environment.
2024-12-14T00:16:26,348 [main] INFO  Utils - [TestNG] Running:
  C:\Users\John.Kushoro\AppData\Local\JetBrains\IdeaIC2024.3\temp-testng-customsuite.xml

2024-12-14T00:16:26,673 [main] INFO  TestRunner - Setting up TestRunner environment.
2024-12-14T00:16:26,693 [main] INFO  TestRunner - Running tests...
2024-12-14T00:16:26,868 [main] INFO  DefaultTestContextBootstrapper - Using TestExecutionListeners: [org.springframework.test.context.support.DirtiesContextBeforeModesTestExecutionListener@272a179c, org.springframework.test.context.event.ApplicationEventsTestExecutionListener@30feffc, org.springframework.test.context.support.DependencyInjectionTestExecutionListener@67207d8a, org.springframework.test.context.support.DirtiesContextTestExecutionListener@bcb09a6, org.springframework.test.context.event.EventPublishingTestExecutionListener@7c2a69b4]
2024-12-14T00:16:26,897 [main] INFO  DefaultTestContextBootstrapper - Using TestExecutionListeners: [org.springframework.test.context.support.DirtiesContextBeforeModesTestExecutionListener@5b78fdb1, org.springframework.test.context.event.ApplicationEventsTestExecutionListener@48bfb884, org.springframework.test.context.support.DependencyInjectionTestExecutionListener@11653e3b, org.springframework.test.context.support.DirtiesContextTestExecutionListener@715fb77, org.springframework.test.context.event.EventPublishingTestExecutionListener@1b9c1b51]
2024-12-14T00:16:26,906 [main] INFO  DefaultTestContextBootstrapper - Using TestExecutionListeners: [org.springframework.test.context.support.DirtiesContextBeforeModesTestExecutionListener@4a03bb68, org.springframework.test.context.event.ApplicationEventsTestExecutionListener@4e868ef5, org.springframework.test.context.support.DependencyInjectionTestExecutionListener@71c905a3, org.springframework.test.context.support.DirtiesContextTestExecutionListener@30af7377, org.springframework.test.context.event.EventPublishingTestExecutionListener@67a056f1]
2024-12-14T00:16:26,920 [main] INFO  Utils - [TestNG] Running:
  Command line suite

2024-12-14T00:16:28,243 [main] INFO  WebDriverManager - Using chromedriver 127.0.6533.119 (resolved driver for Chrome 127)
2024-12-14T00:16:28,264 [main] INFO  WebDriverManager - Exporting webdriver.chrome.driver as C:\Users\John.Kushoro\.cache\selenium\chromedriver\win64\127.0.6533.119\chromedriver.exe
2024-12-14T00:16:32,470 [main] INFO  LoginPageTests - Starting login test with companyName: totallygroupconfig, username: Test
2024-12-14T00:16:36,960 [main] INFO  LoginPageTests - Starting navigation to home page
2024-12-14T00:16:44,385 [main] INFO  LoginPageTests - Navigation to home page completed successfully.
2024-12-14T00:17:00,935 [main] INFO  TestRunner - Cleaning up TestRunner environment.
2024-12-14T00:17:45,623 [main] INFO  Utils - [TestNG] Running:
  C:\Users\John.Kushoro\AppData\Local\JetBrains\IdeaIC2024.3\temp-testng-customsuite.xml

2024-12-14T00:17:45,976 [main] INFO  TestRunner - Setting up TestRunner environment.
2024-12-14T00:17:45,997 [main] INFO  TestRunner - Running tests...
2024-12-14T00:17:46,170 [main] INFO  DefaultTestContextBootstrapper - Using TestExecutionListeners: [org.springframework.test.context.support.DirtiesContextBeforeModesTestExecutionListener@67207d8a, org.springframework.test.context.event.ApplicationEventsTestExecutionListener@bcb09a6, org.springframework.test.context.support.DependencyInjectionTestExecutionListener@7c2a69b4, org.springframework.test.context.support.DirtiesContextTestExecutionListener@a619c2, org.springframework.test.context.event.EventPublishingTestExecutionListener@648ee871]
2024-12-14T00:17:46,197 [main] INFO  DefaultTestContextBootstrapper - Using TestExecutionListeners: [org.springframework.test.context.support.DirtiesContextBeforeModesTestExecutionListener@5328a9c1, org.springframework.test.context.event.ApplicationEventsTestExecutionListener@5b78fdb1, org.springframework.test.context.support.DependencyInjectionTestExecutionListener@48bfb884, org.springframework.test.context.support.DirtiesContextTestExecutionListener@11653e3b, org.springframework.test.context.event.EventPublishingTestExecutionListener@715fb77]
2024-12-14T00:17:46,205 [main] INFO  DefaultTestContextBootstrapper - Using TestExecutionListeners: [org.springframework.test.context.support.DirtiesContextBeforeModesTestExecutionListener@4e868ef5, org.springframework.test.context.event.ApplicationEventsTestExecutionListener@71c905a3, org.springframework.test.context.support.DependencyInjectionTestExecutionListener@30af7377, org.springframework.test.context.support.DirtiesContextTestExecutionListener@67a056f1, org.springframework.test.context.event.EventPublishingTestExecutionListener@1dab9dd6]
2024-12-14T00:17:46,219 [main] INFO  Utils - [TestNG] Running:
  Command line suite

2024-12-14T00:17:46,839 [main] INFO  WebDriverManager - Using chromedriver 127.0.6533.119 (resolved driver for Chrome 127)
2024-12-14T00:17:46,869 [main] INFO  WebDriverManager - Exporting webdriver.chrome.driver as C:\Users\John.Kushoro\.cache\selenium\chromedriver\win64\127.0.6533.119\chromedriver.exe
2024-12-14T00:17:50,848 [main] INFO  LoginPageTests - Starting login test with companyName: totallygroupconfig, username: Test
2024-12-14T00:17:55,298 [main] INFO  LoginPageTests - Starting navigation to home page
2024-12-14T00:18:03,473 [main] INFO  LoginPageTests - Navigation to home page completed successfully.
2024-12-14T00:18:35,402 [main] INFO  TestRunner - Cleaning up TestRunner environment.
2024-12-14T00:21:24,577 [main] INFO  Utils - [TestNG] Running:
  C:\Users\John.Kushoro\AppData\Local\JetBrains\IdeaIC2024.3\temp-testng-customsuite.xml

2024-12-14T00:21:24,886 [main] INFO  TestRunner - Setting up TestRunner environment.
2024-12-14T00:21:24,906 [main] INFO  TestRunner - Running tests...
2024-12-14T00:21:25,047 [main] INFO  DefaultTestContextBootstrapper - Using TestExecutionListeners: [org.springframework.test.context.support.DirtiesContextBeforeModesTestExecutionListener@272a179c, org.springframework.test.context.event.ApplicationEventsTestExecutionListener@30feffc, org.springframework.test.context.support.DependencyInjectionTestExecutionListener@67207d8a, org.springframework.test.context.support.DirtiesContextTestExecutionListener@bcb09a6, org.springframework.test.context.event.EventPublishingTestExecutionListener@7c2a69b4]
2024-12-14T00:21:25,075 [main] INFO  DefaultTestContextBootstrapper - Using TestExecutionListeners: [org.springframework.test.context.support.DirtiesContextBeforeModesTestExecutionListener@48bfb884, org.springframework.test.context.event.ApplicationEventsTestExecutionListener@11653e3b, org.springframework.test.context.support.DependencyInjectionTestExecutionListener@715fb77, org.springframework.test.context.support.DirtiesContextTestExecutionListener@1b9c1b51, org.springframework.test.context.event.EventPublishingTestExecutionListener@2e52fb3e]
2024-12-14T00:21:25,084 [main] INFO  DefaultTestContextBootstrapper - Using TestExecutionListeners: [org.springframework.test.context.support.DirtiesContextBeforeModesTestExecutionListener@30af7377, org.springframework.test.context.event.ApplicationEventsTestExecutionListener@67a056f1, org.springframework.test.context.support.DependencyInjectionTestExecutionListener@1dab9dd6, org.springframework.test.context.support.DirtiesContextTestExecutionListener@247667dd, org.springframework.test.context.event.EventPublishingTestExecutionListener@6f099cef]
2024-12-14T00:21:25,100 [main] INFO  Utils - [TestNG] Running:
  Command line suite

2024-12-14T00:21:25,785 [main] INFO  WebDriverManager - Using chromedriver 127.0.6533.119 (resolved driver for Chrome 127)
2024-12-14T00:21:25,804 [main] INFO  WebDriverManager - Exporting webdriver.chrome.driver as C:\Users\John.Kushoro\.cache\selenium\chromedriver\win64\127.0.6533.119\chromedriver.exe
2024-12-14T00:21:29,509 [main] INFO  LoginPageTests - Starting login test with companyName: totallygroupconfig, username: Test
2024-12-14T00:21:34,819 [main] INFO  LoginPageTests - Starting navigation to home page
2024-12-14T00:21:42,240 [main] INFO  LoginPageTests - Navigation to home page completed successfully.
2024-12-14T00:22:08,039 [main] INFO  TestRunner - Cleaning up TestRunner environment.
2024-12-14T00:29:49,581 [main] INFO  Utils - [TestNG] Running:
  C:\Users\John.Kushoro\AppData\Local\JetBrains\IdeaIC2024.3\temp-testng-customsuite.xml

2024-12-14T00:29:49,918 [main] INFO  TestRunner - Setting up TestRunner environment.
2024-12-14T00:29:49,940 [main] INFO  TestRunner - Running tests...
2024-12-14T00:29:50,116 [main] INFO  DefaultTestContextBootstrapper - Using TestExecutionListeners: [org.springframework.test.context.support.DirtiesContextBeforeModesTestExecutionListener@272a179c, org.springframework.test.context.event.ApplicationEventsTestExecutionListener@30feffc, org.springframework.test.context.support.DependencyInjectionTestExecutionListener@67207d8a, org.springframework.test.context.support.DirtiesContextTestExecutionListener@bcb09a6, org.springframework.test.context.event.EventPublishingTestExecutionListener@7c2a69b4]
2024-12-14T00:29:50,149 [main] INFO  DefaultTestContextBootstrapper - Using TestExecutionListeners: [org.springframework.test.context.support.DirtiesContextBeforeModesTestExecutionListener@27068a50, org.springframework.test.context.event.ApplicationEventsTestExecutionListener@68e62ca4, org.springframework.test.context.support.DependencyInjectionTestExecutionListener@5328a9c1, org.springframework.test.context.support.DirtiesContextTestExecutionListener@5b78fdb1, org.springframework.test.context.event.EventPublishingTestExecutionListener@48bfb884]
2024-12-14T00:29:50,171 [main] INFO  DefaultTestContextBootstrapper - Using TestExecutionListeners: [org.springframework.test.context.support.DirtiesContextBeforeModesTestExecutionListener@5e742e4, org.springframework.test.context.event.ApplicationEventsTestExecutionListener@175acfb2, org.springframework.test.context.support.DependencyInjectionTestExecutionListener@4a03bb68, org.springframework.test.context.support.DirtiesContextTestExecutionListener@4e868ef5, org.springframework.test.context.event.EventPublishingTestExecutionListener@71c905a3]
2024-12-14T00:29:50,195 [main] INFO  Utils - [TestNG] Running:
  Command line suite

2024-12-14T00:29:50,952 [main] INFO  WebDriverManager - Using chromedriver 127.0.6533.119 (resolved driver for Chrome 127)
2024-12-14T00:29:50,985 [main] INFO  WebDriverManager - Exporting webdriver.chrome.driver as C:\Users\John.Kushoro\.cache\selenium\chromedriver\win64\127.0.6533.119\chromedriver.exe
2024-12-14T00:29:55,121 [main] INFO  LoginPageTests - Starting login test with companyName: totallygroupconfig, username: Test
2024-12-14T00:29:59,503 [main] INFO  LoginPageTests - Starting navigation to home page
2024-12-14T00:30:06,361 [main] INFO  LoginPageTests - Navigation to home page completed successfully.
2024-12-14T00:30:24,681 [main] INFO  TestRunner - Cleaning up TestRunner environment.
2024-12-14T00:30:39,952 [main] INFO  Utils - [TestNG] Running:
  C:\Users\John.Kushoro\AppData\Local\JetBrains\IdeaIC2024.3\temp-testng-customsuite.xml

2024-12-14T00:30:40,237 [main] INFO  TestRunner - Setting up TestRunner environment.
2024-12-14T00:30:40,253 [main] INFO  TestRunner - Running tests...
2024-12-14T00:30:40,430 [main] INFO  DefaultTestContextBootstrapper - Using TestExecutionListeners: [org.springframework.test.context.support.DirtiesContextBeforeModesTestExecutionListener@a10c1b5, org.springframework.test.context.event.ApplicationEventsTestExecutionListener@644abb8f, org.springframework.test.context.support.DependencyInjectionTestExecutionListener@1a411233, org.springframework.test.context.support.DirtiesContextTestExecutionListener@70325d20, org.springframework.test.context.event.EventPublishingTestExecutionListener@7c2327fa]
2024-12-14T00:30:40,463 [main] INFO  DefaultTestContextBootstrapper - Using TestExecutionListeners: [org.springframework.test.context.support.DirtiesContextBeforeModesTestExecutionListener@773bd77b, org.springframework.test.context.event.ApplicationEventsTestExecutionListener@6b580b88, org.springframework.test.context.support.DependencyInjectionTestExecutionListener@6d91790b, org.springframework.test.context.support.DirtiesContextTestExecutionListener@6e6fce47, org.springframework.test.context.event.EventPublishingTestExecutionListener@47c64cfe]
2024-12-14T00:30:40,483 [main] INFO  DefaultTestContextBootstrapper - Using TestExecutionListeners: [org.springframework.test.context.support.DirtiesContextBeforeModesTestExecutionListener@56ccd751, org.springframework.test.context.event.ApplicationEventsTestExecutionListener@458544e0, org.springframework.test.context.support.DependencyInjectionTestExecutionListener@6bcbf05b, org.springframework.test.context.support.DirtiesContextTestExecutionListener@2d66530f, org.springframework.test.context.event.EventPublishingTestExecutionListener@1d207fad]
2024-12-14T00:30:40,514 [main] INFO  Utils - [TestNG] Running:
  Command line suite

2024-12-14T00:30:41,518 [main] INFO  WebDriverManager - Using chromedriver 127.0.6533.119 (resolved driver for Chrome 127)
2024-12-14T00:30:41,571 [main] INFO  WebDriverManager - Exporting webdriver.chrome.driver as C:\Users\John.Kushoro\.cache\selenium\chromedriver\win64\127.0.6533.119\chromedriver.exe
2024-12-14T00:30:45,409 [main] INFO  LoginPageTests - Starting login test with companyName: totallygroupconfig, username: Test
2024-12-14T00:30:49,996 [main] INFO  LoginPageTests - Starting navigation to home page
2024-12-14T00:30:57,610 [main] INFO  LoginPageTests - Navigation to home page completed successfully.
2024-12-14T00:31:32,917 [main] INFO  TestRunner - Cleaning up TestRunner environment.
2024-12-14T00:34:55,604 [main] INFO  Utils - [TestNG] Running:
  C:\Users\John.Kushoro\AppData\Local\JetBrains\IdeaIC2024.3\temp-testng-customsuite.xml

2024-12-14T00:34:55,905 [main] INFO  TestRunner - Setting up TestRunner environment.
2024-12-14T00:34:55,925 [main] INFO  TestRunner - Running tests...
2024-12-14T00:34:56,107 [main] INFO  DefaultTestContextBootstrapper - Using TestExecutionListeners: [org.springframework.test.context.support.DirtiesContextBeforeModesTestExecutionListener@3eba57a7, org.springframework.test.context.event.ApplicationEventsTestExecutionListener@272a179c, org.springframework.test.context.support.DependencyInjectionTestExecutionListener@30feffc, org.springframework.test.context.support.DirtiesContextTestExecutionListener@67207d8a, org.springframework.test.context.event.EventPublishingTestExecutionListener@bcb09a6]
2024-12-14T00:34:56,145 [main] INFO  DefaultTestContextBootstrapper - Using TestExecutionListeners: [org.springframework.test.context.support.DirtiesContextBeforeModesTestExecutionListener@68e62ca4, org.springframework.test.context.event.ApplicationEventsTestExecutionListener@5328a9c1, org.springframework.test.context.support.DependencyInjectionTestExecutionListener@5b78fdb1, org.springframework.test.context.support.DirtiesContextTestExecutionListener@48bfb884, org.springframework.test.context.event.EventPublishingTestExecutionListener@11653e3b]
2024-12-14T00:34:56,159 [main] INFO  DefaultTestContextBootstrapper - Using TestExecutionListeners: [org.springframework.test.context.support.DirtiesContextBeforeModesTestExecutionListener@4a03bb68, org.springframework.test.context.event.ApplicationEventsTestExecutionListener@4e868ef5, org.springframework.test.context.support.DependencyInjectionTestExecutionListener@71c905a3, org.springframework.test.context.support.DirtiesContextTestExecutionListener@30af7377, org.springframework.test.context.event.EventPublishingTestExecutionListener@67a056f1]
2024-12-14T00:34:56,185 [main] INFO  Utils - [TestNG] Running:
  Command line suite

2024-12-14T00:34:56,816 [main] INFO  WebDriverManager - Using chromedriver 127.0.6533.119 (resolved driver for Chrome 127)
2024-12-14T00:34:56,836 [main] INFO  WebDriverManager - Exporting webdriver.chrome.driver as C:\Users\John.Kushoro\.cache\selenium\chromedriver\win64\127.0.6533.119\chromedriver.exe
2024-12-14T00:35:01,212 [main] INFO  LoginPageTests - Starting login test with companyName: totallygroupconfig, username: Test
2024-12-14T00:35:05,673 [main] INFO  LoginPageTests - Starting navigation to home page
2024-12-14T00:35:12,371 [main] INFO  LoginPageTests - Navigation to home page completed successfully.
2024-12-14T00:35:36,893 [main] INFO  TestRunner - Cleaning up TestRunner environment.
2024-12-14T00:50:26,092 [main] INFO  Utils - [TestNG] Running:
  C:\Users\John.Kushoro\AppData\Local\JetBrains\IdeaIC2024.3\temp-testng-customsuite.xml

2024-12-14T00:50:26,464 [main] INFO  TestRunner - Setting up TestRunner environment.
2024-12-14T00:50:26,491 [main] INFO  TestRunner - Running tests...
2024-12-14T00:50:26,696 [main] INFO  DefaultTestContextBootstrapper - Using TestExecutionListeners: [org.springframework.test.context.support.DirtiesContextBeforeModesTestExecutionListener@3eba57a7, org.springframework.test.context.event.ApplicationEventsTestExecutionListener@272a179c, org.springframework.test.context.support.DependencyInjectionTestExecutionListener@30feffc, org.springframework.test.context.support.DirtiesContextTestExecutionListener@67207d8a, org.springframework.test.context.event.EventPublishingTestExecutionListener@bcb09a6]
2024-12-14T00:50:26,723 [main] INFO  DefaultTestContextBootstrapper - Using TestExecutionListeners: [org.springframework.test.context.support.DirtiesContextBeforeModesTestExecutionListener@5328a9c1, org.springframework.test.context.event.ApplicationEventsTestExecutionListener@5b78fdb1, org.springframework.test.context.support.DependencyInjectionTestExecutionListener@48bfb884, org.springframework.test.context.support.DirtiesContextTestExecutionListener@11653e3b, org.springframework.test.context.event.EventPublishingTestExecutionListener@715fb77]
2024-12-14T00:50:26,735 [main] INFO  DefaultTestContextBootstrapper - Using TestExecutionListeners: [org.springframework.test.context.support.DirtiesContextBeforeModesTestExecutionListener@175acfb2, org.springframework.test.context.event.ApplicationEventsTestExecutionListener@4a03bb68, org.springframework.test.context.support.DependencyInjectionTestExecutionListener@4e868ef5, org.springframework.test.context.support.DirtiesContextTestExecutionListener@71c905a3, org.springframework.test.context.event.EventPublishingTestExecutionListener@30af7377]
2024-12-14T00:50:26,757 [main] INFO  Utils - [TestNG] Running:
  Command line suite

2024-12-14T00:50:27,465 [main] INFO  WebDriverManager - Using chromedriver 127.0.6533.119 (resolved driver for Chrome 127)
2024-12-14T00:50:27,496 [main] INFO  WebDriverManager - Exporting webdriver.chrome.driver as C:\Users\John.Kushoro\.cache\selenium\chromedriver\win64\127.0.6533.119\chromedriver.exe
2024-12-14T00:50:32,852 [main] INFO  LoginPageTests - Starting login test with companyName: totallygroupconfig, username: Test
2024-12-14T00:50:39,588 [main] INFO  LoginPageTests - Starting navigation to home page
2024-12-14T00:50:48,799 [main] INFO  LoginPageTests - Navigation to home page completed successfully.
2024-12-14T00:51:06,239 [main] INFO  TestRunner - Cleaning up TestRunner environment.
2024-12-14T00:51:20,270 [main] INFO  Utils - [TestNG] Running:
  C:\Users\John.Kushoro\AppData\Local\JetBrains\IdeaIC2024.3\temp-testng-customsuite.xml

2024-12-14T00:51:20,536 [main] INFO  TestRunner - Setting up TestRunner environment.
2024-12-14T00:51:20,553 [main] INFO  TestRunner - Running tests...
2024-12-14T00:51:20,731 [main] INFO  DefaultTestContextBootstrapper - Using TestExecutionListeners: [org.springframework.test.context.support.DirtiesContextBeforeModesTestExecutionListener@3eba57a7, org.springframework.test.context.event.ApplicationEventsTestExecutionListener@272a179c, org.springframework.test.context.support.DependencyInjectionTestExecutionListener@30feffc, org.springframework.test.context.support.DirtiesContextTestExecutionListener@67207d8a, org.springframework.test.context.event.EventPublishingTestExecutionListener@bcb09a6]
2024-12-14T00:51:20,765 [main] INFO  DefaultTestContextBootstrapper - Using TestExecutionListeners: [org.springframework.test.context.support.DirtiesContextBeforeModesTestExecutionListener@27068a50, org.springframework.test.context.event.ApplicationEventsTestExecutionListener@68e62ca4, org.springframework.test.context.support.DependencyInjectionTestExecutionListener@5328a9c1, org.springframework.test.context.support.DirtiesContextTestExecutionListener@5b78fdb1, org.springframework.test.context.event.EventPublishingTestExecutionListener@48bfb884]
2024-12-14T00:51:20,779 [main] INFO  DefaultTestContextBootstrapper - Using TestExecutionListeners: [org.springframework.test.context.support.DirtiesContextBeforeModesTestExecutionListener@5e742e4, org.springframework.test.context.event.ApplicationEventsTestExecutionListener@175acfb2, org.springframework.test.context.support.DependencyInjectionTestExecutionListener@4a03bb68, org.springframework.test.context.support.DirtiesContextTestExecutionListener@4e868ef5, org.springframework.test.context.event.EventPublishingTestExecutionListener@71c905a3]
2024-12-14T00:51:20,799 [main] INFO  Utils - [TestNG] Running:
  Command line suite

2024-12-14T00:51:21,504 [main] INFO  WebDriverManager - Using chromedriver 127.0.6533.119 (resolved driver for Chrome 127)
2024-12-14T00:51:21,529 [main] INFO  WebDriverManager - Exporting webdriver.chrome.driver as C:\Users\John.Kushoro\.cache\selenium\chromedriver\win64\127.0.6533.119\chromedriver.exe
2024-12-14T00:51:25,100 [main] INFO  LoginPageTests - Starting login test with companyName: totallygroupconfig, username: Test
2024-12-14T00:51:28,387 [main] INFO  LoginPageTests - Starting navigation to home page
2024-12-14T00:51:34,884 [main] INFO  LoginPageTests - Navigation to home page completed successfully.
2024-12-14T00:51:55,931 [main] INFO  TestRunner - Cleaning up TestRunner environment.
2024-12-14T00:52:42,212 [main] INFO  Utils - [TestNG] Running:
  C:\Users\John.Kushoro\AppData\Local\JetBrains\IdeaIC2024.3\temp-testng-customsuite.xml

2024-12-14T00:52:42,508 [main] INFO  TestRunner - Setting up TestRunner environment.
2024-12-14T00:52:42,529 [main] INFO  TestRunner - Running tests...
2024-12-14T00:52:42,678 [main] INFO  DefaultTestContextBootstrapper - Using TestExecutionListeners: [org.springframework.test.context.support.DirtiesContextBeforeModesTestExecutionListener@5f78de22, org.springframework.test.context.event.ApplicationEventsTestExecutionListener@516ebdf8, org.springframework.test.context.support.DependencyInjectionTestExecutionListener@4d8539de, org.springframework.test.context.support.DirtiesContextTestExecutionListener@3eba57a7, org.springframework.test.context.event.EventPublishingTestExecutionListener@272a179c]
2024-12-14T00:52:42,708 [main] INFO  DefaultTestContextBootstrapper - Using TestExecutionListeners: [org.springframework.test.context.support.DirtiesContextBeforeModesTestExecutionListener@5183d589, org.springframework.test.context.event.ApplicationEventsTestExecutionListener@511d5d04, org.springframework.test.context.support.DependencyInjectionTestExecutionListener@682c1e93, org.springframework.test.context.support.DirtiesContextTestExecutionListener@27068a50, org.springframework.test.context.event.EventPublishingTestExecutionListener@68e62ca4]
2024-12-14T00:52:42,723 [main] INFO  DefaultTestContextBootstrapper - Using TestExecutionListeners: [org.springframework.test.context.support.DirtiesContextBeforeModesTestExecutionListener@5d39f2d8, org.springframework.test.context.event.ApplicationEventsTestExecutionListener@6ad6fa53, org.springframework.test.context.support.DependencyInjectionTestExecutionListener@55ea2d70, org.springframework.test.context.support.DirtiesContextTestExecutionListener@5e742e4, org.springframework.test.context.event.EventPublishingTestExecutionListener@175acfb2]
2024-12-14T00:52:42,741 [main] INFO  Utils - [TestNG] Running:
  Command line suite

2024-12-14T00:52:43,334 [main] INFO  WebDriverManager - Using chromedriver 127.0.6533.119 (resolved driver for Chrome 127)
2024-12-14T00:52:43,353 [main] INFO  WebDriverManager - Exporting webdriver.chrome.driver as C:\Users\John.Kushoro\.cache\selenium\chromedriver\win64\127.0.6533.119\chromedriver.exe
2024-12-14T00:52:46,826 [main] INFO  LoginPageTests - Starting login test with companyName: totallygroupconfig, username: Test
2024-12-14T00:52:50,801 [main] INFO  LoginPageTests - Starting navigation to home page
2024-12-14T00:52:56,524 [main] INFO  LoginPageTests - Navigation to home page completed successfully.
2024-12-14T00:53:17,380 [main] INFO  TestRunner - Cleaning up TestRunner environment.
2024-12-14T00:59:39,132 [main] INFO  Utils - [TestNG] Running:
  C:\Users\John.Kushoro\AppData\Local\JetBrains\IdeaIC2024.3\temp-testng-customsuite.xml

2024-12-14T00:59:39,431 [main] INFO  TestRunner - Setting up TestRunner environment.
2024-12-14T00:59:39,450 [main] INFO  TestRunner - Running tests...
2024-12-14T00:59:39,666 [main] INFO  DefaultTestContextBootstrapper - Using TestExecutionListeners: [org.springframework.test.context.support.DirtiesContextBeforeModesTestExecutionListener@272a179c, org.springframework.test.context.event.ApplicationEventsTestExecutionListener@30feffc, org.springframework.test.context.support.DependencyInjectionTestExecutionListener@67207d8a, org.springframework.test.context.support.DirtiesContextTestExecutionListener@bcb09a6, org.springframework.test.context.event.EventPublishingTestExecutionListener@7c2a69b4]
2024-12-14T00:59:39,706 [main] INFO  DefaultTestContextBootstrapper - Using TestExecutionListeners: [org.springframework.test.context.support.DirtiesContextBeforeModesTestExecutionListener@5328a9c1, org.springframework.test.context.event.ApplicationEventsTestExecutionListener@5b78fdb1, org.springframework.test.context.support.DependencyInjectionTestExecutionListener@48bfb884, org.springframework.test.context.support.DirtiesContextTestExecutionListener@11653e3b, org.springframework.test.context.event.EventPublishingTestExecutionListener@715fb77]
2024-12-14T00:59:39,718 [main] INFO  DefaultTestContextBootstrapper - Using TestExecutionListeners: [org.springframework.test.context.support.DirtiesContextBeforeModesTestExecutionListener@175acfb2, org.springframework.test.context.event.ApplicationEventsTestExecutionListener@4a03bb68, org.springframework.test.context.support.DependencyInjectionTestExecutionListener@4e868ef5, org.springframework.test.context.support.DirtiesContextTestExecutionListener@71c905a3, org.springframework.test.context.event.EventPublishingTestExecutionListener@30af7377]
2024-12-14T00:59:39,735 [main] INFO  Utils - [TestNG] Running:
  Command line suite

2024-12-14T00:59:40,493 [main] INFO  WebDriverManager - Using chromedriver 127.0.6533.119 (resolved driver for Chrome 127)
2024-12-14T00:59:40,524 [main] INFO  WebDriverManager - Exporting webdriver.chrome.driver as C:\Users\John.Kushoro\.cache\selenium\chromedriver\win64\127.0.6533.119\chromedriver.exe
2024-12-14T00:59:45,016 [main] INFO  LoginPageTests - Starting login test with companyName: totallygroupconfig, username: Test
2024-12-14T00:59:49,772 [main] INFO  LoginPageTests - Starting navigation to home page
2024-12-14T00:59:56,749 [main] INFO  LoginPageTests - Navigation to home page completed successfully.
2024-12-14T01:00:09,623 [main] INFO  TestRunner - Cleaning up TestRunner environment.
2024-12-14T01:01:58,444 [main] INFO  Utils - [TestNG] Running:
  C:\Users\John.Kushoro\AppData\Local\JetBrains\IdeaIC2024.3\temp-testng-customsuite.xml

2024-12-14T01:01:58,822 [main] INFO  TestRunner - Setting up TestRunner environment.
2024-12-14T01:01:58,849 [main] INFO  TestRunner - Running tests...
2024-12-14T01:01:59,089 [main] INFO  DefaultTestContextBootstrapper - Using TestExecutionListeners: [org.springframework.test.context.support.DirtiesContextBeforeModesTestExecutionListener@723ed581, org.springframework.test.context.event.ApplicationEventsTestExecutionListener@6b760460, org.springframework.test.context.support.DependencyInjectionTestExecutionListener@796065aa, org.springframework.test.context.support.DirtiesContextTestExecutionListener@28a6301f, org.springframework.test.context.event.EventPublishingTestExecutionListener@2c306a57]
2024-12-14T01:01:59,142 [main] INFO  DefaultTestContextBootstrapper - Using TestExecutionListeners: [org.springframework.test.context.support.DirtiesContextBeforeModesTestExecutionListener@7ec25216, org.springframework.test.context.event.ApplicationEventsTestExecutionListener@7cab1508, org.springframework.test.context.support.DependencyInjectionTestExecutionListener@6a84bc3f, org.springframework.test.context.support.DirtiesContextTestExecutionListener@258ee7de, org.springframework.test.context.event.EventPublishingTestExecutionListener@4930539b]
2024-12-14T01:01:59,156 [main] INFO  DefaultTestContextBootstrapper - Using TestExecutionListeners: [org.springframework.test.context.support.DirtiesContextBeforeModesTestExecutionListener@de88ac6, org.springframework.test.context.event.ApplicationEventsTestExecutionListener@5bca7664, org.springframework.test.context.support.DependencyInjectionTestExecutionListener@105b693d, org.springframework.test.context.support.DirtiesContextTestExecutionListener@3fae596, org.springframework.test.context.event.EventPublishingTestExecutionListener@4a0df195]
2024-12-14T01:01:59,176 [main] INFO  Utils - [TestNG] Running:
  Command line suite

2024-12-14T01:02:00,067 [main] INFO  WebDriverManager - Using chromedriver 127.0.6533.119 (resolved driver for Chrome 127)
2024-12-14T01:02:00,091 [main] INFO  WebDriverManager - Exporting webdriver.chrome.driver as C:\Users\John.Kushoro\.cache\selenium\chromedriver\win64\127.0.6533.119\chromedriver.exe
2024-12-14T01:02:04,078 [main] INFO  LoginPageTests - Starting login test with companyName: totallygroupconfig, username: Test
2024-12-14T01:02:08,822 [main] INFO  LoginPageTests - Starting navigation to home page
2024-12-14T01:02:16,794 [main] INFO  LoginPageTests - Navigation to home page completed successfully.
2024-12-14T01:03:54,570 [main] INFO  TestRunner - Cleaning up TestRunner environment.
2024-12-14T01:09:25,778 [main] INFO  Utils - [TestNG] Running:
  C:\Users\John.Kushoro\AppData\Local\JetBrains\IdeaIC2024.3\temp-testng-customsuite.xml

2024-12-14T01:09:26,058 [main] INFO  TestRunner - Setting up TestRunner environment.
2024-12-14T01:09:26,086 [main] INFO  TestRunner - Running tests...
2024-12-14T01:09:26,299 [main] INFO  DefaultTestContextBootstrapper - Using TestExecutionListeners: [org.springframework.test.context.support.DirtiesContextBeforeModesTestExecutionListener@723ed581, org.springframework.test.context.event.ApplicationEventsTestExecutionListener@6b760460, org.springframework.test.context.support.DependencyInjectionTestExecutionListener@796065aa, org.springframework.test.context.support.DirtiesContextTestExecutionListener@28a6301f, org.springframework.test.context.event.EventPublishingTestExecutionListener@2c306a57]
2024-12-14T01:09:26,336 [main] INFO  DefaultTestContextBootstrapper - Using TestExecutionListeners: [org.springframework.test.context.support.DirtiesContextBeforeModesTestExecutionListener@7cab1508, org.springframework.test.context.event.ApplicationEventsTestExecutionListener@6a84bc3f, org.springframework.test.context.support.DependencyInjectionTestExecutionListener@258ee7de, org.springframework.test.context.support.DirtiesContextTestExecutionListener@4930539b, org.springframework.test.context.event.EventPublishingTestExecutionListener@6d171ce0]
2024-12-14T01:09:26,352 [main] INFO  DefaultTestContextBootstrapper - Using TestExecutionListeners: [org.springframework.test.context.support.DirtiesContextBeforeModesTestExecutionListener@5bca7664, org.springframework.test.context.event.ApplicationEventsTestExecutionListener@105b693d, org.springframework.test.context.support.DependencyInjectionTestExecutionListener@3fae596, org.springframework.test.context.support.DirtiesContextTestExecutionListener@4a0df195, org.springframework.test.context.event.EventPublishingTestExecutionListener@42fcc7e6]
2024-12-14T01:09:26,367 [main] INFO  Utils - [TestNG] Running:
  Command line suite

2024-12-14T01:09:27,077 [main] INFO  WebDriverManager - Using chromedriver 127.0.6533.119 (resolved driver for Chrome 127)
2024-12-14T01:09:27,103 [main] INFO  WebDriverManager - Exporting webdriver.chrome.driver as C:\Users\John.Kushoro\.cache\selenium\chromedriver\win64\127.0.6533.119\chromedriver.exe
2024-12-14T01:09:32,169 [main] INFO  LoginPageTests - Starting login test with companyName: totallygroupconfig, username: Test
2024-12-14T01:09:38,485 [main] INFO  LoginPageTests - Starting navigation to home page
2024-12-14T01:09:47,746 [main] INFO  LoginPageTests - Navigation to home page completed successfully.
2024-12-14T01:11:04,873 [main] INFO  TestRunner - Cleaning up TestRunner environment.
2024-12-14T01:14:54,648 [main] INFO  Utils - [TestNG] Running:
  C:\Users\John.Kushoro\AppData\Local\JetBrains\IdeaIC2024.3\temp-testng-customsuite.xml

2024-12-14T01:14:54,933 [main] INFO  TestRunner - Setting up TestRunner environment.
2024-12-14T01:14:54,972 [main] INFO  TestRunner - Running tests...
2024-12-14T01:14:55,135 [main] INFO  DefaultTestContextBootstrapper - Using TestExecutionListeners: [org.springframework.test.context.support.DirtiesContextBeforeModesTestExecutionListener@723ed581, org.springframework.test.context.event.ApplicationEventsTestExecutionListener@6b760460, org.springframework.test.context.support.DependencyInjectionTestExecutionListener@796065aa, org.springframework.test.context.support.DirtiesContextTestExecutionListener@28a6301f, org.springframework.test.context.event.EventPublishingTestExecutionListener@2c306a57]
2024-12-14T01:14:55,156 [main] INFO  DefaultTestContextBootstrapper - Using TestExecutionListeners: [org.springframework.test.context.support.DirtiesContextBeforeModesTestExecutionListener@7ec25216, org.springframework.test.context.event.ApplicationEventsTestExecutionListener@7cab1508, org.springframework.test.context.support.DependencyInjectionTestExecutionListener@6a84bc3f, org.springframework.test.context.support.DirtiesContextTestExecutionListener@258ee7de, org.springframework.test.context.event.EventPublishingTestExecutionListener@4930539b]
2024-12-14T01:14:55,173 [main] INFO  DefaultTestContextBootstrapper - Using TestExecutionListeners: [org.springframework.test.context.support.DirtiesContextBeforeModesTestExecutionListener@5bca7664, org.springframework.test.context.event.ApplicationEventsTestExecutionListener@105b693d, org.springframework.test.context.support.DependencyInjectionTestExecutionListener@3fae596, org.springframework.test.context.support.DirtiesContextTestExecutionListener@4a0df195, org.springframework.test.context.event.EventPublishingTestExecutionListener@42fcc7e6]
2024-12-14T01:14:55,189 [main] INFO  Utils - [TestNG] Running:
  Command line suite

2024-12-14T01:14:56,150 [main] INFO  WebDriverManager - Using chromedriver 127.0.6533.119 (resolved driver for Chrome 127)
2024-12-14T01:14:56,185 [main] INFO  WebDriverManager - Exporting webdriver.chrome.driver as C:\Users\John.Kushoro\.cache\selenium\chromedriver\win64\127.0.6533.119\chromedriver.exe
2024-12-14T01:15:00,523 [main] INFO  LoginPageTests - Starting login test with companyName: totallygroupconfig, username: Test
2024-12-14T01:15:05,757 [main] INFO  LoginPageTests - Starting navigation to home page
2024-12-14T01:15:14,553 [main] INFO  LoginPageTests - Navigation to home page completed successfully.
2024-12-14T01:15:30,004 [main] INFO  TestRunner - Cleaning up TestRunner environment.
2024-12-14T01:15:39,933 [main] INFO  Utils - [TestNG] Running:
  C:\Users\John.Kushoro\AppData\Local\JetBrains\IdeaIC2024.3\temp-testng-customsuite.xml

2024-12-14T01:15:40,745 [main] INFO  TestRunner - Setting up TestRunner environment.
2024-12-14T01:15:40,815 [main] INFO  TestRunner - Running tests...
2024-12-14T01:15:41,243 [main] INFO  DefaultTestContextBootstrapper - Using TestExecutionListeners: [org.springframework.test.context.support.DirtiesContextBeforeModesTestExecutionListener@723ed581, org.springframework.test.context.event.ApplicationEventsTestExecutionListener@6b760460, org.springframework.test.context.support.DependencyInjectionTestExecutionListener@796065aa, org.springframework.test.context.support.DirtiesContextTestExecutionListener@28a6301f, org.springframework.test.context.event.EventPublishingTestExecutionListener@2c306a57]
2024-12-14T01:15:41,330 [main] INFO  DefaultTestContextBootstrapper - Using TestExecutionListeners: [org.springframework.test.context.support.DirtiesContextBeforeModesTestExecutionListener@7ec25216, org.springframework.test.context.event.ApplicationEventsTestExecutionListener@7cab1508, org.springframework.test.context.support.DependencyInjectionTestExecutionListener@6a84bc3f, org.springframework.test.context.support.DirtiesContextTestExecutionListener@258ee7de, org.springframework.test.context.event.EventPublishingTestExecutionListener@4930539b]
2024-12-14T01:15:41,362 [main] INFO  DefaultTestContextBootstrapper - Using TestExecutionListeners: [org.springframework.test.context.support.DirtiesContextBeforeModesTestExecutionListener@1d25c1c, org.springframework.test.context.event.ApplicationEventsTestExecutionListener@de88ac6, org.springframework.test.context.support.DependencyInjectionTestExecutionListener@5bca7664, org.springframework.test.context.support.DirtiesContextTestExecutionListener@105b693d, org.springframework.test.context.event.EventPublishingTestExecutionListener@3fae596]
2024-12-14T01:15:41,413 [main] INFO  Utils - [TestNG] Running:
  Command line suite

2024-12-14T01:15:43,173 [main] INFO  WebDriverManager - Using chromedriver 127.0.6533.119 (resolved driver for Chrome 127)
2024-12-14T01:15:43,237 [main] INFO  WebDriverManager - Exporting webdriver.chrome.driver as C:\Users\John.Kushoro\.cache\selenium\chromedriver\win64\127.0.6533.119\chromedriver.exe
2024-12-14T01:15:47,823 [main] INFO  LoginPageTests - Starting login test with companyName: totallygroupconfig, username: Test
2024-12-14T01:15:51,897 [main] INFO  LoginPageTests - Starting navigation to home page
2024-12-14T01:15:59,500 [main] INFO  LoginPageTests - Navigation to home page completed successfully.
2024-12-14T01:16:15,433 [main] INFO  TestRunner - Cleaning up TestRunner environment.
2024-12-14T01:16:24,164 [main] INFO  Utils - [TestNG] Running:
  C:\Users\John.Kushoro\AppData\Local\JetBrains\IdeaIC2024.3\temp-testng-customsuite.xml

2024-12-14T01:16:24,431 [main] INFO  TestRunner - Setting up TestRunner environment.
2024-12-14T01:16:24,447 [main] INFO  TestRunner - Running tests...
2024-12-14T01:16:24,628 [main] INFO  DefaultTestContextBootstrapper - Using TestExecutionListeners: [org.springframework.test.context.support.DirtiesContextBeforeModesTestExecutionListener@272a179c, org.springframework.test.context.event.ApplicationEventsTestExecutionListener@30feffc, org.springframework.test.context.support.DependencyInjectionTestExecutionListener@67207d8a, org.springframework.test.context.support.DirtiesContextTestExecutionListener@bcb09a6, org.springframework.test.context.event.EventPublishingTestExecutionListener@7c2a69b4]
2024-12-14T01:16:24,668 [main] INFO  DefaultTestContextBootstrapper - Using TestExecutionListeners: [org.springframework.test.context.support.DirtiesContextBeforeModesTestExecutionListener@5328a9c1, org.springframework.test.context.event.ApplicationEventsTestExecutionListener@5b78fdb1, org.springframework.test.context.support.DependencyInjectionTestExecutionListener@48bfb884, org.springframework.test.context.support.DirtiesContextTestExecutionListener@11653e3b, org.springframework.test.context.event.EventPublishingTestExecutionListener@715fb77]
2024-12-14T01:16:24,683 [main] INFO  DefaultTestContextBootstrapper - Using TestExecutionListeners: [org.springframework.test.context.support.DirtiesContextBeforeModesTestExecutionListener@175acfb2, org.springframework.test.context.event.ApplicationEventsTestExecutionListener@4a03bb68, org.springframework.test.context.support.DependencyInjectionTestExecutionListener@4e868ef5, org.springframework.test.context.support.DirtiesContextTestExecutionListener@71c905a3, org.springframework.test.context.event.EventPublishingTestExecutionListener@30af7377]
2024-12-14T01:16:24,706 [main] INFO  Utils - [TestNG] Running:
  Command line suite

2024-12-14T01:16:25,335 [main] INFO  WebDriverManager - Using chromedriver 127.0.6533.119 (resolved driver for Chrome 127)
2024-12-14T01:16:25,352 [main] INFO  WebDriverManager - Exporting webdriver.chrome.driver as C:\Users\John.Kushoro\.cache\selenium\chromedriver\win64\127.0.6533.119\chromedriver.exe
2024-12-14T01:16:28,869 [main] INFO  LoginPageTests - Starting login test with companyName: totallygroupconfig, username: Test
2024-12-14T01:16:32,714 [main] INFO  LoginPageTests - Starting navigation to home page
2024-12-14T01:16:38,839 [main] INFO  LoginPageTests - Navigation to home page completed successfully.
2024-12-14T01:16:57,153 [main] INFO  TestRunner - Cleaning up TestRunner environment.
2024-12-14T01:18:43,038 [main] INFO  Utils - [TestNG] Running:
  C:\Users\John.Kushoro\AppData\Local\JetBrains\IdeaIC2024.3\temp-testng-customsuite.xml

2024-12-14T01:18:43,319 [main] INFO  TestRunner - Setting up TestRunner environment.
2024-12-14T01:18:43,348 [main] INFO  TestRunner - Running tests...
2024-12-14T01:18:43,514 [main] INFO  DefaultTestContextBootstrapper - Using TestExecutionListeners: [org.springframework.test.context.support.DirtiesContextBeforeModesTestExecutionListener@723ed581, org.springframework.test.context.event.ApplicationEventsTestExecutionListener@6b760460, org.springframework.test.context.support.DependencyInjectionTestExecutionListener@796065aa, org.springframework.test.context.support.DirtiesContextTestExecutionListener@28a6301f, org.springframework.test.context.event.EventPublishingTestExecutionListener@2c306a57]
2024-12-14T01:18:43,539 [main] INFO  DefaultTestContextBootstrapper - Using TestExecutionListeners: [org.springframework.test.context.support.DirtiesContextBeforeModesTestExecutionListener@6a84bc3f, org.springframework.test.context.event.ApplicationEventsTestExecutionListener@258ee7de, org.springframework.test.context.support.DependencyInjectionTestExecutionListener@4930539b, org.springframework.test.context.support.DirtiesContextTestExecutionListener@6d171ce0, org.springframework.test.context.event.EventPublishingTestExecutionListener@22bd2039]
2024-12-14T01:18:43,548 [main] INFO  DefaultTestContextBootstrapper - Using TestExecutionListeners: [org.springframework.test.context.support.DirtiesContextBeforeModesTestExecutionListener@3fae596, org.springframework.test.context.event.ApplicationEventsTestExecutionListener@4a0df195, org.springframework.test.context.support.DependencyInjectionTestExecutionListener@42fcc7e6, org.springframework.test.context.support.DirtiesContextTestExecutionListener@9255c05, org.springframework.test.context.event.EventPublishingTestExecutionListener@5da7cee2]
2024-12-14T01:18:43,564 [main] INFO  Utils - [TestNG] Running:
  Command line suite

2024-12-14T01:18:45,001 [main] INFO  WebDriverManager - Using chromedriver 127.0.6533.119 (resolved driver for Chrome 127)
2024-12-14T01:18:45,025 [main] INFO  WebDriverManager - Exporting webdriver.chrome.driver as C:\Users\John.Kushoro\.cache\selenium\chromedriver\win64\127.0.6533.119\chromedriver.exe
2024-12-14T01:18:48,922 [main] INFO  LoginPageTests - Starting login test with companyName: totallygroupconfig, username: Test
2024-12-14T01:18:53,238 [main] INFO  LoginPageTests - Starting navigation to home page
2024-12-14T01:19:00,800 [main] INFO  LoginPageTests - Navigation to home page completed successfully.
2024-12-14T01:19:49,426 [main] INFO  TestRunner - Cleaning up TestRunner environment.
2024-12-14T01:24:43,659 [main] INFO  Utils - [TestNG] Running:
  C:\Users\John.Kushoro\AppData\Local\JetBrains\IdeaIC2024.3\temp-testng-customsuite.xml

2024-12-14T01:24:44,040 [main] INFO  TestRunner - Setting up TestRunner environment.
2024-12-14T01:24:44,066 [main] INFO  TestRunner - Running tests...
2024-12-14T01:24:44,227 [main] INFO  DefaultTestContextBootstrapper - Using TestExecutionListeners: [org.springframework.test.context.support.DirtiesContextBeforeModesTestExecutionListener@723ed581, org.springframework.test.context.event.ApplicationEventsTestExecutionListener@6b760460, org.springframework.test.context.support.DependencyInjectionTestExecutionListener@796065aa, org.springframework.test.context.support.DirtiesContextTestExecutionListener@28a6301f, org.springframework.test.context.event.EventPublishingTestExecutionListener@2c306a57]
2024-12-14T01:24:44,257 [main] INFO  DefaultTestContextBootstrapper - Using TestExecutionListeners: [org.springframework.test.context.support.DirtiesContextBeforeModesTestExecutionListener@7cab1508, org.springframework.test.context.event.ApplicationEventsTestExecutionListener@6a84bc3f, org.springframework.test.context.support.DependencyInjectionTestExecutionListener@258ee7de, org.springframework.test.context.support.DirtiesContextTestExecutionListener@4930539b, org.springframework.test.context.event.EventPublishingTestExecutionListener@6d171ce0]
2024-12-14T01:24:44,266 [main] INFO  DefaultTestContextBootstrapper - Using TestExecutionListeners: [org.springframework.test.context.support.DirtiesContextBeforeModesTestExecutionListener@4a0df195, org.springframework.test.context.event.ApplicationEventsTestExecutionListener@42fcc7e6, org.springframework.test.context.support.DependencyInjectionTestExecutionListener@9255c05, org.springframework.test.context.support.DirtiesContextTestExecutionListener@5da7cee2, org.springframework.test.context.event.EventPublishingTestExecutionListener@78830d9a]
2024-12-14T01:24:44,279 [main] INFO  Utils - [TestNG] Running:
  Command line suite

2024-12-14T01:24:45,181 [main] INFO  WebDriverManager - Using chromedriver 127.0.6533.119 (resolved driver for Chrome 127)
2024-12-14T01:24:45,207 [main] INFO  WebDriverManager - Exporting webdriver.chrome.driver as C:\Users\John.Kushoro\.cache\selenium\chromedriver\win64\127.0.6533.119\chromedriver.exe
2024-12-14T01:24:50,308 [main] INFO  LoginPageTests - Starting login test with companyName: totallygroupconfig, username: Test
2024-12-14T01:24:56,203 [main] INFO  LoginPageTests - Starting navigation to home page
2024-12-14T01:25:03,659 [main] INFO  LoginPageTests - Navigation to home page completed successfully.
2024-12-14T01:26:10,863 [main] INFO  TestRunner - Cleaning up TestRunner environment.
2024-12-14T01:27:21,008 [main] INFO  Utils - [TestNG] Running:
  C:\Users\John.Kushoro\AppData\Local\JetBrains\IdeaIC2024.3\temp-testng-customsuite.xml

2024-12-14T01:27:21,362 [main] INFO  TestRunner - Setting up TestRunner environment.
2024-12-14T01:27:21,381 [main] INFO  TestRunner - Running tests...
2024-12-14T01:27:21,563 [main] INFO  DefaultTestContextBootstrapper - Using TestExecutionListeners: [org.springframework.test.context.support.DirtiesContextBeforeModesTestExecutionListener@723ed581, org.springframework.test.context.event.ApplicationEventsTestExecutionListener@6b760460, org.springframework.test.context.support.DependencyInjectionTestExecutionListener@796065aa, org.springframework.test.context.support.DirtiesContextTestExecutionListener@28a6301f, org.springframework.test.context.event.EventPublishingTestExecutionListener@2c306a57]
2024-12-14T01:27:21,596 [main] INFO  DefaultTestContextBootstrapper - Using TestExecutionListeners: [org.springframework.test.context.support.DirtiesContextBeforeModesTestExecutionListener@6a84bc3f, org.springframework.test.context.event.ApplicationEventsTestExecutionListener@258ee7de, org.springframework.test.context.support.DependencyInjectionTestExecutionListener@4930539b, org.springframework.test.context.support.DirtiesContextTestExecutionListener@6d171ce0, org.springframework.test.context.event.EventPublishingTestExecutionListener@22bd2039]
2024-12-14T01:27:21,607 [main] INFO  DefaultTestContextBootstrapper - Using TestExecutionListeners: [org.springframework.test.context.support.DirtiesContextBeforeModesTestExecutionListener@5bca7664, org.springframework.test.context.event.ApplicationEventsTestExecutionListener@105b693d, org.springframework.test.context.support.DependencyInjectionTestExecutionListener@3fae596, org.springframework.test.context.support.DirtiesContextTestExecutionListener@4a0df195, org.springframework.test.context.event.EventPublishingTestExecutionListener@42fcc7e6]
2024-12-14T01:27:21,628 [main] INFO  Utils - [TestNG] Running:
  Command line suite

2024-12-14T01:27:22,586 [main] INFO  WebDriverManager - Using chromedriver 127.0.6533.119 (resolved driver for Chrome 127)
2024-12-14T01:27:22,621 [main] INFO  WebDriverManager - Exporting webdriver.chrome.driver as C:\Users\John.Kushoro\.cache\selenium\chromedriver\win64\127.0.6533.119\chromedriver.exe
2024-12-14T01:27:26,688 [main] INFO  LoginPageTests - Starting login test with companyName: totallygroupconfig, username: Test
2024-12-14T01:27:30,650 [main] INFO  LoginPageTests - Starting navigation to home page
2024-12-14T01:27:37,295 [main] INFO  LoginPageTests - Navigation to home page completed successfully.
2024-12-14T01:27:57,227 [main] INFO  TestRunner - Cleaning up TestRunner environment.
2024-12-14T01:35:36,031 [main] INFO  Utils - [TestNG] Running:
  C:\Users\John.Kushoro\AppData\Local\JetBrains\IdeaIC2024.3\temp-testng-customsuite.xml

2024-12-14T01:35:36,459 [main] INFO  TestRunner - Setting up TestRunner environment.
2024-12-14T01:35:36,486 [main] INFO  TestRunner - Running tests...
2024-12-14T01:35:36,675 [main] INFO  DefaultTestContextBootstrapper - Using TestExecutionListeners: [org.springframework.test.context.support.DirtiesContextBeforeModesTestExecutionListener@723ed581, org.springframework.test.context.event.ApplicationEventsTestExecutionListener@6b760460, org.springframework.test.context.support.DependencyInjectionTestExecutionListener@796065aa, org.springframework.test.context.support.DirtiesContextTestExecutionListener@28a6301f, org.springframework.test.context.event.EventPublishingTestExecutionListener@2c306a57]
2024-12-14T01:35:36,701 [main] INFO  DefaultTestContextBootstrapper - Using TestExecutionListeners: [org.springframework.test.context.support.DirtiesContextBeforeModesTestExecutionListener@7cab1508, org.springframework.test.context.event.ApplicationEventsTestExecutionListener@6a84bc3f, org.springframework.test.context.support.DependencyInjectionTestExecutionListener@258ee7de, org.springframework.test.context.support.DirtiesContextTestExecutionListener@4930539b, org.springframework.test.context.event.EventPublishingTestExecutionListener@6d171ce0]
2024-12-14T01:35:36,720 [main] INFO  DefaultTestContextBootstrapper - Using TestExecutionListeners: [org.springframework.test.context.support.DirtiesContextBeforeModesTestExecutionListener@de88ac6, org.springframework.test.context.event.ApplicationEventsTestExecutionListener@5bca7664, org.springframework.test.context.support.DependencyInjectionTestExecutionListener@105b693d, org.springframework.test.context.support.DirtiesContextTestExecutionListener@3fae596, org.springframework.test.context.event.EventPublishingTestExecutionListener@4a0df195]
2024-12-14T01:35:36,736 [main] INFO  Utils - [TestNG] Running:
  Command line suite

2024-12-14T01:35:37,423 [main] INFO  WebDriverManager - Using chromedriver 127.0.6533.119 (resolved driver for Chrome 127)
2024-12-14T01:35:37,450 [main] INFO  WebDriverManager - Exporting webdriver.chrome.driver as C:\Users\John.Kushoro\.cache\selenium\chromedriver\win64\127.0.6533.119\chromedriver.exe
2024-12-14T01:35:42,353 [main] INFO  LoginPageTests - Starting login test with companyName: totallygroupconfig, username: Test
2024-12-14T01:35:48,219 [main] INFO  LoginPageTests - Starting navigation to home page
2024-12-14T01:35:56,950 [main] INFO  LoginPageTests - Navigation to home page completed successfully.
2024-12-14T01:40:43,373 [main] INFO  Utils - [TestNG] Running:
  C:\Users\John.Kushoro\AppData\Local\JetBrains\IdeaIC2024.3\temp-testng-customsuite.xml

2024-12-14T01:40:43,707 [main] INFO  TestRunner - Setting up TestRunner environment.
2024-12-14T01:40:43,728 [main] INFO  TestRunner - Running tests...
2024-12-14T01:40:43,905 [main] INFO  DefaultTestContextBootstrapper - Using TestExecutionListeners: [org.springframework.test.context.support.DirtiesContextBeforeModesTestExecutionListener@723ed581, org.springframework.test.context.event.ApplicationEventsTestExecutionListener@6b760460, org.springframework.test.context.support.DependencyInjectionTestExecutionListener@796065aa, org.springframework.test.context.support.DirtiesContextTestExecutionListener@28a6301f, org.springframework.test.context.event.EventPublishingTestExecutionListener@2c306a57]
2024-12-14T01:40:43,927 [main] INFO  DefaultTestContextBootstrapper - Using TestExecutionListeners: [org.springframework.test.context.support.DirtiesContextBeforeModesTestExecutionListener@258ee7de, org.springframework.test.context.event.ApplicationEventsTestExecutionListener@4930539b, org.springframework.test.context.support.DependencyInjectionTestExecutionListener@6d171ce0, org.springframework.test.context.support.DirtiesContextTestExecutionListener@22bd2039, org.springframework.test.context.event.EventPublishingTestExecutionListener@705f83a7]
2024-12-14T01:40:43,936 [main] INFO  DefaultTestContextBootstrapper - Using TestExecutionListeners: [org.springframework.test.context.support.DirtiesContextBeforeModesTestExecutionListener@3fae596, org.springframework.test.context.event.ApplicationEventsTestExecutionListener@4a0df195, org.springframework.test.context.support.DependencyInjectionTestExecutionListener@42fcc7e6, org.springframework.test.context.support.DirtiesContextTestExecutionListener@9255c05, org.springframework.test.context.event.EventPublishingTestExecutionListener@5da7cee2]
2024-12-14T01:40:43,953 [main] INFO  Utils - [TestNG] Running:
  Command line suite

2024-12-14T01:40:44,704 [main] INFO  WebDriverManager - Using chromedriver 127.0.6533.119 (resolved driver for Chrome 127)
2024-12-14T01:40:44,737 [main] INFO  WebDriverManager - Exporting webdriver.chrome.driver as C:\Users\John.Kushoro\.cache\selenium\chromedriver\win64\127.0.6533.119\chromedriver.exe
2024-12-14T01:40:49,383 [main] INFO  LoginPageTests - Starting login test with companyName: totallygroupconfig, username: Test
2024-12-14T01:40:54,357 [main] INFO  LoginPageTests - Starting navigation to home page
2024-12-14T01:41:02,017 [main] INFO  LoginPageTests - Navigation to home page completed successfully.
2024-12-14T01:43:46,511 [main] INFO  TestRunner - Cleaning up TestRunner environment.
2024-12-14T01:46:41,894 [main] INFO  Utils - [TestNG] Running:
  C:\Users\John.Kushoro\AppData\Local\JetBrains\IdeaIC2024.3\temp-testng-customsuite.xml

2024-12-14T01:46:42,210 [main] INFO  TestRunner - Setting up TestRunner environment.
2024-12-14T01:46:42,233 [main] INFO  TestRunner - Running tests...
2024-12-14T01:46:42,398 [main] INFO  DefaultTestContextBootstrapper - Using TestExecutionListeners: [org.springframework.test.context.support.DirtiesContextBeforeModesTestExecutionListener@723ed581, org.springframework.test.context.event.ApplicationEventsTestExecutionListener@6b760460, org.springframework.test.context.support.DependencyInjectionTestExecutionListener@796065aa, org.springframework.test.context.support.DirtiesContextTestExecutionListener@28a6301f, org.springframework.test.context.event.EventPublishingTestExecutionListener@2c306a57]
2024-12-14T01:46:42,420 [main] INFO  DefaultTestContextBootstrapper - Using TestExecutionListeners: [org.springframework.test.context.support.DirtiesContextBeforeModesTestExecutionListener@7ec25216, org.springframework.test.context.event.ApplicationEventsTestExecutionListener@7cab1508, org.springframework.test.context.support.DependencyInjectionTestExecutionListener@6a84bc3f, org.springframework.test.context.support.DirtiesContextTestExecutionListener@258ee7de, org.springframework.test.context.event.EventPublishingTestExecutionListener@4930539b]
2024-12-14T01:46:42,428 [main] INFO  DefaultTestContextBootstrapper - Using TestExecutionListeners: [org.springframework.test.context.support.DirtiesContextBeforeModesTestExecutionListener@1d25c1c, org.springframework.test.context.event.ApplicationEventsTestExecutionListener@de88ac6, org.springframework.test.context.support.DependencyInjectionTestExecutionListener@5bca7664, org.springframework.test.context.support.DirtiesContextTestExecutionListener@105b693d, org.springframework.test.context.event.EventPublishingTestExecutionListener@3fae596]
2024-12-14T01:46:42,441 [main] INFO  Utils - [TestNG] Running:
  Command line suite

2024-12-14T01:46:43,165 [main] INFO  WebDriverManager - Using chromedriver 127.0.6533.119 (resolved driver for Chrome 127)
2024-12-14T01:46:43,188 [main] INFO  WebDriverManager - Exporting webdriver.chrome.driver as C:\Users\John.Kushoro\.cache\selenium\chromedriver\win64\127.0.6533.119\chromedriver.exe
2024-12-14T01:46:47,765 [main] INFO  LoginPageTests - Starting login test with companyName: totallygroupconfig, username: Test
2024-12-14T01:46:52,604 [main] INFO  LoginPageTests - Starting navigation to home page
2024-12-14T01:46:59,602 [main] INFO  LoginPageTests - Navigation to home page completed successfully.
2024-12-14T01:52:27,446 [main] INFO  Utils - [TestNG] Running:
  C:\Users\John.Kushoro\AppData\Local\JetBrains\IdeaIC2024.3\temp-testng-customsuite.xml

2024-12-14T01:52:27,765 [main] INFO  TestRunner - Setting up TestRunner environment.
2024-12-14T01:52:27,796 [main] INFO  TestRunner - Running tests...
2024-12-14T01:52:28,013 [main] INFO  DefaultTestContextBootstrapper - Using TestExecutionListeners: [org.springframework.test.context.support.DirtiesContextBeforeModesTestExecutionListener@723ed581, org.springframework.test.context.event.ApplicationEventsTestExecutionListener@6b760460, org.springframework.test.context.support.DependencyInjectionTestExecutionListener@796065aa, org.springframework.test.context.support.DirtiesContextTestExecutionListener@28a6301f, org.springframework.test.context.event.EventPublishingTestExecutionListener@2c306a57]
2024-12-14T01:52:28,042 [main] INFO  DefaultTestContextBootstrapper - Using TestExecutionListeners: [org.springframework.test.context.support.DirtiesContextBeforeModesTestExecutionListener@258ee7de, org.springframework.test.context.event.ApplicationEventsTestExecutionListener@4930539b, org.springframework.test.context.support.DependencyInjectionTestExecutionListener@6d171ce0, org.springframework.test.context.support.DirtiesContextTestExecutionListener@22bd2039, org.springframework.test.context.event.EventPublishingTestExecutionListener@705f83a7]
2024-12-14T01:52:28,062 [main] INFO  DefaultTestContextBootstrapper - Using TestExecutionListeners: [org.springframework.test.context.support.DirtiesContextBeforeModesTestExecutionListener@3fae596, org.springframework.test.context.event.ApplicationEventsTestExecutionListener@4a0df195, org.springframework.test.context.support.DependencyInjectionTestExecutionListener@42fcc7e6, org.springframework.test.context.support.DirtiesContextTestExecutionListener@9255c05, org.springframework.test.context.event.EventPublishingTestExecutionListener@5da7cee2]
2024-12-14T01:52:28,080 [main] INFO  Utils - [TestNG] Running:
  Command line suite

2024-12-14T01:52:28,959 [main] INFO  WebDriverManager - Using chromedriver 127.0.6533.119 (resolved driver for Chrome 127)
2024-12-14T01:52:28,996 [main] INFO  WebDriverManager - Exporting webdriver.chrome.driver as C:\Users\John.Kushoro\.cache\selenium\chromedriver\win64\127.0.6533.119\chromedriver.exe
2024-12-14T01:52:33,699 [main] INFO  LoginPageTests - Starting login test with companyName: totallygroupconfig, username: Test
2024-12-14T01:52:39,069 [main] INFO  LoginPageTests - Starting navigation to home page
2024-12-14T01:52:45,998 [main] INFO  LoginPageTests - Navigation to home page completed successfully.
2024-12-14T01:53:13,955 [main] INFO  TestRunner - Cleaning up TestRunner environment.
2024-12-14T01:59:46,927 [main] INFO  Utils - [TestNG] Running:
  C:\Users\John.Kushoro\AppData\Local\JetBrains\IdeaIC2024.3\temp-testng-customsuite.xml

2024-12-14T01:59:47,288 [main] INFO  TestRunner - Setting up TestRunner environment.
2024-12-14T01:59:47,321 [main] INFO  TestRunner - Running tests...
2024-12-14T01:59:47,541 [main] INFO  DefaultTestContextBootstrapper - Using TestExecutionListeners: [org.springframework.test.context.support.DirtiesContextBeforeModesTestExecutionListener@723ed581, org.springframework.test.context.event.ApplicationEventsTestExecutionListener@6b760460, org.springframework.test.context.support.DependencyInjectionTestExecutionListener@796065aa, org.springframework.test.context.support.DirtiesContextTestExecutionListener@28a6301f, org.springframework.test.context.event.EventPublishingTestExecutionListener@2c306a57]
2024-12-14T01:59:47,575 [main] INFO  DefaultTestContextBootstrapper - Using TestExecutionListeners: [org.springframework.test.context.support.DirtiesContextBeforeModesTestExecutionListener@7ec25216, org.springframework.test.context.event.ApplicationEventsTestExecutionListener@7cab1508, org.springframework.test.context.support.DependencyInjectionTestExecutionListener@6a84bc3f, org.springframework.test.context.support.DirtiesContextTestExecutionListener@258ee7de, org.springframework.test.context.event.EventPublishingTestExecutionListener@4930539b]
2024-12-14T01:59:47,596 [main] INFO  DefaultTestContextBootstrapper - Using TestExecutionListeners: [org.springframework.test.context.support.DirtiesContextBeforeModesTestExecutionListener@105b693d, org.springframework.test.context.event.ApplicationEventsTestExecutionListener@3fae596, org.springframework.test.context.support.DependencyInjectionTestExecutionListener@4a0df195, org.springframework.test.context.support.DirtiesContextTestExecutionListener@42fcc7e6, org.springframework.test.context.event.EventPublishingTestExecutionListener@9255c05]
2024-12-14T01:59:47,623 [main] INFO  Utils - [TestNG] Running:
  Command line suite

2024-12-14T01:59:48,556 [main] INFO  WebDriverManager - Using chromedriver 127.0.6533.119 (resolved driver for Chrome 127)
2024-12-14T01:59:48,591 [main] INFO  WebDriverManager - Exporting webdriver.chrome.driver as C:\Users\John.Kushoro\.cache\selenium\chromedriver\win64\127.0.6533.119\chromedriver.exe
2024-12-14T01:59:53,172 [main] INFO  LoginPageTests - Starting login test with companyName: totallygroupconfig, username: Test
2024-12-14T01:59:59,386 [main] INFO  LoginPageTests - Starting navigation to home page
2024-12-14T02:00:07,922 [main] INFO  LoginPageTests - Navigation to home page completed successfully.
2024-12-14T02:00:25,424 [main] INFO  TestRunner - Cleaning up TestRunner environment.
2024-12-14T02:00:59,288 [main] INFO  Utils - [TestNG] Running:
  C:\Users\John.Kushoro\AppData\Local\JetBrains\IdeaIC2024.3\temp-testng-customsuite.xml

2024-12-14T02:00:59,578 [main] INFO  TestRunner - Setting up TestRunner environment.
2024-12-14T02:00:59,605 [main] INFO  TestRunner - Running tests...
2024-12-14T02:00:59,772 [main] INFO  DefaultTestContextBootstrapper - Using TestExecutionListeners: [org.springframework.test.context.support.DirtiesContextBeforeModesTestExecutionListener@723ed581, org.springframework.test.context.event.ApplicationEventsTestExecutionListener@6b760460, org.springframework.test.context.support.DependencyInjectionTestExecutionListener@796065aa, org.springframework.test.context.support.DirtiesContextTestExecutionListener@28a6301f, org.springframework.test.context.event.EventPublishingTestExecutionListener@2c306a57]
2024-12-14T02:00:59,800 [main] INFO  DefaultTestContextBootstrapper - Using TestExecutionListeners: [org.springframework.test.context.support.DirtiesContextBeforeModesTestExecutionListener@258ee7de, org.springframework.test.context.event.ApplicationEventsTestExecutionListener@4930539b, org.springframework.test.context.support.DependencyInjectionTestExecutionListener@6d171ce0, org.springframework.test.context.support.DirtiesContextTestExecutionListener@22bd2039, org.springframework.test.context.event.EventPublishingTestExecutionListener@705f83a7]
2024-12-14T02:00:59,815 [main] INFO  DefaultTestContextBootstrapper - Using TestExecutionListeners: [org.springframework.test.context.support.DirtiesContextBeforeModesTestExecutionListener@3fae596, org.springframework.test.context.event.ApplicationEventsTestExecutionListener@4a0df195, org.springframework.test.context.support.DependencyInjectionTestExecutionListener@42fcc7e6, org.springframework.test.context.support.DirtiesContextTestExecutionListener@9255c05, org.springframework.test.context.event.EventPublishingTestExecutionListener@5da7cee2]
2024-12-14T02:00:59,836 [main] INFO  Utils - [TestNG] Running:
  Command line suite

2024-12-14T02:01:00,604 [main] INFO  WebDriverManager - Using chromedriver 127.0.6533.119 (resolved driver for Chrome 127)
2024-12-14T02:01:00,652 [main] INFO  WebDriverManager - Exporting webdriver.chrome.driver as C:\Users\John.Kushoro\.cache\selenium\chromedriver\win64\127.0.6533.119\chromedriver.exe
2024-12-14T02:01:04,600 [main] INFO  LoginPageTests - Starting login test with companyName: totallygroupconfig, username: Test
2024-12-14T02:01:08,320 [main] INFO  LoginPageTests - Starting navigation to home page
2024-12-14T02:01:15,290 [main] INFO  LoginPageTests - Navigation to home page completed successfully.
2024-12-14T02:01:53,293 [main] INFO  TestRunner - Cleaning up TestRunner environment.
2024-12-14T02:03:11,317 [main] INFO  Utils - [TestNG] Running:
  C:\Users\John.Kushoro\AppData\Local\JetBrains\IdeaIC2024.3\temp-testng-customsuite.xml

2024-12-14T02:03:11,619 [main] INFO  TestRunner - Setting up TestRunner environment.
2024-12-14T02:03:11,642 [main] INFO  TestRunner - Running tests...
2024-12-14T02:03:11,816 [main] INFO  DefaultTestContextBootstrapper - Using TestExecutionListeners: [org.springframework.test.context.support.DirtiesContextBeforeModesTestExecutionListener@5f78de22, org.springframework.test.context.event.ApplicationEventsTestExecutionListener@516ebdf8, org.springframework.test.context.support.DependencyInjectionTestExecutionListener@4d8539de, org.springframework.test.context.support.DirtiesContextTestExecutionListener@3eba57a7, org.springframework.test.context.event.EventPublishingTestExecutionListener@272a179c]
2024-12-14T02:03:11,842 [main] INFO  DefaultTestContextBootstrapper - Using TestExecutionListeners: [org.springframework.test.context.support.DirtiesContextBeforeModesTestExecutionListener@511d5d04, org.springframework.test.context.event.ApplicationEventsTestExecutionListener@682c1e93, org.springframework.test.context.support.DependencyInjectionTestExecutionListener@27068a50, org.springframework.test.context.support.DirtiesContextTestExecutionListener@68e62ca4, org.springframework.test.context.event.EventPublishingTestExecutionListener@5328a9c1]
2024-12-14T02:03:11,852 [main] INFO  DefaultTestContextBootstrapper - Using TestExecutionListeners: [org.springframework.test.context.support.DirtiesContextBeforeModesTestExecutionListener@55ea2d70, org.springframework.test.context.event.ApplicationEventsTestExecutionListener@5e742e4, org.springframework.test.context.support.DependencyInjectionTestExecutionListener@175acfb2, org.springframework.test.context.support.DirtiesContextTestExecutionListener@4a03bb68, org.springframework.test.context.event.EventPublishingTestExecutionListener@4e868ef5]
2024-12-14T02:03:11,867 [main] INFO  Utils - [TestNG] Running:
  Command line suite

2024-12-14T02:03:12,650 [main] INFO  WebDriverManager - Using chromedriver 127.0.6533.119 (resolved driver for Chrome 127)
2024-12-14T02:03:12,678 [main] INFO  WebDriverManager - Exporting webdriver.chrome.driver as C:\Users\John.Kushoro\.cache\selenium\chromedriver\win64\127.0.6533.119\chromedriver.exe
2024-12-14T02:03:16,799 [main] INFO  LoginPageTests - Starting login test with companyName: totallygroupconfig, username: Test
2024-12-14T02:03:21,452 [main] INFO  LoginPageTests - Starting navigation to home page
2024-12-14T02:03:27,437 [main] INFO  LoginPageTests - Navigation to home page completed successfully.
2024-12-14T02:03:51,225 [main] INFO  TestRunner - Cleaning up TestRunner environment.
2024-12-14T02:05:13,369 [main] INFO  Utils - [TestNG] Running:
  C:\Users\John.Kushoro\AppData\Local\JetBrains\IdeaIC2024.3\temp-testng-customsuite.xml

2024-12-14T02:05:13,651 [main] INFO  TestRunner - Setting up TestRunner environment.
2024-12-14T02:05:13,674 [main] INFO  TestRunner - Running tests...
2024-12-14T02:05:13,857 [main] INFO  DefaultTestContextBootstrapper - Using TestExecutionListeners: [org.springframework.test.context.support.DirtiesContextBeforeModesTestExecutionListener@723ed581, org.springframework.test.context.event.ApplicationEventsTestExecutionListener@6b760460, org.springframework.test.context.support.DependencyInjectionTestExecutionListener@796065aa, org.springframework.test.context.support.DirtiesContextTestExecutionListener@28a6301f, org.springframework.test.context.event.EventPublishingTestExecutionListener@2c306a57]
2024-12-14T02:05:13,895 [main] INFO  DefaultTestContextBootstrapper - Using TestExecutionListeners: [org.springframework.test.context.support.DirtiesContextBeforeModesTestExecutionListener@7cab1508, org.springframework.test.context.event.ApplicationEventsTestExecutionListener@6a84bc3f, org.springframework.test.context.support.DependencyInjectionTestExecutionListener@258ee7de, org.springframework.test.context.support.DirtiesContextTestExecutionListener@4930539b, org.springframework.test.context.event.EventPublishingTestExecutionListener@6d171ce0]
2024-12-14T02:05:13,908 [main] INFO  DefaultTestContextBootstrapper - Using TestExecutionListeners: [org.springframework.test.context.support.DirtiesContextBeforeModesTestExecutionListener@de88ac6, org.springframework.test.context.event.ApplicationEventsTestExecutionListener@5bca7664, org.springframework.test.context.support.DependencyInjectionTestExecutionListener@105b693d, org.springframework.test.context.support.DirtiesContextTestExecutionListener@3fae596, org.springframework.test.context.event.EventPublishingTestExecutionListener@4a0df195]
2024-12-14T02:05:13,931 [main] INFO  Utils - [TestNG] Running:
  Command line suite

2024-12-14T02:05:14,802 [main] INFO  WebDriverManager - Using chromedriver 127.0.6533.119 (resolved driver for Chrome 127)
2024-12-14T02:05:14,824 [main] INFO  WebDriverManager - Exporting webdriver.chrome.driver as C:\Users\John.Kushoro\.cache\selenium\chromedriver\win64\127.0.6533.119\chromedriver.exe
2024-12-14T02:05:18,987 [main] INFO  LoginPageTests - Starting login test with companyName: totallygroupconfig, username: Test
2024-12-14T02:05:23,157 [main] INFO  LoginPageTests - Starting navigation to home page
2024-12-14T02:05:29,692 [main] INFO  LoginPageTests - Navigation to home page completed successfully.
2024-12-14T02:05:54,327 [main] INFO  TestRunner - Cleaning up TestRunner environment.
2024-12-14T02:07:51,399 [main] INFO  Utils - [TestNG] Running:
  C:\Users\John.Kushoro\AppData\Local\JetBrains\IdeaIC2024.3\temp-testng-customsuite.xml

2024-12-14T02:07:51,690 [main] INFO  TestRunner - Setting up TestRunner environment.
2024-12-14T02:07:51,712 [main] INFO  TestRunner - Running tests...
2024-12-14T02:07:51,878 [main] INFO  DefaultTestContextBootstrapper - Using TestExecutionListeners: [org.springframework.test.context.support.DirtiesContextBeforeModesTestExecutionListener@3eba57a7, org.springframework.test.context.event.ApplicationEventsTestExecutionListener@272a179c, org.springframework.test.context.support.DependencyInjectionTestExecutionListener@30feffc, org.springframework.test.context.support.DirtiesContextTestExecutionListener@67207d8a, org.springframework.test.context.event.EventPublishingTestExecutionListener@bcb09a6]
2024-12-14T02:07:51,918 [main] INFO  DefaultTestContextBootstrapper - Using TestExecutionListeners: [org.springframework.test.context.support.DirtiesContextBeforeModesTestExecutionListener@682c1e93, org.springframework.test.context.event.ApplicationEventsTestExecutionListener@27068a50, org.springframework.test.context.support.DependencyInjectionTestExecutionListener@68e62ca4, org.springframework.test.context.support.DirtiesContextTestExecutionListener@5328a9c1, org.springframework.test.context.event.EventPublishingTestExecutionListener@5b78fdb1]
2024-12-14T02:07:51,931 [main] INFO  DefaultTestContextBootstrapper - Using TestExecutionListeners: [org.springframework.test.context.support.DirtiesContextBeforeModesTestExecutionListener@6ad6fa53, org.springframework.test.context.event.ApplicationEventsTestExecutionListener@55ea2d70, org.springframework.test.context.support.DependencyInjectionTestExecutionListener@5e742e4, org.springframework.test.context.support.DirtiesContextTestExecutionListener@175acfb2, org.springframework.test.context.event.EventPublishingTestExecutionListener@4a03bb68]
2024-12-14T02:07:51,950 [main] INFO  Utils - [TestNG] Running:
  Command line suite

2024-12-14T02:07:52,532 [main] INFO  WebDriverManager - Using chromedriver 127.0.6533.119 (resolved driver for Chrome 127)
2024-12-14T02:07:52,550 [main] INFO  WebDriverManager - Exporting webdriver.chrome.driver as C:\Users\John.Kushoro\.cache\selenium\chromedriver\win64\127.0.6533.119\chromedriver.exe
2024-12-14T02:07:56,284 [main] INFO  LoginPageTests - Starting login test with companyName: totallygroupconfig, username: Test
2024-12-14T02:08:00,406 [main] INFO  LoginPageTests - Starting navigation to home page
2024-12-14T02:08:07,067 [main] INFO  LoginPageTests - Navigation to home page completed successfully.
2024-12-14T02:08:33,295 [main] INFO  TestRunner - Cleaning up TestRunner environment.
2024-12-14T02:10:08,558 [main] INFO  Utils - [TestNG] Running:
  C:\Users\John.Kushoro\AppData\Local\JetBrains\IdeaIC2024.3\temp-testng-customsuite.xml

2024-12-14T02:10:08,842 [main] INFO  TestRunner - Setting up TestRunner environment.
2024-12-14T02:10:08,867 [main] INFO  TestRunner - Running tests...
2024-12-14T02:10:09,034 [main] INFO  DefaultTestContextBootstrapper - Using TestExecutionListeners: [org.springframework.test.context.support.DirtiesContextBeforeModesTestExecutionListener@723ed581, org.springframework.test.context.event.ApplicationEventsTestExecutionListener@6b760460, org.springframework.test.context.support.DependencyInjectionTestExecutionListener@796065aa, org.springframework.test.context.support.DirtiesContextTestExecutionListener@28a6301f, org.springframework.test.context.event.EventPublishingTestExecutionListener@2c306a57]
2024-12-14T02:10:09,058 [main] INFO  DefaultTestContextBootstrapper - Using TestExecutionListeners: [org.springframework.test.context.support.DirtiesContextBeforeModesTestExecutionListener@7cab1508, org.springframework.test.context.event.ApplicationEventsTestExecutionListener@6a84bc3f, org.springframework.test.context.support.DependencyInjectionTestExecutionListener@258ee7de, org.springframework.test.context.support.DirtiesContextTestExecutionListener@4930539b, org.springframework.test.context.event.EventPublishingTestExecutionListener@6d171ce0]
2024-12-14T02:10:09,066 [main] INFO  DefaultTestContextBootstrapper - Using TestExecutionListeners: [org.springframework.test.context.support.DirtiesContextBeforeModesTestExecutionListener@105b693d, org.springframework.test.context.event.ApplicationEventsTestExecutionListener@3fae596, org.springframework.test.context.support.DependencyInjectionTestExecutionListener@4a0df195, org.springframework.test.context.support.DirtiesContextTestExecutionListener@42fcc7e6, org.springframework.test.context.event.EventPublishingTestExecutionListener@9255c05]
2024-12-14T02:10:09,081 [main] INFO  Utils - [TestNG] Running:
  Command line suite

2024-12-14T02:10:09,740 [main] INFO  WebDriverManager - Using chromedriver 127.0.6533.119 (resolved driver for Chrome 127)
2024-12-14T02:10:09,761 [main] INFO  WebDriverManager - Exporting webdriver.chrome.driver as C:\Users\John.Kushoro\.cache\selenium\chromedriver\win64\127.0.6533.119\chromedriver.exe
2024-12-14T02:10:13,729 [main] INFO  LoginPageTests - Starting login test with companyName: totallygroupconfig, username: Test
2024-12-14T02:10:18,353 [main] INFO  LoginPageTests - Starting navigation to home page
2024-12-14T02:10:24,376 [main] INFO  LoginPageTests - Navigation to home page completed successfully.
2024-12-14T02:10:47,944 [main] INFO  TestRunner - Cleaning up TestRunner environment.
2024-12-14T02:17:00,247 [main] INFO  Utils - [TestNG] Running:
  C:\Users\John.Kushoro\AppData\Local\JetBrains\IdeaIC2024.3\temp-testng-customsuite.xml

2024-12-14T02:17:00,595 [main] INFO  TestRunner - Setting up TestRunner environment.
2024-12-14T02:17:00,614 [main] INFO  TestRunner - Running tests...
2024-12-14T02:17:00,779 [main] INFO  DefaultTestContextBootstrapper - Using TestExecutionListeners: [org.springframework.test.context.support.DirtiesContextBeforeModesTestExecutionListener@723ed581, org.springframework.test.context.event.ApplicationEventsTestExecutionListener@6b760460, org.springframework.test.context.support.DependencyInjectionTestExecutionListener@796065aa, org.springframework.test.context.support.DirtiesContextTestExecutionListener@28a6301f, org.springframework.test.context.event.EventPublishingTestExecutionListener@2c306a57]
2024-12-14T02:17:00,802 [main] INFO  DefaultTestContextBootstrapper - Using TestExecutionListeners: [org.springframework.test.context.support.DirtiesContextBeforeModesTestExecutionListener@258ee7de, org.springframework.test.context.event.ApplicationEventsTestExecutionListener@4930539b, org.springframework.test.context.support.DependencyInjectionTestExecutionListener@6d171ce0, org.springframework.test.context.support.DirtiesContextTestExecutionListener@22bd2039, org.springframework.test.context.event.EventPublishingTestExecutionListener@705f83a7]
2024-12-14T02:17:00,821 [main] INFO  DefaultTestContextBootstrapper - Using TestExecutionListeners: [org.springframework.test.context.support.DirtiesContextBeforeModesTestExecutionListener@42fcc7e6, org.springframework.test.context.event.ApplicationEventsTestExecutionListener@9255c05, org.springframework.test.context.support.DependencyInjectionTestExecutionListener@5da7cee2, org.springframework.test.context.support.DirtiesContextTestExecutionListener@78830d9a, org.springframework.test.context.event.EventPublishingTestExecutionListener@5ce4369b]
2024-12-14T02:17:00,839 [main] INFO  Utils - [TestNG] Running:
  Command line suite

2024-12-14T02:17:01,664 [main] INFO  WebDriverManager - Using chromedriver 127.0.6533.119 (resolved driver for Chrome 127)
2024-12-14T02:17:01,694 [main] INFO  WebDriverManager - Exporting webdriver.chrome.driver as C:\Users\John.Kushoro\.cache\selenium\chromedriver\win64\127.0.6533.119\chromedriver.exe
2024-12-14T02:17:05,634 [main] INFO  LoginPageTests - Starting login test with companyName: totallygroupconfig, username: Test
2024-12-14T02:17:12,441 [main] INFO  LoginPageTests - Starting navigation to home page
2024-12-14T02:17:19,925 [main] INFO  LoginPageTests - Navigation to home page completed successfully.
2024-12-14T02:17:35,422 [main] INFO  TestRunner - Cleaning up TestRunner environment.
2024-12-14T02:17:52,540 [main] INFO  Utils - [TestNG] Running:
  C:\Users\John.Kushoro\AppData\Local\JetBrains\IdeaIC2024.3\temp-testng-customsuite.xml

2024-12-14T02:17:52,811 [main] INFO  TestRunner - Setting up TestRunner environment.
2024-12-14T02:17:52,844 [main] INFO  TestRunner - Running tests...
2024-12-14T02:17:53,050 [main] INFO  DefaultTestContextBootstrapper - Using TestExecutionListeners: [org.springframework.test.context.support.DirtiesContextBeforeModesTestExecutionListener@6b760460, org.springframework.test.context.event.ApplicationEventsTestExecutionListener@796065aa, org.springframework.test.context.support.DependencyInjectionTestExecutionListener@28a6301f, org.springframework.test.context.support.DirtiesContextTestExecutionListener@2c306a57, org.springframework.test.context.event.EventPublishingTestExecutionListener@773e2eb5]
2024-12-14T02:17:53,083 [main] INFO  DefaultTestContextBootstrapper - Using TestExecutionListeners: [org.springframework.test.context.support.DirtiesContextBeforeModesTestExecutionListener@258ee7de, org.springframework.test.context.event.ApplicationEventsTestExecutionListener@4930539b, org.springframework.test.context.support.DependencyInjectionTestExecutionListener@6d171ce0, org.springframework.test.context.support.DirtiesContextTestExecutionListener@22bd2039, org.springframework.test.context.event.EventPublishingTestExecutionListener@705f83a7]
2024-12-14T02:17:53,108 [main] INFO  DefaultTestContextBootstrapper - Using TestExecutionListeners: [org.springframework.test.context.support.DirtiesContextBeforeModesTestExecutionListener@4a0df195, org.springframework.test.context.event.ApplicationEventsTestExecutionListener@42fcc7e6, org.springframework.test.context.support.DependencyInjectionTestExecutionListener@9255c05, org.springframework.test.context.support.DirtiesContextTestExecutionListener@5da7cee2, org.springframework.test.context.event.EventPublishingTestExecutionListener@78830d9a]
2024-12-14T02:17:53,127 [main] INFO  Utils - [TestNG] Running:
  Command line suite

2024-12-14T02:17:53,819 [main] INFO  WebDriverManager - Using chromedriver 127.0.6533.119 (resolved driver for Chrome 127)
2024-12-14T02:17:53,848 [main] INFO  WebDriverManager - Exporting webdriver.chrome.driver as C:\Users\John.Kushoro\.cache\selenium\chromedriver\win64\127.0.6533.119\chromedriver.exe
2024-12-14T02:17:57,463 [main] INFO  LoginPageTests - Starting login test with companyName: totallygroupconfig, username: Test
2024-12-14T02:18:00,717 [main] INFO  LoginPageTests - Starting navigation to home page
2024-12-14T02:18:07,051 [main] INFO  LoginPageTests - Navigation to home page completed successfully.
2024-12-14T02:18:32,536 [main] INFO  TestRunner - Cleaning up TestRunner environment.
2024-12-14T02:25:57,689 [main] INFO  Utils - [TestNG] Running:
  C:\Users\John.Kushoro\AppData\Local\JetBrains\IdeaIC2024.3\temp-testng-customsuite.xml

2024-12-14T02:25:58,036 [main] INFO  TestRunner - Setting up TestRunner environment.
2024-12-14T02:25:58,071 [main] INFO  TestRunner - Running tests...
2024-12-14T02:25:58,295 [main] INFO  DefaultTestContextBootstrapper - Using TestExecutionListeners: [org.springframework.test.context.support.DirtiesContextBeforeModesTestExecutionListener@723ed581, org.springframework.test.context.event.ApplicationEventsTestExecutionListener@6b760460, org.springframework.test.context.support.DependencyInjectionTestExecutionListener@796065aa, org.springframework.test.context.support.DirtiesContextTestExecutionListener@28a6301f, org.springframework.test.context.event.EventPublishingTestExecutionListener@2c306a57]
2024-12-14T02:25:58,330 [main] INFO  DefaultTestContextBootstrapper - Using TestExecutionListeners: [org.springframework.test.context.support.DirtiesContextBeforeModesTestExecutionListener@6a84bc3f, org.springframework.test.context.event.ApplicationEventsTestExecutionListener@258ee7de, org.springframework.test.context.support.DependencyInjectionTestExecutionListener@4930539b, org.springframework.test.context.support.DirtiesContextTestExecutionListener@6d171ce0, org.springframework.test.context.event.EventPublishingTestExecutionListener@22bd2039]
2024-12-14T02:25:58,344 [main] INFO  DefaultTestContextBootstrapper - Using TestExecutionListeners: [org.springframework.test.context.support.DirtiesContextBeforeModesTestExecutionListener@3fae596, org.springframework.test.context.event.ApplicationEventsTestExecutionListener@4a0df195, org.springframework.test.context.support.DependencyInjectionTestExecutionListener@42fcc7e6, org.springframework.test.context.support.DirtiesContextTestExecutionListener@9255c05, org.springframework.test.context.event.EventPublishingTestExecutionListener@5da7cee2]
2024-12-14T02:25:58,364 [main] INFO  Utils - [TestNG] Running:
  Command line suite

2024-12-14T02:26:00,037 [main] INFO  WebDriverManager - Using chromedriver 127.0.6533.119 (resolved driver for Chrome 127)
2024-12-14T02:26:00,070 [main] INFO  WebDriverManager - Exporting webdriver.chrome.driver as C:\Users\John.Kushoro\.cache\selenium\chromedriver\win64\127.0.6533.119\chromedriver.exe
2024-12-14T02:26:04,959 [main] INFO  LoginPageTests - Starting login test with companyName: totallygroupconfig, username: Test
2024-12-14T02:26:09,639 [main] INFO  LoginPageTests - Starting navigation to home page
2024-12-14T02:26:16,108 [main] INFO  LoginPageTests - Navigation to home page completed successfully.
2024-12-14T02:26:45,805 [main] INFO  TestRunner - Cleaning up TestRunner environment.
2024-12-14T02:28:41,592 [main] INFO  Utils - [TestNG] Running:
  C:\Users\John.Kushoro\AppData\Local\JetBrains\IdeaIC2024.3\temp-testng-customsuite.xml

2024-12-14T02:28:41,933 [main] INFO  TestRunner - Setting up TestRunner environment.
2024-12-14T02:28:41,966 [main] INFO  TestRunner - Running tests...
2024-12-14T02:28:42,190 [main] INFO  DefaultTestContextBootstrapper - Using TestExecutionListeners: [org.springframework.test.context.support.DirtiesContextBeforeModesTestExecutionListener@516ebdf8, org.springframework.test.context.event.ApplicationEventsTestExecutionListener@4d8539de, org.springframework.test.context.support.DependencyInjectionTestExecutionListener@3eba57a7, org.springframework.test.context.support.DirtiesContextTestExecutionListener@272a179c, org.springframework.test.context.event.EventPublishingTestExecutionListener@30feffc]
2024-12-14T02:28:42,221 [main] INFO  DefaultTestContextBootstrapper - Using TestExecutionListeners: [org.springframework.test.context.support.DirtiesContextBeforeModesTestExecutionListener@682c1e93, org.springframework.test.context.event.ApplicationEventsTestExecutionListener@27068a50, org.springframework.test.context.support.DependencyInjectionTestExecutionListener@68e62ca4, org.springframework.test.context.support.DirtiesContextTestExecutionListener@5328a9c1, org.springframework.test.context.event.EventPublishingTestExecutionListener@5b78fdb1]
2024-12-14T02:28:42,243 [main] INFO  DefaultTestContextBootstrapper - Using TestExecutionListeners: [org.springframework.test.context.support.DirtiesContextBeforeModesTestExecutionListener@55ea2d70, org.springframework.test.context.event.ApplicationEventsTestExecutionListener@5e742e4, org.springframework.test.context.support.DependencyInjectionTestExecutionListener@175acfb2, org.springframework.test.context.support.DirtiesContextTestExecutionListener@4a03bb68, org.springframework.test.context.event.EventPublishingTestExecutionListener@4e868ef5]
2024-12-14T02:28:42,265 [main] INFO  Utils - [TestNG] Running:
  Command line suite

2024-12-14T02:28:43,044 [main] INFO  WebDriverManager - Using chromedriver 127.0.6533.119 (resolved driver for Chrome 127)
2024-12-14T02:28:43,068 [main] INFO  WebDriverManager - Exporting webdriver.chrome.driver as C:\Users\John.Kushoro\.cache\selenium\chromedriver\win64\127.0.6533.119\chromedriver.exe
2024-12-14T02:28:47,419 [main] INFO  LoginPageTests - Starting login test with companyName: totallygroupconfig, username: Test
2024-12-14T02:28:51,893 [main] INFO  LoginPageTests - Starting navigation to home page
2024-12-14T02:28:57,985 [main] INFO  LoginPageTests - Navigation to home page completed successfully.
2024-12-14T02:29:22,364 [main] INFO  TestRunner - Cleaning up TestRunner environment.
2024-12-14T02:37:21,355 [main] INFO  Utils - [TestNG] Running:
  C:\Users\John.Kushoro\AppData\Local\JetBrains\IdeaIC2024.3\temp-testng-customsuite.xml

2024-12-14T02:37:21,645 [main] INFO  TestRunner - Setting up TestRunner environment.
2024-12-14T02:37:21,670 [main] INFO  TestRunner - Running tests...
2024-12-14T02:37:21,829 [main] INFO  DefaultTestContextBootstrapper - Using TestExecutionListeners: [org.springframework.test.context.support.DirtiesContextBeforeModesTestExecutionListener@723ed581, org.springframework.test.context.event.ApplicationEventsTestExecutionListener@6b760460, org.springframework.test.context.support.DependencyInjectionTestExecutionListener@796065aa, org.springframework.test.context.support.DirtiesContextTestExecutionListener@28a6301f, org.springframework.test.context.event.EventPublishingTestExecutionListener@2c306a57]
2024-12-14T02:37:21,859 [main] INFO  DefaultTestContextBootstrapper - Using TestExecutionListeners: [org.springframework.test.context.support.DirtiesContextBeforeModesTestExecutionListener@7cab1508, org.springframework.test.context.event.ApplicationEventsTestExecutionListener@6a84bc3f, org.springframework.test.context.support.DependencyInjectionTestExecutionListener@258ee7de, org.springframework.test.context.support.DirtiesContextTestExecutionListener@4930539b, org.springframework.test.context.event.EventPublishingTestExecutionListener@6d171ce0]
2024-12-14T02:37:21,868 [main] INFO  DefaultTestContextBootstrapper - Using TestExecutionListeners: [org.springframework.test.context.support.DirtiesContextBeforeModesTestExecutionListener@5bca7664, org.springframework.test.context.event.ApplicationEventsTestExecutionListener@105b693d, org.springframework.test.context.support.DependencyInjectionTestExecutionListener@3fae596, org.springframework.test.context.support.DirtiesContextTestExecutionListener@4a0df195, org.springframework.test.context.event.EventPublishingTestExecutionListener@42fcc7e6]
2024-12-14T02:37:21,881 [main] INFO  Utils - [TestNG] Running:
  Command line suite

2024-12-14T02:37:22,669 [main] INFO  WebDriverManager - Using chromedriver 127.0.6533.119 (resolved driver for Chrome 127)
2024-12-14T02:37:22,690 [main] INFO  WebDriverManager - Exporting webdriver.chrome.driver as C:\Users\John.Kushoro\.cache\selenium\chromedriver\win64\127.0.6533.119\chromedriver.exe
2024-12-14T02:37:27,062 [main] INFO  LoginPageTests - Starting login test with companyName: totallygroupconfig, username: Test
2024-12-14T02:37:32,961 [main] INFO  LoginPageTests - Starting navigation to home page
2024-12-14T02:37:40,805 [main] INFO  LoginPageTests - Navigation to home page completed successfully.
2024-12-14T02:38:09,217 [main] INFO  TestRunner - Cleaning up TestRunner environment.
2024-12-14T02:39:42,381 [main] INFO  Utils - [TestNG] Running:
  C:\Users\John.Kushoro\AppData\Local\JetBrains\IdeaIC2024.3\temp-testng-customsuite.xml

2024-12-14T02:39:42,720 [main] INFO  TestRunner - Setting up TestRunner environment.
2024-12-14T02:39:42,740 [main] INFO  TestRunner - Running tests...
2024-12-14T02:39:42,944 [main] INFO  DefaultTestContextBootstrapper - Using TestExecutionListeners: [org.springframework.test.context.support.DirtiesContextBeforeModesTestExecutionListener@5f78de22, org.springframework.test.context.event.ApplicationEventsTestExecutionListener@516ebdf8, org.springframework.test.context.support.DependencyInjectionTestExecutionListener@4d8539de, org.springframework.test.context.support.DirtiesContextTestExecutionListener@3eba57a7, org.springframework.test.context.event.EventPublishingTestExecutionListener@272a179c]
2024-12-14T02:39:42,976 [main] INFO  DefaultTestContextBootstrapper - Using TestExecutionListeners: [org.springframework.test.context.support.DirtiesContextBeforeModesTestExecutionListener@5183d589, org.springframework.test.context.event.ApplicationEventsTestExecutionListener@511d5d04, org.springframework.test.context.support.DependencyInjectionTestExecutionListener@682c1e93, org.springframework.test.context.support.DirtiesContextTestExecutionListener@27068a50, org.springframework.test.context.event.EventPublishingTestExecutionListener@68e62ca4]
2024-12-14T02:39:42,987 [main] INFO  DefaultTestContextBootstrapper - Using TestExecutionListeners: [org.springframework.test.context.support.DirtiesContextBeforeModesTestExecutionListener@5d39f2d8, org.springframework.test.context.event.ApplicationEventsTestExecutionListener@6ad6fa53, org.springframework.test.context.support.DependencyInjectionTestExecutionListener@55ea2d70, org.springframework.test.context.support.DirtiesContextTestExecutionListener@5e742e4, org.springframework.test.context.event.EventPublishingTestExecutionListener@175acfb2]
2024-12-14T02:39:43,006 [main] INFO  Utils - [TestNG] Running:
  Command line suite

2024-12-14T02:39:43,687 [main] INFO  WebDriverManager - Using chromedriver 127.0.6533.119 (resolved driver for Chrome 127)
2024-12-14T02:39:43,707 [main] INFO  WebDriverManager - Exporting webdriver.chrome.driver as C:\Users\John.Kushoro\.cache\selenium\chromedriver\win64\127.0.6533.119\chromedriver.exe
2024-12-14T02:39:47,287 [main] INFO  LoginPageTests - Starting login test with companyName: totallygroupconfig, username: Test
2024-12-14T02:39:51,859 [main] INFO  LoginPageTests - Starting navigation to home page
2024-12-14T02:39:58,629 [main] INFO  LoginPageTests - Navigation to home page completed successfully.
2024-12-14T02:40:22,941 [main] INFO  TestRunner - Cleaning up TestRunner environment.
2024-12-14T02:42:46,064 [main] INFO  Utils - [TestNG] Running:
  C:\Users\John.Kushoro\AppData\Local\JetBrains\IdeaIC2024.3\temp-testng-customsuite.xml

2024-12-14T02:42:46,332 [main] INFO  TestRunner - Setting up TestRunner environment.
2024-12-14T02:42:46,348 [main] INFO  TestRunner - Running tests...
2024-12-14T02:42:46,536 [main] INFO  DefaultTestContextBootstrapper - Using TestExecutionListeners: [org.springframework.test.context.support.DirtiesContextBeforeModesTestExecutionListener@516ebdf8, org.springframework.test.context.event.ApplicationEventsTestExecutionListener@4d8539de, org.springframework.test.context.support.DependencyInjectionTestExecutionListener@3eba57a7, org.springframework.test.context.support.DirtiesContextTestExecutionListener@272a179c, org.springframework.test.context.event.EventPublishingTestExecutionListener@30feffc]
2024-12-14T02:42:46,571 [main] INFO  DefaultTestContextBootstrapper - Using TestExecutionListeners: [org.springframework.test.context.support.DirtiesContextBeforeModesTestExecutionListener@682c1e93, org.springframework.test.context.event.ApplicationEventsTestExecutionListener@27068a50, org.springframework.test.context.support.DependencyInjectionTestExecutionListener@68e62ca4, org.springframework.test.context.support.DirtiesContextTestExecutionListener@5328a9c1, org.springframework.test.context.event.EventPublishingTestExecutionListener@5b78fdb1]
2024-12-14T02:42:46,587 [main] INFO  DefaultTestContextBootstrapper - Using TestExecutionListeners: [org.springframework.test.context.support.DirtiesContextBeforeModesTestExecutionListener@5e742e4, org.springframework.test.context.event.ApplicationEventsTestExecutionListener@175acfb2, org.springframework.test.context.support.DependencyInjectionTestExecutionListener@4a03bb68, org.springframework.test.context.support.DirtiesContextTestExecutionListener@4e868ef5, org.springframework.test.context.event.EventPublishingTestExecutionListener@71c905a3]
2024-12-14T02:42:46,611 [main] INFO  Utils - [TestNG] Running:
  Command line suite

2024-12-14T02:42:47,291 [main] INFO  WebDriverManager - Using chromedriver 127.0.6533.119 (resolved driver for Chrome 127)
2024-12-14T02:42:47,311 [main] INFO  WebDriverManager - Exporting webdriver.chrome.driver as C:\Users\John.Kushoro\.cache\selenium\chromedriver\win64\127.0.6533.119\chromedriver.exe
2024-12-14T02:42:51,713 [main] INFO  LoginPageTests - Starting login test with companyName: totallygroupconfig, username: Test
2024-12-14T02:42:56,394 [main] INFO  LoginPageTests - Starting navigation to home page
2024-12-14T02:43:03,357 [main] INFO  LoginPageTests - Navigation to home page completed successfully.
2024-12-14T02:43:28,866 [main] INFO  TestRunner - Cleaning up TestRunner environment.
2024-12-14T02:45:14,297 [main] INFO  Utils - [TestNG] Running:
  C:\Users\John.Kushoro\AppData\Local\JetBrains\IdeaIC2024.3\temp-testng-customsuite.xml

2024-12-14T02:45:14,664 [main] INFO  TestRunner - Setting up TestRunner environment.
2024-12-14T02:45:14,682 [main] INFO  TestRunner - Running tests...
2024-12-14T02:45:14,851 [main] INFO  DefaultTestContextBootstrapper - Using TestExecutionListeners: [org.springframework.test.context.support.DirtiesContextBeforeModesTestExecutionListener@516ebdf8, org.springframework.test.context.event.ApplicationEventsTestExecutionListener@4d8539de, org.springframework.test.context.support.DependencyInjectionTestExecutionListener@3eba57a7, org.springframework.test.context.support.DirtiesContextTestExecutionListener@272a179c, org.springframework.test.context.event.EventPublishingTestExecutionListener@30feffc]
2024-12-14T02:45:14,880 [main] INFO  DefaultTestContextBootstrapper - Using TestExecutionListeners: [org.springframework.test.context.support.DirtiesContextBeforeModesTestExecutionListener@5328a9c1, org.springframework.test.context.event.ApplicationEventsTestExecutionListener@5b78fdb1, org.springframework.test.context.support.DependencyInjectionTestExecutionListener@48bfb884, org.springframework.test.context.support.DirtiesContextTestExecutionListener@11653e3b, org.springframework.test.context.event.EventPublishingTestExecutionListener@715fb77]
2024-12-14T02:45:14,890 [main] INFO  DefaultTestContextBootstrapper - Using TestExecutionListeners: [org.springframework.test.context.support.DirtiesContextBeforeModesTestExecutionListener@4a03bb68, org.springframework.test.context.event.ApplicationEventsTestExecutionListener@4e868ef5, org.springframework.test.context.support.DependencyInjectionTestExecutionListener@71c905a3, org.springframework.test.context.support.DirtiesContextTestExecutionListener@30af7377, org.springframework.test.context.event.EventPublishingTestExecutionListener@67a056f1]
2024-12-14T02:45:14,906 [main] INFO  Utils - [TestNG] Running:
  Command line suite

2024-12-14T02:45:15,757 [main] INFO  WebDriverManager - Using chromedriver 127.0.6533.119 (resolved driver for Chrome 127)
2024-12-14T02:45:15,784 [main] INFO  WebDriverManager - Exporting webdriver.chrome.driver as C:\Users\John.Kushoro\.cache\selenium\chromedriver\win64\127.0.6533.119\chromedriver.exe
2024-12-14T02:45:19,630 [main] INFO  LoginPageTests - Starting login test with companyName: totallygroupconfig, username: Test
2024-12-14T02:45:24,176 [main] INFO  LoginPageTests - Starting navigation to home page
2024-12-14T02:45:30,206 [main] INFO  LoginPageTests - Navigation to home page completed successfully.
2024-12-14T02:45:43,088 [main] INFO  TestRunner - Cleaning up TestRunner environment.
2024-12-14T02:45:54,304 [main] INFO  Utils - [TestNG] Running:
  C:\Users\John.Kushoro\AppData\Local\JetBrains\IdeaIC2024.3\temp-testng-customsuite.xml

2024-12-14T02:45:54,559 [main] INFO  TestRunner - Setting up TestRunner environment.
2024-12-14T02:45:54,578 [main] INFO  TestRunner - Running tests...
2024-12-14T02:45:54,764 [main] INFO  DefaultTestContextBootstrapper - Using TestExecutionListeners: [org.springframework.test.context.support.DirtiesContextBeforeModesTestExecutionListener@bcb09a6, org.springframework.test.context.event.ApplicationEventsTestExecutionListener@7c2a69b4, org.springframework.test.context.support.DependencyInjectionTestExecutionListener@a619c2, org.springframework.test.context.support.DirtiesContextTestExecutionListener@648ee871, org.springframework.test.context.event.EventPublishingTestExecutionListener@375b5b7f]
2024-12-14T02:45:54,792 [main] INFO  DefaultTestContextBootstrapper - Using TestExecutionListeners: [org.springframework.test.context.support.DirtiesContextBeforeModesTestExecutionListener@715fb77, org.springframework.test.context.event.ApplicationEventsTestExecutionListener@1b9c1b51, org.springframework.test.context.support.DependencyInjectionTestExecutionListener@2e52fb3e, org.springframework.test.context.support.DirtiesContextTestExecutionListener@16fe9c29, org.springframework.test.context.event.EventPublishingTestExecutionListener@3e9803c2]
2024-12-14T02:45:54,804 [main] INFO  DefaultTestContextBootstrapper - Using TestExecutionListeners: [org.springframework.test.context.support.DirtiesContextBeforeModesTestExecutionListener@30af7377, org.springframework.test.context.event.ApplicationEventsTestExecutionListener@67a056f1, org.springframework.test.context.support.DependencyInjectionTestExecutionListener@1dab9dd6, org.springframework.test.context.support.DirtiesContextTestExecutionListener@247667dd, org.springframework.test.context.event.EventPublishingTestExecutionListener@6f099cef]
2024-12-14T02:45:54,824 [main] INFO  Utils - [TestNG] Running:
  Command line suite

2024-12-14T02:45:55,395 [main] INFO  WebDriverManager - Using chromedriver 127.0.6533.119 (resolved driver for Chrome 127)
2024-12-14T02:45:55,413 [main] INFO  WebDriverManager - Exporting webdriver.chrome.driver as C:\Users\John.Kushoro\.cache\selenium\chromedriver\win64\127.0.6533.119\chromedriver.exe
2024-12-14T02:45:58,740 [main] INFO  LoginPageTests - Starting login test with companyName: totallygroupconfig, username: Test
2024-12-14T02:46:01,695 [main] INFO  LoginPageTests - Starting navigation to home page
2024-12-14T02:46:07,562 [main] INFO  LoginPageTests - Navigation to home page completed successfully.
2024-12-14T02:46:28,062 [main] INFO  TestRunner - Cleaning up TestRunner environment.
2024-12-14T02:48:38,588 [main] INFO  Utils - [TestNG] Running:
  C:\Users\John.Kushoro\AppData\Local\JetBrains\IdeaIC2024.3\temp-testng-customsuite.xml

2024-12-14T02:48:38,967 [main] INFO  TestRunner - Setting up TestRunner environment.
2024-12-14T02:48:38,987 [main] INFO  TestRunner - Running tests...
2024-12-14T02:48:39,243 [main] INFO  DefaultTestContextBootstrapper - Using TestExecutionListeners: [org.springframework.test.context.support.DirtiesContextBeforeModesTestExecutionListener@67207d8a, org.springframework.test.context.event.ApplicationEventsTestExecutionListener@bcb09a6, org.springframework.test.context.support.DependencyInjectionTestExecutionListener@7c2a69b4, org.springframework.test.context.support.DirtiesContextTestExecutionListener@a619c2, org.springframework.test.context.event.EventPublishingTestExecutionListener@648ee871]
2024-12-14T02:48:39,296 [main] INFO  DefaultTestContextBootstrapper - Using TestExecutionListeners: [org.springframework.test.context.support.DirtiesContextBeforeModesTestExecutionListener@48bfb884, org.springframework.test.context.event.ApplicationEventsTestExecutionListener@11653e3b, org.springframework.test.context.support.DependencyInjectionTestExecutionListener@715fb77, org.springframework.test.context.support.DirtiesContextTestExecutionListener@1b9c1b51, org.springframework.test.context.event.EventPublishingTestExecutionListener@2e52fb3e]
2024-12-14T02:48:39,317 [main] INFO  DefaultTestContextBootstrapper - Using TestExecutionListeners: [org.springframework.test.context.support.DirtiesContextBeforeModesTestExecutionListener@71c905a3, org.springframework.test.context.event.ApplicationEventsTestExecutionListener@30af7377, org.springframework.test.context.support.DependencyInjectionTestExecutionListener@67a056f1, org.springframework.test.context.support.DirtiesContextTestExecutionListener@1dab9dd6, org.springframework.test.context.event.EventPublishingTestExecutionListener@247667dd]
2024-12-14T02:48:39,360 [main] INFO  Utils - [TestNG] Running:
  Command line suite

2024-12-14T02:48:40,497 [main] INFO  WebDriverManager - Using chromedriver 127.0.6533.119 (resolved driver for Chrome 127)
2024-12-14T02:48:40,524 [main] INFO  WebDriverManager - Exporting webdriver.chrome.driver as C:\Users\John.Kushoro\.cache\selenium\chromedriver\win64\127.0.6533.119\chromedriver.exe
2024-12-14T02:48:45,463 [main] INFO  LoginPageTests - Starting login test with companyName: totallygroupconfig, username: Test
2024-12-14T02:48:50,211 [main] INFO  LoginPageTests - Starting navigation to home page
2024-12-14T02:48:57,056 [main] INFO  LoginPageTests - Navigation to home page completed successfully.
2024-12-14T02:51:06,422 [main] INFO  Utils - [TestNG] Running:
  C:\Users\John.Kushoro\AppData\Local\JetBrains\IdeaIC2024.3\temp-testng-customsuite.xml

2024-12-14T02:51:06,794 [main] INFO  TestRunner - Setting up TestRunner environment.
2024-12-14T02:51:06,810 [main] INFO  TestRunner - Running tests...
2024-12-14T02:51:06,950 [main] INFO  DefaultTestContextBootstrapper - Using TestExecutionListeners: [org.springframework.test.context.support.DirtiesContextBeforeModesTestExecutionListener@3eba57a7, org.springframework.test.context.event.ApplicationEventsTestExecutionListener@272a179c, org.springframework.test.context.support.DependencyInjectionTestExecutionListener@30feffc, org.springframework.test.context.support.DirtiesContextTestExecutionListener@67207d8a, org.springframework.test.context.event.EventPublishingTestExecutionListener@bcb09a6]
2024-12-14T02:51:06,977 [main] INFO  DefaultTestContextBootstrapper - Using TestExecutionListeners: [org.springframework.test.context.support.DirtiesContextBeforeModesTestExecutionListener@68e62ca4, org.springframework.test.context.event.ApplicationEventsTestExecutionListener@5328a9c1, org.springframework.test.context.support.DependencyInjectionTestExecutionListener@5b78fdb1, org.springframework.test.context.support.DirtiesContextTestExecutionListener@48bfb884, org.springframework.test.context.event.EventPublishingTestExecutionListener@11653e3b]
2024-12-14T02:51:06,986 [main] INFO  DefaultTestContextBootstrapper - Using TestExecutionListeners: [org.springframework.test.context.support.DirtiesContextBeforeModesTestExecutionListener@175acfb2, org.springframework.test.context.event.ApplicationEventsTestExecutionListener@4a03bb68, org.springframework.test.context.support.DependencyInjectionTestExecutionListener@4e868ef5, org.springframework.test.context.support.DirtiesContextTestExecutionListener@71c905a3, org.springframework.test.context.event.EventPublishingTestExecutionListener@30af7377]
2024-12-14T02:51:07,003 [main] INFO  Utils - [TestNG] Running:
  Command line suite

2024-12-14T02:51:07,663 [main] INFO  WebDriverManager - Using chromedriver 127.0.6533.119 (resolved driver for Chrome 127)
2024-12-14T02:51:07,680 [main] INFO  WebDriverManager - Exporting webdriver.chrome.driver as C:\Users\John.Kushoro\.cache\selenium\chromedriver\win64\127.0.6533.119\chromedriver.exe
2024-12-14T02:51:11,554 [main] INFO  LoginPageTests - Starting login test with companyName: totallygroupconfig, username: Test
2024-12-14T02:51:16,482 [main] INFO  LoginPageTests - Starting navigation to home page
2024-12-14T02:51:24,021 [main] INFO  LoginPageTests - Navigation to home page completed successfully.
2024-12-14T02:51:48,848 [main] INFO  TestRunner - Cleaning up TestRunner environment.
2024-12-14T02:53:00,824 [main] INFO  Utils - [TestNG] Running:
  C:\Users\John.Kushoro\AppData\Local\JetBrains\IdeaIC2024.3\temp-testng-customsuite.xml

2024-12-14T02:53:01,148 [main] INFO  TestRunner - Setting up TestRunner environment.
2024-12-14T02:53:01,172 [main] INFO  TestRunner - Running tests...
2024-12-14T02:53:01,347 [main] INFO  DefaultTestContextBootstrapper - Using TestExecutionListeners: [org.springframework.test.context.support.DirtiesContextBeforeModesTestExecutionListener@3eba57a7, org.springframework.test.context.event.ApplicationEventsTestExecutionListener@272a179c, org.springframework.test.context.support.DependencyInjectionTestExecutionListener@30feffc, org.springframework.test.context.support.DirtiesContextTestExecutionListener@67207d8a, org.springframework.test.context.event.EventPublishingTestExecutionListener@bcb09a6]
2024-12-14T02:53:01,379 [main] INFO  DefaultTestContextBootstrapper - Using TestExecutionListeners: [org.springframework.test.context.support.DirtiesContextBeforeModesTestExecutionListener@68e62ca4, org.springframework.test.context.event.ApplicationEventsTestExecutionListener@5328a9c1, org.springframework.test.context.support.DependencyInjectionTestExecutionListener@5b78fdb1, org.springframework.test.context.support.DirtiesContextTestExecutionListener@48bfb884, org.springframework.test.context.event.EventPublishingTestExecutionListener@11653e3b]
2024-12-14T02:53:01,386 [main] INFO  DefaultTestContextBootstrapper - Using TestExecutionListeners: [org.springframework.test.context.support.DirtiesContextBeforeModesTestExecutionListener@71c905a3, org.springframework.test.context.event.ApplicationEventsTestExecutionListener@30af7377, org.springframework.test.context.support.DependencyInjectionTestExecutionListener@67a056f1, org.springframework.test.context.support.DirtiesContextTestExecutionListener@1dab9dd6, org.springframework.test.context.event.EventPublishingTestExecutionListener@247667dd]
2024-12-14T02:53:01,402 [main] INFO  Utils - [TestNG] Running:
  Command line suite

2024-12-14T02:53:02,018 [main] INFO  WebDriverManager - Using chromedriver 127.0.6533.119 (resolved driver for Chrome 127)
2024-12-14T02:53:02,038 [main] INFO  WebDriverManager - Exporting webdriver.chrome.driver as C:\Users\John.Kushoro\.cache\selenium\chromedriver\win64\127.0.6533.119\chromedriver.exe
2024-12-14T02:53:05,942 [main] INFO  LoginPageTests - Starting login test with companyName: totallygroupconfig, username: Test
2024-12-14T02:53:11,460 [main] INFO  LoginPageTests - Starting navigation to home page
2024-12-14T02:53:17,070 [main] INFO  LoginPageTests - Navigation to home page completed successfully.
2024-12-14T02:53:41,339 [main] INFO  TestRunner - Cleaning up TestRunner environment.
2024-12-14T02:53:59,429 [main] INFO  Utils - [TestNG] Running:
  C:\Users\John.Kushoro\AppData\Local\JetBrains\IdeaIC2024.3\temp-testng-customsuite.xml

2024-12-14T02:53:59,718 [main] INFO  TestRunner - Setting up TestRunner environment.
2024-12-14T02:53:59,739 [main] INFO  TestRunner - Running tests...
2024-12-14T02:53:59,909 [main] INFO  DefaultTestContextBootstrapper - Using TestExecutionListeners: [org.springframework.test.context.support.DirtiesContextBeforeModesTestExecutionListener@3eba57a7, org.springframework.test.context.event.ApplicationEventsTestExecutionListener@272a179c, org.springframework.test.context.support.DependencyInjectionTestExecutionListener@30feffc, org.springframework.test.context.support.DirtiesContextTestExecutionListener@67207d8a, org.springframework.test.context.event.EventPublishingTestExecutionListener@bcb09a6]
2024-12-14T02:53:59,950 [main] INFO  DefaultTestContextBootstrapper - Using TestExecutionListeners: [org.springframework.test.context.support.DirtiesContextBeforeModesTestExecutionListener@682c1e93, org.springframework.test.context.event.ApplicationEventsTestExecutionListener@27068a50, org.springframework.test.context.support.DependencyInjectionTestExecutionListener@68e62ca4, org.springframework.test.context.support.DirtiesContextTestExecutionListener@5328a9c1, org.springframework.test.context.event.EventPublishingTestExecutionListener@5b78fdb1]
2024-12-14T02:53:59,966 [main] INFO  DefaultTestContextBootstrapper - Using TestExecutionListeners: [org.springframework.test.context.support.DirtiesContextBeforeModesTestExecutionListener@6ad6fa53, org.springframework.test.context.event.ApplicationEventsTestExecutionListener@55ea2d70, org.springframework.test.context.support.DependencyInjectionTestExecutionListener@5e742e4, org.springframework.test.context.support.DirtiesContextTestExecutionListener@175acfb2, org.springframework.test.context.event.EventPublishingTestExecutionListener@4a03bb68]
2024-12-14T02:53:59,985 [main] INFO  Utils - [TestNG] Running:
  Command line suite

2024-12-14T02:54:00,621 [main] INFO  WebDriverManager - Using chromedriver 127.0.6533.119 (resolved driver for Chrome 127)
2024-12-14T02:54:00,640 [main] INFO  WebDriverManager - Exporting webdriver.chrome.driver as C:\Users\John.Kushoro\.cache\selenium\chromedriver\win64\127.0.6533.119\chromedriver.exe
2024-12-14T02:54:05,099 [main] INFO  LoginPageTests - Starting login test with companyName: totallygroupconfig, username: Test
2024-12-14T02:54:09,740 [main] INFO  LoginPageTests - Starting navigation to home page
2024-12-14T02:54:16,197 [main] INFO  LoginPageTests - Navigation to home page completed successfully.
2024-12-14T02:54:40,587 [main] INFO  TestRunner - Cleaning up TestRunner environment.
2024-12-14T14:49:15,729 [main] INFO  Utils - [TestNG] Running:
  C:\Users\John.Kushoro\AppData\Local\JetBrains\IdeaIC2024.3\temp-testng-customsuite.xml

2024-12-14T14:49:15,983 [main] INFO  TestRunner - Setting up TestRunner environment.
2024-12-14T14:49:16,003 [main] INFO  TestRunner - Running tests...
2024-12-14T14:49:16,195 [main] INFO  DefaultTestContextBootstrapper - Using TestExecutionListeners: [org.springframework.test.context.support.DirtiesContextBeforeModesTestExecutionListener@272a179c, org.springframework.test.context.event.ApplicationEventsTestExecutionListener@30feffc, org.springframework.test.context.support.DependencyInjectionTestExecutionListener@67207d8a, org.springframework.test.context.support.DirtiesContextTestExecutionListener@bcb09a6, org.springframework.test.context.event.EventPublishingTestExecutionListener@7c2a69b4]
2024-12-14T14:49:16,230 [main] INFO  DefaultTestContextBootstrapper - Using TestExecutionListeners: [org.springframework.test.context.support.DirtiesContextBeforeModesTestExecutionListener@5b78fdb1, org.springframework.test.context.event.ApplicationEventsTestExecutionListener@48bfb884, org.springframework.test.context.support.DependencyInjectionTestExecutionListener@11653e3b, org.springframework.test.context.support.DirtiesContextTestExecutionListener@715fb77, org.springframework.test.context.event.EventPublishingTestExecutionListener@1b9c1b51]
2024-12-14T14:49:16,244 [main] INFO  DefaultTestContextBootstrapper - Using TestExecutionListeners: [org.springframework.test.context.support.DirtiesContextBeforeModesTestExecutionListener@4e868ef5, org.springframework.test.context.event.ApplicationEventsTestExecutionListener@71c905a3, org.springframework.test.context.support.DependencyInjectionTestExecutionListener@30af7377, org.springframework.test.context.support.DirtiesContextTestExecutionListener@67a056f1, org.springframework.test.context.event.EventPublishingTestExecutionListener@1dab9dd6]
2024-12-14T14:49:16,269 [main] INFO  Utils - [TestNG] Running:
  Command line suite

2024-12-14T14:49:17,759 [main] INFO  WebDriverManager - Using chromedriver 127.0.6533.119 (resolved driver for Chrome 127)
2024-12-14T14:49:17,792 [main] INFO  WebDriverManager - Exporting webdriver.chrome.driver as C:\Users\John.Kushoro\.cache\selenium\chromedriver\win64\127.0.6533.119\chromedriver.exe
2024-12-14T14:49:22,713 [main] INFO  LoginPageTests - Starting login test with companyName: totallygroupconfig, username: Test
2024-12-14T14:49:49,054 [main] INFO  LoginPageTests - Starting navigation to home page
2024-12-14T14:50:09,340 [main] INFO  LoginPageTests - Navigation to home page completed successfully.
2024-12-14T14:50:25,067 [main] INFO  TestRunner - Cleaning up TestRunner environment.
2024-12-14T14:50:59,714 [main] INFO  Utils - [TestNG] Running:
  C:\Users\John.Kushoro\AppData\Local\JetBrains\IdeaIC2024.3\temp-testng-customsuite.xml

2024-12-14T14:51:00,124 [main] INFO  TestRunner - Setting up TestRunner environment.
2024-12-14T14:51:00,143 [main] INFO  TestRunner - Running tests...
2024-12-14T14:51:00,358 [main] INFO  DefaultTestContextBootstrapper - Using TestExecutionListeners: [org.springframework.test.context.support.DirtiesContextBeforeModesTestExecutionListener@3eba57a7, org.springframework.test.context.event.ApplicationEventsTestExecutionListener@272a179c, org.springframework.test.context.support.DependencyInjectionTestExecutionListener@30feffc, org.springframework.test.context.support.DirtiesContextTestExecutionListener@67207d8a, org.springframework.test.context.event.EventPublishingTestExecutionListener@bcb09a6]
2024-12-14T14:51:00,393 [main] INFO  DefaultTestContextBootstrapper - Using TestExecutionListeners: [org.springframework.test.context.support.DirtiesContextBeforeModesTestExecutionListener@682c1e93, org.springframework.test.context.event.ApplicationEventsTestExecutionListener@27068a50, org.springframework.test.context.support.DependencyInjectionTestExecutionListener@68e62ca4, org.springframework.test.context.support.DirtiesContextTestExecutionListener@5328a9c1, org.springframework.test.context.event.EventPublishingTestExecutionListener@5b78fdb1]
2024-12-14T14:51:00,406 [main] INFO  DefaultTestContextBootstrapper - Using TestExecutionListeners: [org.springframework.test.context.support.DirtiesContextBeforeModesTestExecutionListener@55ea2d70, org.springframework.test.context.event.ApplicationEventsTestExecutionListener@5e742e4, org.springframework.test.context.support.DependencyInjectionTestExecutionListener@175acfb2, org.springframework.test.context.support.DirtiesContextTestExecutionListener@4a03bb68, org.springframework.test.context.event.EventPublishingTestExecutionListener@4e868ef5]
2024-12-14T14:51:00,424 [main] INFO  Utils - [TestNG] Running:
  Command line suite

2024-12-14T14:51:01,180 [main] INFO  WebDriverManager - Using chromedriver 127.0.6533.119 (resolved driver for Chrome 127)
2024-12-14T14:51:01,210 [main] INFO  WebDriverManager - Exporting webdriver.chrome.driver as C:\Users\John.Kushoro\.cache\selenium\chromedriver\win64\127.0.6533.119\chromedriver.exe
2024-12-14T14:51:05,776 [main] INFO  LoginPageTests - Starting login test with companyName: totallygroupconfig, username: Test
2024-12-14T14:51:15,904 [main] INFO  LoginPageTests - Starting navigation to home page
2024-12-14T14:51:23,574 [main] INFO  LoginPageTests - Navigation to home page completed successfully.
2024-12-14T14:51:48,575 [main] INFO  TestRunner - Cleaning up TestRunner environment.
2024-12-14T16:54:47,647 [main] INFO  Utils - [TestNG] Running:
  C:\Users\John.Kushoro\AppData\Local\JetBrains\IdeaIC2024.3\temp-testng-customsuite.xml

2024-12-14T16:54:47,967 [main] INFO  TestRunner - Setting up TestRunner environment.
2024-12-14T16:54:47,985 [main] INFO  TestRunner - Running tests...
2024-12-14T16:54:48,146 [main] INFO  DefaultTestContextBootstrapper - Using TestExecutionListeners: [org.springframework.test.context.support.DirtiesContextBeforeModesTestExecutionListener@272a179c, org.springframework.test.context.event.ApplicationEventsTestExecutionListener@30feffc, org.springframework.test.context.support.DependencyInjectionTestExecutionListener@67207d8a, org.springframework.test.context.support.DirtiesContextTestExecutionListener@bcb09a6, org.springframework.test.context.event.EventPublishingTestExecutionListener@7c2a69b4]
2024-12-14T16:54:48,177 [main] INFO  DefaultTestContextBootstrapper - Using TestExecutionListeners: [org.springframework.test.context.support.DirtiesContextBeforeModesTestExecutionListener@5b78fdb1, org.springframework.test.context.event.ApplicationEventsTestExecutionListener@48bfb884, org.springframework.test.context.support.DependencyInjectionTestExecutionListener@11653e3b, org.springframework.test.context.support.DirtiesContextTestExecutionListener@715fb77, org.springframework.test.context.event.EventPublishingTestExecutionListener@1b9c1b51]
2024-12-14T16:54:48,192 [main] INFO  DefaultTestContextBootstrapper - Using TestExecutionListeners: [org.springframework.test.context.support.DirtiesContextBeforeModesTestExecutionListener@4a03bb68, org.springframework.test.context.event.ApplicationEventsTestExecutionListener@4e868ef5, org.springframework.test.context.support.DependencyInjectionTestExecutionListener@71c905a3, org.springframework.test.context.support.DirtiesContextTestExecutionListener@30af7377, org.springframework.test.context.event.EventPublishingTestExecutionListener@67a056f1]
2024-12-14T16:54:48,207 [main] INFO  Utils - [TestNG] Running:
  Command line suite

2024-12-14T16:54:49,826 [main] INFO  WebDriverManager - Using chromedriver 127.0.6533.119 (resolved driver for Chrome 127)
2024-12-14T16:54:49,876 [main] INFO  WebDriverManager - Exporting webdriver.chrome.driver as C:\Users\John.Kushoro\.cache\selenium\chromedriver\win64\127.0.6533.119\chromedriver.exe
2024-12-14T16:54:55,165 [main] INFO  LoginPageTests - Starting login test with companyName: totallygroupconfig, username: Test
2024-12-14T16:54:59,828 [main] INFO  LoginPageTests - Starting navigation to home page
2024-12-14T16:55:09,632 [main] INFO  LoginPageTests - Navigation to home page completed successfully.
2024-12-14T16:55:30,415 [main] INFO  TestRunner - Cleaning up TestRunner environment.
2024-12-14T16:55:41,080 [main] INFO  Utils - [TestNG] Running:
  C:\Users\John.Kushoro\AppData\Local\JetBrains\IdeaIC2024.3\temp-testng-customsuite.xml

2024-12-14T16:55:41,441 [main] INFO  TestRunner - Setting up TestRunner environment.
2024-12-14T16:55:41,456 [main] INFO  TestRunner - Running tests...
2024-12-14T16:55:41,628 [main] INFO  DefaultTestContextBootstrapper - Using TestExecutionListeners: [org.springframework.test.context.support.DirtiesContextBeforeModesTestExecutionListener@3eba57a7, org.springframework.test.context.event.ApplicationEventsTestExecutionListener@272a179c, org.springframework.test.context.support.DependencyInjectionTestExecutionListener@30feffc, org.springframework.test.context.support.DirtiesContextTestExecutionListener@67207d8a, org.springframework.test.context.event.EventPublishingTestExecutionListener@bcb09a6]
2024-12-14T16:55:41,664 [main] INFO  DefaultTestContextBootstrapper - Using TestExecutionListeners: [org.springframework.test.context.support.DirtiesContextBeforeModesTestExecutionListener@682c1e93, org.springframework.test.context.event.ApplicationEventsTestExecutionListener@27068a50, org.springframework.test.context.support.DependencyInjectionTestExecutionListener@68e62ca4, org.springframework.test.context.support.DirtiesContextTestExecutionListener@5328a9c1, org.springframework.test.context.event.EventPublishingTestExecutionListener@5b78fdb1]
2024-12-14T16:55:41,687 [main] INFO  DefaultTestContextBootstrapper - Using TestExecutionListeners: [org.springframework.test.context.support.DirtiesContextBeforeModesTestExecutionListener@175acfb2, org.springframework.test.context.event.ApplicationEventsTestExecutionListener@4a03bb68, org.springframework.test.context.support.DependencyInjectionTestExecutionListener@4e868ef5, org.springframework.test.context.support.DirtiesContextTestExecutionListener@71c905a3, org.springframework.test.context.event.EventPublishingTestExecutionListener@30af7377]
2024-12-14T16:55:41,704 [main] INFO  Utils - [TestNG] Running:
  Command line suite

2024-12-14T16:55:42,389 [main] INFO  WebDriverManager - Using chromedriver 127.0.6533.119 (resolved driver for Chrome 127)
2024-12-14T16:55:42,408 [main] INFO  WebDriverManager - Exporting webdriver.chrome.driver as C:\Users\John.Kushoro\.cache\selenium\chromedriver\win64\127.0.6533.119\chromedriver.exe
2024-12-14T16:55:47,269 [main] INFO  LoginPageTests - Starting login test with companyName: totallygroupconfig, username: Test
2024-12-14T16:55:50,980 [main] INFO  LoginPageTests - Starting navigation to home page
2024-12-14T16:55:56,943 [main] INFO  LoginPageTests - Navigation to home page completed successfully.
2024-12-14T16:56:12,761 [main] INFO  TestRunner - Cleaning up TestRunner environment.
2024-12-14T16:57:56,355 [main] INFO  Utils - [TestNG] Running:
  C:\Users\John.Kushoro\AppData\Local\JetBrains\IdeaIC2024.3\temp-testng-customsuite.xml

2024-12-14T16:57:56,658 [main] INFO  TestRunner - Setting up TestRunner environment.
2024-12-14T16:57:56,676 [main] INFO  TestRunner - Running tests...
2024-12-14T16:57:56,835 [main] INFO  DefaultTestContextBootstrapper - Using TestExecutionListeners: [org.springframework.test.context.support.DirtiesContextBeforeModesTestExecutionListener@3eba57a7, org.springframework.test.context.event.ApplicationEventsTestExecutionListener@272a179c, org.springframework.test.context.support.DependencyInjectionTestExecutionListener@30feffc, org.springframework.test.context.support.DirtiesContextTestExecutionListener@67207d8a, org.springframework.test.context.event.EventPublishingTestExecutionListener@bcb09a6]
2024-12-14T16:57:56,858 [main] INFO  DefaultTestContextBootstrapper - Using TestExecutionListeners: [org.springframework.test.context.support.DirtiesContextBeforeModesTestExecutionListener@5328a9c1, org.springframework.test.context.event.ApplicationEventsTestExecutionListener@5b78fdb1, org.springframework.test.context.support.DependencyInjectionTestExecutionListener@48bfb884, org.springframework.test.context.support.DirtiesContextTestExecutionListener@11653e3b, org.springframework.test.context.event.EventPublishingTestExecutionListener@715fb77]
2024-12-14T16:57:56,872 [main] INFO  DefaultTestContextBootstrapper - Using TestExecutionListeners: [org.springframework.test.context.support.DirtiesContextBeforeModesTestExecutionListener@175acfb2, org.springframework.test.context.event.ApplicationEventsTestExecutionListener@4a03bb68, org.springframework.test.context.support.DependencyInjectionTestExecutionListener@4e868ef5, org.springframework.test.context.support.DirtiesContextTestExecutionListener@71c905a3, org.springframework.test.context.event.EventPublishingTestExecutionListener@30af7377]
2024-12-14T16:57:56,888 [main] INFO  Utils - [TestNG] Running:
  Command line suite

2024-12-14T16:57:57,460 [main] INFO  WebDriverManager - Using chromedriver 127.0.6533.119 (resolved driver for Chrome 127)
2024-12-14T16:57:57,478 [main] INFO  WebDriverManager - Exporting webdriver.chrome.driver as C:\Users\John.Kushoro\.cache\selenium\chromedriver\win64\127.0.6533.119\chromedriver.exe
2024-12-14T16:58:02,057 [main] INFO  LoginPageTests - Starting login test with companyName: totallygroupconfig, username: Test
2024-12-14T16:58:06,862 [main] INFO  LoginPageTests - Starting navigation to home page
2024-12-14T16:58:13,472 [main] INFO  LoginPageTests - Navigation to home page completed successfully.
2024-12-14T16:58:47,374 [main] INFO  TestRunner - Cleaning up TestRunner environment.
2024-12-14T16:59:13,672 [main] INFO  Utils - [TestNG] Running:
  C:\Users\John.Kushoro\AppData\Local\JetBrains\IdeaIC2024.3\temp-testng-customsuite.xml

2024-12-14T16:59:13,957 [main] INFO  TestRunner - Setting up TestRunner environment.
2024-12-14T16:59:13,984 [main] INFO  TestRunner - Running tests...
2024-12-14T16:59:14,161 [main] INFO  DefaultTestContextBootstrapper - Using TestExecutionListeners: [org.springframework.test.context.support.DirtiesContextBeforeModesTestExecutionListener@3eba57a7, org.springframework.test.context.event.ApplicationEventsTestExecutionListener@272a179c, org.springframework.test.context.support.DependencyInjectionTestExecutionListener@30feffc, org.springframework.test.context.support.DirtiesContextTestExecutionListener@67207d8a, org.springframework.test.context.event.EventPublishingTestExecutionListener@bcb09a6]
2024-12-14T16:59:14,186 [main] INFO  DefaultTestContextBootstrapper - Using TestExecutionListeners: [org.springframework.test.context.support.DirtiesContextBeforeModesTestExecutionListener@27068a50, org.springframework.test.context.event.ApplicationEventsTestExecutionListener@68e62ca4, org.springframework.test.context.support.DependencyInjectionTestExecutionListener@5328a9c1, org.springframework.test.context.support.DirtiesContextTestExecutionListener@5b78fdb1, org.springframework.test.context.event.EventPublishingTestExecutionListener@48bfb884]
2024-12-14T16:59:14,204 [main] INFO  DefaultTestContextBootstrapper - Using TestExecutionListeners: [org.springframework.test.context.support.DirtiesContextBeforeModesTestExecutionListener@55ea2d70, org.springframework.test.context.event.ApplicationEventsTestExecutionListener@5e742e4, org.springframework.test.context.support.DependencyInjectionTestExecutionListener@175acfb2, org.springframework.test.context.support.DirtiesContextTestExecutionListener@4a03bb68, org.springframework.test.context.event.EventPublishingTestExecutionListener@4e868ef5]
2024-12-14T16:59:14,220 [main] INFO  Utils - [TestNG] Running:
  Command line suite

2024-12-14T16:59:15,267 [main] INFO  WebDriverManager - Using chromedriver 127.0.6533.119 (resolved driver for Chrome 127)
2024-12-14T16:59:15,315 [main] INFO  WebDriverManager - Exporting webdriver.chrome.driver as C:\Users\John.Kushoro\.cache\selenium\chromedriver\win64\127.0.6533.119\chromedriver.exe
2024-12-14T16:59:19,280 [main] INFO  LoginPageTests - Starting login test with companyName: totallygroupconfig, username: Test
2024-12-14T16:59:23,366 [main] INFO  LoginPageTests - Starting navigation to home page
2024-12-14T16:59:31,036 [main] INFO  LoginPageTests - Navigation to home page completed successfully.
2024-12-14T16:59:58,110 [main] INFO  TestRunner - Cleaning up TestRunner environment.
2024-12-14T17:02:06,961 [main] INFO  Utils - [TestNG] Running:
  C:\Users\John.Kushoro\AppData\Local\JetBrains\IdeaIC2024.3\temp-testng-customsuite.xml

2024-12-14T17:02:07,230 [main] INFO  TestRunner - Setting up TestRunner environment.
2024-12-14T17:02:07,250 [main] INFO  TestRunner - Running tests...
2024-12-14T17:02:07,497 [main] INFO  DefaultTestContextBootstrapper - Using TestExecutionListeners: [org.springframework.test.context.support.DirtiesContextBeforeModesTestExecutionListener@7c2a69b4, org.springframework.test.context.event.ApplicationEventsTestExecutionListener@a619c2, org.springframework.test.context.support.DependencyInjectionTestExecutionListener@648ee871, org.springframework.test.context.support.DirtiesContextTestExecutionListener@375b5b7f, org.springframework.test.context.event.EventPublishingTestExecutionListener@1813f3e9]
2024-12-14T17:02:07,556 [main] INFO  DefaultTestContextBootstrapper - Using TestExecutionListeners: [org.springframework.test.context.support.DirtiesContextBeforeModesTestExecutionListener@1b9c1b51, org.springframework.test.context.event.ApplicationEventsTestExecutionListener@2e52fb3e, org.springframework.test.context.support.DependencyInjectionTestExecutionListener@16fe9c29, org.springframework.test.context.support.DirtiesContextTestExecutionListener@3e9803c2, org.springframework.test.context.event.EventPublishingTestExecutionListener@4525d1d3]
2024-12-14T17:02:07,574 [main] INFO  DefaultTestContextBootstrapper - Using TestExecutionListeners: [org.springframework.test.context.support.DirtiesContextBeforeModesTestExecutionListener@247667dd, org.springframework.test.context.event.ApplicationEventsTestExecutionListener@6f099cef, org.springframework.test.context.support.DependencyInjectionTestExecutionListener@afb5821, org.springframework.test.context.support.DirtiesContextTestExecutionListener@4bff2185, org.springframework.test.context.event.EventPublishingTestExecutionListener@5c20ffa8]
2024-12-14T17:02:07,595 [main] INFO  Utils - [TestNG] Running:
  Command line suite

2024-12-14T17:02:08,191 [main] INFO  WebDriverManager - Using chromedriver 127.0.6533.119 (resolved driver for Chrome 127)
2024-12-14T17:02:08,208 [main] INFO  WebDriverManager - Exporting webdriver.chrome.driver as C:\Users\John.Kushoro\.cache\selenium\chromedriver\win64\127.0.6533.119\chromedriver.exe
2024-12-14T17:02:12,798 [main] INFO  LoginPageTests - Starting login test with companyName: totallygroupconfig, username: Test
2024-12-14T17:02:18,796 [main] INFO  LoginPageTests - Starting navigation to home page
2024-12-14T17:02:26,463 [main] INFO  LoginPageTests - Navigation to home page completed successfully.
2024-12-14T17:03:38,665 [main] INFO  TestRunner - Cleaning up TestRunner environment.
2024-12-14T17:06:31,929 [main] INFO  Utils - [TestNG] Running:
  C:\Users\John.Kushoro\AppData\Local\JetBrains\IdeaIC2024.3\temp-testng-customsuite.xml

2024-12-14T17:06:32,298 [main] INFO  TestRunner - Setting up TestRunner environment.
2024-12-14T17:06:32,319 [main] INFO  TestRunner - Running tests...
2024-12-14T17:06:32,579 [main] INFO  DefaultTestContextBootstrapper - Using TestExecutionListeners: [org.springframework.test.context.support.DirtiesContextBeforeModesTestExecutionListener@723ed581, org.springframework.test.context.event.ApplicationEventsTestExecutionListener@6b760460, org.springframework.test.context.support.DependencyInjectionTestExecutionListener@796065aa, org.springframework.test.context.support.DirtiesContextTestExecutionListener@28a6301f, org.springframework.test.context.event.EventPublishingTestExecutionListener@2c306a57]
2024-12-14T17:06:32,618 [main] INFO  DefaultTestContextBootstrapper - Using TestExecutionListeners: [org.springframework.test.context.support.DirtiesContextBeforeModesTestExecutionListener@7ec25216, org.springframework.test.context.event.ApplicationEventsTestExecutionListener@7cab1508, org.springframework.test.context.support.DependencyInjectionTestExecutionListener@6a84bc3f, org.springframework.test.context.support.DirtiesContextTestExecutionListener@258ee7de, org.springframework.test.context.event.EventPublishingTestExecutionListener@4930539b]
2024-12-14T17:06:32,640 [main] INFO  DefaultTestContextBootstrapper - Using TestExecutionListeners: [org.springframework.test.context.support.DirtiesContextBeforeModesTestExecutionListener@5bca7664, org.springframework.test.context.event.ApplicationEventsTestExecutionListener@105b693d, org.springframework.test.context.support.DependencyInjectionTestExecutionListener@3fae596, org.springframework.test.context.support.DirtiesContextTestExecutionListener@4a0df195, org.springframework.test.context.event.EventPublishingTestExecutionListener@42fcc7e6]
2024-12-14T17:06:32,671 [main] INFO  Utils - [TestNG] Running:
  Command line suite

2024-12-14T17:06:33,662 [main] INFO  WebDriverManager - Using chromedriver 127.0.6533.119 (resolved driver for Chrome 127)
2024-12-14T17:06:33,689 [main] INFO  WebDriverManager - Exporting webdriver.chrome.driver as C:\Users\John.Kushoro\.cache\selenium\chromedriver\win64\127.0.6533.119\chromedriver.exe
2024-12-14T17:06:37,505 [main] INFO  LoginPageTests - Starting login test with companyName: totallygroupconfig, username: Test
2024-12-14T17:06:42,442 [main] INFO  LoginPageTests - Starting navigation to home page
2024-12-14T17:06:51,582 [main] INFO  LoginPageTests - Navigation to home page completed successfully.
2024-12-14T17:38:13,188 [main] INFO  Utils - [TestNG] Running:
  C:\Users\John.Kushoro\AppData\Local\JetBrains\IdeaIC2024.3\temp-testng-customsuite.xml

2024-12-14T17:38:13,510 [main] INFO  TestRunner - Setting up TestRunner environment.
2024-12-14T17:38:13,539 [main] INFO  TestRunner - Running tests...
2024-12-14T17:38:13,735 [main] INFO  DefaultTestContextBootstrapper - Using TestExecutionListeners: [org.springframework.test.context.support.DirtiesContextBeforeModesTestExecutionListener@723ed581, org.springframework.test.context.event.ApplicationEventsTestExecutionListener@6b760460, org.springframework.test.context.support.DependencyInjectionTestExecutionListener@796065aa, org.springframework.test.context.support.DirtiesContextTestExecutionListener@28a6301f, org.springframework.test.context.event.EventPublishingTestExecutionListener@2c306a57]
2024-12-14T17:38:13,767 [main] INFO  DefaultTestContextBootstrapper - Using TestExecutionListeners: [org.springframework.test.context.support.DirtiesContextBeforeModesTestExecutionListener@7ec25216, org.springframework.test.context.event.ApplicationEventsTestExecutionListener@7cab1508, org.springframework.test.context.support.DependencyInjectionTestExecutionListener@6a84bc3f, org.springframework.test.context.support.DirtiesContextTestExecutionListener@258ee7de, org.springframework.test.context.event.EventPublishingTestExecutionListener@4930539b]
2024-12-14T17:38:13,777 [main] INFO  DefaultTestContextBootstrapper - Using TestExecutionListeners: [org.springframework.test.context.support.DirtiesContextBeforeModesTestExecutionListener@1d25c1c, org.springframework.test.context.event.ApplicationEventsTestExecutionListener@de88ac6, org.springframework.test.context.support.DependencyInjectionTestExecutionListener@5bca7664, org.springframework.test.context.support.DirtiesContextTestExecutionListener@105b693d, org.springframework.test.context.event.EventPublishingTestExecutionListener@3fae596]
2024-12-14T17:38:13,794 [main] INFO  Utils - [TestNG] Running:
  Command line suite

2024-12-14T17:38:14,578 [main] INFO  WebDriverManager - Using chromedriver 127.0.6533.119 (resolved driver for Chrome 127)
2024-12-14T17:38:14,605 [main] INFO  WebDriverManager - Exporting webdriver.chrome.driver as C:\Users\John.Kushoro\.cache\selenium\chromedriver\win64\127.0.6533.119\chromedriver.exe
2024-12-14T17:38:19,301 [main] INFO  LoginPageTests - Starting login test with companyName: totallygroupconfig, username: Test
2024-12-14T17:38:27,281 [main] INFO  LoginPageTests - Starting navigation to home page
2024-12-14T17:38:36,440 [main] INFO  LoginPageTests - Navigation to home page completed successfully.
2024-12-14T17:39:28,591 [main] INFO  Utils - [TestNG] Running:
  C:\Users\John.Kushoro\AppData\Local\JetBrains\IdeaIC2024.3\temp-testng-customsuite.xml

2024-12-14T17:39:28,885 [main] INFO  TestRunner - Setting up TestRunner environment.
2024-12-14T17:39:28,903 [main] INFO  TestRunner - Running tests...
2024-12-14T17:39:29,057 [main] INFO  DefaultTestContextBootstrapper - Using TestExecutionListeners: [org.springframework.test.context.support.DirtiesContextBeforeModesTestExecutionListener@272a179c, org.springframework.test.context.event.ApplicationEventsTestExecutionListener@30feffc, org.springframework.test.context.support.DependencyInjectionTestExecutionListener@67207d8a, org.springframework.test.context.support.DirtiesContextTestExecutionListener@bcb09a6, org.springframework.test.context.event.EventPublishingTestExecutionListener@7c2a69b4]
2024-12-14T17:39:29,087 [main] INFO  DefaultTestContextBootstrapper - Using TestExecutionListeners: [org.springframework.test.context.support.DirtiesContextBeforeModesTestExecutionListener@48bfb884, org.springframework.test.context.event.ApplicationEventsTestExecutionListener@11653e3b, org.springframework.test.context.support.DependencyInjectionTestExecutionListener@715fb77, org.springframework.test.context.support.DirtiesContextTestExecutionListener@1b9c1b51, org.springframework.test.context.event.EventPublishingTestExecutionListener@2e52fb3e]
2024-12-14T17:39:29,096 [main] INFO  DefaultTestContextBootstrapper - Using TestExecutionListeners: [org.springframework.test.context.support.DirtiesContextBeforeModesTestExecutionListener@30af7377, org.springframework.test.context.event.ApplicationEventsTestExecutionListener@67a056f1, org.springframework.test.context.support.DependencyInjectionTestExecutionListener@1dab9dd6, org.springframework.test.context.support.DirtiesContextTestExecutionListener@247667dd, org.springframework.test.context.event.EventPublishingTestExecutionListener@6f099cef]
2024-12-14T17:39:29,113 [main] INFO  Utils - [TestNG] Running:
  Command line suite

2024-12-14T17:39:29,738 [main] INFO  WebDriverManager - Using chromedriver 127.0.6533.119 (resolved driver for Chrome 127)
2024-12-14T17:39:29,757 [main] INFO  WebDriverManager - Exporting webdriver.chrome.driver as C:\Users\John.Kushoro\.cache\selenium\chromedriver\win64\127.0.6533.119\chromedriver.exe
2024-12-14T17:39:33,290 [main] INFO  LoginPageTests - Starting login test with companyName: totallygroupconfig, username: Test
2024-12-14T17:39:37,075 [main] INFO  LoginPageTests - Starting navigation to home page
2024-12-14T17:39:43,629 [main] INFO  LoginPageTests - Navigation to home page completed successfully.
2024-12-14T17:39:56,468 [main] INFO  TestRunner - Cleaning up TestRunner environment.
2024-12-14T17:40:06,707 [main] INFO  Utils - [TestNG] Running:
  C:\Users\John.Kushoro\AppData\Local\JetBrains\IdeaIC2024.3\temp-testng-customsuite.xml

2024-12-14T17:40:07,035 [main] INFO  TestRunner - Setting up TestRunner environment.
2024-12-14T17:40:07,058 [main] INFO  TestRunner - Running tests...
2024-12-14T17:40:07,211 [main] INFO  DefaultTestContextBootstrapper - Using TestExecutionListeners: [org.springframework.test.context.support.DirtiesContextBeforeModesTestExecutionListener@272a179c, org.springframework.test.context.event.ApplicationEventsTestExecutionListener@30feffc, org.springframework.test.context.support.DependencyInjectionTestExecutionListener@67207d8a, org.springframework.test.context.support.DirtiesContextTestExecutionListener@bcb09a6, org.springframework.test.context.event.EventPublishingTestExecutionListener@7c2a69b4]
2024-12-14T17:40:07,238 [main] INFO  DefaultTestContextBootstrapper - Using TestExecutionListeners: [org.springframework.test.context.support.DirtiesContextBeforeModesTestExecutionListener@5b78fdb1, org.springframework.test.context.event.ApplicationEventsTestExecutionListener@48bfb884, org.springframework.test.context.support.DependencyInjectionTestExecutionListener@11653e3b, org.springframework.test.context.support.DirtiesContextTestExecutionListener@715fb77, org.springframework.test.context.event.EventPublishingTestExecutionListener@1b9c1b51]
2024-12-14T17:40:07,247 [main] INFO  DefaultTestContextBootstrapper - Using TestExecutionListeners: [org.springframework.test.context.support.DirtiesContextBeforeModesTestExecutionListener@4e868ef5, org.springframework.test.context.event.ApplicationEventsTestExecutionListener@71c905a3, org.springframework.test.context.support.DependencyInjectionTestExecutionListener@30af7377, org.springframework.test.context.support.DirtiesContextTestExecutionListener@67a056f1, org.springframework.test.context.event.EventPublishingTestExecutionListener@1dab9dd6]
2024-12-14T17:40:07,262 [main] INFO  Utils - [TestNG] Running:
  Command line suite

2024-12-14T17:40:07,929 [main] INFO  WebDriverManager - Using chromedriver 127.0.6533.119 (resolved driver for Chrome 127)
2024-12-14T17:40:07,948 [main] INFO  WebDriverManager - Exporting webdriver.chrome.driver as C:\Users\John.Kushoro\.cache\selenium\chromedriver\win64\127.0.6533.119\chromedriver.exe
2024-12-14T17:40:11,328 [main] INFO  LoginPageTests - Starting login test with companyName: totallygroupconfig, username: Test
2024-12-14T17:40:14,346 [main] INFO  LoginPageTests - Starting navigation to home page
2024-12-14T17:40:20,317 [main] INFO  LoginPageTests - Navigation to home page completed successfully.
2024-12-14T17:40:41,399 [main] INFO  TestRunner - Cleaning up TestRunner environment.
2024-12-14T17:40:53,489 [main] INFO  Utils - [TestNG] Running:
  C:\Users\John.Kushoro\AppData\Local\JetBrains\IdeaIC2024.3\temp-testng-customsuite.xml

2024-12-14T17:40:53,811 [main] INFO  TestRunner - Setting up TestRunner environment.
2024-12-14T17:40:53,833 [main] INFO  TestRunner - Running tests...
2024-12-14T17:40:54,005 [main] INFO  DefaultTestContextBootstrapper - Using TestExecutionListeners: [org.springframework.test.context.support.DirtiesContextBeforeModesTestExecutionListener@723ed581, org.springframework.test.context.event.ApplicationEventsTestExecutionListener@6b760460, org.springframework.test.context.support.DependencyInjectionTestExecutionListener@796065aa, org.springframework.test.context.support.DirtiesContextTestExecutionListener@28a6301f, org.springframework.test.context.event.EventPublishingTestExecutionListener@2c306a57]
2024-12-14T17:40:54,034 [main] INFO  DefaultTestContextBootstrapper - Using TestExecutionListeners: [org.springframework.test.context.support.DirtiesContextBeforeModesTestExecutionListener@7ec25216, org.springframework.test.context.event.ApplicationEventsTestExecutionListener@7cab1508, org.springframework.test.context.support.DependencyInjectionTestExecutionListener@6a84bc3f, org.springframework.test.context.support.DirtiesContextTestExecutionListener@258ee7de, org.springframework.test.context.event.EventPublishingTestExecutionListener@4930539b]
2024-12-14T17:40:54,045 [main] INFO  DefaultTestContextBootstrapper - Using TestExecutionListeners: [org.springframework.test.context.support.DirtiesContextBeforeModesTestExecutionListener@de88ac6, org.springframework.test.context.event.ApplicationEventsTestExecutionListener@5bca7664, org.springframework.test.context.support.DependencyInjectionTestExecutionListener@105b693d, org.springframework.test.context.support.DirtiesContextTestExecutionListener@3fae596, org.springframework.test.context.event.EventPublishingTestExecutionListener@4a0df195]
2024-12-14T17:40:54,060 [main] INFO  Utils - [TestNG] Running:
  Command line suite

2024-12-14T17:40:54,786 [main] INFO  WebDriverManager - Using chromedriver 127.0.6533.119 (resolved driver for Chrome 127)
2024-12-14T17:40:54,815 [main] INFO  WebDriverManager - Exporting webdriver.chrome.driver as C:\Users\John.Kushoro\.cache\selenium\chromedriver\win64\127.0.6533.119\chromedriver.exe
2024-12-14T17:40:58,287 [main] INFO  LoginPageTests - Starting login test with companyName: totallygroupconfig, username: Test
2024-12-14T17:41:03,085 [main] INFO  LoginPageTests - Starting navigation to home page
2024-12-14T17:41:09,692 [main] INFO  LoginPageTests - Navigation to home page completed successfully.
2024-12-14T17:42:06,209 [main] INFO  Utils - [TestNG] Running:
  C:\Users\John.Kushoro\AppData\Local\JetBrains\IdeaIC2024.3\temp-testng-customsuite.xml

2024-12-14T17:42:06,641 [main] INFO  TestRunner - Setting up TestRunner environment.
2024-12-14T17:42:06,663 [main] INFO  TestRunner - Running tests...
2024-12-14T17:42:06,875 [main] INFO  DefaultTestContextBootstrapper - Using TestExecutionListeners: [org.springframework.test.context.support.DirtiesContextBeforeModesTestExecutionListener@3eba57a7, org.springframework.test.context.event.ApplicationEventsTestExecutionListener@272a179c, org.springframework.test.context.support.DependencyInjectionTestExecutionListener@30feffc, org.springframework.test.context.support.DirtiesContextTestExecutionListener@67207d8a, org.springframework.test.context.event.EventPublishingTestExecutionListener@bcb09a6]
2024-12-14T17:42:06,913 [main] INFO  DefaultTestContextBootstrapper - Using TestExecutionListeners: [org.springframework.test.context.support.DirtiesContextBeforeModesTestExecutionListener@682c1e93, org.springframework.test.context.event.ApplicationEventsTestExecutionListener@27068a50, org.springframework.test.context.support.DependencyInjectionTestExecutionListener@68e62ca4, org.springframework.test.context.support.DirtiesContextTestExecutionListener@5328a9c1, org.springframework.test.context.event.EventPublishingTestExecutionListener@5b78fdb1]
2024-12-14T17:42:06,930 [main] INFO  DefaultTestContextBootstrapper - Using TestExecutionListeners: [org.springframework.test.context.support.DirtiesContextBeforeModesTestExecutionListener@55ea2d70, org.springframework.test.context.event.ApplicationEventsTestExecutionListener@5e742e4, org.springframework.test.context.support.DependencyInjectionTestExecutionListener@175acfb2, org.springframework.test.context.support.DirtiesContextTestExecutionListener@4a03bb68, org.springframework.test.context.event.EventPublishingTestExecutionListener@4e868ef5]
2024-12-14T17:42:06,955 [main] INFO  Utils - [TestNG] Running:
  Command line suite

2024-12-14T17:42:07,783 [main] INFO  WebDriverManager - Using chromedriver 127.0.6533.119 (resolved driver for Chrome 127)
2024-12-14T17:42:07,805 [main] INFO  WebDriverManager - Exporting webdriver.chrome.driver as C:\Users\John.Kushoro\.cache\selenium\chromedriver\win64\127.0.6533.119\chromedriver.exe
2024-12-14T17:42:11,411 [main] INFO  LoginPageTests - Starting login test with companyName: totallygroupconfig, username: Test
2024-12-14T17:42:14,911 [main] INFO  LoginPageTests - Starting navigation to home page
2024-12-14T17:42:21,130 [main] INFO  LoginPageTests - Navigation to home page completed successfully.
2024-12-14T17:42:42,965 [main] INFO  TestRunner - Cleaning up TestRunner environment.
2024-12-14T19:20:24,244 [main] INFO  Utils - [TestNG] Running:
  C:\Users\John.Kushoro\AppData\Local\JetBrains\IdeaIC2024.3\temp-testng-customsuite.xml

2024-12-14T19:20:24,505 [main] INFO  TestRunner - Setting up TestRunner environment.
2024-12-14T19:20:24,526 [main] INFO  TestRunner - Running tests...
2024-12-14T19:20:24,810 [main] INFO  DefaultTestContextBootstrapper - Using TestExecutionListeners: [org.springframework.test.context.support.DirtiesContextBeforeModesTestExecutionListener@5f78de22, org.springframework.test.context.event.ApplicationEventsTestExecutionListener@516ebdf8, org.springframework.test.context.support.DependencyInjectionTestExecutionListener@4d8539de, org.springframework.test.context.support.DirtiesContextTestExecutionListener@3eba57a7, org.springframework.test.context.event.EventPublishingTestExecutionListener@272a179c]
2024-12-14T19:20:24,874 [main] INFO  DefaultTestContextBootstrapper - Using TestExecutionListeners: [org.springframework.test.context.support.DirtiesContextBeforeModesTestExecutionListener@511d5d04, org.springframework.test.context.event.ApplicationEventsTestExecutionListener@682c1e93, org.springframework.test.context.support.DependencyInjectionTestExecutionListener@27068a50, org.springframework.test.context.support.DirtiesContextTestExecutionListener@68e62ca4, org.springframework.test.context.event.EventPublishingTestExecutionListener@5328a9c1]
2024-12-14T19:20:24,901 [main] INFO  DefaultTestContextBootstrapper - Using TestExecutionListeners: [org.springframework.test.context.support.DirtiesContextBeforeModesTestExecutionListener@5e742e4, org.springframework.test.context.event.ApplicationEventsTestExecutionListener@175acfb2, org.springframework.test.context.support.DependencyInjectionTestExecutionListener@4a03bb68, org.springframework.test.context.support.DirtiesContextTestExecutionListener@4e868ef5, org.springframework.test.context.event.EventPublishingTestExecutionListener@71c905a3]
2024-12-14T19:20:24,932 [main] INFO  Utils - [TestNG] Running:
  Command line suite

2024-12-14T19:20:26,716 [main] INFO  WebDriverManager - Using chromedriver 127.0.6533.119 (resolved driver for Chrome 127)
2024-12-14T19:20:26,740 [main] INFO  WebDriverManager - Exporting webdriver.chrome.driver as C:\Users\John.Kushoro\.cache\selenium\chromedriver\win64\127.0.6533.119\chromedriver.exe
2024-12-14T19:20:33,735 [main] INFO  LoginPageTests - Starting login test with companyName: totallygroupconfig, username: Test
2024-12-14T19:20:49,786 [main] INFO  LoginPageTests - Starting navigation to home page
2024-12-14T19:21:00,620 [main] INFO  LoginPageTests - Navigation to home page completed successfully.
2024-12-14T19:21:19,566 [main] INFO  TestRunner - Cleaning up TestRunner environment.
2024-12-14T19:22:58,754 [main] INFO  Utils - [TestNG] Running:
  C:\Users\John.Kushoro\AppData\Local\JetBrains\IdeaIC2024.3\temp-testng-customsuite.xml

2024-12-14T19:22:59,148 [main] INFO  TestRunner - Setting up TestRunner environment.
2024-12-14T19:22:59,173 [main] INFO  TestRunner - Running tests...
2024-12-14T19:22:59,376 [main] INFO  DefaultTestContextBootstrapper - Using TestExecutionListeners: [org.springframework.test.context.support.DirtiesContextBeforeModesTestExecutionListener@3eba57a7, org.springframework.test.context.event.ApplicationEventsTestExecutionListener@272a179c, org.springframework.test.context.support.DependencyInjectionTestExecutionListener@30feffc, org.springframework.test.context.support.DirtiesContextTestExecutionListener@67207d8a, org.springframework.test.context.event.EventPublishingTestExecutionListener@bcb09a6]
2024-12-14T19:22:59,400 [main] INFO  DefaultTestContextBootstrapper - Using TestExecutionListeners: [org.springframework.test.context.support.DirtiesContextBeforeModesTestExecutionListener@5b78fdb1, org.springframework.test.context.event.ApplicationEventsTestExecutionListener@48bfb884, org.springframework.test.context.support.DependencyInjectionTestExecutionListener@11653e3b, org.springframework.test.context.support.DirtiesContextTestExecutionListener@715fb77, org.springframework.test.context.event.EventPublishingTestExecutionListener@1b9c1b51]
2024-12-14T19:22:59,422 [main] INFO  DefaultTestContextBootstrapper - Using TestExecutionListeners: [org.springframework.test.context.support.DirtiesContextBeforeModesTestExecutionListener@4a03bb68, org.springframework.test.context.event.ApplicationEventsTestExecutionListener@4e868ef5, org.springframework.test.context.support.DependencyInjectionTestExecutionListener@71c905a3, org.springframework.test.context.support.DirtiesContextTestExecutionListener@30af7377, org.springframework.test.context.event.EventPublishingTestExecutionListener@67a056f1]
2024-12-14T19:22:59,444 [main] INFO  Utils - [TestNG] Running:
  Command line suite

2024-12-14T19:23:00,192 [main] INFO  WebDriverManager - Using chromedriver 127.0.6533.119 (resolved driver for Chrome 127)
2024-12-14T19:23:00,222 [main] INFO  WebDriverManager - Exporting webdriver.chrome.driver as C:\Users\John.Kushoro\.cache\selenium\chromedriver\win64\127.0.6533.119\chromedriver.exe
2024-12-14T19:23:05,528 [main] INFO  LoginPageTests - Starting login test with companyName: totallygroupconfig, username: Test
2024-12-14T19:23:10,892 [main] INFO  LoginPageTests - Starting navigation to home page
2024-12-14T19:23:17,891 [main] INFO  LoginPageTests - Navigation to home page completed successfully.
2024-12-14T19:23:46,092 [main] INFO  TestRunner - Cleaning up TestRunner environment.
2024-12-14T21:44:59,378 [main] INFO  Utils - [TestNG] Running:
  C:\Users\John.Kushoro\AppData\Local\JetBrains\IdeaIC2024.3\temp-testng-customsuite.xml

2024-12-14T21:45:00,051 [main] INFO  TestRunner - Setting up TestRunner environment.
2024-12-14T21:45:00,108 [main] INFO  TestRunner - Running tests...
2024-12-14T21:45:00,455 [main] INFO  DefaultTestContextBootstrapper - Using TestExecutionListeners: [org.springframework.test.context.support.DirtiesContextBeforeModesTestExecutionListener@67207d8a, org.springframework.test.context.event.ApplicationEventsTestExecutionListener@bcb09a6, org.springframework.test.context.support.DependencyInjectionTestExecutionListener@7c2a69b4, org.springframework.test.context.support.DirtiesContextTestExecutionListener@a619c2, org.springframework.test.context.event.EventPublishingTestExecutionListener@648ee871]
2024-12-14T21:45:00,487 [main] INFO  DefaultTestContextBootstrapper - Using TestExecutionListeners: [org.springframework.test.context.support.DirtiesContextBeforeModesTestExecutionListener@11653e3b, org.springframework.test.context.event.ApplicationEventsTestExecutionListener@715fb77, org.springframework.test.context.support.DependencyInjectionTestExecutionListener@1b9c1b51, org.springframework.test.context.support.DirtiesContextTestExecutionListener@2e52fb3e, org.springframework.test.context.event.EventPublishingTestExecutionListener@16fe9c29]
2024-12-14T21:45:00,498 [main] INFO  DefaultTestContextBootstrapper - Using TestExecutionListeners: [org.springframework.test.context.support.DirtiesContextBeforeModesTestExecutionListener@71c905a3, org.springframework.test.context.event.ApplicationEventsTestExecutionListener@30af7377, org.springframework.test.context.support.DependencyInjectionTestExecutionListener@67a056f1, org.springframework.test.context.support.DirtiesContextTestExecutionListener@1dab9dd6, org.springframework.test.context.event.EventPublishingTestExecutionListener@247667dd]
2024-12-14T21:45:00,515 [main] INFO  Utils - [TestNG] Running:
  Command line suite

2024-12-14T21:45:02,321 [main] INFO  WebDriverManager - Using chromedriver 127.0.6533.119 (resolved driver for Chrome 127)
2024-12-14T21:45:02,387 [main] INFO  WebDriverManager - Exporting webdriver.chrome.driver as C:\Users\John.Kushoro\.cache\selenium\chromedriver\win64\127.0.6533.119\chromedriver.exe
2024-12-14T21:45:09,990 [main] INFO  LoginPageTests - Starting login test with companyName: totallygroupconfig, username: Test
2024-12-14T21:45:19,753 [main] INFO  LoginPageTests - Starting navigation to home page
2024-12-14T21:45:30,942 [main] INFO  LoginPageTests - Navigation to home page completed successfully.
2024-12-14T21:45:48,740 [main] INFO  TestRunner - Cleaning up TestRunner environment.
2024-12-14T21:47:39,123 [main] INFO  Utils - [TestNG] Running:
  C:\Users\John.Kushoro\AppData\Local\JetBrains\IdeaIC2024.3\temp-testng-customsuite.xml

2024-12-14T21:47:39,455 [main] INFO  TestRunner - Setting up TestRunner environment.
2024-12-14T21:47:39,474 [main] INFO  TestRunner - Running tests...
2024-12-14T21:47:39,670 [main] INFO  DefaultTestContextBootstrapper - Using TestExecutionListeners: [org.springframework.test.context.support.DirtiesContextBeforeModesTestExecutionListener@272a179c, org.springframework.test.context.event.ApplicationEventsTestExecutionListener@30feffc, org.springframework.test.context.support.DependencyInjectionTestExecutionListener@67207d8a, org.springframework.test.context.support.DirtiesContextTestExecutionListener@bcb09a6, org.springframework.test.context.event.EventPublishingTestExecutionListener@7c2a69b4]
2024-12-14T21:47:39,700 [main] INFO  DefaultTestContextBootstrapper - Using TestExecutionListeners: [org.springframework.test.context.support.DirtiesContextBeforeModesTestExecutionListener@5b78fdb1, org.springframework.test.context.event.ApplicationEventsTestExecutionListener@48bfb884, org.springframework.test.context.support.DependencyInjectionTestExecutionListener@11653e3b, org.springframework.test.context.support.DirtiesContextTestExecutionListener@715fb77, org.springframework.test.context.event.EventPublishingTestExecutionListener@1b9c1b51]
2024-12-14T21:47:39,712 [main] INFO  DefaultTestContextBootstrapper - Using TestExecutionListeners: [org.springframework.test.context.support.DirtiesContextBeforeModesTestExecutionListener@4a03bb68, org.springframework.test.context.event.ApplicationEventsTestExecutionListener@4e868ef5, org.springframework.test.context.support.DependencyInjectionTestExecutionListener@71c905a3, org.springframework.test.context.support.DirtiesContextTestExecutionListener@30af7377, org.springframework.test.context.event.EventPublishingTestExecutionListener@67a056f1]
2024-12-14T21:47:39,746 [main] INFO  Utils - [TestNG] Running:
  Command line suite

2024-12-14T21:47:40,408 [main] INFO  WebDriverManager - Using chromedriver 127.0.6533.119 (resolved driver for Chrome 127)
2024-12-14T21:47:40,426 [main] INFO  WebDriverManager - Exporting webdriver.chrome.driver as C:\Users\John.Kushoro\.cache\selenium\chromedriver\win64\127.0.6533.119\chromedriver.exe
2024-12-14T21:47:44,178 [main] INFO  LoginPageTests - Starting login test with companyName: totallygroupconfig, username: Test
2024-12-14T21:47:49,275 [main] INFO  LoginPageTests - Starting navigation to home page
2024-12-14T21:47:57,154 [main] INFO  LoginPageTests - Navigation to home page completed successfully.
2024-12-14T21:48:12,213 [main] INFO  TestRunner - Cleaning up TestRunner environment.
2024-12-14T21:49:52,664 [main] INFO  Utils - [TestNG] Running:
  C:\Users\John.Kushoro\AppData\Local\JetBrains\IdeaIC2024.3\temp-testng-customsuite.xml

2024-12-14T21:49:52,990 [main] INFO  TestRunner - Setting up TestRunner environment.
2024-12-14T21:49:53,012 [main] INFO  TestRunner - Running tests...
2024-12-14T21:49:53,151 [main] INFO  DefaultTestContextBootstrapper - Using TestExecutionListeners: [org.springframework.test.context.support.DirtiesContextBeforeModesTestExecutionListener@67207d8a, org.springframework.test.context.event.ApplicationEventsTestExecutionListener@bcb09a6, org.springframework.test.context.support.DependencyInjectionTestExecutionListener@7c2a69b4, org.springframework.test.context.support.DirtiesContextTestExecutionListener@a619c2, org.springframework.test.context.event.EventPublishingTestExecutionListener@648ee871]
2024-12-14T21:49:53,182 [main] INFO  DefaultTestContextBootstrapper - Using TestExecutionListeners: [org.springframework.test.context.support.DirtiesContextBeforeModesTestExecutionListener@1b9c1b51, org.springframework.test.context.event.ApplicationEventsTestExecutionListener@2e52fb3e, org.springframework.test.context.support.DependencyInjectionTestExecutionListener@16fe9c29, org.springframework.test.context.support.DirtiesContextTestExecutionListener@3e9803c2, org.springframework.test.context.event.EventPublishingTestExecutionListener@4525d1d3]
2024-12-14T21:49:53,196 [main] INFO  DefaultTestContextBootstrapper - Using TestExecutionListeners: [org.springframework.test.context.support.DirtiesContextBeforeModesTestExecutionListener@67a056f1, org.springframework.test.context.event.ApplicationEventsTestExecutionListener@1dab9dd6, org.springframework.test.context.support.DependencyInjectionTestExecutionListener@247667dd, org.springframework.test.context.support.DirtiesContextTestExecutionListener@6f099cef, org.springframework.test.context.event.EventPublishingTestExecutionListener@afb5821]
2024-12-14T21:49:53,214 [main] INFO  Utils - [TestNG] Running:
  Command line suite

2024-12-14T21:49:53,836 [main] INFO  WebDriverManager - Using chromedriver 127.0.6533.119 (resolved driver for Chrome 127)
2024-12-14T21:49:53,857 [main] INFO  WebDriverManager - Exporting webdriver.chrome.driver as C:\Users\John.Kushoro\.cache\selenium\chromedriver\win64\127.0.6533.119\chromedriver.exe
2024-12-14T21:49:57,651 [main] INFO  LoginPageTests - Starting login test with companyName: totallygroupconfig, username: Test
2024-12-14T21:50:03,003 [main] INFO  LoginPageTests - Starting navigation to home page
2024-12-14T21:50:11,260 [main] INFO  LoginPageTests - Navigation to home page completed successfully.
2024-12-14T21:50:32,131 [main] INFO  TestRunner - Cleaning up TestRunner environment.
2024-12-14T21:52:28,702 [main] INFO  Utils - [TestNG] Running:
  C:\Users\John.Kushoro\AppData\Local\JetBrains\IdeaIC2024.3\temp-testng-customsuite.xml

2024-12-14T21:52:29,004 [main] INFO  TestRunner - Setting up TestRunner environment.
2024-12-14T21:52:29,024 [main] INFO  TestRunner - Running tests...
2024-12-14T21:52:29,185 [main] INFO  DefaultTestContextBootstrapper - Using TestExecutionListeners: [org.springframework.test.context.support.DirtiesContextBeforeModesTestExecutionListener@516ebdf8, org.springframework.test.context.event.ApplicationEventsTestExecutionListener@4d8539de, org.springframework.test.context.support.DependencyInjectionTestExecutionListener@3eba57a7, org.springframework.test.context.support.DirtiesContextTestExecutionListener@272a179c, org.springframework.test.context.event.EventPublishingTestExecutionListener@30feffc]
2024-12-14T21:52:29,215 [main] INFO  DefaultTestContextBootstrapper - Using TestExecutionListeners: [org.springframework.test.context.support.DirtiesContextBeforeModesTestExecutionListener@27068a50, org.springframework.test.context.event.ApplicationEventsTestExecutionListener@68e62ca4, org.springframework.test.context.support.DependencyInjectionTestExecutionListener@5328a9c1, org.springframework.test.context.support.DirtiesContextTestExecutionListener@5b78fdb1, org.springframework.test.context.event.EventPublishingTestExecutionListener@48bfb884]
2024-12-14T21:52:29,228 [main] INFO  DefaultTestContextBootstrapper - Using TestExecutionListeners: [org.springframework.test.context.support.DirtiesContextBeforeModesTestExecutionListener@175acfb2, org.springframework.test.context.event.ApplicationEventsTestExecutionListener@4a03bb68, org.springframework.test.context.support.DependencyInjectionTestExecutionListener@4e868ef5, org.springframework.test.context.support.DirtiesContextTestExecutionListener@71c905a3, org.springframework.test.context.event.EventPublishingTestExecutionListener@30af7377]
2024-12-14T21:52:29,247 [main] INFO  Utils - [TestNG] Running:
  Command line suite

2024-12-14T21:52:29,931 [main] INFO  WebDriverManager - Using chromedriver 127.0.6533.119 (resolved driver for Chrome 127)
2024-12-14T21:52:29,960 [main] INFO  WebDriverManager - Exporting webdriver.chrome.driver as C:\Users\John.Kushoro\.cache\selenium\chromedriver\win64\127.0.6533.119\chromedriver.exe
2024-12-14T21:52:34,395 [main] INFO  LoginPageTests - Starting login test with companyName: totallygroupconfig, username: Test
2024-12-14T21:52:38,745 [main] INFO  LoginPageTests - Starting navigation to home page
2024-12-14T21:52:45,814 [main] INFO  LoginPageTests - Navigation to home page completed successfully.
2024-12-14T21:52:59,306 [main] INFO  TestRunner - Cleaning up TestRunner environment.
2024-12-14T21:54:47,481 [main] INFO  Utils - [TestNG] Running:
  C:\Users\John.Kushoro\AppData\Local\JetBrains\IdeaIC2024.3\temp-testng-customsuite.xml

2024-12-14T21:54:47,871 [main] INFO  TestRunner - Setting up TestRunner environment.
2024-12-14T21:54:47,905 [main] INFO  TestRunner - Running tests...
2024-12-14T21:54:48,113 [main] INFO  DefaultTestContextBootstrapper - Using TestExecutionListeners: [org.springframework.test.context.support.DirtiesContextBeforeModesTestExecutionListener@3eba57a7, org.springframework.test.context.event.ApplicationEventsTestExecutionListener@272a179c, org.springframework.test.context.support.DependencyInjectionTestExecutionListener@30feffc, org.springframework.test.context.support.DirtiesContextTestExecutionListener@67207d8a, org.springframework.test.context.event.EventPublishingTestExecutionListener@bcb09a6]
2024-12-14T21:54:48,156 [main] INFO  DefaultTestContextBootstrapper - Using TestExecutionListeners: [org.springframework.test.context.support.DirtiesContextBeforeModesTestExecutionListener@682c1e93, org.springframework.test.context.event.ApplicationEventsTestExecutionListener@27068a50, org.springframework.test.context.support.DependencyInjectionTestExecutionListener@68e62ca4, org.springframework.test.context.support.DirtiesContextTestExecutionListener@5328a9c1, org.springframework.test.context.event.EventPublishingTestExecutionListener@5b78fdb1]
2024-12-14T21:54:48,171 [main] INFO  DefaultTestContextBootstrapper - Using TestExecutionListeners: [org.springframework.test.context.support.DirtiesContextBeforeModesTestExecutionListener@6ad6fa53, org.springframework.test.context.event.ApplicationEventsTestExecutionListener@55ea2d70, org.springframework.test.context.support.DependencyInjectionTestExecutionListener@5e742e4, org.springframework.test.context.support.DirtiesContextTestExecutionListener@175acfb2, org.springframework.test.context.event.EventPublishingTestExecutionListener@4a03bb68]
2024-12-14T21:54:48,189 [main] INFO  Utils - [TestNG] Running:
  Command line suite

2024-12-14T21:54:48,986 [main] INFO  WebDriverManager - Using chromedriver 127.0.6533.119 (resolved driver for Chrome 127)
2024-12-14T21:54:49,017 [main] INFO  WebDriverManager - Exporting webdriver.chrome.driver as C:\Users\John.Kushoro\.cache\selenium\chromedriver\win64\127.0.6533.119\chromedriver.exe
2024-12-14T21:54:52,839 [main] INFO  LoginPageTests - Starting login test with companyName: totallygroupconfig, username: Test
2024-12-14T21:54:58,494 [main] INFO  LoginPageTests - Starting navigation to home page
2024-12-14T21:55:05,597 [main] INFO  LoginPageTests - Navigation to home page completed successfully.
2024-12-14T21:55:24,691 [main] INFO  TestRunner - Cleaning up TestRunner environment.
2024-12-14T21:55:42,815 [main] INFO  Utils - [TestNG] Running:
  C:\Users\John.Kushoro\AppData\Local\JetBrains\IdeaIC2024.3\temp-testng-customsuite.xml

2024-12-14T21:55:43,217 [main] INFO  TestRunner - Setting up TestRunner environment.
2024-12-14T21:55:43,235 [main] INFO  TestRunner - Running tests...
2024-12-14T21:55:43,404 [main] INFO  DefaultTestContextBootstrapper - Using TestExecutionListeners: [org.springframework.test.context.support.DirtiesContextBeforeModesTestExecutionListener@272a179c, org.springframework.test.context.event.ApplicationEventsTestExecutionListener@30feffc, org.springframework.test.context.support.DependencyInjectionTestExecutionListener@67207d8a, org.springframework.test.context.support.DirtiesContextTestExecutionListener@bcb09a6, org.springframework.test.context.event.EventPublishingTestExecutionListener@7c2a69b4]
2024-12-14T21:55:43,440 [main] INFO  DefaultTestContextBootstrapper - Using TestExecutionListeners: [org.springframework.test.context.support.DirtiesContextBeforeModesTestExecutionListener@27068a50, org.springframework.test.context.event.ApplicationEventsTestExecutionListener@68e62ca4, org.springframework.test.context.support.DependencyInjectionTestExecutionListener@5328a9c1, org.springframework.test.context.support.DirtiesContextTestExecutionListener@5b78fdb1, org.springframework.test.context.event.EventPublishingTestExecutionListener@48bfb884]
2024-12-14T21:55:43,453 [main] INFO  DefaultTestContextBootstrapper - Using TestExecutionListeners: [org.springframework.test.context.support.DirtiesContextBeforeModesTestExecutionListener@55ea2d70, org.springframework.test.context.event.ApplicationEventsTestExecutionListener@5e742e4, org.springframework.test.context.support.DependencyInjectionTestExecutionListener@175acfb2, org.springframework.test.context.support.DirtiesContextTestExecutionListener@4a03bb68, org.springframework.test.context.event.EventPublishingTestExecutionListener@4e868ef5]
2024-12-14T21:55:43,477 [main] INFO  Utils - [TestNG] Running:
  Command line suite

2024-12-14T21:55:44,498 [main] INFO  WebDriverManager - Using chromedriver 127.0.6533.119 (resolved driver for Chrome 127)
2024-12-14T21:55:44,557 [main] INFO  WebDriverManager - Exporting webdriver.chrome.driver as C:\Users\John.Kushoro\.cache\selenium\chromedriver\win64\127.0.6533.119\chromedriver.exe
2024-12-14T21:55:49,382 [main] INFO  LoginPageTests - Starting login test with companyName: totallygroupconfig, username: Test
2024-12-14T21:55:53,631 [main] INFO  LoginPageTests - Starting navigation to home page
2024-12-14T21:55:59,854 [main] INFO  LoginPageTests - Navigation to home page completed successfully.
2024-12-14T21:57:04,507 [main] INFO  Utils - [TestNG] Running:
  C:\Users\John.Kushoro\AppData\Local\JetBrains\IdeaIC2024.3\temp-testng-customsuite.xml

2024-12-14T21:57:04,827 [main] INFO  TestRunner - Setting up TestRunner environment.
2024-12-14T21:57:04,849 [main] INFO  TestRunner - Running tests...
2024-12-14T21:57:05,020 [main] INFO  DefaultTestContextBootstrapper - Using TestExecutionListeners: [org.springframework.test.context.support.DirtiesContextBeforeModesTestExecutionListener@516ebdf8, org.springframework.test.context.event.ApplicationEventsTestExecutionListener@4d8539de, org.springframework.test.context.support.DependencyInjectionTestExecutionListener@3eba57a7, org.springframework.test.context.support.DirtiesContextTestExecutionListener@272a179c, org.springframework.test.context.event.EventPublishingTestExecutionListener@30feffc]
2024-12-14T21:57:05,048 [main] INFO  DefaultTestContextBootstrapper - Using TestExecutionListeners: [org.springframework.test.context.support.DirtiesContextBeforeModesTestExecutionListener@68e62ca4, org.springframework.test.context.event.ApplicationEventsTestExecutionListener@5328a9c1, org.springframework.test.context.support.DependencyInjectionTestExecutionListener@5b78fdb1, org.springframework.test.context.support.DirtiesContextTestExecutionListener@48bfb884, org.springframework.test.context.event.EventPublishingTestExecutionListener@11653e3b]
2024-12-14T21:57:05,058 [main] INFO  DefaultTestContextBootstrapper - Using TestExecutionListeners: [org.springframework.test.context.support.DirtiesContextBeforeModesTestExecutionListener@175acfb2, org.springframework.test.context.event.ApplicationEventsTestExecutionListener@4a03bb68, org.springframework.test.context.support.DependencyInjectionTestExecutionListener@4e868ef5, org.springframework.test.context.support.DirtiesContextTestExecutionListener@71c905a3, org.springframework.test.context.event.EventPublishingTestExecutionListener@30af7377]
2024-12-14T21:57:05,073 [main] INFO  Utils - [TestNG] Running:
  Command line suite

2024-12-14T21:57:05,717 [main] INFO  WebDriverManager - Using chromedriver 127.0.6533.119 (resolved driver for Chrome 127)
2024-12-14T21:57:05,741 [main] INFO  WebDriverManager - Exporting webdriver.chrome.driver as C:\Users\John.Kushoro\.cache\selenium\chromedriver\win64\127.0.6533.119\chromedriver.exe
2024-12-14T21:57:09,656 [main] INFO  LoginPageTests - Starting login test with companyName: totallygroupconfig, username: Test
2024-12-14T21:57:14,101 [main] INFO  LoginPageTests - Starting navigation to home page
2024-12-14T21:57:21,313 [main] INFO  LoginPageTests - Navigation to home page completed successfully.
2024-12-14T21:58:08,733 [main] INFO  TestRunner - Cleaning up TestRunner environment.
2024-12-14T22:07:42,215 [main] INFO  Utils - [TestNG] Running:
  C:\Users\John.Kushoro\AppData\Local\JetBrains\IdeaIC2024.3\temp-testng-customsuite.xml

2024-12-14T22:07:42,575 [main] INFO  TestRunner - Setting up TestRunner environment.
2024-12-14T22:07:42,593 [main] INFO  TestRunner - Running tests...
2024-12-14T22:07:42,765 [main] INFO  DefaultTestContextBootstrapper - Using TestExecutionListeners: [org.springframework.test.context.support.DirtiesContextBeforeModesTestExecutionListener@272a179c, org.springframework.test.context.event.ApplicationEventsTestExecutionListener@30feffc, org.springframework.test.context.support.DependencyInjectionTestExecutionListener@67207d8a, org.springframework.test.context.support.DirtiesContextTestExecutionListener@bcb09a6, org.springframework.test.context.event.EventPublishingTestExecutionListener@7c2a69b4]
2024-12-14T22:07:42,793 [main] INFO  DefaultTestContextBootstrapper - Using TestExecutionListeners: [org.springframework.test.context.support.DirtiesContextBeforeModesTestExecutionListener@68e62ca4, org.springframework.test.context.event.ApplicationEventsTestExecutionListener@5328a9c1, org.springframework.test.context.support.DependencyInjectionTestExecutionListener@5b78fdb1, org.springframework.test.context.support.DirtiesContextTestExecutionListener@48bfb884, org.springframework.test.context.event.EventPublishingTestExecutionListener@11653e3b]
2024-12-14T22:07:42,803 [main] INFO  DefaultTestContextBootstrapper - Using TestExecutionListeners: [org.springframework.test.context.support.DirtiesContextBeforeModesTestExecutionListener@175acfb2, org.springframework.test.context.event.ApplicationEventsTestExecutionListener@4a03bb68, org.springframework.test.context.support.DependencyInjectionTestExecutionListener@4e868ef5, org.springframework.test.context.support.DirtiesContextTestExecutionListener@71c905a3, org.springframework.test.context.event.EventPublishingTestExecutionListener@30af7377]
2024-12-14T22:07:42,817 [main] INFO  Utils - [TestNG] Running:
  Command line suite

2024-12-14T22:07:43,517 [main] INFO  WebDriverManager - Using chromedriver 127.0.6533.119 (resolved driver for Chrome 127)
2024-12-14T22:07:43,544 [main] INFO  WebDriverManager - Exporting webdriver.chrome.driver as C:\Users\John.Kushoro\.cache\selenium\chromedriver\win64\127.0.6533.119\chromedriver.exe
2024-12-14T22:07:48,571 [main] INFO  LoginPageTests - Starting login test with companyName: totallygroupconfig, username: Test
2024-12-14T22:07:56,297 [main] INFO  LoginPageTests - Starting navigation to home page
2024-12-14T22:08:07,061 [main] INFO  LoginPageTests - Navigation to home page completed successfully.
2024-12-14T22:08:24,500 [main] INFO  TestRunner - Cleaning up TestRunner environment.
2024-12-14T22:25:46,149 [main] INFO  Utils - [TestNG] Running:
  C:\Users\John.Kushoro\AppData\Local\JetBrains\IdeaIC2024.3\temp-testng-customsuite.xml

2024-12-14T22:25:46,465 [main] INFO  TestRunner - Setting up TestRunner environment.
2024-12-14T22:25:46,498 [main] INFO  TestRunner - Running tests...
2024-12-14T22:25:46,688 [main] INFO  DefaultTestContextBootstrapper - Using TestExecutionListeners: [org.springframework.test.context.support.DirtiesContextBeforeModesTestExecutionListener@272a179c, org.springframework.test.context.event.ApplicationEventsTestExecutionListener@30feffc, org.springframework.test.context.support.DependencyInjectionTestExecutionListener@67207d8a, org.springframework.test.context.support.DirtiesContextTestExecutionListener@bcb09a6, org.springframework.test.context.event.EventPublishingTestExecutionListener@7c2a69b4]
2024-12-14T22:25:46,710 [main] INFO  DefaultTestContextBootstrapper - Using TestExecutionListeners: [org.springframework.test.context.support.DirtiesContextBeforeModesTestExecutionListener@5b78fdb1, org.springframework.test.context.event.ApplicationEventsTestExecutionListener@48bfb884, org.springframework.test.context.support.DependencyInjectionTestExecutionListener@11653e3b, org.springframework.test.context.support.DirtiesContextTestExecutionListener@715fb77, org.springframework.test.context.event.EventPublishingTestExecutionListener@1b9c1b51]
2024-12-14T22:25:46,728 [main] INFO  DefaultTestContextBootstrapper - Using TestExecutionListeners: [org.springframework.test.context.support.DirtiesContextBeforeModesTestExecutionListener@30af7377, org.springframework.test.context.event.ApplicationEventsTestExecutionListener@67a056f1, org.springframework.test.context.support.DependencyInjectionTestExecutionListener@1dab9dd6, org.springframework.test.context.support.DirtiesContextTestExecutionListener@247667dd, org.springframework.test.context.event.EventPublishingTestExecutionListener@6f099cef]
2024-12-14T22:25:46,748 [main] INFO  Utils - [TestNG] Running:
  Command line suite

2024-12-14T22:25:48,309 [main] INFO  WebDriverManager - Using chromedriver 127.0.6533.119 (resolved driver for Chrome 127)
2024-12-14T22:25:48,342 [main] INFO  WebDriverManager - Exporting webdriver.chrome.driver as C:\Users\John.Kushoro\.cache\selenium\chromedriver\win64\127.0.6533.119\chromedriver.exe
2024-12-14T22:25:53,813 [main] INFO  LoginPageTests - Starting login test with companyName: totallygroupconfig, username: Test
2024-12-14T22:26:00,853 [main] INFO  LoginPageTests - Starting navigation to home page
2024-12-14T22:26:14,713 [main] INFO  LoginPageTests - Navigation to home page completed successfully.
2024-12-14T22:26:32,516 [main] INFO  TestRunner - Cleaning up TestRunner environment.
2024-12-14T22:28:47,357 [main] INFO  Utils - [TestNG] Running:
  C:\Users\John.Kushoro\AppData\Local\JetBrains\IdeaIC2024.3\temp-testng-customsuite.xml

2024-12-14T22:28:47,731 [main] INFO  TestRunner - Setting up TestRunner environment.
2024-12-14T22:28:47,747 [main] INFO  TestRunner - Running tests...
2024-12-14T22:28:47,925 [main] INFO  DefaultTestContextBootstrapper - Using TestExecutionListeners: [org.springframework.test.context.support.DirtiesContextBeforeModesTestExecutionListener@3eba57a7, org.springframework.test.context.event.ApplicationEventsTestExecutionListener@272a179c, org.springframework.test.context.support.DependencyInjectionTestExecutionListener@30feffc, org.springframework.test.context.support.DirtiesContextTestExecutionListener@67207d8a, org.springframework.test.context.event.EventPublishingTestExecutionListener@bcb09a6]
2024-12-14T22:28:47,961 [main] INFO  DefaultTestContextBootstrapper - Using TestExecutionListeners: [org.springframework.test.context.support.DirtiesContextBeforeModesTestExecutionListener@27068a50, org.springframework.test.context.event.ApplicationEventsTestExecutionListener@68e62ca4, org.springframework.test.context.support.DependencyInjectionTestExecutionListener@5328a9c1, org.springframework.test.context.support.DirtiesContextTestExecutionListener@5b78fdb1, org.springframework.test.context.event.EventPublishingTestExecutionListener@48bfb884]
2024-12-14T22:28:47,974 [main] INFO  DefaultTestContextBootstrapper - Using TestExecutionListeners: [org.springframework.test.context.support.DirtiesContextBeforeModesTestExecutionListener@55ea2d70, org.springframework.test.context.event.ApplicationEventsTestExecutionListener@5e742e4, org.springframework.test.context.support.DependencyInjectionTestExecutionListener@175acfb2, org.springframework.test.context.support.DirtiesContextTestExecutionListener@4a03bb68, org.springframework.test.context.event.EventPublishingTestExecutionListener@4e868ef5]
2024-12-14T22:28:47,993 [main] INFO  Utils - [TestNG] Running:
  Command line suite

2024-12-14T22:28:48,766 [main] INFO  WebDriverManager - Using chromedriver 127.0.6533.119 (resolved driver for Chrome 127)
2024-12-14T22:28:48,795 [main] INFO  WebDriverManager - Exporting webdriver.chrome.driver as C:\Users\John.Kushoro\.cache\selenium\chromedriver\win64\127.0.6533.119\chromedriver.exe
2024-12-14T22:29:01,424 [main] INFO  LoginPageTests - Starting login test with companyName: totallygroupconfig, username: Test
2024-12-14T22:29:06,873 [main] INFO  LoginPageTests - Starting navigation to home page
2024-12-14T22:29:15,321 [main] INFO  LoginPageTests - Navigation to home page completed successfully.
2024-12-14T22:29:41,672 [main] INFO  TestRunner - Cleaning up TestRunner environment.
2024-12-14T22:30:35,675 [main] INFO  Utils - [TestNG] Running:
  C:\Users\John.Kushoro\AppData\Local\JetBrains\IdeaIC2024.3\temp-testng-customsuite.xml

2024-12-14T22:30:35,959 [main] INFO  TestRunner - Setting up TestRunner environment.
2024-12-14T22:30:35,986 [main] INFO  TestRunner - Running tests...
2024-12-14T22:30:36,187 [main] INFO  DefaultTestContextBootstrapper - Using TestExecutionListeners: [org.springframework.test.context.support.DirtiesContextBeforeModesTestExecutionListener@3eba57a7, org.springframework.test.context.event.ApplicationEventsTestExecutionListener@272a179c, org.springframework.test.context.support.DependencyInjectionTestExecutionListener@30feffc, org.springframework.test.context.support.DirtiesContextTestExecutionListener@67207d8a, org.springframework.test.context.event.EventPublishingTestExecutionListener@bcb09a6]
2024-12-14T22:30:36,224 [main] INFO  DefaultTestContextBootstrapper - Using TestExecutionListeners: [org.springframework.test.context.support.DirtiesContextBeforeModesTestExecutionListener@27068a50, org.springframework.test.context.event.ApplicationEventsTestExecutionListener@68e62ca4, org.springframework.test.context.support.DependencyInjectionTestExecutionListener@5328a9c1, org.springframework.test.context.support.DirtiesContextTestExecutionListener@5b78fdb1, org.springframework.test.context.event.EventPublishingTestExecutionListener@48bfb884]
2024-12-14T22:30:36,240 [main] INFO  DefaultTestContextBootstrapper - Using TestExecutionListeners: [org.springframework.test.context.support.DirtiesContextBeforeModesTestExecutionListener@5e742e4, org.springframework.test.context.event.ApplicationEventsTestExecutionListener@175acfb2, org.springframework.test.context.support.DependencyInjectionTestExecutionListener@4a03bb68, org.springframework.test.context.support.DirtiesContextTestExecutionListener@4e868ef5, org.springframework.test.context.event.EventPublishingTestExecutionListener@71c905a3]
2024-12-14T22:30:36,262 [main] INFO  Utils - [TestNG] Running:
  Command line suite

2024-12-14T22:30:36,945 [main] INFO  WebDriverManager - Using chromedriver 127.0.6533.119 (resolved driver for Chrome 127)
2024-12-14T22:30:36,972 [main] INFO  WebDriverManager - Exporting webdriver.chrome.driver as C:\Users\John.Kushoro\.cache\selenium\chromedriver\win64\127.0.6533.119\chromedriver.exe
2024-12-14T22:30:40,676 [main] INFO  LoginPageTests - Starting login test with companyName: totallygroupconfig, username: Test
2024-12-14T22:30:44,808 [main] INFO  LoginPageTests - Starting navigation to home page
2024-12-14T22:30:50,913 [main] INFO  LoginPageTests - Navigation to home page completed successfully.
2024-12-14T22:31:18,214 [main] INFO  TestRunner - Cleaning up TestRunner environment.
2024-12-14T23:01:30,451 [main] INFO  Utils - [TestNG] Running:
  C:\Users\John.Kushoro\AppData\Local\JetBrains\IdeaIC2024.3\temp-testng-customsuite.xml

2024-12-14T23:01:30,887 [main] INFO  TestRunner - Setting up TestRunner environment.
2024-12-14T23:01:30,905 [main] INFO  TestRunner - Running tests...
2024-12-14T23:01:31,083 [main] INFO  DefaultTestContextBootstrapper - Using TestExecutionListeners: [org.springframework.test.context.support.DirtiesContextBeforeModesTestExecutionListener@272a179c, org.springframework.test.context.event.ApplicationEventsTestExecutionListener@30feffc, org.springframework.test.context.support.DependencyInjectionTestExecutionListener@67207d8a, org.springframework.test.context.support.DirtiesContextTestExecutionListener@bcb09a6, org.springframework.test.context.event.EventPublishingTestExecutionListener@7c2a69b4]
2024-12-14T23:01:31,115 [main] INFO  DefaultTestContextBootstrapper - Using TestExecutionListeners: [org.springframework.test.context.support.DirtiesContextBeforeModesTestExecutionListener@48bfb884, org.springframework.test.context.event.ApplicationEventsTestExecutionListener@11653e3b, org.springframework.test.context.support.DependencyInjectionTestExecutionListener@715fb77, org.springframework.test.context.support.DirtiesContextTestExecutionListener@1b9c1b51, org.springframework.test.context.event.EventPublishingTestExecutionListener@2e52fb3e]
2024-12-14T23:01:31,126 [main] INFO  DefaultTestContextBootstrapper - Using TestExecutionListeners: [org.springframework.test.context.support.DirtiesContextBeforeModesTestExecutionListener@4e868ef5, org.springframework.test.context.event.ApplicationEventsTestExecutionListener@71c905a3, org.springframework.test.context.support.DependencyInjectionTestExecutionListener@30af7377, org.springframework.test.context.support.DirtiesContextTestExecutionListener@67a056f1, org.springframework.test.context.event.EventPublishingTestExecutionListener@1dab9dd6]
2024-12-14T23:01:31,150 [main] INFO  Utils - [TestNG] Running:
  Command line suite

2024-12-14T23:01:32,714 [main] INFO  WebDriverManager - Using chromedriver 127.0.6533.119 (resolved driver for Chrome 127)
2024-12-14T23:01:32,747 [main] INFO  WebDriverManager - Exporting webdriver.chrome.driver as C:\Users\John.Kushoro\.cache\selenium\chromedriver\win64\127.0.6533.119\chromedriver.exe
2024-12-14T23:01:37,217 [main] INFO  LoginPageTests - Starting login test with companyName: totallygroupconfig, username: Test
2024-12-14T23:01:43,668 [main] INFO  LoginPageTests - Starting navigation to home page
2024-12-14T23:01:55,170 [main] INFO  LoginPageTests - Navigation to home page completed successfully.
2024-12-14T23:02:21,423 [main] INFO  TestRunner - Cleaning up TestRunner environment.
2024-12-14T23:58:51,652 [main] INFO  Utils - [TestNG] Running:
  C:\Users\John.Kushoro\AppData\Local\JetBrains\IdeaIC2024.3\temp-testng-customsuite.xml

2024-12-14T23:58:51,999 [main] INFO  TestRunner - Setting up TestRunner environment.
2024-12-14T23:58:52,021 [main] INFO  TestRunner - Running tests...
2024-12-14T23:58:52,205 [main] INFO  DefaultTestContextBootstrapper - Using TestExecutionListeners: [org.springframework.test.context.support.DirtiesContextBeforeModesTestExecutionListener@7c2a69b4, org.springframework.test.context.event.ApplicationEventsTestExecutionListener@a619c2, org.springframework.test.context.support.DependencyInjectionTestExecutionListener@648ee871, org.springframework.test.context.support.DirtiesContextTestExecutionListener@375b5b7f, org.springframework.test.context.event.EventPublishingTestExecutionListener@1813f3e9]
2024-12-14T23:58:52,236 [main] INFO  DefaultTestContextBootstrapper - Using TestExecutionListeners: [org.springframework.test.context.support.DirtiesContextBeforeModesTestExecutionListener@1b9c1b51, org.springframework.test.context.event.ApplicationEventsTestExecutionListener@2e52fb3e, org.springframework.test.context.support.DependencyInjectionTestExecutionListener@16fe9c29, org.springframework.test.context.support.DirtiesContextTestExecutionListener@3e9803c2, org.springframework.test.context.event.EventPublishingTestExecutionListener@4525d1d3]
2024-12-14T23:58:52,249 [main] INFO  DefaultTestContextBootstrapper - Using TestExecutionListeners: [org.springframework.test.context.support.DirtiesContextBeforeModesTestExecutionListener@67a056f1, org.springframework.test.context.event.ApplicationEventsTestExecutionListener@1dab9dd6, org.springframework.test.context.support.DependencyInjectionTestExecutionListener@247667dd, org.springframework.test.context.support.DirtiesContextTestExecutionListener@6f099cef, org.springframework.test.context.event.EventPublishingTestExecutionListener@afb5821]
2024-12-14T23:58:52,276 [main] INFO  Utils - [TestNG] Running:
  Command line suite

2024-12-14T23:58:53,340 [main] INFO  WebDriverManager - Using chromedriver 127.0.6533.119 (resolved driver for Chrome 127)
2024-12-14T23:58:53,374 [main] INFO  WebDriverManager - Exporting webdriver.chrome.driver as C:\Users\John.Kushoro\.cache\selenium\chromedriver\win64\127.0.6533.119\chromedriver.exe
2024-12-14T23:58:56,696 [main] WARN  GenericApplicationContext - Exception encountered during context initialization - cancelling refresh attempt: org.springframework.beans.factory.UnsatisfiedDependencyException: Error creating bean with name 'timeSchedulesPage' defined in file [C:\Users\John.Kushoro\Dayforce-Automation\target\classes\com\totallygroup\pageObject\TimeSchedulesPage.class]: Unsatisfied dependency expressed through constructor parameter 2: No qualifying bean of type 'com.totallygroup.steps.TimeSchedulesPageSteps' available: expected at least 1 bean which qualifies as autowire candidate. Dependency annotations: {}
2024-12-14T23:58:57,013 [main] ERROR TestContextManager - Caught exception while allowing TestExecutionListener [org.springframework.test.context.support.DependencyInjectionTestExecutionListener@648ee871] to prepare test instance [dayForceTests.LoginPageTests@72ba28ee]
java.lang.IllegalStateException: Failed to load ApplicationContext
	at org.springframework.test.context.cache.DefaultCacheAwareContextLoaderDelegate.loadContext(DefaultCacheAwareContextLoaderDelegate.java:98) ~[spring-test-5.3.30.jar:5.3.30]
	at org.springframework.test.context.support.DefaultTestContext.getApplicationContext(DefaultTestContext.java:124) ~[spring-test-5.3.30.jar:5.3.30]
	at org.springframework.test.context.support.DependencyInjectionTestExecutionListener.injectDependencies(DependencyInjectionTestExecutionListener.java:118) ~[spring-test-5.3.30.jar:5.3.30]
	at org.springframework.test.context.support.DependencyInjectionTestExecutionListener.prepareTestInstance(DependencyInjectionTestExecutionListener.java:83) ~[spring-test-5.3.30.jar:5.3.30]
	at org.springframework.test.context.TestContextManager.prepareTestInstance(TestContextManager.java:248) ~[spring-test-5.3.30.jar:5.3.30]
	at org.springframework.test.context.testng.AbstractTestNGSpringContextTests.springTestContextPrepareTestInstance(AbstractTestNGSpringContextTests.java:151) ~[spring-test-5.3.30.jar:5.3.30]
	at jdk.internal.reflect.DirectMethodHandleAccessor.invoke(DirectMethodHandleAccessor.java:103) ~[?:?]
	at java.lang.reflect.Method.invoke(Method.java:580) ~[?:?]
	at org.testng.internal.invokers.MethodInvocationHelper.invokeMethod(MethodInvocationHelper.java:141) ~[testng-7.10.2.jar:7.10.2]
	at org.testng.internal.invokers.MethodInvocationHelper.invokeMethodConsideringTimeout(MethodInvocationHelper.java:71) ~[testng-7.10.2.jar:7.10.2]
	at org.testng.internal.invokers.ConfigInvoker.invokeConfigurationMethod(ConfigInvoker.java:400) ~[testng-7.10.2.jar:7.10.2]
	at org.testng.internal.invokers.ConfigInvoker.invokeConfigurations(ConfigInvoker.java:333) ~[testng-7.10.2.jar:7.10.2]
	at org.testng.internal.invokers.TestMethodWorker.invokeBeforeClassMethods(TestMethodWorker.java:188) ~[testng-7.10.2.jar:7.10.2]
	at org.testng.internal.invokers.TestMethodWorker.run(TestMethodWorker.java:128) ~[testng-7.10.2.jar:7.10.2]
	at java.util.ArrayList.forEach(ArrayList.java:1597) ~[?:?]
	at org.testng.TestRunner.privateRun(TestRunner.java:739) ~[testng-7.10.2.jar:7.10.2]
	at org.testng.TestRunner.run(TestRunner.java:614) ~[testng-7.10.2.jar:7.10.2]
	at org.testng.SuiteRunner.runTest(SuiteRunner.java:421) ~[testng-7.10.2.jar:7.10.2]
	at org.testng.SuiteRunner.runSequentially(SuiteRunner.java:413) ~[testng-7.10.2.jar:7.10.2]
	at org.testng.SuiteRunner.privateRun(SuiteRunner.java:373) ~[testng-7.10.2.jar:7.10.2]
	at org.testng.SuiteRunner.run(SuiteRunner.java:312) ~[testng-7.10.2.jar:7.10.2]
	at org.testng.SuiteRunnerWorker.runSuite(SuiteRunnerWorker.java:52) ~[testng-7.10.2.jar:7.10.2]
	at org.testng.SuiteRunnerWorker.run(SuiteRunnerWorker.java:95) ~[testng-7.10.2.jar:7.10.2]
	at org.testng.TestNG.runSuitesSequentially(TestNG.java:1274) ~[testng-7.10.2.jar:7.10.2]
	at org.testng.TestNG.runSuitesLocally(TestNG.java:1208) ~[testng-7.10.2.jar:7.10.2]
	at org.testng.TestNG.runSuites(TestNG.java:1112) ~[testng-7.10.2.jar:7.10.2]
	at org.testng.TestNG.run(TestNG.java:1079) ~[testng-7.10.2.jar:7.10.2]
	at Runners.TestRunner.runTests(TestRunner.java:43) ~[test-classes/:?]
	at jdk.internal.reflect.DirectMethodHandleAccessor.invoke(DirectMethodHandleAccessor.java:103) ~[?:?]
	at java.lang.reflect.Method.invoke(Method.java:580) ~[?:?]
	at org.testng.internal.invokers.MethodInvocationHelper.invokeMethod(MethodInvocationHelper.java:141) ~[testng-7.10.2.jar:7.10.2]
	at org.testng.internal.invokers.TestInvoker.invokeMethod(TestInvoker.java:686) ~[testng-7.10.2.jar:7.10.2]
	at org.testng.internal.invokers.TestInvoker.invokeTestMethod(TestInvoker.java:230) ~[testng-7.10.2.jar:7.10.2]
	at org.testng.internal.invokers.MethodRunner.runInSequence(MethodRunner.java:63) ~[testng-7.10.2.jar:7.10.2]
	at org.testng.internal.invokers.TestInvoker$MethodInvocationAgent.invoke(TestInvoker.java:992) ~[testng-7.10.2.jar:7.10.2]
	at org.testng.internal.invokers.TestInvoker.invokeTestMethods(TestInvoker.java:203) ~[testng-7.10.2.jar:7.10.2]
	at org.testng.internal.invokers.TestMethodWorker.invokeTestMethods(TestMethodWorker.java:154) ~[testng-7.10.2.jar:7.10.2]
	at org.testng.internal.invokers.TestMethodWorker.run(TestMethodWorker.java:134) ~[testng-7.10.2.jar:7.10.2]
	at java.util.ArrayList.forEach(ArrayList.java:1597) [?:?]
	at org.testng.TestRunner.privateRun(TestRunner.java:739) [testng-7.10.2.jar:7.10.2]
	at org.testng.TestRunner.run(TestRunner.java:614) [testng-7.10.2.jar:7.10.2]
	at org.testng.SuiteRunner.runTest(SuiteRunner.java:421) [testng-7.10.2.jar:7.10.2]
	at org.testng.SuiteRunner.runSequentially(SuiteRunner.java:413) [testng-7.10.2.jar:7.10.2]
	at org.testng.SuiteRunner.privateRun(SuiteRunner.java:373) [testng-7.10.2.jar:7.10.2]
	at org.testng.SuiteRunner.run(SuiteRunner.java:312) [testng-7.10.2.jar:7.10.2]
	at org.testng.SuiteRunnerWorker.runSuite(SuiteRunnerWorker.java:52) [testng-7.10.2.jar:7.10.2]
	at org.testng.SuiteRunnerWorker.run(SuiteRunnerWorker.java:95) [testng-7.10.2.jar:7.10.2]
	at org.testng.TestNG.runSuitesSequentially(TestNG.java:1274) [testng-7.10.2.jar:7.10.2]
	at org.testng.TestNG.runSuitesLocally(TestNG.java:1208) [testng-7.10.2.jar:7.10.2]
	at org.testng.TestNG.runSuites(TestNG.java:1112) [testng-7.10.2.jar:7.10.2]
	at org.testng.TestNG.run(TestNG.java:1079) [testng-7.10.2.jar:7.10.2]
	at com.intellij.rt.testng.IDEARemoteTestNG.run(IDEARemoteTestNG.java:65) [testng-rt.jar:?]
	at com.intellij.rt.testng.RemoteTestNGStarter.main(RemoteTestNGStarter.java:105) [testng-rt.jar:?]
Caused by: org.springframework.beans.factory.UnsatisfiedDependencyException: Error creating bean with name 'timeSchedulesPage' defined in file [C:\Users\John.Kushoro\Dayforce-Automation\target\classes\com\totallygroup\pageObject\TimeSchedulesPage.class]: Unsatisfied dependency expressed through constructor parameter 2: No qualifying bean of type 'com.totallygroup.steps.TimeSchedulesPageSteps' available: expected at least 1 bean which qualifies as autowire candidate. Dependency annotations: {}
	at org.springframework.beans.factory.support.ConstructorResolver.createArgumentArray(ConstructorResolver.java:795) ~[spring-beans-6.1.14.jar:6.1.14]
	at org.springframework.beans.factory.support.ConstructorResolver.autowireConstructor(ConstructorResolver.java:237) ~[spring-beans-6.1.14.jar:6.1.14]
	at org.springframework.beans.factory.support.AbstractAutowireCapableBeanFactory.autowireConstructor(AbstractAutowireCapableBeanFactory.java:1375) ~[spring-beans-6.1.14.jar:6.1.14]
	at org.springframework.beans.factory.support.AbstractAutowireCapableBeanFactory.createBeanInstance(AbstractAutowireCapableBeanFactory.java:1212) ~[spring-beans-6.1.14.jar:6.1.14]
	at org.springframework.beans.factory.support.AbstractAutowireCapableBeanFactory.doCreateBean(AbstractAutowireCapableBeanFactory.java:562) ~[spring-beans-6.1.14.jar:6.1.14]
	at org.springframework.beans.factory.support.AbstractAutowireCapableBeanFactory.createBean(AbstractAutowireCapableBeanFactory.java:522) ~[spring-beans-6.1.14.jar:6.1.14]
	at org.springframework.beans.factory.support.AbstractBeanFactory.lambda$doGetBean$0(AbstractBeanFactory.java:337) ~[spring-beans-6.1.14.jar:6.1.14]
	at org.springframework.beans.factory.support.DefaultSingletonBeanRegistry.getSingleton(DefaultSingletonBeanRegistry.java:234) ~[spring-beans-6.1.14.jar:6.1.14]
	at org.springframework.beans.factory.support.AbstractBeanFactory.doGetBean(AbstractBeanFactory.java:335) ~[spring-beans-6.1.14.jar:6.1.14]
	at org.springframework.beans.factory.support.AbstractBeanFactory.getBean(AbstractBeanFactory.java:200) ~[spring-beans-6.1.14.jar:6.1.14]
	at org.springframework.beans.factory.support.DefaultListableBeanFactory.preInstantiateSingletons(DefaultListableBeanFactory.java:975) ~[spring-beans-6.1.14.jar:6.1.14]
	at org.springframework.context.support.AbstractApplicationContext.finishBeanFactoryInitialization(AbstractApplicationContext.java:971) ~[spring-context-6.1.14.jar:6.1.14]
	at org.springframework.context.support.AbstractApplicationContext.refresh(AbstractApplicationContext.java:625) ~[spring-context-6.1.14.jar:6.1.14]
	at org.springframework.test.context.support.AbstractGenericContextLoader.loadContext(AbstractGenericContextLoader.java:127) ~[spring-test-5.3.30.jar:5.3.30]
	at org.springframework.test.context.support.AbstractGenericContextLoader.loadContext(AbstractGenericContextLoader.java:60) ~[spring-test-5.3.30.jar:5.3.30]
	at org.springframework.test.context.support.AbstractDelegatingSmartContextLoader.delegateLoading(AbstractDelegatingSmartContextLoader.java:276) ~[spring-test-5.3.30.jar:5.3.30]
	at org.springframework.test.context.support.AbstractDelegatingSmartContextLoader.loadContext(AbstractDelegatingSmartContextLoader.java:244) ~[spring-test-5.3.30.jar:5.3.30]
	at org.springframework.test.context.cache.DefaultCacheAwareContextLoaderDelegate.loadContextInternal(DefaultCacheAwareContextLoaderDelegate.java:141) ~[spring-test-5.3.30.jar:5.3.30]
	at org.springframework.test.context.cache.DefaultCacheAwareContextLoaderDelegate.loadContext(DefaultCacheAwareContextLoaderDelegate.java:90) ~[spring-test-5.3.30.jar:5.3.30]
	... 52 more
Caused by: org.springframework.beans.factory.NoSuchBeanDefinitionException: No qualifying bean of type 'com.totallygroup.steps.TimeSchedulesPageSteps' available: expected at least 1 bean which qualifies as autowire candidate. Dependency annotations: {}
	at org.springframework.beans.factory.support.DefaultListableBeanFactory.raiseNoMatchingBeanFound(DefaultListableBeanFactory.java:1880) ~[spring-beans-6.1.14.jar:6.1.14]
	at org.springframework.beans.factory.support.DefaultListableBeanFactory.doResolveDependency(DefaultListableBeanFactory.java:1406) ~[spring-beans-6.1.14.jar:6.1.14]
	at org.springframework.beans.factory.support.DefaultListableBeanFactory.resolveDependency(DefaultListableBeanFactory.java:1353) ~[spring-beans-6.1.14.jar:6.1.14]
	at org.springframework.beans.factory.support.ConstructorResolver.resolveAutowiredArgument(ConstructorResolver.java:904) ~[spring-beans-6.1.14.jar:6.1.14]
	at org.springframework.beans.factory.support.ConstructorResolver.createArgumentArray(ConstructorResolver.java:782) ~[spring-beans-6.1.14.jar:6.1.14]
	at org.springframework.beans.factory.support.ConstructorResolver.autowireConstructor(ConstructorResolver.java:237) ~[spring-beans-6.1.14.jar:6.1.14]
	at org.springframework.beans.factory.support.AbstractAutowireCapableBeanFactory.autowireConstructor(AbstractAutowireCapableBeanFactory.java:1375) ~[spring-beans-6.1.14.jar:6.1.14]
	at org.springframework.beans.factory.support.AbstractAutowireCapableBeanFactory.createBeanInstance(AbstractAutowireCapableBeanFactory.java:1212) ~[spring-beans-6.1.14.jar:6.1.14]
	at org.springframework.beans.factory.support.AbstractAutowireCapableBeanFactory.doCreateBean(AbstractAutowireCapableBeanFactory.java:562) ~[spring-beans-6.1.14.jar:6.1.14]
	at org.springframework.beans.factory.support.AbstractAutowireCapableBeanFactory.createBean(AbstractAutowireCapableBeanFactory.java:522) ~[spring-beans-6.1.14.jar:6.1.14]
	at org.springframework.beans.factory.support.AbstractBeanFactory.lambda$doGetBean$0(AbstractBeanFactory.java:337) ~[spring-beans-6.1.14.jar:6.1.14]
	at org.springframework.beans.factory.support.DefaultSingletonBeanRegistry.getSingleton(DefaultSingletonBeanRegistry.java:234) ~[spring-beans-6.1.14.jar:6.1.14]
	at org.springframework.beans.factory.support.AbstractBeanFactory.doGetBean(AbstractBeanFactory.java:335) ~[spring-beans-6.1.14.jar:6.1.14]
	at org.springframework.beans.factory.support.AbstractBeanFactory.getBean(AbstractBeanFactory.java:200) ~[spring-beans-6.1.14.jar:6.1.14]
	at org.springframework.beans.factory.support.DefaultListableBeanFactory.preInstantiateSingletons(DefaultListableBeanFactory.java:975) ~[spring-beans-6.1.14.jar:6.1.14]
	at org.springframework.context.support.AbstractApplicationContext.finishBeanFactoryInitialization(AbstractApplicationContext.java:971) ~[spring-context-6.1.14.jar:6.1.14]
	at org.springframework.context.support.AbstractApplicationContext.refresh(AbstractApplicationContext.java:625) ~[spring-context-6.1.14.jar:6.1.14]
	at org.springframework.test.context.support.AbstractGenericContextLoader.loadContext(AbstractGenericContextLoader.java:127) ~[spring-test-5.3.30.jar:5.3.30]
	at org.springframework.test.context.support.AbstractGenericContextLoader.loadContext(AbstractGenericContextLoader.java:60) ~[spring-test-5.3.30.jar:5.3.30]
	at org.springframework.test.context.support.AbstractDelegatingSmartContextLoader.delegateLoading(AbstractDelegatingSmartContextLoader.java:276) ~[spring-test-5.3.30.jar:5.3.30]
	at org.springframework.test.context.support.AbstractDelegatingSmartContextLoader.loadContext(AbstractDelegatingSmartContextLoader.java:244) ~[spring-test-5.3.30.jar:5.3.30]
	at org.springframework.test.context.cache.DefaultCacheAwareContextLoaderDelegate.loadContextInternal(DefaultCacheAwareContextLoaderDelegate.java:141) ~[spring-test-5.3.30.jar:5.3.30]
	at org.springframework.test.context.cache.DefaultCacheAwareContextLoaderDelegate.loadContext(DefaultCacheAwareContextLoaderDelegate.java:90) ~[spring-test-5.3.30.jar:5.3.30]
	... 52 more
2024-12-14T23:58:57,176 [main] INFO  WebDriverManager - Using chromedriver 127.0.6533.119 (resolved driver for Chrome 127)
2024-12-14T23:58:57,184 [main] INFO  WebDriverManager - Exporting webdriver.chrome.driver as C:\Users\John.Kushoro\.cache\selenium\chromedriver\win64\127.0.6533.119\chromedriver.exe
2024-12-14T23:58:58,627 [main] WARN  GenericApplicationContext - Exception encountered during context initialization - cancelling refresh attempt: org.springframework.beans.factory.UnsatisfiedDependencyException: Error creating bean with name 'timeSchedulesPage' defined in file [C:\Users\John.Kushoro\Dayforce-Automation\target\classes\com\totallygroup\pageObject\TimeSchedulesPage.class]: Unsatisfied dependency expressed through constructor parameter 2: No qualifying bean of type 'com.totallygroup.steps.TimeSchedulesPageSteps' available: expected at least 1 bean which qualifies as autowire candidate. Dependency annotations: {}
2024-12-14T23:58:58,834 [main] ERROR TestContextManager - Caught exception while allowing TestExecutionListener [org.springframework.test.context.support.DependencyInjectionTestExecutionListener@16fe9c29] to prepare test instance [dayForceTests.HomePageTests@588ffeb]
java.lang.IllegalStateException: Failed to load ApplicationContext
	at org.springframework.test.context.cache.DefaultCacheAwareContextLoaderDelegate.loadContext(DefaultCacheAwareContextLoaderDelegate.java:98) ~[spring-test-5.3.30.jar:5.3.30]
	at org.springframework.test.context.support.DefaultTestContext.getApplicationContext(DefaultTestContext.java:124) ~[spring-test-5.3.30.jar:5.3.30]
	at org.springframework.test.context.support.DependencyInjectionTestExecutionListener.injectDependencies(DependencyInjectionTestExecutionListener.java:118) ~[spring-test-5.3.30.jar:5.3.30]
	at org.springframework.test.context.support.DependencyInjectionTestExecutionListener.prepareTestInstance(DependencyInjectionTestExecutionListener.java:83) ~[spring-test-5.3.30.jar:5.3.30]
	at org.springframework.test.context.TestContextManager.prepareTestInstance(TestContextManager.java:248) ~[spring-test-5.3.30.jar:5.3.30]
	at org.springframework.test.context.testng.AbstractTestNGSpringContextTests.springTestContextPrepareTestInstance(AbstractTestNGSpringContextTests.java:151) ~[spring-test-5.3.30.jar:5.3.30]
	at jdk.internal.reflect.DirectMethodHandleAccessor.invoke(DirectMethodHandleAccessor.java:103) ~[?:?]
	at java.lang.reflect.Method.invoke(Method.java:580) ~[?:?]
	at org.testng.internal.invokers.MethodInvocationHelper.invokeMethod(MethodInvocationHelper.java:141) ~[testng-7.10.2.jar:7.10.2]
	at org.testng.internal.invokers.MethodInvocationHelper.invokeMethodConsideringTimeout(MethodInvocationHelper.java:71) ~[testng-7.10.2.jar:7.10.2]
	at org.testng.internal.invokers.ConfigInvoker.invokeConfigurationMethod(ConfigInvoker.java:400) ~[testng-7.10.2.jar:7.10.2]
	at org.testng.internal.invokers.ConfigInvoker.invokeConfigurations(ConfigInvoker.java:333) ~[testng-7.10.2.jar:7.10.2]
	at org.testng.internal.invokers.TestMethodWorker.invokeBeforeClassMethods(TestMethodWorker.java:188) ~[testng-7.10.2.jar:7.10.2]
	at org.testng.internal.invokers.TestMethodWorker.run(TestMethodWorker.java:128) ~[testng-7.10.2.jar:7.10.2]
	at java.util.ArrayList.forEach(ArrayList.java:1597) ~[?:?]
	at org.testng.TestRunner.privateRun(TestRunner.java:739) ~[testng-7.10.2.jar:7.10.2]
	at org.testng.TestRunner.run(TestRunner.java:614) ~[testng-7.10.2.jar:7.10.2]
	at org.testng.SuiteRunner.runTest(SuiteRunner.java:421) ~[testng-7.10.2.jar:7.10.2]
	at org.testng.SuiteRunner.runSequentially(SuiteRunner.java:413) ~[testng-7.10.2.jar:7.10.2]
	at org.testng.SuiteRunner.privateRun(SuiteRunner.java:373) ~[testng-7.10.2.jar:7.10.2]
	at org.testng.SuiteRunner.run(SuiteRunner.java:312) ~[testng-7.10.2.jar:7.10.2]
	at org.testng.SuiteRunnerWorker.runSuite(SuiteRunnerWorker.java:52) ~[testng-7.10.2.jar:7.10.2]
	at org.testng.SuiteRunnerWorker.run(SuiteRunnerWorker.java:95) ~[testng-7.10.2.jar:7.10.2]
	at org.testng.TestNG.runSuitesSequentially(TestNG.java:1274) ~[testng-7.10.2.jar:7.10.2]
	at org.testng.TestNG.runSuitesLocally(TestNG.java:1208) ~[testng-7.10.2.jar:7.10.2]
	at org.testng.TestNG.runSuites(TestNG.java:1112) ~[testng-7.10.2.jar:7.10.2]
	at org.testng.TestNG.run(TestNG.java:1079) ~[testng-7.10.2.jar:7.10.2]
	at Runners.TestRunner.runTests(TestRunner.java:43) ~[test-classes/:?]
	at jdk.internal.reflect.DirectMethodHandleAccessor.invoke(DirectMethodHandleAccessor.java:103) ~[?:?]
	at java.lang.reflect.Method.invoke(Method.java:580) ~[?:?]
	at org.testng.internal.invokers.MethodInvocationHelper.invokeMethod(MethodInvocationHelper.java:141) ~[testng-7.10.2.jar:7.10.2]
	at org.testng.internal.invokers.TestInvoker.invokeMethod(TestInvoker.java:686) ~[testng-7.10.2.jar:7.10.2]
	at org.testng.internal.invokers.TestInvoker.invokeTestMethod(TestInvoker.java:230) ~[testng-7.10.2.jar:7.10.2]
	at org.testng.internal.invokers.MethodRunner.runInSequence(MethodRunner.java:63) ~[testng-7.10.2.jar:7.10.2]
	at org.testng.internal.invokers.TestInvoker$MethodInvocationAgent.invoke(TestInvoker.java:992) ~[testng-7.10.2.jar:7.10.2]
	at org.testng.internal.invokers.TestInvoker.invokeTestMethods(TestInvoker.java:203) ~[testng-7.10.2.jar:7.10.2]
	at org.testng.internal.invokers.TestMethodWorker.invokeTestMethods(TestMethodWorker.java:154) ~[testng-7.10.2.jar:7.10.2]
	at org.testng.internal.invokers.TestMethodWorker.run(TestMethodWorker.java:134) ~[testng-7.10.2.jar:7.10.2]
	at java.util.ArrayList.forEach(ArrayList.java:1597) [?:?]
	at org.testng.TestRunner.privateRun(TestRunner.java:739) [testng-7.10.2.jar:7.10.2]
	at org.testng.TestRunner.run(TestRunner.java:614) [testng-7.10.2.jar:7.10.2]
	at org.testng.SuiteRunner.runTest(SuiteRunner.java:421) [testng-7.10.2.jar:7.10.2]
	at org.testng.SuiteRunner.runSequentially(SuiteRunner.java:413) [testng-7.10.2.jar:7.10.2]
	at org.testng.SuiteRunner.privateRun(SuiteRunner.java:373) [testng-7.10.2.jar:7.10.2]
	at org.testng.SuiteRunner.run(SuiteRunner.java:312) [testng-7.10.2.jar:7.10.2]
	at org.testng.SuiteRunnerWorker.runSuite(SuiteRunnerWorker.java:52) [testng-7.10.2.jar:7.10.2]
	at org.testng.SuiteRunnerWorker.run(SuiteRunnerWorker.java:95) [testng-7.10.2.jar:7.10.2]
	at org.testng.TestNG.runSuitesSequentially(TestNG.java:1274) [testng-7.10.2.jar:7.10.2]
	at org.testng.TestNG.runSuitesLocally(TestNG.java:1208) [testng-7.10.2.jar:7.10.2]
	at org.testng.TestNG.runSuites(TestNG.java:1112) [testng-7.10.2.jar:7.10.2]
	at org.testng.TestNG.run(TestNG.java:1079) [testng-7.10.2.jar:7.10.2]
	at com.intellij.rt.testng.IDEARemoteTestNG.run(IDEARemoteTestNG.java:65) [testng-rt.jar:?]
	at com.intellij.rt.testng.RemoteTestNGStarter.main(RemoteTestNGStarter.java:105) [testng-rt.jar:?]
Caused by: org.springframework.beans.factory.UnsatisfiedDependencyException: Error creating bean with name 'timeSchedulesPage' defined in file [C:\Users\John.Kushoro\Dayforce-Automation\target\classes\com\totallygroup\pageObject\TimeSchedulesPage.class]: Unsatisfied dependency expressed through constructor parameter 2: No qualifying bean of type 'com.totallygroup.steps.TimeSchedulesPageSteps' available: expected at least 1 bean which qualifies as autowire candidate. Dependency annotations: {}
	at org.springframework.beans.factory.support.ConstructorResolver.createArgumentArray(ConstructorResolver.java:795) ~[spring-beans-6.1.14.jar:6.1.14]
	at org.springframework.beans.factory.support.ConstructorResolver.autowireConstructor(ConstructorResolver.java:237) ~[spring-beans-6.1.14.jar:6.1.14]
	at org.springframework.beans.factory.support.AbstractAutowireCapableBeanFactory.autowireConstructor(AbstractAutowireCapableBeanFactory.java:1375) ~[spring-beans-6.1.14.jar:6.1.14]
	at org.springframework.beans.factory.support.AbstractAutowireCapableBeanFactory.createBeanInstance(AbstractAutowireCapableBeanFactory.java:1212) ~[spring-beans-6.1.14.jar:6.1.14]
	at org.springframework.beans.factory.support.AbstractAutowireCapableBeanFactory.doCreateBean(AbstractAutowireCapableBeanFactory.java:562) ~[spring-beans-6.1.14.jar:6.1.14]
	at org.springframework.beans.factory.support.AbstractAutowireCapableBeanFactory.createBean(AbstractAutowireCapableBeanFactory.java:522) ~[spring-beans-6.1.14.jar:6.1.14]
	at org.springframework.beans.factory.support.AbstractBeanFactory.lambda$doGetBean$0(AbstractBeanFactory.java:337) ~[spring-beans-6.1.14.jar:6.1.14]
	at org.springframework.beans.factory.support.DefaultSingletonBeanRegistry.getSingleton(DefaultSingletonBeanRegistry.java:234) ~[spring-beans-6.1.14.jar:6.1.14]
	at org.springframework.beans.factory.support.AbstractBeanFactory.doGetBean(AbstractBeanFactory.java:335) ~[spring-beans-6.1.14.jar:6.1.14]
	at org.springframework.beans.factory.support.AbstractBeanFactory.getBean(AbstractBeanFactory.java:200) ~[spring-beans-6.1.14.jar:6.1.14]
	at org.springframework.beans.factory.support.DefaultListableBeanFactory.preInstantiateSingletons(DefaultListableBeanFactory.java:975) ~[spring-beans-6.1.14.jar:6.1.14]
	at org.springframework.context.support.AbstractApplicationContext.finishBeanFactoryInitialization(AbstractApplicationContext.java:971) ~[spring-context-6.1.14.jar:6.1.14]
	at org.springframework.context.support.AbstractApplicationContext.refresh(AbstractApplicationContext.java:625) ~[spring-context-6.1.14.jar:6.1.14]
	at org.springframework.test.context.support.AbstractGenericContextLoader.loadContext(AbstractGenericContextLoader.java:127) ~[spring-test-5.3.30.jar:5.3.30]
	at org.springframework.test.context.support.AbstractGenericContextLoader.loadContext(AbstractGenericContextLoader.java:60) ~[spring-test-5.3.30.jar:5.3.30]
	at org.springframework.test.context.support.AbstractDelegatingSmartContextLoader.delegateLoading(AbstractDelegatingSmartContextLoader.java:276) ~[spring-test-5.3.30.jar:5.3.30]
	at org.springframework.test.context.support.AbstractDelegatingSmartContextLoader.loadContext(AbstractDelegatingSmartContextLoader.java:244) ~[spring-test-5.3.30.jar:5.3.30]
	at org.springframework.test.context.cache.DefaultCacheAwareContextLoaderDelegate.loadContextInternal(DefaultCacheAwareContextLoaderDelegate.java:141) ~[spring-test-5.3.30.jar:5.3.30]
	at org.springframework.test.context.cache.DefaultCacheAwareContextLoaderDelegate.loadContext(DefaultCacheAwareContextLoaderDelegate.java:90) ~[spring-test-5.3.30.jar:5.3.30]
	... 52 more
Caused by: org.springframework.beans.factory.NoSuchBeanDefinitionException: No qualifying bean of type 'com.totallygroup.steps.TimeSchedulesPageSteps' available: expected at least 1 bean which qualifies as autowire candidate. Dependency annotations: {}
	at org.springframework.beans.factory.support.DefaultListableBeanFactory.raiseNoMatchingBeanFound(DefaultListableBeanFactory.java:1880) ~[spring-beans-6.1.14.jar:6.1.14]
	at org.springframework.beans.factory.support.DefaultListableBeanFactory.doResolveDependency(DefaultListableBeanFactory.java:1406) ~[spring-beans-6.1.14.jar:6.1.14]
	at org.springframework.beans.factory.support.DefaultListableBeanFactory.resolveDependency(DefaultListableBeanFactory.java:1353) ~[spring-beans-6.1.14.jar:6.1.14]
	at org.springframework.beans.factory.support.ConstructorResolver.resolveAutowiredArgument(ConstructorResolver.java:904) ~[spring-beans-6.1.14.jar:6.1.14]
	at org.springframework.beans.factory.support.ConstructorResolver.createArgumentArray(ConstructorResolver.java:782) ~[spring-beans-6.1.14.jar:6.1.14]
	at org.springframework.beans.factory.support.ConstructorResolver.autowireConstructor(ConstructorResolver.java:237) ~[spring-beans-6.1.14.jar:6.1.14]
	at org.springframework.beans.factory.support.AbstractAutowireCapableBeanFactory.autowireConstructor(AbstractAutowireCapableBeanFactory.java:1375) ~[spring-beans-6.1.14.jar:6.1.14]
	at org.springframework.beans.factory.support.AbstractAutowireCapableBeanFactory.createBeanInstance(AbstractAutowireCapableBeanFactory.java:1212) ~[spring-beans-6.1.14.jar:6.1.14]
	at org.springframework.beans.factory.support.AbstractAutowireCapableBeanFactory.doCreateBean(AbstractAutowireCapableBeanFactory.java:562) ~[spring-beans-6.1.14.jar:6.1.14]
	at org.springframework.beans.factory.support.AbstractAutowireCapableBeanFactory.createBean(AbstractAutowireCapableBeanFactory.java:522) ~[spring-beans-6.1.14.jar:6.1.14]
	at org.springframework.beans.factory.support.AbstractBeanFactory.lambda$doGetBean$0(AbstractBeanFactory.java:337) ~[spring-beans-6.1.14.jar:6.1.14]
	at org.springframework.beans.factory.support.DefaultSingletonBeanRegistry.getSingleton(DefaultSingletonBeanRegistry.java:234) ~[spring-beans-6.1.14.jar:6.1.14]
	at org.springframework.beans.factory.support.AbstractBeanFactory.doGetBean(AbstractBeanFactory.java:335) ~[spring-beans-6.1.14.jar:6.1.14]
	at org.springframework.beans.factory.support.AbstractBeanFactory.getBean(AbstractBeanFactory.java:200) ~[spring-beans-6.1.14.jar:6.1.14]
	at org.springframework.beans.factory.support.DefaultListableBeanFactory.preInstantiateSingletons(DefaultListableBeanFactory.java:975) ~[spring-beans-6.1.14.jar:6.1.14]
	at org.springframework.context.support.AbstractApplicationContext.finishBeanFactoryInitialization(AbstractApplicationContext.java:971) ~[spring-context-6.1.14.jar:6.1.14]
	at org.springframework.context.support.AbstractApplicationContext.refresh(AbstractApplicationContext.java:625) ~[spring-context-6.1.14.jar:6.1.14]
	at org.springframework.test.context.support.AbstractGenericContextLoader.loadContext(AbstractGenericContextLoader.java:127) ~[spring-test-5.3.30.jar:5.3.30]
	at org.springframework.test.context.support.AbstractGenericContextLoader.loadContext(AbstractGenericContextLoader.java:60) ~[spring-test-5.3.30.jar:5.3.30]
	at org.springframework.test.context.support.AbstractDelegatingSmartContextLoader.delegateLoading(AbstractDelegatingSmartContextLoader.java:276) ~[spring-test-5.3.30.jar:5.3.30]
	at org.springframework.test.context.support.AbstractDelegatingSmartContextLoader.loadContext(AbstractDelegatingSmartContextLoader.java:244) ~[spring-test-5.3.30.jar:5.3.30]
	at org.springframework.test.context.cache.DefaultCacheAwareContextLoaderDelegate.loadContextInternal(DefaultCacheAwareContextLoaderDelegate.java:141) ~[spring-test-5.3.30.jar:5.3.30]
	at org.springframework.test.context.cache.DefaultCacheAwareContextLoaderDelegate.loadContext(DefaultCacheAwareContextLoaderDelegate.java:90) ~[spring-test-5.3.30.jar:5.3.30]
	... 52 more
2024-12-14T23:58:59,009 [main] INFO  WebDriverManager - Using chromedriver 127.0.6533.119 (resolved driver for Chrome 127)
2024-12-14T23:58:59,023 [main] INFO  WebDriverManager - Exporting webdriver.chrome.driver as C:\Users\John.Kushoro\.cache\selenium\chromedriver\win64\127.0.6533.119\chromedriver.exe
2024-12-14T23:59:00,595 [main] WARN  GenericApplicationContext - Exception encountered during context initialization - cancelling refresh attempt: org.springframework.beans.factory.UnsatisfiedDependencyException: Error creating bean with name 'timeSchedulesPage' defined in file [C:\Users\John.Kushoro\Dayforce-Automation\target\classes\com\totallygroup\pageObject\TimeSchedulesPage.class]: Unsatisfied dependency expressed through constructor parameter 2: No qualifying bean of type 'com.totallygroup.steps.TimeSchedulesPageSteps' available: expected at least 1 bean which qualifies as autowire candidate. Dependency annotations: {}
2024-12-14T23:59:00,864 [main] ERROR TestContextManager - Caught exception while allowing TestExecutionListener [org.springframework.test.context.support.DependencyInjectionTestExecutionListener@247667dd] to prepare test instance [dayForceTests.timeSchedulesAutomation.TimeScheduleTests@bdecc21]
java.lang.IllegalStateException: Failed to load ApplicationContext
	at org.springframework.test.context.cache.DefaultCacheAwareContextLoaderDelegate.loadContext(DefaultCacheAwareContextLoaderDelegate.java:98) ~[spring-test-5.3.30.jar:5.3.30]
	at org.springframework.test.context.support.DefaultTestContext.getApplicationContext(DefaultTestContext.java:124) ~[spring-test-5.3.30.jar:5.3.30]
	at org.springframework.test.context.support.DependencyInjectionTestExecutionListener.injectDependencies(DependencyInjectionTestExecutionListener.java:118) ~[spring-test-5.3.30.jar:5.3.30]
	at org.springframework.test.context.support.DependencyInjectionTestExecutionListener.prepareTestInstance(DependencyInjectionTestExecutionListener.java:83) ~[spring-test-5.3.30.jar:5.3.30]
	at org.springframework.test.context.TestContextManager.prepareTestInstance(TestContextManager.java:248) ~[spring-test-5.3.30.jar:5.3.30]
	at org.springframework.test.context.testng.AbstractTestNGSpringContextTests.springTestContextPrepareTestInstance(AbstractTestNGSpringContextTests.java:151) ~[spring-test-5.3.30.jar:5.3.30]
	at jdk.internal.reflect.DirectMethodHandleAccessor.invoke(DirectMethodHandleAccessor.java:103) ~[?:?]
	at java.lang.reflect.Method.invoke(Method.java:580) ~[?:?]
	at org.testng.internal.invokers.MethodInvocationHelper.invokeMethod(MethodInvocationHelper.java:141) ~[testng-7.10.2.jar:7.10.2]
	at org.testng.internal.invokers.MethodInvocationHelper.invokeMethodConsideringTimeout(MethodInvocationHelper.java:71) ~[testng-7.10.2.jar:7.10.2]
	at org.testng.internal.invokers.ConfigInvoker.invokeConfigurationMethod(ConfigInvoker.java:400) ~[testng-7.10.2.jar:7.10.2]
	at org.testng.internal.invokers.ConfigInvoker.invokeConfigurations(ConfigInvoker.java:333) ~[testng-7.10.2.jar:7.10.2]
	at org.testng.internal.invokers.TestMethodWorker.invokeBeforeClassMethods(TestMethodWorker.java:188) ~[testng-7.10.2.jar:7.10.2]
	at org.testng.internal.invokers.TestMethodWorker.run(TestMethodWorker.java:128) ~[testng-7.10.2.jar:7.10.2]
	at java.util.ArrayList.forEach(ArrayList.java:1597) ~[?:?]
	at org.testng.TestRunner.privateRun(TestRunner.java:739) ~[testng-7.10.2.jar:7.10.2]
	at org.testng.TestRunner.run(TestRunner.java:614) ~[testng-7.10.2.jar:7.10.2]
	at org.testng.SuiteRunner.runTest(SuiteRunner.java:421) ~[testng-7.10.2.jar:7.10.2]
	at org.testng.SuiteRunner.runSequentially(SuiteRunner.java:413) ~[testng-7.10.2.jar:7.10.2]
	at org.testng.SuiteRunner.privateRun(SuiteRunner.java:373) ~[testng-7.10.2.jar:7.10.2]
	at org.testng.SuiteRunner.run(SuiteRunner.java:312) ~[testng-7.10.2.jar:7.10.2]
	at org.testng.SuiteRunnerWorker.runSuite(SuiteRunnerWorker.java:52) ~[testng-7.10.2.jar:7.10.2]
	at org.testng.SuiteRunnerWorker.run(SuiteRunnerWorker.java:95) ~[testng-7.10.2.jar:7.10.2]
	at org.testng.TestNG.runSuitesSequentially(TestNG.java:1274) ~[testng-7.10.2.jar:7.10.2]
	at org.testng.TestNG.runSuitesLocally(TestNG.java:1208) ~[testng-7.10.2.jar:7.10.2]
	at org.testng.TestNG.runSuites(TestNG.java:1112) ~[testng-7.10.2.jar:7.10.2]
	at org.testng.TestNG.run(TestNG.java:1079) ~[testng-7.10.2.jar:7.10.2]
	at Runners.TestRunner.runTests(TestRunner.java:43) ~[test-classes/:?]
	at jdk.internal.reflect.DirectMethodHandleAccessor.invoke(DirectMethodHandleAccessor.java:103) ~[?:?]
	at java.lang.reflect.Method.invoke(Method.java:580) ~[?:?]
	at org.testng.internal.invokers.MethodInvocationHelper.invokeMethod(MethodInvocationHelper.java:141) ~[testng-7.10.2.jar:7.10.2]
	at org.testng.internal.invokers.TestInvoker.invokeMethod(TestInvoker.java:686) ~[testng-7.10.2.jar:7.10.2]
	at org.testng.internal.invokers.TestInvoker.invokeTestMethod(TestInvoker.java:230) ~[testng-7.10.2.jar:7.10.2]
	at org.testng.internal.invokers.MethodRunner.runInSequence(MethodRunner.java:63) ~[testng-7.10.2.jar:7.10.2]
	at org.testng.internal.invokers.TestInvoker$MethodInvocationAgent.invoke(TestInvoker.java:992) ~[testng-7.10.2.jar:7.10.2]
	at org.testng.internal.invokers.TestInvoker.invokeTestMethods(TestInvoker.java:203) ~[testng-7.10.2.jar:7.10.2]
	at org.testng.internal.invokers.TestMethodWorker.invokeTestMethods(TestMethodWorker.java:154) ~[testng-7.10.2.jar:7.10.2]
	at org.testng.internal.invokers.TestMethodWorker.run(TestMethodWorker.java:134) ~[testng-7.10.2.jar:7.10.2]
	at java.util.ArrayList.forEach(ArrayList.java:1597) [?:?]
	at org.testng.TestRunner.privateRun(TestRunner.java:739) [testng-7.10.2.jar:7.10.2]
	at org.testng.TestRunner.run(TestRunner.java:614) [testng-7.10.2.jar:7.10.2]
	at org.testng.SuiteRunner.runTest(SuiteRunner.java:421) [testng-7.10.2.jar:7.10.2]
	at org.testng.SuiteRunner.runSequentially(SuiteRunner.java:413) [testng-7.10.2.jar:7.10.2]
	at org.testng.SuiteRunner.privateRun(SuiteRunner.java:373) [testng-7.10.2.jar:7.10.2]
	at org.testng.SuiteRunner.run(SuiteRunner.java:312) [testng-7.10.2.jar:7.10.2]
	at org.testng.SuiteRunnerWorker.runSuite(SuiteRunnerWorker.java:52) [testng-7.10.2.jar:7.10.2]
	at org.testng.SuiteRunnerWorker.run(SuiteRunnerWorker.java:95) [testng-7.10.2.jar:7.10.2]
	at org.testng.TestNG.runSuitesSequentially(TestNG.java:1274) [testng-7.10.2.jar:7.10.2]
	at org.testng.TestNG.runSuitesLocally(TestNG.java:1208) [testng-7.10.2.jar:7.10.2]
	at org.testng.TestNG.runSuites(TestNG.java:1112) [testng-7.10.2.jar:7.10.2]
	at org.testng.TestNG.run(TestNG.java:1079) [testng-7.10.2.jar:7.10.2]
	at com.intellij.rt.testng.IDEARemoteTestNG.run(IDEARemoteTestNG.java:65) [testng-rt.jar:?]
	at com.intellij.rt.testng.RemoteTestNGStarter.main(RemoteTestNGStarter.java:105) [testng-rt.jar:?]
Caused by: org.springframework.beans.factory.UnsatisfiedDependencyException: Error creating bean with name 'timeSchedulesPage' defined in file [C:\Users\John.Kushoro\Dayforce-Automation\target\classes\com\totallygroup\pageObject\TimeSchedulesPage.class]: Unsatisfied dependency expressed through constructor parameter 2: No qualifying bean of type 'com.totallygroup.steps.TimeSchedulesPageSteps' available: expected at least 1 bean which qualifies as autowire candidate. Dependency annotations: {}
	at org.springframework.beans.factory.support.ConstructorResolver.createArgumentArray(ConstructorResolver.java:795) ~[spring-beans-6.1.14.jar:6.1.14]
	at org.springframework.beans.factory.support.ConstructorResolver.autowireConstructor(ConstructorResolver.java:237) ~[spring-beans-6.1.14.jar:6.1.14]
	at org.springframework.beans.factory.support.AbstractAutowireCapableBeanFactory.autowireConstructor(AbstractAutowireCapableBeanFactory.java:1375) ~[spring-beans-6.1.14.jar:6.1.14]
	at org.springframework.beans.factory.support.AbstractAutowireCapableBeanFactory.createBeanInstance(AbstractAutowireCapableBeanFactory.java:1212) ~[spring-beans-6.1.14.jar:6.1.14]
	at org.springframework.beans.factory.support.AbstractAutowireCapableBeanFactory.doCreateBean(AbstractAutowireCapableBeanFactory.java:562) ~[spring-beans-6.1.14.jar:6.1.14]
	at org.springframework.beans.factory.support.AbstractAutowireCapableBeanFactory.createBean(AbstractAutowireCapableBeanFactory.java:522) ~[spring-beans-6.1.14.jar:6.1.14]
	at org.springframework.beans.factory.support.AbstractBeanFactory.lambda$doGetBean$0(AbstractBeanFactory.java:337) ~[spring-beans-6.1.14.jar:6.1.14]
	at org.springframework.beans.factory.support.DefaultSingletonBeanRegistry.getSingleton(DefaultSingletonBeanRegistry.java:234) ~[spring-beans-6.1.14.jar:6.1.14]
	at org.springframework.beans.factory.support.AbstractBeanFactory.doGetBean(AbstractBeanFactory.java:335) ~[spring-beans-6.1.14.jar:6.1.14]
	at org.springframework.beans.factory.support.AbstractBeanFactory.getBean(AbstractBeanFactory.java:200) ~[spring-beans-6.1.14.jar:6.1.14]
	at org.springframework.beans.factory.support.DefaultListableBeanFactory.preInstantiateSingletons(DefaultListableBeanFactory.java:975) ~[spring-beans-6.1.14.jar:6.1.14]
	at org.springframework.context.support.AbstractApplicationContext.finishBeanFactoryInitialization(AbstractApplicationContext.java:971) ~[spring-context-6.1.14.jar:6.1.14]
	at org.springframework.context.support.AbstractApplicationContext.refresh(AbstractApplicationContext.java:625) ~[spring-context-6.1.14.jar:6.1.14]
	at org.springframework.test.context.support.AbstractGenericContextLoader.loadContext(AbstractGenericContextLoader.java:127) ~[spring-test-5.3.30.jar:5.3.30]
	at org.springframework.test.context.support.AbstractGenericContextLoader.loadContext(AbstractGenericContextLoader.java:60) ~[spring-test-5.3.30.jar:5.3.30]
	at org.springframework.test.context.support.AbstractDelegatingSmartContextLoader.delegateLoading(AbstractDelegatingSmartContextLoader.java:276) ~[spring-test-5.3.30.jar:5.3.30]
	at org.springframework.test.context.support.AbstractDelegatingSmartContextLoader.loadContext(AbstractDelegatingSmartContextLoader.java:244) ~[spring-test-5.3.30.jar:5.3.30]
	at org.springframework.test.context.cache.DefaultCacheAwareContextLoaderDelegate.loadContextInternal(DefaultCacheAwareContextLoaderDelegate.java:141) ~[spring-test-5.3.30.jar:5.3.30]
	at org.springframework.test.context.cache.DefaultCacheAwareContextLoaderDelegate.loadContext(DefaultCacheAwareContextLoaderDelegate.java:90) ~[spring-test-5.3.30.jar:5.3.30]
	... 52 more
Caused by: org.springframework.beans.factory.NoSuchBeanDefinitionException: No qualifying bean of type 'com.totallygroup.steps.TimeSchedulesPageSteps' available: expected at least 1 bean which qualifies as autowire candidate. Dependency annotations: {}
	at org.springframework.beans.factory.support.DefaultListableBeanFactory.raiseNoMatchingBeanFound(DefaultListableBeanFactory.java:1880) ~[spring-beans-6.1.14.jar:6.1.14]
	at org.springframework.beans.factory.support.DefaultListableBeanFactory.doResolveDependency(DefaultListableBeanFactory.java:1406) ~[spring-beans-6.1.14.jar:6.1.14]
	at org.springframework.beans.factory.support.DefaultListableBeanFactory.resolveDependency(DefaultListableBeanFactory.java:1353) ~[spring-beans-6.1.14.jar:6.1.14]
	at org.springframework.beans.factory.support.ConstructorResolver.resolveAutowiredArgument(ConstructorResolver.java:904) ~[spring-beans-6.1.14.jar:6.1.14]
	at org.springframework.beans.factory.support.ConstructorResolver.createArgumentArray(ConstructorResolver.java:782) ~[spring-beans-6.1.14.jar:6.1.14]
	at org.springframework.beans.factory.support.ConstructorResolver.autowireConstructor(ConstructorResolver.java:237) ~[spring-beans-6.1.14.jar:6.1.14]
	at org.springframework.beans.factory.support.AbstractAutowireCapableBeanFactory.autowireConstructor(AbstractAutowireCapableBeanFactory.java:1375) ~[spring-beans-6.1.14.jar:6.1.14]
	at org.springframework.beans.factory.support.AbstractAutowireCapableBeanFactory.createBeanInstance(AbstractAutowireCapableBeanFactory.java:1212) ~[spring-beans-6.1.14.jar:6.1.14]
	at org.springframework.beans.factory.support.AbstractAutowireCapableBeanFactory.doCreateBean(AbstractAutowireCapableBeanFactory.java:562) ~[spring-beans-6.1.14.jar:6.1.14]
	at org.springframework.beans.factory.support.AbstractAutowireCapableBeanFactory.createBean(AbstractAutowireCapableBeanFactory.java:522) ~[spring-beans-6.1.14.jar:6.1.14]
	at org.springframework.beans.factory.support.AbstractBeanFactory.lambda$doGetBean$0(AbstractBeanFactory.java:337) ~[spring-beans-6.1.14.jar:6.1.14]
	at org.springframework.beans.factory.support.DefaultSingletonBeanRegistry.getSingleton(DefaultSingletonBeanRegistry.java:234) ~[spring-beans-6.1.14.jar:6.1.14]
	at org.springframework.beans.factory.support.AbstractBeanFactory.doGetBean(AbstractBeanFactory.java:335) ~[spring-beans-6.1.14.jar:6.1.14]
	at org.springframework.beans.factory.support.AbstractBeanFactory.getBean(AbstractBeanFactory.java:200) ~[spring-beans-6.1.14.jar:6.1.14]
	at org.springframework.beans.factory.support.DefaultListableBeanFactory.preInstantiateSingletons(DefaultListableBeanFactory.java:975) ~[spring-beans-6.1.14.jar:6.1.14]
	at org.springframework.context.support.AbstractApplicationContext.finishBeanFactoryInitialization(AbstractApplicationContext.java:971) ~[spring-context-6.1.14.jar:6.1.14]
	at org.springframework.context.support.AbstractApplicationContext.refresh(AbstractApplicationContext.java:625) ~[spring-context-6.1.14.jar:6.1.14]
	at org.springframework.test.context.support.AbstractGenericContextLoader.loadContext(AbstractGenericContextLoader.java:127) ~[spring-test-5.3.30.jar:5.3.30]
	at org.springframework.test.context.support.AbstractGenericContextLoader.loadContext(AbstractGenericContextLoader.java:60) ~[spring-test-5.3.30.jar:5.3.30]
	at org.springframework.test.context.support.AbstractDelegatingSmartContextLoader.delegateLoading(AbstractDelegatingSmartContextLoader.java:276) ~[spring-test-5.3.30.jar:5.3.30]
	at org.springframework.test.context.support.AbstractDelegatingSmartContextLoader.loadContext(AbstractDelegatingSmartContextLoader.java:244) ~[spring-test-5.3.30.jar:5.3.30]
	at org.springframework.test.context.cache.DefaultCacheAwareContextLoaderDelegate.loadContextInternal(DefaultCacheAwareContextLoaderDelegate.java:141) ~[spring-test-5.3.30.jar:5.3.30]
	at org.springframework.test.context.cache.DefaultCacheAwareContextLoaderDelegate.loadContext(DefaultCacheAwareContextLoaderDelegate.java:90) ~[spring-test-5.3.30.jar:5.3.30]
	... 52 more
2024-12-14T23:59:01,575 [main] INFO  TestRunner - Cleaning up TestRunner environment.
