2024-12-11T17:49:41,653 [main] INFO  Utils - [TestNG] Running:
  C:\Users\John.Kushoro\AppData\Local\JetBrains\IdeaIC2024.3\temp-testng-customsuite.xml

2024-12-11T17:49:42,250 [main] INFO  TestRunner - Setting up TestRunner environment.
2024-12-11T17:49:42,302 [main] INFO  TestRunner - Running tests...
2024-12-11T17:49:42,515 [main] INFO  DefaultTestContextBootstrapper - Using TestExecutionListeners: [org.springframework.test.context.support.DirtiesContextBeforeModesTestExecutionListener@25c5e994, org.springframework.test.context.event.ApplicationEventsTestExecutionListener@378bd86d, org.springframework.test.context.support.DependencyInjectionTestExecutionListener@2189e7a7, org.springframework.test.context.support.DirtiesContextTestExecutionListener@69b2f8e5, org.springframework.test.context.event.EventPublishingTestExecutionListener@6331250e]
2024-12-11T17:49:42,570 [main] INFO  DefaultTestContextBootstrapper - Using TestExecutionListeners: [org.springframework.test.context.support.DirtiesContextBeforeModesTestExecutionListener@1eea9d2d, org.springframework.test.context.event.ApplicationEventsTestExecutionListener@60921b21, org.springframework.test.context.support.DependencyInjectionTestExecutionListener@bd2f5a9, org.springframework.test.context.support.DirtiesContextTestExecutionListener@4d4960c8, org.springframework.test.context.event.EventPublishingTestExecutionListener@7808fb9]
2024-12-11T17:49:42,606 [main] INFO  DefaultTestContextBootstrapper - Using TestExecutionListeners: [org.springframework.test.context.support.DirtiesContextBeforeModesTestExecutionListener@5c20ffa8, org.springframework.test.context.event.ApplicationEventsTestExecutionListener@7fedfe27, org.springframework.test.context.support.DependencyInjectionTestExecutionListener@2f879bab, org.springframework.test.context.support.DirtiesContextTestExecutionListener@1d4664d7, org.springframework.test.context.event.EventPublishingTestExecutionListener@46c00568]
2024-12-11T17:49:42,632 [main] INFO  Utils - [TestNG] Running:
  Command line suite

2024-12-11T17:49:44,525 [main] INFO  WebDriverManager - Using chromedriver 127.0.6533.119 (resolved driver for Chrome 127)
2024-12-11T17:49:44,547 [main] INFO  WebDriverManager - Exporting webdriver.chrome.driver as C:\Users\John.Kushoro\.cache\selenium\chromedriver\win64\127.0.6533.119\chromedriver.exe
2024-12-11T17:49:50,186 [main] INFO  LoginPageTests - Starting login test with companyName: totallygroupconfig, username: Test
2024-12-11T17:49:58,451 [main] INFO  LoginPageTests - Starting navigation to home page
2024-12-11T17:50:10,077 [main] INFO  LoginPageTests - Navigation to home page completed successfully.
2024-12-11T17:50:32,565 [main] INFO  TestRunner - Cleaning up TestRunner environment.
2024-12-11T19:30:02,859 [main] INFO  Utils - [TestNG] Running:
  C:\Users\John.Kushoro\AppData\Local\JetBrains\IdeaIC2024.3\temp-testng-customsuite.xml

2024-12-11T19:30:03,422 [main] INFO  TestRunner - Setting up TestRunner environment.
2024-12-11T19:30:03,468 [main] INFO  TestRunner - Running tests...
2024-12-11T19:30:03,842 [main] INFO  DefaultTestContextBootstrapper - Using TestExecutionListeners: [org.springframework.test.context.support.DirtiesContextBeforeModesTestExecutionListener@723ed581, org.springframework.test.context.event.ApplicationEventsTestExecutionListener@6b760460, org.springframework.test.context.support.DependencyInjectionTestExecutionListener@796065aa, org.springframework.test.context.support.DirtiesContextTestExecutionListener@28a6301f, org.springframework.test.context.event.EventPublishingTestExecutionListener@2c306a57]
2024-12-11T19:30:03,891 [main] INFO  DefaultTestContextBootstrapper - Using TestExecutionListeners: [org.springframework.test.context.support.DirtiesContextBeforeModesTestExecutionListener@7ec25216, org.springframework.test.context.event.ApplicationEventsTestExecutionListener@7cab1508, org.springframework.test.context.support.DependencyInjectionTestExecutionListener@6a84bc3f, org.springframework.test.context.support.DirtiesContextTestExecutionListener@258ee7de, org.springframework.test.context.event.EventPublishingTestExecutionListener@4930539b]
2024-12-11T19:30:03,907 [main] INFO  DefaultTestContextBootstrapper - Using TestExecutionListeners: [org.springframework.test.context.support.DirtiesContextBeforeModesTestExecutionListener@1d25c1c, org.springframework.test.context.event.ApplicationEventsTestExecutionListener@de88ac6, org.springframework.test.context.support.DependencyInjectionTestExecutionListener@5bca7664, org.springframework.test.context.support.DirtiesContextTestExecutionListener@105b693d, org.springframework.test.context.event.EventPublishingTestExecutionListener@3fae596]
2024-12-11T19:30:03,969 [main] INFO  Utils - [TestNG] Running:
  Command line suite

2024-12-11T19:30:06,299 [main] INFO  WebDriverManager - Using chromedriver 127.0.6533.119 (resolved driver for Chrome 127)
2024-12-11T19:30:06,327 [main] INFO  WebDriverManager - Exporting webdriver.chrome.driver as C:\Users\John.Kushoro\.cache\selenium\chromedriver\win64\127.0.6533.119\chromedriver.exe
2024-12-11T19:30:12,053 [main] INFO  LoginPageTests - Starting login test with companyName: totallygroupconfig, username: Test
2024-12-11T19:30:20,769 [main] INFO  LoginPageTests - Starting navigation to home page
2024-12-11T19:30:33,535 [main] INFO  LoginPageTests - Navigation to home page completed successfully.
2024-12-11T19:34:26,780 [main] INFO  TestRunner - Cleaning up TestRunner environment.
2024-12-11T21:51:01,727 [main] INFO  Utils - [TestNG] Running:
  C:\Users\John.Kushoro\AppData\Local\JetBrains\IdeaIC2024.3\temp-testng-customsuite.xml

2024-12-11T21:51:02,096 [main] INFO  TestRunner - Setting up TestRunner environment.
2024-12-11T21:51:02,130 [main] INFO  TestRunner - Running tests...
2024-12-11T21:51:02,360 [main] INFO  DefaultTestContextBootstrapper - Using TestExecutionListeners: [org.springframework.test.context.support.DirtiesContextBeforeModesTestExecutionListener@723ed581, org.springframework.test.context.event.ApplicationEventsTestExecutionListener@6b760460, org.springframework.test.context.support.DependencyInjectionTestExecutionListener@796065aa, org.springframework.test.context.support.DirtiesContextTestExecutionListener@28a6301f, org.springframework.test.context.event.EventPublishingTestExecutionListener@2c306a57]
2024-12-11T21:51:02,406 [main] INFO  DefaultTestContextBootstrapper - Using TestExecutionListeners: [org.springframework.test.context.support.DirtiesContextBeforeModesTestExecutionListener@258ee7de, org.springframework.test.context.event.ApplicationEventsTestExecutionListener@4930539b, org.springframework.test.context.support.DependencyInjectionTestExecutionListener@6d171ce0, org.springframework.test.context.support.DirtiesContextTestExecutionListener@22bd2039, org.springframework.test.context.event.EventPublishingTestExecutionListener@705f83a7]
2024-12-11T21:51:02,418 [main] INFO  DefaultTestContextBootstrapper - Using TestExecutionListeners: [org.springframework.test.context.support.DirtiesContextBeforeModesTestExecutionListener@3fae596, org.springframework.test.context.event.ApplicationEventsTestExecutionListener@4a0df195, org.springframework.test.context.support.DependencyInjectionTestExecutionListener@42fcc7e6, org.springframework.test.context.support.DirtiesContextTestExecutionListener@9255c05, org.springframework.test.context.event.EventPublishingTestExecutionListener@5da7cee2]
2024-12-11T21:51:02,440 [main] INFO  Utils - [TestNG] Running:
  Command line suite

2024-12-11T21:51:04,925 [main] INFO  WebDriverManager - Using chromedriver 127.0.6533.119 (resolved driver for Chrome 127)
2024-12-11T21:51:05,002 [main] INFO  WebDriverManager - Exporting webdriver.chrome.driver as C:\Users\John.Kushoro\.cache\selenium\chromedriver\win64\127.0.6533.119\chromedriver.exe
2024-12-11T21:51:11,030 [main] INFO  LoginPageTests - Starting login test with companyName: totallygroupconfig, username: Test
2024-12-11T21:51:18,264 [main] INFO  LoginPageTests - Starting navigation to home page
2024-12-11T21:51:29,711 [main] INFO  LoginPageTests - Navigation to home page completed successfully.
2024-12-11T21:52:31,820 [main] INFO  TestRunner - Cleaning up TestRunner environment.
2024-12-11T21:52:31,829 [SpringContextShutdownHook] WARN  DisposableBeanAdapter - Custom destroy method 'close' on bean with name 'webDriver' propagated an exception: org.openqa.selenium.NoSuchSessionException: Session ID is null. Using WebDriver after calling quit()?
Build info: version: '4.25.0', revision: '8a8aea2337'
System info: os.name: 'Windows 10', os.arch: 'amd64', os.version: '10.0', java.version: '23.0.1'
Driver info: org.openqa.selenium.chrome.ChromeDriver
Command: [null, close {}]
Capabilities {acceptInsecureCerts: false, browserName: chrome, browserVersion: 127.0.6533.89, chrome: {chromedriverVersion: 127.0.6533.119 (bdef6783a05..., userDataDir: C:\Users\JOHN~1.KUS\AppData...}, fedcm:accounts: true, goog:chromeOptions: {debuggerAddress: localhost:58924}, networkConnectionEnabled: false, pageLoadStrategy: normal, platformName: windows, proxy: Proxy(), se:cdp: ws://localhost:58924/devtoo..., se:cdpVersion: 127.0.6533.89, setWindowRect: true, strictFileInteractability: false, timeouts: {implicit: 0, pageLoad: 300000, script: 30000}, unhandledPromptBehavior: dismiss and notify, webauthn:extension:credBlob: true, webauthn:extension:largeBlob: true, webauthn:extension:minPinLength: true, webauthn:extension:prf: true, webauthn:virtualAuthenticators: true}
2024-12-11T21:59:20,788 [main] INFO  Utils - [TestNG] Running:
  C:\Users\John.Kushoro\AppData\Local\JetBrains\IdeaIC2024.3\temp-testng-customsuite.xml

2024-12-11T21:59:21,056 [main] INFO  TestRunner - Setting up TestRunner environment.
2024-12-11T21:59:21,075 [main] INFO  TestRunner - Running tests...
2024-12-11T21:59:21,310 [main] INFO  DefaultTestContextBootstrapper - Using TestExecutionListeners: [org.springframework.test.context.support.DirtiesContextBeforeModesTestExecutionListener@723ed581, org.springframework.test.context.event.ApplicationEventsTestExecutionListener@6b760460, org.springframework.test.context.support.DependencyInjectionTestExecutionListener@796065aa, org.springframework.test.context.support.DirtiesContextTestExecutionListener@28a6301f, org.springframework.test.context.event.EventPublishingTestExecutionListener@2c306a57]
2024-12-11T21:59:21,349 [main] INFO  DefaultTestContextBootstrapper - Using TestExecutionListeners: [org.springframework.test.context.support.DirtiesContextBeforeModesTestExecutionListener@7cab1508, org.springframework.test.context.event.ApplicationEventsTestExecutionListener@6a84bc3f, org.springframework.test.context.support.DependencyInjectionTestExecutionListener@258ee7de, org.springframework.test.context.support.DirtiesContextTestExecutionListener@4930539b, org.springframework.test.context.event.EventPublishingTestExecutionListener@6d171ce0]
2024-12-11T21:59:21,373 [main] INFO  DefaultTestContextBootstrapper - Using TestExecutionListeners: [org.springframework.test.context.support.DirtiesContextBeforeModesTestExecutionListener@5bca7664, org.springframework.test.context.event.ApplicationEventsTestExecutionListener@105b693d, org.springframework.test.context.support.DependencyInjectionTestExecutionListener@3fae596, org.springframework.test.context.support.DirtiesContextTestExecutionListener@4a0df195, org.springframework.test.context.event.EventPublishingTestExecutionListener@42fcc7e6]
2024-12-11T21:59:21,395 [main] INFO  Utils - [TestNG] Running:
  Command line suite

2024-12-11T21:59:22,367 [main] INFO  WebDriverManager - Using chromedriver 127.0.6533.119 (resolved driver for Chrome 127)
2024-12-11T21:59:22,402 [main] INFO  WebDriverManager - Exporting webdriver.chrome.driver as C:\Users\John.Kushoro\.cache\selenium\chromedriver\win64\127.0.6533.119\chromedriver.exe
2024-12-11T21:59:26,752 [main] INFO  LoginPageTests - Starting login test with companyName: totallygroupconfig, username: Test
2024-12-11T21:59:34,230 [main] INFO  LoginPageTests - Starting navigation to home page
2024-12-11T21:59:42,872 [main] INFO  LoginPageTests - Navigation to home page completed successfully.
2024-12-11T22:00:35,691 [main] INFO  TestRunner - Cleaning up TestRunner environment.
2024-12-11T22:04:15,644 [main] INFO  Utils - [TestNG] Running:
  C:\Users\John.Kushoro\AppData\Local\JetBrains\IdeaIC2024.3\temp-testng-customsuite.xml

2024-12-11T22:04:16,256 [main] INFO  TestRunner - Setting up TestRunner environment.
2024-12-11T22:04:16,313 [main] INFO  TestRunner - Running tests...
2024-12-11T22:04:16,625 [main] INFO  DefaultTestContextBootstrapper - Using TestExecutionListeners: [org.springframework.test.context.support.DirtiesContextBeforeModesTestExecutionListener@723ed581, org.springframework.test.context.event.ApplicationEventsTestExecutionListener@6b760460, org.springframework.test.context.support.DependencyInjectionTestExecutionListener@796065aa, org.springframework.test.context.support.DirtiesContextTestExecutionListener@28a6301f, org.springframework.test.context.event.EventPublishingTestExecutionListener@2c306a57]
2024-12-11T22:04:16,683 [main] INFO  DefaultTestContextBootstrapper - Using TestExecutionListeners: [org.springframework.test.context.support.DirtiesContextBeforeModesTestExecutionListener@6a84bc3f, org.springframework.test.context.event.ApplicationEventsTestExecutionListener@258ee7de, org.springframework.test.context.support.DependencyInjectionTestExecutionListener@4930539b, org.springframework.test.context.support.DirtiesContextTestExecutionListener@6d171ce0, org.springframework.test.context.event.EventPublishingTestExecutionListener@22bd2039]
2024-12-11T22:04:16,697 [main] INFO  DefaultTestContextBootstrapper - Using TestExecutionListeners: [org.springframework.test.context.support.DirtiesContextBeforeModesTestExecutionListener@5bca7664, org.springframework.test.context.event.ApplicationEventsTestExecutionListener@105b693d, org.springframework.test.context.support.DependencyInjectionTestExecutionListener@3fae596, org.springframework.test.context.support.DirtiesContextTestExecutionListener@4a0df195, org.springframework.test.context.event.EventPublishingTestExecutionListener@42fcc7e6]
2024-12-11T22:04:16,716 [main] INFO  Utils - [TestNG] Running:
  Command line suite

2024-12-11T22:04:17,846 [main] INFO  WebDriverManager - Using chromedriver 127.0.6533.119 (resolved driver for Chrome 127)
2024-12-11T22:04:17,877 [main] INFO  WebDriverManager - Exporting webdriver.chrome.driver as C:\Users\John.Kushoro\.cache\selenium\chromedriver\win64\127.0.6533.119\chromedriver.exe
2024-12-11T22:04:22,741 [main] INFO  LoginPageTests - Starting login test with companyName: totallygroupconfig, username: Test
2024-12-11T22:04:27,537 [main] INFO  LoginPageTests - Starting navigation to home page
2024-12-11T22:04:35,725 [main] INFO  LoginPageTests - Navigation to home page completed successfully.
2024-12-11T22:05:07,902 [main] INFO  TestRunner - Cleaning up TestRunner environment.
2024-12-11T22:07:06,802 [main] INFO  Utils - [TestNG] Running:
  C:\Users\John.Kushoro\AppData\Local\JetBrains\IdeaIC2024.3\temp-testng-customsuite.xml

2024-12-11T22:07:07,231 [main] INFO  TestRunner - Setting up TestRunner environment.
2024-12-11T22:07:07,255 [main] INFO  TestRunner - Running tests...
2024-12-11T22:07:07,490 [main] INFO  DefaultTestContextBootstrapper - Using TestExecutionListeners: [org.springframework.test.context.support.DirtiesContextBeforeModesTestExecutionListener@723ed581, org.springframework.test.context.event.ApplicationEventsTestExecutionListener@6b760460, org.springframework.test.context.support.DependencyInjectionTestExecutionListener@796065aa, org.springframework.test.context.support.DirtiesContextTestExecutionListener@28a6301f, org.springframework.test.context.event.EventPublishingTestExecutionListener@2c306a57]
2024-12-11T22:07:07,525 [main] INFO  DefaultTestContextBootstrapper - Using TestExecutionListeners: [org.springframework.test.context.support.DirtiesContextBeforeModesTestExecutionListener@7cab1508, org.springframework.test.context.event.ApplicationEventsTestExecutionListener@6a84bc3f, org.springframework.test.context.support.DependencyInjectionTestExecutionListener@258ee7de, org.springframework.test.context.support.DirtiesContextTestExecutionListener@4930539b, org.springframework.test.context.event.EventPublishingTestExecutionListener@6d171ce0]
2024-12-11T22:07:07,549 [main] INFO  DefaultTestContextBootstrapper - Using TestExecutionListeners: [org.springframework.test.context.support.DirtiesContextBeforeModesTestExecutionListener@3fae596, org.springframework.test.context.event.ApplicationEventsTestExecutionListener@4a0df195, org.springframework.test.context.support.DependencyInjectionTestExecutionListener@42fcc7e6, org.springframework.test.context.support.DirtiesContextTestExecutionListener@9255c05, org.springframework.test.context.event.EventPublishingTestExecutionListener@5da7cee2]
2024-12-11T22:07:07,574 [main] INFO  Utils - [TestNG] Running:
  Command line suite

2024-12-11T22:07:08,603 [main] INFO  WebDriverManager - Using chromedriver 127.0.6533.119 (resolved driver for Chrome 127)
2024-12-11T22:07:08,638 [main] INFO  WebDriverManager - Exporting webdriver.chrome.driver as C:\Users\John.Kushoro\.cache\selenium\chromedriver\win64\127.0.6533.119\chromedriver.exe
2024-12-11T22:07:13,082 [main] INFO  LoginPageTests - Starting login test with companyName: totallygroupconfig, username: Test
2024-12-11T22:07:19,580 [main] INFO  LoginPageTests - Starting navigation to home page
2024-12-11T22:07:26,939 [main] INFO  LoginPageTests - Navigation to home page completed successfully.
2024-12-11T22:08:02,592 [main] INFO  TestRunner - Cleaning up TestRunner environment.
2024-12-11T22:10:22,767 [main] INFO  Utils - [TestNG] Running:
  C:\Users\John.Kushoro\AppData\Local\JetBrains\IdeaIC2024.3\temp-testng-customsuite.xml

2024-12-11T22:10:23,208 [main] INFO  TestRunner - Setting up TestRunner environment.
2024-12-11T22:10:23,238 [main] INFO  TestRunner - Running tests...
2024-12-11T22:10:23,501 [main] INFO  DefaultTestContextBootstrapper - Using TestExecutionListeners: [org.springframework.test.context.support.DirtiesContextBeforeModesTestExecutionListener@723ed581, org.springframework.test.context.event.ApplicationEventsTestExecutionListener@6b760460, org.springframework.test.context.support.DependencyInjectionTestExecutionListener@796065aa, org.springframework.test.context.support.DirtiesContextTestExecutionListener@28a6301f, org.springframework.test.context.event.EventPublishingTestExecutionListener@2c306a57]
2024-12-11T22:10:23,535 [main] INFO  DefaultTestContextBootstrapper - Using TestExecutionListeners: [org.springframework.test.context.support.DirtiesContextBeforeModesTestExecutionListener@258ee7de, org.springframework.test.context.event.ApplicationEventsTestExecutionListener@4930539b, org.springframework.test.context.support.DependencyInjectionTestExecutionListener@6d171ce0, org.springframework.test.context.support.DirtiesContextTestExecutionListener@22bd2039, org.springframework.test.context.event.EventPublishingTestExecutionListener@705f83a7]
2024-12-11T22:10:23,550 [main] INFO  DefaultTestContextBootstrapper - Using TestExecutionListeners: [org.springframework.test.context.support.DirtiesContextBeforeModesTestExecutionListener@105b693d, org.springframework.test.context.event.ApplicationEventsTestExecutionListener@3fae596, org.springframework.test.context.support.DependencyInjectionTestExecutionListener@4a0df195, org.springframework.test.context.support.DirtiesContextTestExecutionListener@42fcc7e6, org.springframework.test.context.event.EventPublishingTestExecutionListener@9255c05]
2024-12-11T22:10:23,574 [main] INFO  Utils - [TestNG] Running:
  Command line suite

2024-12-11T22:10:24,545 [main] INFO  WebDriverManager - Using chromedriver 127.0.6533.119 (resolved driver for Chrome 127)
2024-12-11T22:10:24,588 [main] INFO  WebDriverManager - Exporting webdriver.chrome.driver as C:\Users\John.Kushoro\.cache\selenium\chromedriver\win64\127.0.6533.119\chromedriver.exe
2024-12-11T22:10:29,993 [main] INFO  LoginPageTests - Starting login test with companyName: totallygroupconfig, username: Test
2024-12-11T22:10:35,211 [main] INFO  LoginPageTests - Starting navigation to home page
2024-12-11T22:10:42,847 [main] INFO  LoginPageTests - Navigation to home page completed successfully.
2024-12-11T22:11:56,656 [main] INFO  TestRunner - Cleaning up TestRunner environment.
2024-12-11T22:11:56,677 [SpringContextShutdownHook] WARN  DisposableBeanAdapter - Custom destroy method 'close' on bean with name 'webDriver' propagated an exception: org.openqa.selenium.NoSuchSessionException: Session ID is null. Using WebDriver after calling quit()?
Build info: version: '4.25.0', revision: '8a8aea2337'
System info: os.name: 'Windows 10', os.arch: 'amd64', os.version: '10.0', java.version: '23.0.1'
Driver info: org.openqa.selenium.chrome.ChromeDriver
Command: [null, close {}]
Capabilities {acceptInsecureCerts: false, browserName: chrome, browserVersion: 127.0.6533.89, chrome: {chromedriverVersion: 127.0.6533.119 (bdef6783a05..., userDataDir: C:\Users\JOHN~1.KUS\AppData...}, fedcm:accounts: true, goog:chromeOptions: {debuggerAddress: localhost:62123}, networkConnectionEnabled: false, pageLoadStrategy: normal, platformName: windows, proxy: Proxy(), se:cdp: ws://localhost:62123/devtoo..., se:cdpVersion: 127.0.6533.89, setWindowRect: true, strictFileInteractability: false, timeouts: {implicit: 0, pageLoad: 300000, script: 30000}, unhandledPromptBehavior: dismiss and notify, webauthn:extension:credBlob: true, webauthn:extension:largeBlob: true, webauthn:extension:minPinLength: true, webauthn:extension:prf: true, webauthn:virtualAuthenticators: true}
2024-12-11T22:15:18,759 [main] INFO  Utils - [TestNG] Running:
  C:\Users\John.Kushoro\AppData\Local\JetBrains\IdeaIC2024.3\temp-testng-customsuite.xml

2024-12-11T22:15:19,336 [main] INFO  TestRunner - Setting up TestRunner environment.
2024-12-11T22:15:19,378 [main] INFO  TestRunner - Running tests...
2024-12-11T22:15:19,796 [main] INFO  DefaultTestContextBootstrapper - Using TestExecutionListeners: [org.springframework.test.context.support.DirtiesContextBeforeModesTestExecutionListener@723ed581, org.springframework.test.context.event.ApplicationEventsTestExecutionListener@6b760460, org.springframework.test.context.support.DependencyInjectionTestExecutionListener@796065aa, org.springframework.test.context.support.DirtiesContextTestExecutionListener@28a6301f, org.springframework.test.context.event.EventPublishingTestExecutionListener@2c306a57]
2024-12-11T22:15:19,854 [main] INFO  DefaultTestContextBootstrapper - Using TestExecutionListeners: [org.springframework.test.context.support.DirtiesContextBeforeModesTestExecutionListener@7ec25216, org.springframework.test.context.event.ApplicationEventsTestExecutionListener@7cab1508, org.springframework.test.context.support.DependencyInjectionTestExecutionListener@6a84bc3f, org.springframework.test.context.support.DirtiesContextTestExecutionListener@258ee7de, org.springframework.test.context.event.EventPublishingTestExecutionListener@4930539b]
2024-12-11T22:15:19,872 [main] INFO  DefaultTestContextBootstrapper - Using TestExecutionListeners: [org.springframework.test.context.support.DirtiesContextBeforeModesTestExecutionListener@1d25c1c, org.springframework.test.context.event.ApplicationEventsTestExecutionListener@de88ac6, org.springframework.test.context.support.DependencyInjectionTestExecutionListener@5bca7664, org.springframework.test.context.support.DirtiesContextTestExecutionListener@105b693d, org.springframework.test.context.event.EventPublishingTestExecutionListener@3fae596]
2024-12-11T22:15:19,900 [main] INFO  Utils - [TestNG] Running:
  Command line suite

2024-12-11T22:15:20,978 [main] INFO  WebDriverManager - Using chromedriver 127.0.6533.119 (resolved driver for Chrome 127)
2024-12-11T22:15:21,034 [main] INFO  WebDriverManager - Exporting webdriver.chrome.driver as C:\Users\John.Kushoro\.cache\selenium\chromedriver\win64\127.0.6533.119\chromedriver.exe
2024-12-11T22:15:27,675 [main] INFO  LoginPageTests - Starting login test with companyName: totallygroupconfig, username: Test
2024-12-11T22:15:33,703 [main] INFO  LoginPageTests - Starting navigation to home page
2024-12-11T22:15:41,226 [main] INFO  LoginPageTests - Navigation to home page completed successfully.
2024-12-11T22:21:03,077 [main] INFO  Utils - [TestNG] Running:
  C:\Users\John.Kushoro\AppData\Local\JetBrains\IdeaIC2024.3\temp-testng-customsuite.xml

2024-12-11T22:21:03,583 [main] INFO  TestRunner - Setting up TestRunner environment.
2024-12-11T22:21:03,632 [main] INFO  TestRunner - Running tests...
2024-12-11T22:21:03,903 [main] INFO  DefaultTestContextBootstrapper - Using TestExecutionListeners: [org.springframework.test.context.support.DirtiesContextBeforeModesTestExecutionListener@723ed581, org.springframework.test.context.event.ApplicationEventsTestExecutionListener@6b760460, org.springframework.test.context.support.DependencyInjectionTestExecutionListener@796065aa, org.springframework.test.context.support.DirtiesContextTestExecutionListener@28a6301f, org.springframework.test.context.event.EventPublishingTestExecutionListener@2c306a57]
2024-12-11T22:21:03,949 [main] INFO  DefaultTestContextBootstrapper - Using TestExecutionListeners: [org.springframework.test.context.support.DirtiesContextBeforeModesTestExecutionListener@7ec25216, org.springframework.test.context.event.ApplicationEventsTestExecutionListener@7cab1508, org.springframework.test.context.support.DependencyInjectionTestExecutionListener@6a84bc3f, org.springframework.test.context.support.DirtiesContextTestExecutionListener@258ee7de, org.springframework.test.context.event.EventPublishingTestExecutionListener@4930539b]
2024-12-11T22:21:03,972 [main] INFO  DefaultTestContextBootstrapper - Using TestExecutionListeners: [org.springframework.test.context.support.DirtiesContextBeforeModesTestExecutionListener@de88ac6, org.springframework.test.context.event.ApplicationEventsTestExecutionListener@5bca7664, org.springframework.test.context.support.DependencyInjectionTestExecutionListener@105b693d, org.springframework.test.context.support.DirtiesContextTestExecutionListener@3fae596, org.springframework.test.context.event.EventPublishingTestExecutionListener@4a0df195]
2024-12-11T22:21:03,991 [main] INFO  Utils - [TestNG] Running:
  Command line suite

2024-12-11T22:21:05,086 [main] INFO  WebDriverManager - Using chromedriver 127.0.6533.119 (resolved driver for Chrome 127)
2024-12-11T22:21:05,146 [main] INFO  WebDriverManager - Exporting webdriver.chrome.driver as C:\Users\John.Kushoro\.cache\selenium\chromedriver\win64\127.0.6533.119\chromedriver.exe
2024-12-11T22:21:10,114 [main] INFO  LoginPageTests - Starting login test with companyName: totallygroupconfig, username: Test
2024-12-11T22:21:15,561 [main] INFO  LoginPageTests - Starting navigation to home page
2024-12-11T22:21:25,740 [main] INFO  LoginPageTests - Navigation to home page completed successfully.
2024-12-11T22:22:03,131 [main] INFO  TestRunner - Cleaning up TestRunner environment.
2024-12-11T22:23:51,658 [main] INFO  Utils - [TestNG] Running:
  C:\Users\John.Kushoro\AppData\Local\JetBrains\IdeaIC2024.3\temp-testng-customsuite.xml

2024-12-11T22:23:51,994 [main] INFO  TestRunner - Setting up TestRunner environment.
2024-12-11T22:23:52,019 [main] INFO  TestRunner - Running tests...
2024-12-11T22:23:52,185 [main] INFO  DefaultTestContextBootstrapper - Using TestExecutionListeners: [org.springframework.test.context.support.DirtiesContextBeforeModesTestExecutionListener@723ed581, org.springframework.test.context.event.ApplicationEventsTestExecutionListener@6b760460, org.springframework.test.context.support.DependencyInjectionTestExecutionListener@796065aa, org.springframework.test.context.support.DirtiesContextTestExecutionListener@28a6301f, org.springframework.test.context.event.EventPublishingTestExecutionListener@2c306a57]
2024-12-11T22:23:52,215 [main] INFO  DefaultTestContextBootstrapper - Using TestExecutionListeners: [org.springframework.test.context.support.DirtiesContextBeforeModesTestExecutionListener@7ec25216, org.springframework.test.context.event.ApplicationEventsTestExecutionListener@7cab1508, org.springframework.test.context.support.DependencyInjectionTestExecutionListener@6a84bc3f, org.springframework.test.context.support.DirtiesContextTestExecutionListener@258ee7de, org.springframework.test.context.event.EventPublishingTestExecutionListener@4930539b]
2024-12-11T22:23:52,225 [main] INFO  DefaultTestContextBootstrapper - Using TestExecutionListeners: [org.springframework.test.context.support.DirtiesContextBeforeModesTestExecutionListener@1d25c1c, org.springframework.test.context.event.ApplicationEventsTestExecutionListener@de88ac6, org.springframework.test.context.support.DependencyInjectionTestExecutionListener@5bca7664, org.springframework.test.context.support.DirtiesContextTestExecutionListener@105b693d, org.springframework.test.context.event.EventPublishingTestExecutionListener@3fae596]
2024-12-11T22:23:52,248 [main] INFO  Utils - [TestNG] Running:
  Command line suite

2024-12-11T22:23:53,217 [main] INFO  WebDriverManager - Using chromedriver 127.0.6533.119 (resolved driver for Chrome 127)
2024-12-11T22:23:53,255 [main] INFO  WebDriverManager - Exporting webdriver.chrome.driver as C:\Users\John.Kushoro\.cache\selenium\chromedriver\win64\127.0.6533.119\chromedriver.exe
2024-12-11T22:23:57,232 [main] INFO  LoginPageTests - Starting login test with companyName: totallygroupconfig, username: Test
2024-12-11T22:24:03,854 [main] INFO  LoginPageTests - Starting navigation to home page
2024-12-11T22:24:12,719 [main] INFO  LoginPageTests - Navigation to home page completed successfully.
2024-12-11T22:25:00,964 [main] INFO  TestRunner - Cleaning up TestRunner environment.
2024-12-11T22:29:13,381 [main] INFO  Utils - [TestNG] Running:
  C:\Users\John.Kushoro\AppData\Local\JetBrains\IdeaIC2024.3\temp-testng-customsuite.xml

2024-12-11T22:29:13,695 [main] INFO  TestRunner - Setting up TestRunner environment.
2024-12-11T22:29:13,739 [main] INFO  TestRunner - Running tests...
2024-12-11T22:29:13,947 [main] INFO  DefaultTestContextBootstrapper - Using TestExecutionListeners: [org.springframework.test.context.support.DirtiesContextBeforeModesTestExecutionListener@723ed581, org.springframework.test.context.event.ApplicationEventsTestExecutionListener@6b760460, org.springframework.test.context.support.DependencyInjectionTestExecutionListener@796065aa, org.springframework.test.context.support.DirtiesContextTestExecutionListener@28a6301f, org.springframework.test.context.event.EventPublishingTestExecutionListener@2c306a57]
2024-12-11T22:29:13,986 [main] INFO  DefaultTestContextBootstrapper - Using TestExecutionListeners: [org.springframework.test.context.support.DirtiesContextBeforeModesTestExecutionListener@7cab1508, org.springframework.test.context.event.ApplicationEventsTestExecutionListener@6a84bc3f, org.springframework.test.context.support.DependencyInjectionTestExecutionListener@258ee7de, org.springframework.test.context.support.DirtiesContextTestExecutionListener@4930539b, org.springframework.test.context.event.EventPublishingTestExecutionListener@6d171ce0]
2024-12-11T22:29:14,001 [main] INFO  DefaultTestContextBootstrapper - Using TestExecutionListeners: [org.springframework.test.context.support.DirtiesContextBeforeModesTestExecutionListener@3fae596, org.springframework.test.context.event.ApplicationEventsTestExecutionListener@4a0df195, org.springframework.test.context.support.DependencyInjectionTestExecutionListener@42fcc7e6, org.springframework.test.context.support.DirtiesContextTestExecutionListener@9255c05, org.springframework.test.context.event.EventPublishingTestExecutionListener@5da7cee2]
2024-12-11T22:29:14,024 [main] INFO  Utils - [TestNG] Running:
  Command line suite

2024-12-11T22:29:15,027 [main] INFO  WebDriverManager - Using chromedriver 127.0.6533.119 (resolved driver for Chrome 127)
2024-12-11T22:29:15,067 [main] INFO  WebDriverManager - Exporting webdriver.chrome.driver as C:\Users\John.Kushoro\.cache\selenium\chromedriver\win64\127.0.6533.119\chromedriver.exe
2024-12-11T22:29:20,014 [main] INFO  LoginPageTests - Starting login test with companyName: totallygroupconfig, username: Test
2024-12-11T22:29:24,976 [main] INFO  LoginPageTests - Starting navigation to home page
2024-12-11T22:29:34,403 [main] INFO  LoginPageTests - Navigation to home page completed successfully.
2024-12-11T22:30:11,841 [main] INFO  TestRunner - Cleaning up TestRunner environment.
2024-12-11T22:33:49,413 [main] INFO  Utils - [TestNG] Running:
  C:\Users\John.Kushoro\AppData\Local\JetBrains\IdeaIC2024.3\temp-testng-customsuite.xml

2024-12-11T22:33:49,770 [main] INFO  TestRunner - Setting up TestRunner environment.
2024-12-11T22:33:49,803 [main] INFO  TestRunner - Running tests...
2024-12-11T22:33:50,051 [main] INFO  DefaultTestContextBootstrapper - Using TestExecutionListeners: [org.springframework.test.context.support.DirtiesContextBeforeModesTestExecutionListener@723ed581, org.springframework.test.context.event.ApplicationEventsTestExecutionListener@6b760460, org.springframework.test.context.support.DependencyInjectionTestExecutionListener@796065aa, org.springframework.test.context.support.DirtiesContextTestExecutionListener@28a6301f, org.springframework.test.context.event.EventPublishingTestExecutionListener@2c306a57]
2024-12-11T22:33:50,100 [main] INFO  DefaultTestContextBootstrapper - Using TestExecutionListeners: [org.springframework.test.context.support.DirtiesContextBeforeModesTestExecutionListener@7cab1508, org.springframework.test.context.event.ApplicationEventsTestExecutionListener@6a84bc3f, org.springframework.test.context.support.DependencyInjectionTestExecutionListener@258ee7de, org.springframework.test.context.support.DirtiesContextTestExecutionListener@4930539b, org.springframework.test.context.event.EventPublishingTestExecutionListener@6d171ce0]
2024-12-11T22:33:50,121 [main] INFO  DefaultTestContextBootstrapper - Using TestExecutionListeners: [org.springframework.test.context.support.DirtiesContextBeforeModesTestExecutionListener@5bca7664, org.springframework.test.context.event.ApplicationEventsTestExecutionListener@105b693d, org.springframework.test.context.support.DependencyInjectionTestExecutionListener@3fae596, org.springframework.test.context.support.DirtiesContextTestExecutionListener@4a0df195, org.springframework.test.context.event.EventPublishingTestExecutionListener@42fcc7e6]
2024-12-11T22:33:50,143 [main] INFO  Utils - [TestNG] Running:
  Command line suite

2024-12-11T22:33:51,051 [main] INFO  WebDriverManager - Using chromedriver 127.0.6533.119 (resolved driver for Chrome 127)
2024-12-11T22:33:51,084 [main] INFO  WebDriverManager - Exporting webdriver.chrome.driver as C:\Users\John.Kushoro\.cache\selenium\chromedriver\win64\127.0.6533.119\chromedriver.exe
2024-12-11T22:33:55,384 [main] INFO  LoginPageTests - Starting login test with companyName: totallygroupconfig, username: Test
2024-12-11T22:34:00,067 [main] INFO  LoginPageTests - Starting navigation to home page
2024-12-11T22:34:06,596 [main] INFO  LoginPageTests - Navigation to home page completed successfully.
2024-12-11T22:34:39,372 [main] INFO  TestRunner - Cleaning up TestRunner environment.
2024-12-11T22:40:46,532 [main] INFO  Utils - [TestNG] Running:
  C:\Users\John.Kushoro\AppData\Local\JetBrains\IdeaIC2024.3\temp-testng-customsuite.xml

2024-12-11T22:40:46,872 [main] INFO  TestRunner - Setting up TestRunner environment.
2024-12-11T22:40:46,899 [main] INFO  TestRunner - Running tests...
2024-12-11T22:40:47,138 [main] INFO  DefaultTestContextBootstrapper - Using TestExecutionListeners: [org.springframework.test.context.support.DirtiesContextBeforeModesTestExecutionListener@723ed581, org.springframework.test.context.event.ApplicationEventsTestExecutionListener@6b760460, org.springframework.test.context.support.DependencyInjectionTestExecutionListener@796065aa, org.springframework.test.context.support.DirtiesContextTestExecutionListener@28a6301f, org.springframework.test.context.event.EventPublishingTestExecutionListener@2c306a57]
2024-12-11T22:40:47,183 [main] INFO  DefaultTestContextBootstrapper - Using TestExecutionListeners: [org.springframework.test.context.support.DirtiesContextBeforeModesTestExecutionListener@7ec25216, org.springframework.test.context.event.ApplicationEventsTestExecutionListener@7cab1508, org.springframework.test.context.support.DependencyInjectionTestExecutionListener@6a84bc3f, org.springframework.test.context.support.DirtiesContextTestExecutionListener@258ee7de, org.springframework.test.context.event.EventPublishingTestExecutionListener@4930539b]
2024-12-11T22:40:47,199 [main] INFO  DefaultTestContextBootstrapper - Using TestExecutionListeners: [org.springframework.test.context.support.DirtiesContextBeforeModesTestExecutionListener@de88ac6, org.springframework.test.context.event.ApplicationEventsTestExecutionListener@5bca7664, org.springframework.test.context.support.DependencyInjectionTestExecutionListener@105b693d, org.springframework.test.context.support.DirtiesContextTestExecutionListener@3fae596, org.springframework.test.context.event.EventPublishingTestExecutionListener@4a0df195]
2024-12-11T22:40:47,232 [main] INFO  Utils - [TestNG] Running:
  Command line suite

2024-12-11T22:40:48,171 [main] INFO  WebDriverManager - Using chromedriver 127.0.6533.119 (resolved driver for Chrome 127)
2024-12-11T22:40:48,211 [main] INFO  WebDriverManager - Exporting webdriver.chrome.driver as C:\Users\John.Kushoro\.cache\selenium\chromedriver\win64\127.0.6533.119\chromedriver.exe
2024-12-11T22:40:52,960 [main] INFO  LoginPageTests - Starting login test with companyName: totallygroupconfig, username: Test
2024-12-11T22:41:00,420 [main] INFO  LoginPageTests - Starting navigation to home page
2024-12-11T22:41:14,869 [main] INFO  LoginPageTests - Navigation to home page completed successfully.
2024-12-11T22:42:06,056 [main] INFO  TestRunner - Cleaning up TestRunner environment.
2024-12-11T22:44:19,421 [main] INFO  Utils - [TestNG] Running:
  C:\Users\John.Kushoro\AppData\Local\JetBrains\IdeaIC2024.3\temp-testng-customsuite.xml

2024-12-11T22:44:19,954 [main] INFO  TestRunner - Setting up TestRunner environment.
2024-12-11T22:44:19,982 [main] INFO  TestRunner - Running tests...
2024-12-11T22:44:20,210 [main] INFO  DefaultTestContextBootstrapper - Using TestExecutionListeners: [org.springframework.test.context.support.DirtiesContextBeforeModesTestExecutionListener@723ed581, org.springframework.test.context.event.ApplicationEventsTestExecutionListener@6b760460, org.springframework.test.context.support.DependencyInjectionTestExecutionListener@796065aa, org.springframework.test.context.support.DirtiesContextTestExecutionListener@28a6301f, org.springframework.test.context.event.EventPublishingTestExecutionListener@2c306a57]
2024-12-11T22:44:20,266 [main] INFO  DefaultTestContextBootstrapper - Using TestExecutionListeners: [org.springframework.test.context.support.DirtiesContextBeforeModesTestExecutionListener@7ec25216, org.springframework.test.context.event.ApplicationEventsTestExecutionListener@7cab1508, org.springframework.test.context.support.DependencyInjectionTestExecutionListener@6a84bc3f, org.springframework.test.context.support.DirtiesContextTestExecutionListener@258ee7de, org.springframework.test.context.event.EventPublishingTestExecutionListener@4930539b]
2024-12-11T22:44:20,284 [main] INFO  DefaultTestContextBootstrapper - Using TestExecutionListeners: [org.springframework.test.context.support.DirtiesContextBeforeModesTestExecutionListener@de88ac6, org.springframework.test.context.event.ApplicationEventsTestExecutionListener@5bca7664, org.springframework.test.context.support.DependencyInjectionTestExecutionListener@105b693d, org.springframework.test.context.support.DirtiesContextTestExecutionListener@3fae596, org.springframework.test.context.event.EventPublishingTestExecutionListener@4a0df195]
2024-12-11T22:44:20,307 [main] INFO  Utils - [TestNG] Running:
  Command line suite

2024-12-11T22:44:21,211 [main] INFO  WebDriverManager - Using chromedriver 127.0.6533.119 (resolved driver for Chrome 127)
2024-12-11T22:44:21,243 [main] INFO  WebDriverManager - Exporting webdriver.chrome.driver as C:\Users\John.Kushoro\.cache\selenium\chromedriver\win64\127.0.6533.119\chromedriver.exe
2024-12-11T22:44:25,834 [main] INFO  LoginPageTests - Starting login test with companyName: totallygroupconfig, username: Test
2024-12-11T22:44:32,072 [main] INFO  LoginPageTests - Starting navigation to home page
2024-12-11T22:44:41,299 [main] INFO  LoginPageTests - Navigation to home page completed successfully.
2024-12-11T22:45:17,607 [main] INFO  TestRunner - Cleaning up TestRunner environment.
2024-12-11T22:47:29,092 [main] INFO  Utils - [TestNG] Running:
  C:\Users\John.Kushoro\AppData\Local\JetBrains\IdeaIC2024.3\temp-testng-customsuite.xml

2024-12-11T22:47:29,425 [main] INFO  TestRunner - Setting up TestRunner environment.
2024-12-11T22:47:29,449 [main] INFO  TestRunner - Running tests...
2024-12-11T22:47:29,628 [main] INFO  DefaultTestContextBootstrapper - Using TestExecutionListeners: [org.springframework.test.context.support.DirtiesContextBeforeModesTestExecutionListener@723ed581, org.springframework.test.context.event.ApplicationEventsTestExecutionListener@6b760460, org.springframework.test.context.support.DependencyInjectionTestExecutionListener@796065aa, org.springframework.test.context.support.DirtiesContextTestExecutionListener@28a6301f, org.springframework.test.context.event.EventPublishingTestExecutionListener@2c306a57]
2024-12-11T22:47:29,652 [main] INFO  DefaultTestContextBootstrapper - Using TestExecutionListeners: [org.springframework.test.context.support.DirtiesContextBeforeModesTestExecutionListener@7cab1508, org.springframework.test.context.event.ApplicationEventsTestExecutionListener@6a84bc3f, org.springframework.test.context.support.DependencyInjectionTestExecutionListener@258ee7de, org.springframework.test.context.support.DirtiesContextTestExecutionListener@4930539b, org.springframework.test.context.event.EventPublishingTestExecutionListener@6d171ce0]
2024-12-11T22:47:29,662 [main] INFO  DefaultTestContextBootstrapper - Using TestExecutionListeners: [org.springframework.test.context.support.DirtiesContextBeforeModesTestExecutionListener@5bca7664, org.springframework.test.context.event.ApplicationEventsTestExecutionListener@105b693d, org.springframework.test.context.support.DependencyInjectionTestExecutionListener@3fae596, org.springframework.test.context.support.DirtiesContextTestExecutionListener@4a0df195, org.springframework.test.context.event.EventPublishingTestExecutionListener@42fcc7e6]
2024-12-11T22:47:29,677 [main] INFO  Utils - [TestNG] Running:
  Command line suite

2024-12-11T22:47:30,397 [main] INFO  WebDriverManager - Using chromedriver 127.0.6533.119 (resolved driver for Chrome 127)
2024-12-11T22:47:30,423 [main] INFO  WebDriverManager - Exporting webdriver.chrome.driver as C:\Users\John.Kushoro\.cache\selenium\chromedriver\win64\127.0.6533.119\chromedriver.exe
2024-12-11T22:47:34,814 [main] INFO  LoginPageTests - Starting login test with companyName: totallygroupconfig, username: Test
2024-12-11T22:47:40,394 [main] INFO  LoginPageTests - Starting navigation to home page
2024-12-11T22:47:48,677 [main] INFO  LoginPageTests - Navigation to home page completed successfully.
2024-12-11T22:48:48,262 [main] INFO  TestRunner - Cleaning up TestRunner environment.
2024-12-11T23:00:42,262 [main] INFO  Utils - [TestNG] Running:
  C:\Users\John.Kushoro\AppData\Local\JetBrains\IdeaIC2024.3\temp-testng-customsuite.xml

2024-12-11T23:00:42,711 [main] INFO  TestRunner - Setting up TestRunner environment.
2024-12-11T23:00:42,752 [main] INFO  TestRunner - Running tests...
2024-12-11T23:00:43,069 [main] INFO  DefaultTestContextBootstrapper - Using TestExecutionListeners: [org.springframework.test.context.support.DirtiesContextBeforeModesTestExecutionListener@723ed581, org.springframework.test.context.event.ApplicationEventsTestExecutionListener@6b760460, org.springframework.test.context.support.DependencyInjectionTestExecutionListener@796065aa, org.springframework.test.context.support.DirtiesContextTestExecutionListener@28a6301f, org.springframework.test.context.event.EventPublishingTestExecutionListener@2c306a57]
2024-12-11T23:00:43,116 [main] INFO  DefaultTestContextBootstrapper - Using TestExecutionListeners: [org.springframework.test.context.support.DirtiesContextBeforeModesTestExecutionListener@6a84bc3f, org.springframework.test.context.event.ApplicationEventsTestExecutionListener@258ee7de, org.springframework.test.context.support.DependencyInjectionTestExecutionListener@4930539b, org.springframework.test.context.support.DirtiesContextTestExecutionListener@6d171ce0, org.springframework.test.context.event.EventPublishingTestExecutionListener@22bd2039]
2024-12-11T23:00:43,132 [main] INFO  DefaultTestContextBootstrapper - Using TestExecutionListeners: [org.springframework.test.context.support.DirtiesContextBeforeModesTestExecutionListener@4a0df195, org.springframework.test.context.event.ApplicationEventsTestExecutionListener@42fcc7e6, org.springframework.test.context.support.DependencyInjectionTestExecutionListener@9255c05, org.springframework.test.context.support.DirtiesContextTestExecutionListener@5da7cee2, org.springframework.test.context.event.EventPublishingTestExecutionListener@78830d9a]
2024-12-11T23:00:43,151 [main] INFO  Utils - [TestNG] Running:
  Command line suite

2024-12-11T23:00:45,107 [main] INFO  WebDriverManager - Using chromedriver 127.0.6533.119 (resolved driver for Chrome 127)
2024-12-11T23:00:45,136 [main] INFO  WebDriverManager - Exporting webdriver.chrome.driver as C:\Users\John.Kushoro\.cache\selenium\chromedriver\win64\127.0.6533.119\chromedriver.exe
2024-12-11T23:00:50,754 [main] INFO  LoginPageTests - Starting login test with companyName: totallygroupconfig, username: Test
2024-12-11T23:00:58,378 [main] INFO  LoginPageTests - Starting navigation to home page
2024-12-11T23:01:14,456 [main] INFO  LoginPageTests - Navigation to home page completed successfully.
2024-12-11T23:03:11,844 [main] INFO  TestRunner - Cleaning up TestRunner environment.
2024-12-11T23:07:02,477 [main] INFO  Utils - [TestNG] Running:
  C:\Users\John.Kushoro\AppData\Local\JetBrains\IdeaIC2024.3\temp-testng-customsuite.xml

2024-12-11T23:07:02,936 [main] INFO  TestRunner - Setting up TestRunner environment.
2024-12-11T23:07:02,978 [main] INFO  TestRunner - Running tests...
2024-12-11T23:07:03,326 [main] INFO  DefaultTestContextBootstrapper - Using TestExecutionListeners: [org.springframework.test.context.support.DirtiesContextBeforeModesTestExecutionListener@723ed581, org.springframework.test.context.event.ApplicationEventsTestExecutionListener@6b760460, org.springframework.test.context.support.DependencyInjectionTestExecutionListener@796065aa, org.springframework.test.context.support.DirtiesContextTestExecutionListener@28a6301f, org.springframework.test.context.event.EventPublishingTestExecutionListener@2c306a57]
2024-12-11T23:07:03,367 [main] INFO  DefaultTestContextBootstrapper - Using TestExecutionListeners: [org.springframework.test.context.support.DirtiesContextBeforeModesTestExecutionListener@6d171ce0, org.springframework.test.context.event.ApplicationEventsTestExecutionListener@22bd2039, org.springframework.test.context.support.DependencyInjectionTestExecutionListener@705f83a7, org.springframework.test.context.support.DirtiesContextTestExecutionListener@3bb8aabc, org.springframework.test.context.event.EventPublishingTestExecutionListener@6e1d4137]
2024-12-11T23:07:03,397 [main] INFO  DefaultTestContextBootstrapper - Using TestExecutionListeners: [org.springframework.test.context.support.DirtiesContextBeforeModesTestExecutionListener@9255c05, org.springframework.test.context.event.ApplicationEventsTestExecutionListener@5da7cee2, org.springframework.test.context.support.DependencyInjectionTestExecutionListener@78830d9a, org.springframework.test.context.support.DirtiesContextTestExecutionListener@5ce4369b, org.springframework.test.context.event.EventPublishingTestExecutionListener@7f829c76]
2024-12-11T23:07:03,424 [main] INFO  Utils - [TestNG] Running:
  Command line suite

2024-12-11T23:07:04,401 [main] INFO  WebDriverManager - Using chromedriver 127.0.6533.119 (resolved driver for Chrome 127)
2024-12-11T23:07:04,430 [main] INFO  WebDriverManager - Exporting webdriver.chrome.driver as C:\Users\John.Kushoro\.cache\selenium\chromedriver\win64\127.0.6533.119\chromedriver.exe
2024-12-11T23:07:09,202 [main] INFO  LoginPageTests - Starting login test with companyName: totallygroupconfig, username: Test
2024-12-11T23:07:14,150 [main] INFO  LoginPageTests - Starting navigation to home page
2024-12-11T23:07:22,935 [main] INFO  LoginPageTests - Navigation to home page completed successfully.
2024-12-11T23:09:07,262 [main] INFO  TestRunner - Cleaning up TestRunner environment.
2024-12-11T23:11:13,621 [main] INFO  Utils - [TestNG] Running:
  C:\Users\John.Kushoro\AppData\Local\JetBrains\IdeaIC2024.3\temp-testng-customsuite.xml

2024-12-11T23:11:14,045 [main] INFO  TestRunner - Setting up TestRunner environment.
2024-12-11T23:11:14,077 [main] INFO  TestRunner - Running tests...
2024-12-11T23:11:14,398 [main] INFO  DefaultTestContextBootstrapper - Using TestExecutionListeners: [org.springframework.test.context.support.DirtiesContextBeforeModesTestExecutionListener@723ed581, org.springframework.test.context.event.ApplicationEventsTestExecutionListener@6b760460, org.springframework.test.context.support.DependencyInjectionTestExecutionListener@796065aa, org.springframework.test.context.support.DirtiesContextTestExecutionListener@28a6301f, org.springframework.test.context.event.EventPublishingTestExecutionListener@2c306a57]
2024-12-11T23:11:14,443 [main] INFO  DefaultTestContextBootstrapper - Using TestExecutionListeners: [org.springframework.test.context.support.DirtiesContextBeforeModesTestExecutionListener@6a84bc3f, org.springframework.test.context.event.ApplicationEventsTestExecutionListener@258ee7de, org.springframework.test.context.support.DependencyInjectionTestExecutionListener@4930539b, org.springframework.test.context.support.DirtiesContextTestExecutionListener@6d171ce0, org.springframework.test.context.event.EventPublishingTestExecutionListener@22bd2039]
2024-12-11T23:11:14,458 [main] INFO  DefaultTestContextBootstrapper - Using TestExecutionListeners: [org.springframework.test.context.support.DirtiesContextBeforeModesTestExecutionListener@4a0df195, org.springframework.test.context.event.ApplicationEventsTestExecutionListener@42fcc7e6, org.springframework.test.context.support.DependencyInjectionTestExecutionListener@9255c05, org.springframework.test.context.support.DirtiesContextTestExecutionListener@5da7cee2, org.springframework.test.context.event.EventPublishingTestExecutionListener@78830d9a]
2024-12-11T23:11:14,480 [main] INFO  Utils - [TestNG] Running:
  Command line suite

2024-12-11T23:11:15,632 [main] INFO  WebDriverManager - Using chromedriver 127.0.6533.119 (resolved driver for Chrome 127)
2024-12-11T23:11:15,662 [main] INFO  WebDriverManager - Exporting webdriver.chrome.driver as C:\Users\John.Kushoro\.cache\selenium\chromedriver\win64\127.0.6533.119\chromedriver.exe
2024-12-11T23:11:20,281 [main] INFO  LoginPageTests - Starting login test with companyName: totallygroupconfig, username: Test
2024-12-11T23:11:24,730 [main] INFO  LoginPageTests - Starting navigation to home page
2024-12-11T23:11:32,534 [main] INFO  LoginPageTests - Navigation to home page completed successfully.
2024-12-11T23:16:45,565 [main] INFO  Utils - [TestNG] Running:
  C:\Users\John.Kushoro\AppData\Local\JetBrains\IdeaIC2024.3\temp-testng-customsuite.xml

2024-12-11T23:16:46,016 [main] INFO  TestRunner - Setting up TestRunner environment.
2024-12-11T23:16:46,050 [main] INFO  TestRunner - Running tests...
2024-12-11T23:16:46,277 [main] INFO  DefaultTestContextBootstrapper - Using TestExecutionListeners: [org.springframework.test.context.support.DirtiesContextBeforeModesTestExecutionListener@723ed581, org.springframework.test.context.event.ApplicationEventsTestExecutionListener@6b760460, org.springframework.test.context.support.DependencyInjectionTestExecutionListener@796065aa, org.springframework.test.context.support.DirtiesContextTestExecutionListener@28a6301f, org.springframework.test.context.event.EventPublishingTestExecutionListener@2c306a57]
2024-12-11T23:16:46,315 [main] INFO  DefaultTestContextBootstrapper - Using TestExecutionListeners: [org.springframework.test.context.support.DirtiesContextBeforeModesTestExecutionListener@6a84bc3f, org.springframework.test.context.event.ApplicationEventsTestExecutionListener@258ee7de, org.springframework.test.context.support.DependencyInjectionTestExecutionListener@4930539b, org.springframework.test.context.support.DirtiesContextTestExecutionListener@6d171ce0, org.springframework.test.context.event.EventPublishingTestExecutionListener@22bd2039]
2024-12-11T23:16:46,328 [main] INFO  DefaultTestContextBootstrapper - Using TestExecutionListeners: [org.springframework.test.context.support.DirtiesContextBeforeModesTestExecutionListener@5bca7664, org.springframework.test.context.event.ApplicationEventsTestExecutionListener@105b693d, org.springframework.test.context.support.DependencyInjectionTestExecutionListener@3fae596, org.springframework.test.context.support.DirtiesContextTestExecutionListener@4a0df195, org.springframework.test.context.event.EventPublishingTestExecutionListener@42fcc7e6]
2024-12-11T23:16:46,351 [main] INFO  Utils - [TestNG] Running:
  Command line suite

2024-12-11T23:16:47,566 [main] INFO  WebDriverManager - Using chromedriver 127.0.6533.119 (resolved driver for Chrome 127)
2024-12-11T23:16:47,610 [main] INFO  WebDriverManager - Exporting webdriver.chrome.driver as C:\Users\John.Kushoro\.cache\selenium\chromedriver\win64\127.0.6533.119\chromedriver.exe
2024-12-11T23:16:52,289 [main] INFO  LoginPageTests - Starting login test with companyName: totallygroupconfig, username: Test
2024-12-11T23:16:57,882 [main] INFO  LoginPageTests - Starting navigation to home page
2024-12-11T23:17:07,421 [main] INFO  LoginPageTests - Navigation to home page completed successfully.
2024-12-11T23:17:49,797 [main] INFO  TestRunner - Cleaning up TestRunner environment.
2024-12-11T23:37:29,912 [main] INFO  Utils - [TestNG] Running:
  C:\Users\John.Kushoro\AppData\Local\JetBrains\IdeaIC2024.3\temp-testng-customsuite.xml

2024-12-11T23:37:30,219 [main] INFO  TestRunner - Setting up TestRunner environment.
2024-12-11T23:37:30,246 [main] INFO  TestRunner - Running tests...
2024-12-11T23:37:30,475 [main] INFO  DefaultTestContextBootstrapper - Using TestExecutionListeners: [org.springframework.test.context.support.DirtiesContextBeforeModesTestExecutionListener@723ed581, org.springframework.test.context.event.ApplicationEventsTestExecutionListener@6b760460, org.springframework.test.context.support.DependencyInjectionTestExecutionListener@796065aa, org.springframework.test.context.support.DirtiesContextTestExecutionListener@28a6301f, org.springframework.test.context.event.EventPublishingTestExecutionListener@2c306a57]
2024-12-11T23:37:30,520 [main] INFO  DefaultTestContextBootstrapper - Using TestExecutionListeners: [org.springframework.test.context.support.DirtiesContextBeforeModesTestExecutionListener@7ec25216, org.springframework.test.context.event.ApplicationEventsTestExecutionListener@7cab1508, org.springframework.test.context.support.DependencyInjectionTestExecutionListener@6a84bc3f, org.springframework.test.context.support.DirtiesContextTestExecutionListener@258ee7de, org.springframework.test.context.event.EventPublishingTestExecutionListener@4930539b]
2024-12-11T23:37:30,540 [main] INFO  DefaultTestContextBootstrapper - Using TestExecutionListeners: [org.springframework.test.context.support.DirtiesContextBeforeModesTestExecutionListener@5bca7664, org.springframework.test.context.event.ApplicationEventsTestExecutionListener@105b693d, org.springframework.test.context.support.DependencyInjectionTestExecutionListener@3fae596, org.springframework.test.context.support.DirtiesContextTestExecutionListener@4a0df195, org.springframework.test.context.event.EventPublishingTestExecutionListener@42fcc7e6]
2024-12-11T23:37:30,569 [main] INFO  Utils - [TestNG] Running:
  Command line suite

2024-12-11T23:37:31,579 [main] INFO  WebDriverManager - Using chromedriver 127.0.6533.119 (resolved driver for Chrome 127)
2024-12-11T23:37:31,616 [main] INFO  WebDriverManager - Exporting webdriver.chrome.driver as C:\Users\John.Kushoro\.cache\selenium\chromedriver\win64\127.0.6533.119\chromedriver.exe
2024-12-11T23:37:37,009 [main] INFO  LoginPageTests - Starting login test with companyName: totallygroupconfig, username: Test
2024-12-11T23:37:44,401 [main] INFO  LoginPageTests - Starting navigation to home page
2024-12-11T23:37:56,886 [main] INFO  LoginPageTests - Navigation to home page completed successfully.
2024-12-11T23:38:16,042 [main] INFO  TestRunner - Cleaning up TestRunner environment.
2024-12-11T23:40:08,380 [main] INFO  Utils - [TestNG] Running:
  C:\Users\John.Kushoro\AppData\Local\JetBrains\IdeaIC2024.3\temp-testng-customsuite.xml

2024-12-11T23:40:08,973 [main] INFO  TestRunner - Setting up TestRunner environment.
2024-12-11T23:40:09,027 [main] INFO  TestRunner - Running tests...
2024-12-11T23:40:09,335 [main] INFO  DefaultTestContextBootstrapper - Using TestExecutionListeners: [org.springframework.test.context.support.DirtiesContextBeforeModesTestExecutionListener@723ed581, org.springframework.test.context.event.ApplicationEventsTestExecutionListener@6b760460, org.springframework.test.context.support.DependencyInjectionTestExecutionListener@796065aa, org.springframework.test.context.support.DirtiesContextTestExecutionListener@28a6301f, org.springframework.test.context.event.EventPublishingTestExecutionListener@2c306a57]
2024-12-11T23:40:09,369 [main] INFO  DefaultTestContextBootstrapper - Using TestExecutionListeners: [org.springframework.test.context.support.DirtiesContextBeforeModesTestExecutionListener@7cab1508, org.springframework.test.context.event.ApplicationEventsTestExecutionListener@6a84bc3f, org.springframework.test.context.support.DependencyInjectionTestExecutionListener@258ee7de, org.springframework.test.context.support.DirtiesContextTestExecutionListener@4930539b, org.springframework.test.context.event.EventPublishingTestExecutionListener@6d171ce0]
2024-12-11T23:40:09,391 [main] INFO  DefaultTestContextBootstrapper - Using TestExecutionListeners: [org.springframework.test.context.support.DirtiesContextBeforeModesTestExecutionListener@105b693d, org.springframework.test.context.event.ApplicationEventsTestExecutionListener@3fae596, org.springframework.test.context.support.DependencyInjectionTestExecutionListener@4a0df195, org.springframework.test.context.support.DirtiesContextTestExecutionListener@42fcc7e6, org.springframework.test.context.event.EventPublishingTestExecutionListener@9255c05]
2024-12-11T23:40:09,415 [main] INFO  Utils - [TestNG] Running:
  Command line suite

2024-12-11T23:40:10,513 [main] INFO  WebDriverManager - Using chromedriver 127.0.6533.119 (resolved driver for Chrome 127)
2024-12-11T23:40:10,551 [main] INFO  WebDriverManager - Exporting webdriver.chrome.driver as C:\Users\John.Kushoro\.cache\selenium\chromedriver\win64\127.0.6533.119\chromedriver.exe
2024-12-11T23:40:14,720 [main] INFO  LoginPageTests - Starting login test with companyName: totallygroupconfig, username: Test
2024-12-11T23:40:19,353 [main] INFO  LoginPageTests - Starting navigation to home page
2024-12-11T23:40:27,658 [main] INFO  LoginPageTests - Navigation to home page completed successfully.
2024-12-11T23:43:25,437 [main] INFO  Utils - [TestNG] Running:
  C:\Users\John.Kushoro\AppData\Local\JetBrains\IdeaIC2024.3\temp-testng-customsuite.xml

2024-12-11T23:43:25,723 [main] INFO  TestRunner - Setting up TestRunner environment.
2024-12-11T23:43:25,746 [main] INFO  TestRunner - Running tests...
2024-12-11T23:43:25,932 [main] INFO  DefaultTestContextBootstrapper - Using TestExecutionListeners: [org.springframework.test.context.support.DirtiesContextBeforeModesTestExecutionListener@6b760460, org.springframework.test.context.event.ApplicationEventsTestExecutionListener@796065aa, org.springframework.test.context.support.DependencyInjectionTestExecutionListener@28a6301f, org.springframework.test.context.support.DirtiesContextTestExecutionListener@2c306a57, org.springframework.test.context.event.EventPublishingTestExecutionListener@773e2eb5]
2024-12-11T23:43:25,974 [main] INFO  DefaultTestContextBootstrapper - Using TestExecutionListeners: [org.springframework.test.context.support.DirtiesContextBeforeModesTestExecutionListener@258ee7de, org.springframework.test.context.event.ApplicationEventsTestExecutionListener@4930539b, org.springframework.test.context.support.DependencyInjectionTestExecutionListener@6d171ce0, org.springframework.test.context.support.DirtiesContextTestExecutionListener@22bd2039, org.springframework.test.context.event.EventPublishingTestExecutionListener@705f83a7]
2024-12-11T23:43:26,003 [main] INFO  DefaultTestContextBootstrapper - Using TestExecutionListeners: [org.springframework.test.context.support.DirtiesContextBeforeModesTestExecutionListener@3fae596, org.springframework.test.context.event.ApplicationEventsTestExecutionListener@4a0df195, org.springframework.test.context.support.DependencyInjectionTestExecutionListener@42fcc7e6, org.springframework.test.context.support.DirtiesContextTestExecutionListener@9255c05, org.springframework.test.context.event.EventPublishingTestExecutionListener@5da7cee2]
2024-12-11T23:43:26,024 [main] INFO  Utils - [TestNG] Running:
  Command line suite

2024-12-11T23:43:26,975 [main] INFO  WebDriverManager - Using chromedriver 127.0.6533.119 (resolved driver for Chrome 127)
2024-12-11T23:43:27,023 [main] INFO  WebDriverManager - Exporting webdriver.chrome.driver as C:\Users\John.Kushoro\.cache\selenium\chromedriver\win64\127.0.6533.119\chromedriver.exe
2024-12-11T23:43:31,745 [main] INFO  LoginPageTests - Starting login test with companyName: totallygroupconfig, username: Test
2024-12-11T23:43:36,951 [main] INFO  LoginPageTests - Starting navigation to home page
2024-12-11T23:43:45,112 [main] INFO  LoginPageTests - Navigation to home page completed successfully.
