<?xml version="1.0" encoding="UTF-8"?>
<!-- Generated by org.testng.reporters.JUnitXMLReporter -->
<testsuite ignored="2" hostname="L00180" failures="1" tests="5" name="Command line test" time="81.405" errors="0" timestamp="2024-12-01T19:41:01 GMT">
  <testcase classname="dayForceTests.LoginPageTests" name="testAccountLogin" time="6.716"/>
  <testcase classname="dayForceTests.LoginPageTests" name="testNavigateToHomePage" time="9.768"/>
  <testcase classname="dayForceTests.HomePageTests" name="testHamburgerToOpenSideMenu" time="0.989"/>
  <testcase classname="dayForceTests.timeSchedulesAutomation.TimeScheduleTests" name="testLoadOrganisation" time="23.611"/>
  <testcase classname="dayForceTests.timeSchedulesAutomation.TimeScheduleTests" name="verifyDayOfWeekMatchesTitle" time="31.967">
    <failure type="java.lang.AssertionError" message="Selected employee does not match the search bar text. expected [Ashleigh Clarke] but found [User]">
      <![CDATA[java.lang.AssertionError: Selected employee does not match the search bar text. expected [Ashleigh Clarke] but found [User]
at com.totallygroup.pageObject.TimeSchedulesPage.verifySearchBarTextMatchesSelectedEmployee(TimeSchedulesPage.java:220)
at dayForceTests.timeSchedulesAutomation.TimeScheduleTests.verifyDayOfWeekMatchesTitle(TimeScheduleTests.java:50)
at org.springframework.test.context.testng.AbstractTestNGSpringContextTests.run(AbstractTestNGSpringContextTests.java:186)
at java.base/java.util.ArrayList.forEach(ArrayList.java:1597)
at Runners.TestRunner.runTests(TestRunner.java:43)
at java.base/java.util.ArrayList.forEach(ArrayList.java:1597)
at com.intellij.rt.testng.IDEARemoteTestNG.run(IDEARemoteTestNG.java:65)
at com.intellij.rt.testng.RemoteTestNGStarter.main(RemoteTestNGStarter.java:105)
... Removed 51 stack frames]]>
    </failure>
  </testcase> <!-- verifyDayOfWeekMatchesTitle -->
  <testcase classname="dayForceTests.BaseTest" name="@AfterSuite tearDownAfterSuite" time="0.0">
    <ignored/>
  </testcase> <!-- @AfterSuite tearDownAfterSuite -->
  <testcase classname="dayForceTests.BaseTest" name="@AfterSuite tearDownAfterSuite" time="0.0">
    <ignored/>
  </testcase> <!-- @AfterSuite tearDownAfterSuite -->
</testsuite> <!-- Command line test -->
